09:31:49.494  异常信息：由于连接方在一段时间后没有正确答复或连接的主机没有反应，连接尝试失败。 192.168.1.188:80
  堆栈信息:   在 AutoUpdate.AppUpdate.DownloadFile(String url, String localFilePath) 位置 D:\ProjectData\MoXia\Carpenter\Carpenter\AppUpdate.cs:行号 242
   在 AutoUpdate.AppUpdate.CheckAppVersion(String& msg) 位置 D:\ProjectData\MoXia\Carpenter\Carpenter\AppUpdate.cs:行号 310
09:32:11.629 @EMP002 系统管理员
09:32:11.630 @EMP009 d2f278e251d1566edd72846d4ad97f
09:34:32.716  异常信息：由于连接方在一段时间后没有正确答复或连接的主机没有反应，连接尝试失败。 192.168.1.188:80
  堆栈信息:   在 AutoUpdate.AppUpdate.DownloadFile(String url, String localFilePath) 位置 D:\ProjectData\MoXia\Carpenter\Carpenter\AppUpdate.cs:行号 242
   在 AutoUpdate.AppUpdate.CheckAppVersion(String& msg) 位置 D:\ProjectData\MoXia\Carpenter\Carpenter\AppUpdate.cs:行号 310
09:34:36.785 @EMP002 系统管理员
09:34:36.786 @EMP009 d2f278e251d1566edd72846d4ad97f
09:35:05.782 @WAC001 103003
09:35:05.783 @WAC003 3
09:35:05.784 @WAC004 809
09:35:05.785 @WAC008 201807
09:35:05.791 @WAC001 103004
09:35:05.793 @WAC003 39
09:35:05.794 @WAC004 1698
09:35:05.795 @WAC008 201807
09:35:05.798 @WAC001 103006
09:35:05.799 @WAC003 1
09:35:05.801 @WAC004 763
09:35:05.802 @WAC008 201807
09:35:05.805 @WAC001 103007
09:35:05.806 @WAC003 37
09:35:05.807 @WAC004 1718
09:35:05.808 @WAC008 201807
09:35:05.811 @WAC001 103007
09:35:05.812 @WAC003 21
09:35:05.813 @WAC004 758
09:35:05.814 @WAC008 201807
09:35:05.816 @WAC001 103011
09:35:05.818 @WAC003 33
09:35:05.819 @WAC004 1129
09:35:05.820 @WAC008 201807
09:35:05.823 @WAC001 103011
09:35:05.824 @WAC003 33
09:35:05.825 @WAC004 767
09:35:05.826 @WAC008 201807
09:35:05.829 @WAC001 103013
09:35:05.830 @WAC003 55
09:35:05.831 @WAC004 775
09:35:05.832 @WAC008 201807
09:35:05.835 @WAC001 103014
09:35:05.836 @WAC003 54
09:35:05.837 @WAC004 1515
09:35:05.838 @WAC008 201807
09:35:05.840 @WAC001 103014
09:35:05.841 @WAC003 27
09:35:05.842 @WAC004 869
09:35:05.843 @WAC008 201807
09:35:05.845 @WAC001 103014
09:35:05.846 @WAC003 54
09:35:05.847 @WAC004 869
09:35:05.848 @WAC008 201807
09:35:05.851 @WAC001 103015
09:35:05.852 @WAC003 32
09:35:05.853 @WAC004 754
09:35:05.854 @WAC008 201807
09:35:05.856 @WAC001 103015
09:35:05.857 @WAC003 56
09:35:05.858 @WAC004 754
09:35:05.859 @WAC008 201807
09:35:05.862 @WAC001 103015
09:35:05.863 @WAC003 32
09:35:05.864 @WAC004 846
09:35:05.865 @WAC008 201807
09:35:05.867 @WAC001 103016
09:35:05.868 @WAC003 5
09:35:05.870 @WAC004 672
09:35:05.871 @WAC008 201807
09:35:05.873 @WAC001 103016
09:35:05.874 @WAC003 5
09:35:05.875 @WAC004 761
09:35:05.876 @WAC008 201807
09:35:05.878 @WAC001 103017
09:35:05.879 @WAC003 34
09:35:05.880 @WAC004 1209
09:35:05.881 @WAC008 201807
09:35:05.884 @WAC001 103017
09:35:05.885 @WAC003 22
09:35:05.886 @WAC004 1714
09:35:05.887 @WAC008 201807
09:35:05.889 @WAC001 103017
09:35:05.890 @WAC003 34
09:35:05.891 @WAC004 1714
09:35:05.892 @WAC008 201807
09:35:05.895 @WAC001 103017
09:35:05.896 @WAC003 22
09:35:05.897 @WAC004 794
09:35:05.898 @WAC008 201807
09:35:05.901 @WAC001 103018
09:35:05.902 @WAC003 12
09:35:05.904 @WAC004 782
09:35:05.905 @WAC008 201807
09:35:05.907 @WAC001 103018
09:35:05.908 @WAC003 12
09:35:05.909 @WAC004 796
09:35:05.910 @WAC008 201807
09:35:05.913 @WAC001 103019
09:35:05.914 @WAC003 49
09:35:05.916 @WAC004 720
09:35:05.917 @WAC008 201807
09:35:05.919 @WAC001 103019
09:35:05.920 @WAC003 51
09:35:05.922 @WAC004 720
09:35:05.923 @WAC008 201807
09:35:05.925 @WAC001 103019
09:35:05.927 @WAC003 49
09:35:05.928 @WAC004 764
09:35:05.930 @WAC008 201807
09:35:05.933 @WAC001 103020
09:35:05.935 @WAC003 17
09:35:05.936 @WAC004 779
09:35:05.937 @WAC008 201807
09:35:05.942 @WAC001 103020
09:35:05.943 @WAC003 17
09:35:05.945 @WAC004 824
09:35:05.946 @WAC008 201807
09:35:05.949 @WAC001 103021
09:35:05.950 @WAC003 8
09:35:05.951 @WAC004 727
09:35:05.952 @WAC008 201807
09:35:05.955 @WAC001 103022
09:35:05.956 @WAC003 14
09:35:05.957 @WAC004 787
09:35:05.958 @WAC008 201807
09:35:05.960 @WAC001 103022
09:35:05.962 @WAC003 50
09:35:05.963 @WAC004 787
09:35:05.964 @WAC008 201807
09:35:05.967 @WAC001 103022
09:35:05.968 @WAC003 50
09:35:05.969 @WAC004 835
09:35:05.970 @WAC008 201807
09:35:05.973 @WAC001 103024
09:35:05.974 @WAC003 13
09:35:05.975 @WAC004 1254
09:35:05.976 @WAC008 201807
09:35:05.979 @WAC001 103024
09:35:05.980 @WAC003 13
09:35:05.981 @WAC004 1260
09:35:05.982 @WAC008 201807
09:35:05.984 @WAC001 103027
09:35:05.986 @WAC003 21
09:35:05.986 @WAC004 758
09:35:05.987 @WAC008 201807
09:35:05.991 @WAC001 103028
09:35:05.992 @WAC003 9
09:35:05.993 @WAC004 766
09:35:05.993 @WAC008 201807
09:35:05.996 @WAC001 103029
09:35:05.997 @WAC003 11
09:35:05.998 @WAC004 798
09:35:05.999 @WAC008 201807
09:35:06.001 @WAC001 103030
09:35:06.002 @WAC003 15
09:35:06.003 @WAC004 1473
09:35:06.004 @WAC008 201807
09:35:06.007 @WAC001 103031
09:35:06.008 @WAC003 19
09:35:06.009 @WAC004 945
09:35:06.011 @WAC008 201807
09:35:06.014 @WAC001 103032
09:35:06.015 @WAC003 20
09:35:06.016 @WAC004 930
09:35:06.017 @WAC008 201807
09:35:06.020 @WAC001 103033
09:35:06.021 @WAC003 18
09:35:06.022 @WAC004 1207
09:35:06.023 @WAC008 201807
09:35:06.026 @WAC001 103033
09:35:06.027 @WAC003 18
09:35:06.028 @WAC004 689
09:35:06.030 @WAC008 201807
09:35:06.032 @WAC001 103033
09:35:06.034 @WAC003 16
09:35:06.035 @WAC004 949
09:35:06.036 @WAC008 201807
09:35:06.040 @WAC001 103033
09:35:06.041 @WAC003 16
09:35:06.042 @WAC004 995
09:35:06.043 @WAC008 201807
09:35:06.045 @WAC001 103034
09:35:06.046 @WAC003 18
09:35:06.047 @WAC004 1207
09:35:06.048 @WAC008 201807
09:35:06.050 @WAC001 103034
09:35:06.052 @WAC003 18
09:35:06.053 @WAC004 689
09:35:06.054 @WAC008 201807
09:35:06.056 @WAC001 103034
09:35:06.058 @WAC003 16
09:35:06.058 @WAC004 949
09:35:06.059 @WAC008 201807
09:35:06.062 @WAC001 103034
09:35:06.063 @WAC003 16
09:35:06.064 @WAC004 995
09:35:06.065 @WAC008 201807
09:35:06.067 @WAC001 103035
09:35:06.069 @WAC003 22
09:35:06.070 @WAC004 1714
09:35:06.071 @WAC008 201807
09:35:06.073 @WAC001 103035
09:35:06.075 @WAC003 10
09:35:06.076 @WAC004 779
09:35:06.077 @WAC008 201807
09:35:06.079 @WAC001 103035
09:35:06.080 @WAC003 17
09:35:06.081 @WAC004 779
09:35:06.082 @WAC008 201807
09:35:06.085 @WAC001 103035
09:35:06.086 @WAC003 22
09:35:06.087 @WAC004 794
09:35:06.088 @WAC008 201807
09:35:06.090 @WAC001 103035
09:35:06.091 @WAC003 17
09:35:06.092 @WAC004 824
09:35:06.093 @WAC008 201807
09:35:06.095 @WAC001 103038
09:35:06.096 @WAC003 21
09:35:06.097 @WAC004 758
09:35:06.099 @WAC008 201807
09:35:06.103 @WAC001 103040
09:35:06.105 @WAC003 40
09:35:06.105 @WAC004 1657
09:35:06.106 @WAC008 201807
09:35:06.110 @WAC001 103041
09:35:06.111 @WAC003 21
09:35:06.112 @WAC004 758
09:35:06.113 @WAC008 201807
09:35:06.115 @WAC001 103043
09:35:06.116 @WAC003 52
09:35:06.118 @WAC004 1501
09:35:06.119 @WAC008 201807
09:35:06.122 @WAC001 103043
09:35:06.124 @WAC003 52
09:35:06.125 @WAC004 668
09:35:06.126 @WAC008 201807
09:35:06.128 @WAC001 103043
09:35:06.129 @WAC003 52
09:35:06.130 @WAC004 695
09:35:06.131 @WAC008 201807
09:35:06.134 @WAC001 103045
09:35:06.135 @WAC003 46
09:35:06.136 @WAC004 1501
09:35:06.137 @WAC008 201807
09:35:06.139 @WAC001 103045
09:35:06.141 @WAC003 52
09:35:06.142 @WAC004 1501
09:35:06.143 @WAC008 201807
09:35:06.145 @WAC001 103045
09:35:06.146 @WAC003 29
09:35:06.147 @WAC004 668
09:35:06.148 @WAC008 201807
09:35:06.151 @WAC001 103045
09:35:06.153 @WAC003 52
09:35:06.154 @WAC004 668
09:35:06.155 @WAC008 201807
09:35:06.157 @WAC001 103045
09:35:06.158 @WAC003 29
09:35:06.159 @WAC004 695
09:35:06.160 @WAC008 201807
09:35:06.162 @WAC001 103045
09:35:06.163 @WAC003 46
09:35:06.164 @WAC004 695
09:35:06.165 @WAC008 201807
09:35:06.167 @WAC001 103045
09:35:06.168 @WAC003 52
09:35:06.169 @WAC004 695
09:35:06.170 @WAC008 201807
09:35:06.172 @WAC001 103046
09:35:06.174 @WAC003 47
09:35:06.175 @WAC004 718
09:35:06.176 @WAC008 201807
09:35:06.178 @WAC001 103046
09:35:06.180 @WAC003 47
09:35:06.181 @WAC004 790
09:35:06.182 @WAC008 201807
09:35:06.184 @WAC001 103047
09:35:06.185 @WAC003 31
09:35:06.186 @WAC004 1462
09:35:06.187 @WAC008 201807
09:35:06.189 @WAC001 103047
09:35:06.190 @WAC003 53
09:35:06.191 @WAC004 1462
09:35:06.192 @WAC008 201807
09:35:06.194 @WAC001 103047
09:35:06.195 @WAC003 31
09:35:06.197 @WAC004 1728
09:35:06.198 @WAC008 201807
09:35:06.200 @WAC001 103048
09:35:06.201 @WAC003 26
09:35:06.202 @WAC004 1424
09:35:06.203 @WAC008 201807
09:35:06.205 @WAC001 103048
09:35:06.206 @WAC003 26
09:35:06.207 @WAC004 735
09:35:06.208 @WAC008 201807
09:35:06.210 @WAC001 103049
09:35:06.211 @WAC003 30
09:35:06.212 @WAC004 1115
09:35:06.213 @WAC008 201807
09:35:06.216 @WAC001 103049
09:35:06.217 @WAC003 48
09:35:06.217 @WAC004 1115
09:35:06.218 @WAC008 201807
09:35:06.221 @WAC001 103049
09:35:06.222 @WAC003 30
09:35:06.223 @WAC004 1414
09:35:06.224 @WAC008 201807
09:35:06.226 @WAC001 103050
09:35:06.227 @WAC003 24
09:35:06.228 @WAC004 681
09:35:06.229 @WAC008 201807
09:35:06.231 @WAC001 103050
09:35:06.232 @WAC003 25
09:35:06.233 @WAC004 835
09:35:06.234 @WAC008 201807
09:35:06.237 @WAC001 103050
09:35:06.238 @WAC003 28
09:35:06.240 @WAC004 872
09:35:06.241 @WAC008 201807
09:35:06.244 @WAC001 103050
09:35:06.245 @WAC003 23
09:35:06.247 @WAC004 880
09:35:06.248 @WAC008 201807
09:35:06.251 @WAC001 103050
09:35:06.252 @WAC003 6
09:35:06.253 @WAC004 943
09:35:06.254 @WAC008 201807
09:35:06.256 @WAC001 103051
09:35:06.258 @WAC003 7
09:35:06.259 @WAC004 749
09:35:06.260 @WAC008 201807
09:35:06.262 @WAC001 103052
09:35:06.263 @WAC003 7
09:35:06.264 @WAC004 749
09:35:06.265 @WAC008 201807
09:35:06.267 @WAC001 103052
09:35:06.268 @WAC003 41
09:35:06.269 @WAC004 794
09:35:06.270 @WAC008 201807
09:35:06.272 @WAC001 103052
09:35:06.273 @WAC003 25
09:35:06.274 @WAC004 835
09:35:06.275 @WAC008 201807
09:35:06.277 @WAC001 103052
09:35:06.278 @WAC003 28
09:35:06.279 @WAC004 872
09:35:06.280 @WAC008 201807
09:35:06.282 @WAC001 103052
09:35:06.283 @WAC003 23
09:35:06.284 @WAC004 880
09:35:06.285 @WAC008 201807
09:35:06.288 @WAC001 104004
09:35:06.289 @WAC003 38
09:35:06.290 @WAC004 852
09:35:06.291 @WAC008 201807
09:35:06.293 @WAC001 104005
09:35:06.294 @WAC003 36
09:35:06.295 @WAC004 1486
09:35:06.296 @WAC008 201807
09:35:06.298 @WAC001 104006
09:35:06.299 @WAC003 44
09:35:06.300 @WAC004 1695
09:35:06.301 @WAC008 201807
09:35:06.304 @WAC001 104007
09:35:06.305 @WAC003 4
09:35:06.306 @WAC004 1480
09:35:06.307 @WAC008 201807
09:35:06.309 @WAC001 104013
09:35:06.310 @WAC003 42
09:35:06.311 @WAC004 1254
09:35:06.312 @WAC008 201807
09:35:06.314 @WAC001 104014
09:35:06.315 @WAC003 35
09:35:06.316 @WAC004 1310
09:35:06.317 @WAC008 201807
09:35:06.320 @WAC001 104014
09:35:06.321 @WAC003 45
09:35:06.322 @WAC004 770
09:35:06.323 @WAC008 201807
09:35:06.325 @WAC001 104015
09:35:06.326 @WAC003 43
09:35:06.327 @WAC004 1709
09:35:06.328 @WAC008 201807
09:35:06.330 @WAC001 104025
09:35:06.331 @WAC003 2
09:35:06.332 @WAC004 722
09:35:06.333 @WAC008 201807
09:36:57.784  异常信息：由于连接方在一段时间后没有正确答复或连接的主机没有反应，连接尝试失败。 192.168.1.188:80
  堆栈信息:   在 AutoUpdate.AppUpdate.DownloadFile(String url, String localFilePath) 位置 D:\ProjectData\MoXia\Carpenter\Carpenter\AppUpdate.cs:行号 242
   在 AutoUpdate.AppUpdate.CheckAppVersion(String& msg) 位置 D:\ProjectData\MoXia\Carpenter\Carpenter\AppUpdate.cs:行号 310
09:37:32.929 @EMP002 系统管理员
09:37:32.931 @EMP009 d2f278e251d1566edd72846d4ad97f
09:37:41.682 @WAC001 103003
09:37:41.684 @WAC003 3
09:37:41.685 @WAC004 809
09:37:41.686 @WAC008 201807
09:37:41.688 @WAC001 103004
09:37:41.689 @WAC003 39
09:37:41.690 @WAC004 1698
09:37:41.691 @WAC008 201807
09:37:41.694 @WAC001 103006
09:37:41.696 @WAC003 1
09:37:41.697 @WAC004 763
09:37:41.698 @WAC008 201807
09:37:41.701 @WAC001 103007
09:37:41.702 @WAC003 37
09:37:41.703 @WAC004 1718
09:37:41.704 @WAC008 201807
09:37:41.706 @WAC001 103007
09:37:41.707 @WAC003 21
09:37:41.708 @WAC004 758
09:37:41.709 @WAC008 201807
09:37:41.712 @WAC001 103011
09:37:41.713 @WAC003 33
09:37:41.714 @WAC004 1129
09:37:41.715 @WAC008 201807
09:37:41.717 @WAC001 103011
09:37:41.718 @WAC003 33
09:37:41.719 @WAC004 767
09:37:41.720 @WAC008 201807
09:37:41.722 @WAC001 103013
09:37:41.723 @WAC003 55
09:37:41.724 @WAC004 775
09:37:41.725 @WAC008 201807
09:37:41.727 @WAC001 103014
09:37:41.729 @WAC003 54
09:37:41.730 @WAC004 1515
09:37:41.730 @WAC008 201807
09:37:41.732 @WAC001 103014
09:37:41.734 @WAC003 27
09:37:41.735 @WAC004 869
09:37:41.736 @WAC008 201807
09:37:41.738 @WAC001 103014
09:37:41.739 @WAC003 54
09:37:41.740 @WAC004 869
09:37:41.741 @WAC008 201807
09:37:41.744 @WAC001 103015
09:37:41.745 @WAC003 32
09:37:41.746 @WAC004 754
09:37:41.747 @WAC008 201807
09:37:41.749 @WAC001 103015
09:37:41.750 @WAC003 56
09:37:41.751 @WAC004 754
09:37:41.753 @WAC008 201807
09:37:41.755 @WAC001 103015
09:37:41.756 @WAC003 32
09:37:41.757 @WAC004 846
09:37:41.758 @WAC008 201807
09:37:41.761 @WAC001 103016
09:37:41.762 @WAC003 5
09:37:41.763 @WAC004 672
09:37:41.764 @WAC008 201807
09:37:41.766 @WAC001 103016
09:37:41.767 @WAC003 5
09:37:41.768 @WAC004 761
09:37:41.769 @WAC008 201807
09:37:41.771 @WAC001 103017
09:37:41.772 @WAC003 34
09:37:41.773 @WAC004 1209
09:37:41.774 @WAC008 201807
09:37:41.777 @WAC001 103017
09:37:41.778 @WAC003 22
09:37:41.779 @WAC004 1714
09:37:41.780 @WAC008 201807
09:37:41.782 @WAC001 103017
09:37:41.783 @WAC003 34
09:37:41.784 @WAC004 1714
09:37:41.785 @WAC008 201807
09:37:41.787 @WAC001 103017
09:37:41.788 @WAC003 22
09:37:41.789 @WAC004 794
09:37:41.790 @WAC008 201807
09:37:41.792 @WAC001 103018
09:37:41.794 @WAC003 12
09:37:41.795 @WAC004 782
09:37:41.795 @WAC008 201807
09:37:41.798 @WAC001 103018
09:37:41.799 @WAC003 12
09:37:41.800 @WAC004 796
09:37:41.801 @WAC008 201807
09:37:41.804 @WAC001 103019
09:37:41.805 @WAC003 49
09:37:41.806 @WAC004 720
09:37:41.807 @WAC008 201807
09:37:41.810 @WAC001 103019
09:37:41.811 @WAC003 51
09:37:41.812 @WAC004 720
09:37:41.813 @WAC008 201807
09:37:41.815 @WAC001 103019
09:37:41.816 @WAC003 49
09:37:41.817 @WAC004 764
09:37:41.818 @WAC008 201807
09:37:41.821 @WAC001 103020
09:37:41.822 @WAC003 17
09:37:41.823 @WAC004 779
09:37:41.824 @WAC008 201807
09:37:41.827 @WAC001 103020
09:37:41.828 @WAC003 17
09:37:41.829 @WAC004 824
09:37:41.830 @WAC008 201807
09:37:41.832 @WAC001 103021
09:37:41.833 @WAC003 8
09:37:41.834 @WAC004 727
09:37:41.835 @WAC008 201807
09:37:41.837 @WAC001 103022
09:37:41.839 @WAC003 14
09:37:41.840 @WAC004 787
09:37:41.841 @WAC008 201807
09:37:41.843 @WAC001 103022
09:37:41.844 @WAC003 50
09:37:41.845 @WAC004 787
09:37:41.846 @WAC008 201807
09:37:41.848 @WAC001 103022
09:37:41.849 @WAC003 50
09:37:41.850 @WAC004 835
09:37:41.851 @WAC008 201807
09:37:41.853 @WAC001 103024
09:37:41.854 @WAC003 13
09:37:41.855 @WAC004 1254
09:37:41.856 @WAC008 201807
09:37:41.859 @WAC001 103024
09:37:41.860 @WAC003 13
09:37:41.861 @WAC004 1260
09:37:41.862 @WAC008 201807
09:37:41.864 @WAC001 103027
09:37:41.865 @WAC003 21
09:37:41.866 @WAC004 758
09:37:41.867 @WAC008 201807
09:37:41.869 @WAC001 103028
09:37:41.871 @WAC003 9
09:37:41.871 @WAC004 766
09:37:41.872 @WAC008 201807
09:37:41.875 @WAC001 103029
09:37:41.876 @WAC003 11
09:37:41.877 @WAC004 798
09:37:41.878 @WAC008 201807
09:37:41.880 @WAC001 103030
09:37:41.881 @WAC003 15
09:37:41.882 @WAC004 1473
09:37:41.883 @WAC008 201807
09:37:41.885 @WAC001 103031
09:37:41.886 @WAC003 19
09:37:41.888 @WAC004 945
09:37:41.889 @WAC008 201807
09:37:41.891 @WAC001 103032
09:37:41.892 @WAC003 20
09:37:41.893 @WAC004 930
09:37:41.894 @WAC008 201807
09:37:41.896 @WAC001 103033
09:37:41.898 @WAC003 18
09:37:41.899 @WAC004 1207
09:37:41.900 @WAC008 201807
09:37:41.902 @WAC001 103033
09:37:41.903 @WAC003 18
09:37:41.904 @WAC004 689
09:37:41.905 @WAC008 201807
09:37:41.908 @WAC001 103033
09:37:41.909 @WAC003 16
09:37:41.910 @WAC004 949
09:37:41.911 @WAC008 201807
09:37:41.914 @WAC001 103033
09:37:41.915 @WAC003 16
09:37:41.916 @WAC004 995
09:37:41.917 @WAC008 201807
09:37:41.921 @WAC001 103034
09:37:41.923 @WAC003 18
09:37:41.924 @WAC004 1207
09:37:41.925 @WAC008 201807
09:37:41.928 @WAC001 103034
09:37:41.929 @WAC003 18
09:37:41.930 @WAC004 689
09:37:41.931 @WAC008 201807
09:37:41.934 @WAC001 103034
09:37:41.935 @WAC003 16
09:37:41.936 @WAC004 949
09:37:41.937 @WAC008 201807
09:37:41.939 @WAC001 103034
09:37:41.940 @WAC003 16
09:37:41.941 @WAC004 995
09:37:41.942 @WAC008 201807
09:37:41.944 @WAC001 103035
09:37:41.945 @WAC003 22
09:37:41.946 @WAC004 1714
09:37:41.947 @WAC008 201807
09:37:41.950 @WAC001 103035
09:37:41.951 @WAC003 10
09:37:41.952 @WAC004 779
09:37:41.953 @WAC008 201807
09:37:41.955 @WAC001 103035
09:37:41.956 @WAC003 17
09:37:41.957 @WAC004 779
09:37:41.958 @WAC008 201807
09:37:41.960 @WAC001 103035
09:37:41.962 @WAC003 22
09:37:41.963 @WAC004 794
09:37:41.963 @WAC008 201807
09:37:41.965 @WAC001 103035
09:37:41.967 @WAC003 17
09:37:41.968 @WAC004 824
09:37:41.968 @WAC008 201807
09:37:41.971 @WAC001 103038
09:37:41.972 @WAC003 21
09:37:41.973 @WAC004 758
09:37:41.974 @WAC008 201807
09:37:41.976 @WAC001 103040
09:37:41.978 @WAC003 40
09:37:41.979 @WAC004 1657
09:37:41.980 @WAC008 201807
09:37:41.982 @WAC001 103041
09:37:41.983 @WAC003 21
09:37:41.984 @WAC004 758
09:37:41.985 @WAC008 201807
09:37:41.987 @WAC001 103043
09:37:41.988 @WAC003 52
09:37:41.989 @WAC004 1501
09:37:41.990 @WAC008 201807
09:37:41.993 @WAC001 103043
09:37:41.994 @WAC003 52
09:37:41.995 @WAC004 668
09:37:41.996 @WAC008 201807
09:37:41.998 @WAC001 103043
09:37:41.999 @WAC003 52
09:37:42.001 @WAC004 695
09:37:42.001 @WAC008 201807
09:37:42.004 @WAC001 103045
09:37:42.005 @WAC003 46
09:37:42.006 @WAC004 1501
09:37:42.007 @WAC008 201807
09:37:42.010 @WAC001 103045
09:37:42.011 @WAC003 52
09:37:42.012 @WAC004 1501
09:37:42.013 @WAC008 201807
09:37:42.015 @WAC001 103045
09:37:42.017 @WAC003 29
09:37:42.018 @WAC004 668
09:37:42.019 @WAC008 201807
09:37:42.021 @WAC001 103045
09:37:42.022 @WAC003 52
09:37:42.023 @WAC004 668
09:37:42.024 @WAC008 201807
09:37:42.026 @WAC001 103045
09:37:42.027 @WAC003 29
09:37:42.028 @WAC004 695
09:37:42.029 @WAC008 201807
09:37:42.031 @WAC001 103045
09:37:42.032 @WAC003 46
09:37:42.033 @WAC004 695
09:37:42.034 @WAC008 201807
09:37:42.036 @WAC001 103045
09:37:42.038 @WAC003 52
09:37:42.039 @WAC004 695
09:37:42.040 @WAC008 201807
09:37:42.042 @WAC001 103046
09:37:42.043 @WAC003 47
09:37:42.044 @WAC004 718
09:37:42.045 @WAC008 201807
09:37:42.047 @WAC001 103046
09:37:42.049 @WAC003 47
09:37:42.050 @WAC004 790
09:37:42.051 @WAC008 201807
09:37:42.053 @WAC001 103047
09:37:42.054 @WAC003 31
09:37:42.055 @WAC004 1462
09:37:42.056 @WAC008 201807
09:37:42.058 @WAC001 103047
09:37:42.059 @WAC003 53
09:37:42.060 @WAC004 1462
09:37:42.061 @WAC008 201807
09:37:42.063 @WAC001 103047
09:37:42.065 @WAC003 31
09:37:42.066 @WAC004 1728
09:37:42.067 @WAC008 201807
09:37:42.069 @WAC001 103048
09:37:42.070 @WAC003 26
09:37:42.071 @WAC004 1424
09:37:42.072 @WAC008 201807
09:37:42.074 @WAC001 103048
09:37:42.075 @WAC003 26
09:37:42.076 @WAC004 735
09:37:42.077 @WAC008 201807
09:37:42.080 @WAC001 103049
09:37:42.081 @WAC003 30
09:37:42.082 @WAC004 1115
09:37:42.083 @WAC008 201807
09:37:42.085 @WAC001 103049
09:37:42.086 @WAC003 48
09:37:42.087 @WAC004 1115
09:37:42.088 @WAC008 201807
09:37:42.090 @WAC001 103049
09:37:42.091 @WAC003 30
09:37:42.092 @WAC004 1414
09:37:42.093 @WAC008 201807
09:37:42.095 @WAC001 103050
09:37:42.097 @WAC003 24
09:37:42.097 @WAC004 681
09:37:42.098 @WAC008 201807
09:37:42.100 @WAC001 103050
09:37:42.102 @WAC003 25
09:37:42.103 @WAC004 835
09:37:42.104 @WAC008 201807
09:37:42.106 @WAC001 103050
09:37:42.107 @WAC003 28
09:37:42.108 @WAC004 872
09:37:42.109 @WAC008 201807
09:37:42.111 @WAC001 103050
09:37:42.112 @WAC003 23
09:37:42.113 @WAC004 880
09:37:42.114 @WAC008 201807
09:37:42.116 @WAC001 103050
09:37:42.117 @WAC003 6
09:37:42.118 @WAC004 943
09:37:42.120 @WAC008 201807
09:37:42.124 @WAC001 103051
09:37:42.125 @WAC003 7
09:37:42.126 @WAC004 749
09:37:42.127 @WAC008 201807
09:37:42.130 @WAC001 103052
09:37:42.132 @WAC003 7
09:37:42.133 @WAC004 749
09:37:42.133 @WAC008 201807
09:37:42.137 @WAC001 103052
09:37:42.138 @WAC003 41
09:37:42.139 @WAC004 794
09:37:42.140 @WAC008 201807
09:37:42.143 @WAC001 103052
09:37:42.144 @WAC003 25
09:37:42.145 @WAC004 835
09:37:42.146 @WAC008 201807
09:37:42.149 @WAC001 103052
09:37:42.151 @WAC003 28
09:37:42.152 @WAC004 872
09:37:42.153 @WAC008 201807
09:37:42.155 @WAC001 103052
09:37:42.156 @WAC003 23
09:37:42.157 @WAC004 880
09:37:42.158 @WAC008 201807
09:37:42.160 @WAC001 104004
09:37:42.161 @WAC003 38
09:37:42.162 @WAC004 852
09:37:42.163 @WAC008 201807
09:37:42.165 @WAC001 104005
09:37:42.166 @WAC003 36
09:37:42.167 @WAC004 1486
09:37:42.169 @WAC008 201807
09:37:42.171 @WAC001 104006
09:37:42.173 @WAC003 44
09:37:42.174 @WAC004 1695
09:37:42.174 @WAC008 201807
09:37:42.176 @WAC001 104007
09:37:42.178 @WAC003 4
09:37:42.179 @WAC004 1480
09:37:42.180 @WAC008 201807
09:37:42.182 @WAC001 104013
09:37:42.184 @WAC003 42
09:37:42.185 @WAC004 1254
09:37:42.186 @WAC008 201807
09:37:42.188 @WAC001 104014
09:37:42.189 @WAC003 35
09:37:42.190 @WAC004 1310
09:37:42.191 @WAC008 201807
09:37:42.193 @WAC001 104014
09:37:42.194 @WAC003 45
09:37:42.195 @WAC004 770
09:37:42.196 @WAC008 201807
09:37:42.198 @WAC001 104015
09:37:42.199 @WAC003 43
09:37:42.200 @WAC004 1709
09:37:42.201 @WAC008 201807
09:37:42.203 @WAC001 104025
09:37:42.204 @WAC003 2
09:37:42.205 @WAC004 722
09:37:42.206 @WAC008 201807
09:38:42.826 @OPV001 2018
09:38:42.827 @OPV002 7
09:38:42.828 @OPV003 22
09:38:42.829 @OPV004 19.337
09:38:42.833 @OPV001 2018
09:38:42.835 @OPV002 7
09:38:42.836 @OPV003 3
09:38:42.836 @OPV004 85.365
09:38:42.839 @OPV001 2018
09:38:42.840 @OPV002 7
09:38:42.841 @OPV003 10
09:38:42.842 @OPV004 35.7377
09:38:42.845 @OPV001 2018
09:38:42.846 @OPV002 7
09:38:42.848 @OPV003 7
09:38:42.849 @OPV004 15.648
09:38:42.851 @OPV001 2018
09:38:42.852 @OPV002 7
09:38:42.853 @OPV003 13
09:38:42.854 @OPV004 16.27
09:38:42.857 @OPV001 2018
09:38:42.858 @OPV002 7
09:38:42.859 @OPV003 26
09:38:42.860 @OPV004 1.14
09:38:42.864 @OPV001 2018
09:38:42.865 @OPV002 7
09:38:42.866 @OPV003 1
09:38:42.867 @OPV004 86.567
09:38:42.869 @OPV001 2018
09:38:42.870 @OPV002 7
09:38:42.871 @OPV003 6
09:38:42.872 @OPV004 10.95
09:38:42.875 @OPV001 2018
09:38:42.876 @OPV002 7
09:38:42.877 @OPV003 29
09:38:42.879 @OPV004 8.978
09:38:42.884 @OPV001 2018
09:38:42.885 @OPV002 7
09:38:42.886 @OPV003 21
09:38:42.887 @OPV004 74.5375
09:38:42.889 @OPV001 2018
09:38:42.890 @OPV002 7
09:38:42.891 @OPV003 20
09:38:42.892 @OPV004 46.846
09:38:42.894 @OPV001 2018
09:38:42.896 @OPV002 7
09:38:42.896 @OPV003 24
09:38:42.897 @OPV004 116.176
09:38:42.900 @OPV001 2018
09:38:42.902 @OPV002 7
09:38:42.903 @OPV003 14
09:38:42.904 @OPV004 79.232
09:38:42.905 @OPV001 2018
09:38:42.907 @OPV002 7
09:38:42.907 @OPV003 15
09:38:42.908 @OPV004 227.878
09:38:42.911 @OPV001 2018
09:38:42.912 @OPV002 7
09:38:42.913 @OPV003 4
09:38:42.914 @OPV004 71.041
09:38:42.916 @OPV001 2018
09:38:42.917 @OPV002 7
09:38:42.918 @OPV003 8
09:38:42.919 @OPV004 26.095
09:38:42.921 @OPV001 2018
09:38:42.922 @OPV002 7
09:38:42.923 @OPV003 2
09:38:42.924 @OPV004 194.849
09:38:42.926 @OPV001 2018
09:38:42.927 @OPV002 7
09:38:42.928 @OPV003 9
09:38:42.929 @OPV004 35.8335
09:38:42.931 @OPV001 2018
09:38:42.932 @OPV002 7
09:38:42.933 @OPV003 16
09:38:42.934 @OPV004 223.73
09:38:42.937 @OPV001 2018
09:38:42.938 @OPV002 7
09:38:42.939 @OPV003 19
09:38:42.940 @OPV004 20.696
09:38:42.942 @OPV001 2018
09:38:42.944 @OPV002 7
09:38:42.945 @OPV003 28
09:38:42.945 @OPV004 61.547
09:38:42.947 @OPV001 2018
09:38:42.948 @OPV002 7
09:38:42.949 @OPV003 17
09:38:42.950 @OPV004 230.5555
09:38:42.954 @OPV001 2018
09:38:42.955 @OPV002 7
09:38:42.956 @OPV003 5
09:38:42.957 @OPV004 58.846
09:38:42.977 @OPV001 2018
09:38:42.979 @OPV002 7
09:38:42.980 @OPV003 7
09:38:42.981 @OPV005 9.507
09:38:42.984 @OPV001 2018
09:38:42.985 @OPV002 7
09:38:42.986 @OPV003 5
09:38:42.987 @OPV005 84.57
09:38:42.991 @OPV001 2018
09:38:42.992 @OPV002 7
09:38:42.993 @OPV003 18
09:38:42.994 @OPV005 10.6465
09:38:42.997 @OPV001 2018
09:38:42.998 @OPV002 7
09:38:43.000 @OPV003 9
09:38:43.000 @OPV005 28.1925
09:38:43.002 @OPV001 2018
09:38:43.003 @OPV002 7
09:38:43.004 @OPV003 13
09:38:43.005 @OPV005 54.225
09:38:43.008 @OPV001 2018
09:38:43.010 @OPV002 7
09:38:43.011 @OPV003 24
09:38:43.011 @OPV005 81.01
09:38:43.013 @OPV001 2018
09:38:43.014 @OPV002 7
09:38:43.015 @OPV003 12
09:38:43.016 @OPV005 23.882
09:38:43.018 @OPV001 2018
09:38:43.020 @OPV002 7
09:38:43.021 @OPV003 27
09:38:43.022 @OPV005 25.614
09:38:43.023 @OPV001 2018
09:38:43.025 @OPV002 7
09:38:43.025 @OPV003 26
09:38:43.026 @OPV005 0.66
09:38:43.030 @OPV001 2018
09:38:43.031 @OPV002 7
09:38:43.032 @OPV003 29
09:38:43.033 @OPV005 24.31
09:38:43.035 @OPV001 2018
09:38:43.036 @OPV002 7
09:38:43.037 @OPV003 14
09:38:43.038 @OPV005 69.216
09:38:43.040 @OPV001 2018
09:38:43.041 @OPV002 7
09:38:43.042 @OPV003 19
09:38:43.043 @OPV005 121.8075
09:38:43.046 @OPV001 2018
09:38:43.047 @OPV002 7
09:38:43.048 @OPV003 10
09:38:43.049 @OPV005 60.837
09:38:43.052 @OPV001 2018
09:38:43.053 @OPV002 7
09:38:43.054 @OPV003 8
09:38:43.055 @OPV005 58.608
09:38:43.056 @OPV001 2018
09:38:43.057 @OPV002 7
09:38:43.058 @OPV003 15
09:38:43.059 @OPV005 77.43
09:38:43.061 @OPV001 2018
09:38:43.062 @OPV002 7
09:38:43.063 @OPV003 30
09:38:43.064 @OPV005 21.135
09:38:43.067 @OPV001 2018
09:38:43.068 @OPV002 7
09:38:43.069 @OPV003 1
09:38:43.070 @OPV005 70.5485
09:38:43.072 @OPV001 2018
09:38:43.073 @OPV002 7
09:38:43.074 @OPV003 17
09:38:43.075 @OPV005 101.21
09:38:43.079 @OPV001 2018
09:38:43.080 @OPV002 7
09:38:43.082 @OPV003 21
09:38:43.083 @OPV005 21.09
09:38:43.085 @OPV001 2018
09:38:43.086 @OPV002 7
09:38:43.087 @OPV003 23
09:38:43.088 @OPV005 106.153
09:38:43.091 @OPV001 2018
09:38:43.092 @OPV002 7
09:38:43.093 @OPV003 16
09:38:43.094 @OPV005 44.85
09:38:43.096 @OPV001 2018
09:38:43.097 @OPV002 7
09:38:43.098 @OPV003 22
09:38:43.099 @OPV005 25.0266
09:38:43.101 @OPV001 2018
09:38:43.102 @OPV002 7
09:38:43.103 @OPV003 2
09:38:43.104 @OPV005 150.2275
09:38:43.106 @OPV001 2018
09:38:43.107 @OPV002 7
09:38:43.108 @OPV003 28
09:38:43.109 @OPV005 18.2458
09:38:43.111 @OPV001 2018
09:38:43.112 @OPV002 7
09:38:43.113 @OPV003 11
09:38:43.114 @OPV005 15.205
09:38:43.116 @OPV001 2018
09:38:43.117 @OPV002 7
09:38:43.118 @OPV003 20
09:38:43.119 @OPV005 38.5457
09:38:43.121 @OPV001 2018
09:38:43.122 @OPV002 7
09:38:43.123 @OPV003 3
09:38:43.124 @OPV005 54.032
09:38:43.126 @OPV001 2018
09:38:43.127 @OPV002 7
09:38:43.128 @OPV003 6
09:38:43.129 @OPV005 26.64
09:38:43.131 @OPV001 2018
09:38:43.132 @OPV002 7
09:38:43.133 @OPV003 4
09:38:43.134 @OPV005 11.102
09:38:43.163 @OPV001 2018
09:38:43.164 @OPV002 7
09:38:43.165 @OPV003 19
09:38:43.166 @OPV006 50.067
09:38:43.170 @OPV001 2018
09:38:43.171 @OPV002 7
09:38:43.172 @OPV003 7
09:38:43.173 @OPV006 25.229
09:38:43.175 @OPV001 2018
09:38:43.177 @OPV002 7
09:38:43.178 @OPV003 22
09:38:43.178 @OPV006 64.9863
09:38:43.182 @OPV001 2018
09:38:43.183 @OPV002 7
09:38:43.184 @OPV003 21
09:38:43.185 @OPV006 10.706
09:38:43.187 @OPV001 2018
09:38:43.188 @OPV002 7
09:38:43.189 @OPV003 11
09:38:43.190 @OPV006 30.6069
09:38:43.191 @OPV001 2018
09:38:43.193 @OPV002 7
09:38:43.193 @OPV003 13
09:38:43.195 @OPV006 26.3675
09:38:43.197 @OPV001 2018
09:38:43.198 @OPV002 7
09:38:43.199 @OPV003 17
09:38:43.200 @OPV006 62.694
09:38:43.202 @OPV001 2018
09:38:43.203 @OPV002 7
09:38:43.204 @OPV003 26
09:38:43.205 @OPV006 51.5874
09:38:43.207 @OPV001 2018
09:38:43.208 @OPV002 7
09:38:43.209 @OPV003 23
09:38:43.210 @OPV006 58.1843
09:38:43.212 @OPV001 2018
09:38:43.213 @OPV002 7
09:38:43.214 @OPV003 2
09:38:43.215 @OPV006 49.6015
09:38:43.217 @OPV001 2018
09:38:43.218 @OPV002 7
09:38:43.219 @OPV003 5
09:38:43.220 @OPV006 59.9475
09:38:43.222 @OPV001 2018
09:38:43.223 @OPV002 7
09:38:43.224 @OPV003 16
09:38:43.225 @OPV006 53.877
09:38:43.227 @OPV001 2018
09:38:43.229 @OPV002 7
09:38:43.230 @OPV003 4
09:38:43.231 @OPV006 46.5132
09:38:43.233 @OPV001 2018
09:38:43.234 @OPV002 7
09:38:43.235 @OPV003 24
09:38:43.236 @OPV006 67.2263
09:38:43.237 @OPV001 2018
09:38:43.238 @OPV002 7
09:38:43.240 @OPV003 14
09:38:43.241 @OPV006 64.0475
09:38:43.243 @OPV001 2018
09:38:43.244 @OPV002 7
09:38:43.245 @OPV003 28
09:38:43.246 @OPV006 24.36
09:38:43.249 @OPV001 2018
09:38:43.250 @OPV002 7
09:38:43.251 @OPV003 3
09:38:43.252 @OPV006 17.5818
09:38:43.254 @OPV001 2018
09:38:43.256 @OPV002 7
09:38:43.256 @OPV003 29
09:38:43.257 @OPV006 35.7476
09:38:43.260 @OPV001 2018
09:38:43.261 @OPV002 7
09:38:43.262 @OPV003 8
09:38:43.263 @OPV006 15.2383
09:38:43.265 @OPV001 2018
09:38:43.266 @OPV002 7
09:38:43.267 @OPV003 12
09:38:43.268 @OPV006 43.0585
09:38:43.270 @OPV001 2018
09:38:43.271 @OPV002 7
09:38:43.272 @OPV003 6
09:38:43.273 @OPV006 36.5045
09:38:43.275 @OPV001 2018
09:38:43.276 @OPV002 7
09:38:43.277 @OPV003 9
09:38:43.278 @OPV006 25.4769
09:38:43.280 @OPV001 2018
09:38:43.281 @OPV002 7
09:38:43.282 @OPV003 10
09:38:43.283 @OPV006 45.0593
09:38:43.285 @OPV001 2018
09:38:43.286 @OPV002 7
09:38:43.287 @OPV003 27
09:38:43.288 @OPV006 14.582
09:38:43.290 @OPV001 2018
09:38:43.291 @OPV002 7
09:38:43.292 @OPV003 15
09:38:43.293 @OPV006 52.5004
09:38:43.295 @OPV001 2018
09:38:43.296 @OPV002 7
09:38:43.297 @OPV003 1
09:38:43.298 @OPV006 23.8536
09:38:43.300 @OPV001 2018
09:38:43.301 @OPV002 7
09:38:43.303 @OPV003 18
09:38:43.304 @OPV006 38.9036
09:38:43.305 @OPV001 2018
09:38:43.307 @OPV002 7
09:38:43.307 @OPV003 30
09:38:43.308 @OPV006 36.877
09:38:43.311 @OPV001 2018
09:38:43.313 @OPV002 7
09:38:43.313 @OPV003 20
09:38:43.314 @OPV006 35.144
09:38:43.359 @OPV001 2018
09:38:43.360 @OPV002 7
09:38:43.361 @OPV003 14
09:38:43.362 @OPV007 26.459
09:38:43.363 @OPV008 50.5266
09:38:43.364 @OPV009 29.52
09:38:43.365 @OPV010 70.1031
09:38:43.368 @OPV001 2018
09:38:43.369 @OPV002 7
09:38:43.370 @OPV003 15
09:38:43.371 @OPV007 28.53
09:38:43.372 @OPV008 61.118
09:38:43.373 @OPV009 65.13
09:38:43.374 @OPV010 31.9897
09:38:43.377 @OPV001 2018
09:38:43.379 @OPV002 7
09:38:43.380 @OPV003 19
09:38:43.381 @OPV007 8.4121
09:38:43.382 @OPV008 48.9398
09:38:43.382 @OPV009 79.3694
09:38:43.383 @OPV010 70.134
09:38:43.387 @OPV001 2018
09:38:43.388 @OPV002 7
09:38:43.389 @OPV003 26
09:38:43.390 @OPV007 10.675
09:38:43.391 @OPV008 50.239
09:38:43.392 @OPV009 
09:38:43.393 @OPV010 40.2955
09:38:43.396 @OPV001 2018
09:38:43.397 @OPV002 7
09:38:43.398 @OPV003 21
09:38:43.399 @OPV007 34.2786
09:38:43.400 @OPV008 39.2731
09:38:43.402 @OPV009 42.9114
09:38:43.403 @OPV010 86.0013
09:38:43.406 @OPV001 2018
09:38:43.407 @OPV002 7
09:38:43.408 @OPV003 11
09:38:43.410 @OPV007 81.4572
09:38:43.411 @OPV008 34.8176
09:38:43.412 @OPV009 
09:38:43.413 @OPV010 42.6184
09:38:43.416 @OPV001 2018
09:38:43.418 @OPV002 7
09:38:43.418 @OPV003 10
09:38:43.419 @OPV007 31.5004
09:38:43.420 @OPV008 25.236
09:38:43.421 @OPV009 75.5197
09:38:43.422 @OPV010 54.9793
09:38:43.426 @OPV001 2018
09:38:43.427 @OPV002 7
09:38:43.428 @OPV003 29
09:38:43.429 @OPV007 57.3876
09:38:43.430 @OPV008 63.132
09:38:43.431 @OPV009 55.7613
09:38:43.432 @OPV010 
09:38:43.436 @OPV001 2018
09:38:43.437 @OPV002 7
09:38:43.438 @OPV003 5
09:38:43.439 @OPV007 51.5875
09:38:43.440 @OPV008 0.8025
09:38:43.441 @OPV009 40.2626
09:38:43.443 @OPV010 51.2523
09:38:43.447 @OPV001 2018
09:38:43.448 @OPV002 7
09:38:43.449 @OPV003 27
09:38:43.450 @OPV007 68.4922
09:38:43.451 @OPV008 68.6523
09:38:43.452 @OPV009 47.2204
09:38:43.453 @OPV010 7.5811
09:38:43.461 @OPV001 2018
09:38:43.462 @OPV002 7
09:38:43.463 @OPV003 9
09:38:43.464 @OPV007 41.1729
09:38:43.465 @OPV008 26.2167
09:38:43.466 @OPV009 38.1686
09:38:43.467 @OPV010 33.3644
09:38:43.469 @OPV001 2018
09:38:43.470 @OPV002 7
09:38:43.471 @OPV003 4
09:38:43.472 @OPV007 23.494
09:38:43.473 @OPV008 36.6997
09:38:43.473 @OPV009 56.7292
09:38:43.474 @OPV010 27.9303
09:38:43.478 @OPV001 2018
09:38:43.479 @OPV002 7
09:38:43.480 @OPV003 7
09:38:43.481 @OPV007 28.8654
09:38:43.482 @OPV008 85.1478
09:38:43.483 @OPV009 28.453
09:38:43.484 @OPV010 62.202
09:38:43.487 @OPV001 2018
09:38:43.488 @OPV002 7
09:38:43.489 @OPV003 28
09:38:43.490 @OPV007 68.9602
09:38:43.491 @OPV008 
09:38:43.492 @OPV009 40.2488
09:38:43.493 @OPV010 51.8944
09:38:43.497 @OPV001 2018
09:38:43.498 @OPV002 7
09:38:43.499 @OPV003 17
09:38:43.500 @OPV007 49.8164
09:38:43.501 @OPV008 49.62
09:38:43.502 @OPV009 47.55
09:38:43.503 @OPV010 63.6813
09:38:43.507 @OPV001 2018
09:38:43.508 @OPV002 7
09:38:43.509 @OPV003 12
09:38:43.510 @OPV007 36.2292
09:38:43.511 @OPV008 35.2534
09:38:43.512 @OPV009 59.6299
09:38:43.513 @OPV010 21.3169
09:38:43.515 @OPV001 2018
09:38:43.516 @OPV002 7
09:38:43.517 @OPV003 3
09:38:43.518 @OPV007 19.0207
09:38:43.519 @OPV008 66.9958
09:38:43.520 @OPV009 39.9022
09:38:43.521 @OPV010 34.9963
09:38:43.522 @OPV001 2018
09:38:43.523 @OPV002 7
09:38:43.525 @OPV003 16
09:38:43.526 @OPV007 35.7854
09:38:43.527 @OPV008 
09:38:43.528 @OPV009 72.5068
09:38:43.529 @OPV010 60.3726
09:38:43.531 @OPV001 2018
09:38:43.532 @OPV002 7
09:38:43.533 @OPV003 24
09:38:43.534 @OPV007 25.5195
09:38:43.535 @OPV008 46.1543
09:38:43.536 @OPV009 54.1752
09:38:43.537 @OPV010 59.0832
09:38:43.539 @OPV001 2018
09:38:43.540 @OPV002 7
09:38:43.541 @OPV003 18
09:38:43.542 @OPV007 60.3485
09:38:43.543 @OPV008 37.412
09:38:43.544 @OPV009 
09:38:43.545 @OPV010 50.1752
09:38:43.548 @OPV001 2018
09:38:43.550 @OPV002 7
09:38:43.551 @OPV003 13
09:38:43.552 @OPV007 63.198
09:38:43.553 @OPV008 71.003
09:38:43.554 @OPV009 
09:38:43.555 @OPV010 41.1357
09:38:43.556 @OPV001 2018
09:38:43.558 @OPV002 7
09:38:43.559 @OPV003 6
09:38:43.560 @OPV007 70.492
09:38:43.560 @OPV008 25.6177
09:38:43.561 @OPV009 51.5415
09:38:43.562 @OPV010 87.2285
09:38:43.564 @OPV001 2018
09:38:43.566 @OPV002 7
09:38:43.567 @OPV003 2
09:38:43.568 @OPV007 53.4465
09:38:43.568 @OPV008 27.4648
09:38:43.569 @OPV009 52.0019
09:38:43.570 @OPV010 21.8916
09:38:43.572 @OPV001 2018
09:38:43.573 @OPV002 7
09:38:43.574 @OPV003 1
09:38:43.575 @OPV007 49.0708
09:38:43.576 @OPV008 50.5901
09:38:43.577 @OPV009 51.3976
09:38:43.578 @OPV010 64.3756
09:38:43.580 @OPV001 2018
09:38:43.582 @OPV002 7
09:38:43.583 @OPV003 22
09:38:43.584 @OPV007 58.4641
09:38:43.585 @OPV008 40.8708
09:38:43.586 @OPV009 33.4189
09:38:43.587 @OPV010 20.742
09:38:43.591 @OPV001 2018
09:38:43.593 @OPV002 7
09:38:43.594 @OPV003 8
09:38:43.594 @OPV007 31.171
09:38:43.595 @OPV008 56.4848
09:38:43.596 @OPV009 28.1483
09:38:43.597 @OPV010 41.3493
09:38:43.600 @OPV001 2018
09:38:43.601 @OPV002 7
09:38:43.602 @OPV003 23
09:38:43.603 @OPV007 51.6487
09:38:43.604 @OPV008 42.5696
09:38:43.605 @OPV009 60.0931
09:38:43.606 @OPV010 42.7817
09:38:43.608 @OPV001 2018
09:38:43.609 @OPV002 7
09:38:43.610 @OPV003 20
09:38:43.611 @OPV007 55.9758
09:38:43.612 @OPV008 48.3485
09:38:43.613 @OPV009 53.37
09:38:43.614 @OPV010 36.1805
09:41:31.844 @OPV001 2018
09:41:31.846 @OPV002 7
09:41:31.847 @OPV003 6
09:41:31.847 @OPV004 10.95
09:41:31.850 @OPV001 2018
09:41:31.851 @OPV002 7
09:41:31.852 @OPV003 15
09:41:31.853 @OPV004 227.878
09:41:31.855 @OPV001 2018
09:41:31.856 @OPV002 7
09:41:31.857 @OPV003 16
09:41:31.858 @OPV004 223.73
09:41:31.869 @OPV001 2018
09:41:31.871 @OPV002 7
09:41:31.872 @OPV003 21
09:41:31.873 @OPV004 74.5375
09:41:31.875 @OPV001 2018
09:41:31.877 @OPV002 7
09:41:31.878 @OPV003 3
09:41:31.879 @OPV004 85.365
09:41:31.881 @OPV001 2018
09:41:31.883 @OPV002 7
09:41:31.884 @OPV003 17
09:41:31.885 @OPV004 230.5555
09:41:31.887 @OPV001 2018
09:41:31.889 @OPV002 7
09:41:31.890 @OPV003 22
09:41:31.891 @OPV004 19.337
09:41:31.894 @OPV001 2018
09:41:31.895 @OPV002 7
09:41:31.896 @OPV003 10
09:41:31.897 @OPV004 35.7377
09:41:31.900 @OPV001 2018
09:41:31.901 @OPV002 7
09:41:31.902 @OPV003 8
09:41:31.903 @OPV004 26.095
09:41:31.906 @OPV001 2018
09:41:31.907 @OPV002 7
09:41:31.908 @OPV003 20
09:41:31.909 @OPV004 46.846
09:41:31.911 @OPV001 2018
09:41:31.912 @OPV002 7
09:41:31.913 @OPV003 24
09:41:31.915 @OPV004 116.176
09:41:31.918 @OPV001 2018
09:41:31.920 @OPV002 7
09:41:31.921 @OPV003 13
09:41:31.922 @OPV004 16.27
09:41:31.925 @OPV001 2018
09:41:31.926 @OPV002 7
09:41:31.927 @OPV003 4
09:41:31.928 @OPV004 71.041
09:41:31.931 @OPV001 2018
09:41:31.932 @OPV002 7
09:41:31.933 @OPV003 28
09:41:31.934 @OPV004 61.547
09:41:31.937 @OPV001 2018
09:41:31.939 @OPV002 7
09:41:31.940 @OPV003 2
09:41:31.941 @OPV004 194.849
09:41:31.943 @OPV001 2018
09:41:31.944 @OPV002 7
09:41:31.945 @OPV003 14
09:41:31.946 @OPV004 79.232
09:41:31.948 @OPV001 2018
09:41:31.950 @OPV002 7
09:41:31.951 @OPV003 5
09:41:31.952 @OPV004 58.846
09:41:31.954 @OPV001 2018
09:41:31.956 @OPV002 7
09:41:31.957 @OPV003 7
09:41:31.958 @OPV004 15.648
09:41:31.960 @OPV001 2018
09:41:31.962 @OPV002 7
09:41:31.963 @OPV003 1
09:41:31.963 @OPV004 86.567
09:41:31.966 @OPV001 2018
09:41:31.967 @OPV002 7
09:41:31.968 @OPV003 19
09:41:31.969 @OPV004 20.696
09:41:31.971 @OPV001 2018
09:41:31.972 @OPV002 7
09:41:31.973 @OPV003 9
09:41:31.974 @OPV004 35.8335
09:41:31.977 @OPV001 2018
09:41:31.978 @OPV002 7
09:41:31.979 @OPV003 29
09:41:31.980 @OPV004 8.978
09:41:31.983 @OPV001 2018
09:41:31.984 @OPV002 7
09:41:31.985 @OPV003 26
09:41:31.986 @OPV004 1.14
09:41:31.996 @OPV001 2018
09:41:31.998 @OPV002 7
09:41:31.999 @OPV003 16
09:41:32.001 @OPV005 44.85
09:41:32.003 @OPV001 2018
09:41:32.004 @OPV002 7
09:41:32.005 @OPV003 28
09:41:32.006 @OPV005 18.2458
09:41:32.008 @OPV001 2018
09:41:32.009 @OPV002 7
09:41:32.010 @OPV003 18
09:41:32.011 @OPV005 10.6465
09:41:32.014 @OPV001 2018
09:41:32.015 @OPV002 7
09:41:32.016 @OPV003 3
09:41:32.017 @OPV005 54.032
09:41:32.019 @OPV001 2018
09:41:32.020 @OPV002 7
09:41:32.021 @OPV003 14
09:41:32.022 @OPV005 69.216
09:41:32.024 @OPV001 2018
09:41:32.025 @OPV002 7
09:41:32.026 @OPV003 7
09:41:32.027 @OPV005 9.507
09:41:32.029 @OPV001 2018
09:41:32.031 @OPV002 7
09:41:32.032 @OPV003 15
09:41:32.033 @OPV005 77.43
09:41:32.035 @OPV001 2018
09:41:32.036 @OPV002 7
09:41:32.037 @OPV003 21
09:41:32.038 @OPV005 21.09
09:41:32.040 @OPV001 2018
09:41:32.042 @OPV002 7
09:41:32.043 @OPV003 10
09:41:32.044 @OPV005 60.837
09:41:32.047 @OPV001 2018
09:41:32.048 @OPV002 7
09:41:32.049 @OPV003 12
09:41:32.050 @OPV005 23.882
09:41:32.053 @OPV001 2018
09:41:32.054 @OPV002 7
09:41:32.055 @OPV003 19
09:41:32.056 @OPV005 121.8075
09:41:32.058 @OPV001 2018
09:41:32.059 @OPV002 7
09:41:32.060 @OPV003 30
09:41:32.061 @OPV005 21.135
09:41:32.063 @OPV001 2018
09:41:32.064 @OPV002 7
09:41:32.065 @OPV003 24
09:41:32.066 @OPV005 81.01
09:41:32.068 @OPV001 2018
09:41:32.069 @OPV002 7
09:41:32.070 @OPV003 8
09:41:32.071 @OPV005 58.608
09:41:32.073 @OPV001 2018
09:41:32.075 @OPV002 7
09:41:32.076 @OPV003 2
09:41:32.077 @OPV005 150.2275
09:41:32.080 @OPV001 2018
09:41:32.081 @OPV002 7
09:41:32.082 @OPV003 17
09:41:32.083 @OPV005 101.21
09:41:32.085 @OPV001 2018
09:41:32.086 @OPV002 7
09:41:32.087 @OPV003 26
09:41:32.088 @OPV005 0.66
09:41:32.090 @OPV001 2018
09:41:32.091 @OPV002 7
09:41:32.092 @OPV003 13
09:41:32.093 @OPV005 54.225
09:41:32.095 @OPV001 2018
09:41:32.096 @OPV002 7
09:41:32.097 @OPV003 23
09:41:32.098 @OPV005 106.153
09:41:32.100 @OPV001 2018
09:41:32.101 @OPV002 7
09:41:32.102 @OPV003 9
09:41:32.104 @OPV005 28.1925
09:41:32.106 @OPV001 2018
09:41:32.107 @OPV002 7
09:41:32.108 @OPV003 1
09:41:32.109 @OPV005 70.5485
09:41:32.111 @OPV001 2018
09:41:32.113 @OPV002 7
09:41:32.114 @OPV003 4
09:41:32.115 @OPV005 11.102
09:41:32.118 @OPV001 2018
09:41:32.119 @OPV002 7
09:41:32.120 @OPV003 27
09:41:32.121 @OPV005 25.614
09:41:32.123 @OPV001 2018
09:41:32.124 @OPV002 7
09:41:32.126 @OPV003 29
09:41:32.127 @OPV005 24.31
09:41:32.129 @OPV001 2018
09:41:32.130 @OPV002 7
09:41:32.132 @OPV003 20
09:41:32.133 @OPV005 38.5457
09:41:32.136 @OPV001 2018
09:41:32.137 @OPV002 7
09:41:32.139 @OPV003 6
09:41:32.141 @OPV005 26.64
09:41:32.142 @OPV001 2018
09:41:32.144 @OPV002 7
09:41:32.145 @OPV003 5
09:41:32.147 @OPV005 84.57
09:41:32.149 @OPV001 2018
09:41:32.150 @OPV002 7
09:41:32.151 @OPV003 11
09:41:32.152 @OPV005 15.205
09:41:32.154 @OPV001 2018
09:41:32.156 @OPV002 7
09:41:32.157 @OPV003 22
09:41:32.158 @OPV005 25.0266
09:41:32.170 @OPV001 2018
09:41:32.172 @OPV002 7
09:41:32.173 @OPV003 5
09:41:32.174 @OPV006 59.9475
09:41:32.177 @OPV001 2018
09:41:32.178 @OPV002 7
09:41:32.179 @OPV003 19
09:41:32.180 @OPV006 50.067
09:41:32.183 @OPV001 2018
09:41:32.184 @OPV002 7
09:41:32.185 @OPV003 23
09:41:32.186 @OPV006 58.1843
09:41:32.189 @OPV001 2018
09:41:32.191 @OPV002 7
09:41:32.192 @OPV003 22
09:41:32.193 @OPV006 64.9863
09:41:32.195 @OPV001 2018
09:41:32.196 @OPV002 7
09:41:32.198 @OPV003 17
09:41:32.198 @OPV006 62.694
09:41:32.201 @OPV001 2018
09:41:32.202 @OPV002 7
09:41:32.203 @OPV003 6
09:41:32.204 @OPV006 36.5045
09:41:32.206 @OPV001 2018
09:41:32.207 @OPV002 7
09:41:32.209 @OPV003 27
09:41:32.210 @OPV006 14.582
09:41:32.212 @OPV001 2018
09:41:32.213 @OPV002 7
09:41:32.214 @OPV003 13
09:41:32.215 @OPV006 26.3675
09:41:32.218 @OPV001 2018
09:41:32.219 @OPV002 7
09:41:32.220 @OPV003 2
09:41:32.221 @OPV006 49.6015
09:41:32.223 @OPV001 2018
09:41:32.225 @OPV002 7
09:41:32.226 @OPV003 24
09:41:32.227 @OPV006 67.2263
09:41:32.229 @OPV001 2018
09:41:32.231 @OPV002 7
09:41:32.232 @OPV003 7
09:41:32.233 @OPV006 25.229
09:41:32.235 @OPV001 2018
09:41:32.236 @OPV002 7
09:41:32.237 @OPV003 28
09:41:32.239 @OPV006 24.36
09:41:32.241 @OPV001 2018
09:41:32.243 @OPV002 7
09:41:32.244 @OPV003 14
09:41:32.245 @OPV006 64.0475
09:41:32.248 @OPV001 2018
09:41:32.249 @OPV002 7
09:41:32.250 @OPV003 18
09:41:32.251 @OPV006 38.9036
09:41:32.253 @OPV001 2018
09:41:32.255 @OPV002 7
09:41:32.255 @OPV003 10
09:41:32.256 @OPV006 45.0593
09:41:32.258 @OPV001 2018
09:41:32.259 @OPV002 7
09:41:32.260 @OPV003 20
09:41:32.261 @OPV006 35.144
09:41:32.263 @OPV001 2018
09:41:32.265 @OPV002 7
09:41:32.266 @OPV003 21
09:41:32.267 @OPV006 10.706
09:41:32.270 @OPV001 2018
09:41:32.271 @OPV002 7
09:41:32.272 @OPV003 3
09:41:32.273 @OPV006 17.5818
09:41:32.275 @OPV001 2018
09:41:32.276 @OPV002 7
09:41:32.277 @OPV003 12
09:41:32.278 @OPV006 43.0585
09:41:32.280 @OPV001 2018
09:41:32.281 @OPV002 7
09:41:32.282 @OPV003 26
09:41:32.283 @OPV006 51.5874
09:41:32.285 @OPV001 2018
09:41:32.286 @OPV002 7
09:41:32.287 @OPV003 8
09:41:32.288 @OPV006 15.2383
09:41:32.290 @OPV001 2018
09:41:32.292 @OPV002 7
09:41:32.293 @OPV003 29
09:41:32.293 @OPV006 35.7476
09:41:32.296 @OPV001 2018
09:41:32.297 @OPV002 7
09:41:32.298 @OPV003 4
09:41:32.299 @OPV006 46.5132
09:41:32.302 @OPV001 2018
09:41:32.303 @OPV002 7
09:41:32.304 @OPV003 11
09:41:32.305 @OPV006 30.6069
09:41:32.307 @OPV001 2018
09:41:32.308 @OPV002 7
09:41:32.309 @OPV003 16
09:41:32.310 @OPV006 53.877
09:41:32.313 @OPV001 2018
09:41:32.314 @OPV002 7
09:41:32.315 @OPV003 15
09:41:32.316 @OPV006 52.5004
09:41:32.318 @OPV001 2018
09:41:32.319 @OPV002 7
09:41:32.320 @OPV003 9
09:41:32.321 @OPV006 25.4769
09:41:32.324 @OPV001 2018
09:41:32.325 @OPV002 7
09:41:32.326 @OPV003 1
09:41:32.328 @OPV006 23.8536
09:41:32.330 @OPV001 2018
09:41:32.331 @OPV002 7
09:41:32.333 @OPV003 30
09:41:32.334 @OPV006 36.877
09:41:32.360 @OPV001 2018
09:41:32.361 @OPV002 7
09:41:32.362 @OPV003 23
09:41:32.363 @OPV007 51.6487
09:41:32.364 @OPV008 42.5696
09:41:32.365 @OPV009 60.0931
09:41:32.366 @OPV010 42.7817
09:41:32.368 @OPV001 2018
09:41:32.369 @OPV002 7
09:41:32.370 @OPV003 5
09:41:32.372 @OPV007 51.5875
09:41:32.373 @OPV008 0.8025
09:41:32.374 @OPV009 40.2626
09:41:32.374 @OPV010 51.2523
09:41:32.376 @OPV001 2018
09:41:32.378 @OPV002 7
09:41:32.379 @OPV003 16
09:41:32.380 @OPV007 35.7854
09:41:32.381 @OPV008 
09:41:32.382 @OPV009 72.5068
09:41:32.383 @OPV010 60.3726
09:41:32.385 @OPV001 2018
09:41:32.386 @OPV002 7
09:41:32.387 @OPV003 1
09:41:32.388 @OPV007 49.0708
09:41:32.389 @OPV008 50.5901
09:41:32.390 @OPV009 51.3976
09:41:32.391 @OPV010 64.3756
09:41:32.393 @OPV001 2018
09:41:32.395 @OPV002 7
09:41:32.395 @OPV003 12
09:41:32.396 @OPV007 36.2292
09:41:32.397 @OPV008 35.2534
09:41:32.399 @OPV009 59.6299
09:41:32.400 @OPV010 21.3169
09:41:32.402 @OPV001 2018
09:41:32.404 @OPV002 7
09:41:32.405 @OPV003 7
09:41:32.406 @OPV007 28.8654
09:41:32.407 @OPV008 85.1478
09:41:32.408 @OPV009 28.453
09:41:32.410 @OPV010 62.202
09:41:32.412 @OPV001 2018
09:41:32.413 @OPV002 7
09:41:32.414 @OPV003 29
09:41:32.415 @OPV007 57.3876
09:41:32.417 @OPV008 63.132
09:41:32.418 @OPV009 55.7613
09:41:32.419 @OPV010 
09:41:32.420 @OPV001 2018
09:41:32.422 @OPV002 7
09:41:32.423 @OPV003 20
09:41:32.423 @OPV007 55.9758
09:41:32.425 @OPV008 48.3485
09:41:32.425 @OPV009 53.37
09:41:32.426 @OPV010 36.1805
09:41:32.428 @OPV001 2018
09:41:32.429 @OPV002 7
09:41:32.430 @OPV003 15
09:41:32.431 @OPV007 28.53
09:41:32.432 @OPV008 61.118
09:41:32.433 @OPV009 65.13
09:41:32.434 @OPV010 31.9897
09:41:32.436 @OPV001 2018
09:41:32.437 @OPV002 7
09:41:32.438 @OPV003 28
09:41:32.439 @OPV007 68.9602
09:41:32.440 @OPV008 
09:41:32.441 @OPV009 40.2488
09:41:32.442 @OPV010 51.8944
09:41:32.444 @OPV001 2018
09:41:32.445 @OPV002 7
09:41:32.446 @OPV003 8
09:41:32.447 @OPV007 31.171
09:41:32.448 @OPV008 56.4848
09:41:32.448 @OPV009 28.1483
09:41:32.449 @OPV010 41.3493
09:41:32.451 @OPV001 2018
09:41:32.453 @OPV002 7
09:41:32.454 @OPV003 21
09:41:32.455 @OPV007 34.2786
09:41:32.456 @OPV008 39.2731
09:41:32.457 @OPV009 42.9114
09:41:32.458 @OPV010 86.0013
09:41:32.460 @OPV001 2018
09:41:32.461 @OPV002 7
09:41:32.462 @OPV003 6
09:41:32.464 @OPV007 70.492
09:41:32.464 @OPV008 25.6177
09:41:32.465 @OPV009 51.5415
09:41:32.466 @OPV010 87.2285
09:41:32.468 @OPV001 2018
09:41:32.470 @OPV002 7
09:41:32.471 @OPV003 4
09:41:32.472 @OPV007 23.494
09:41:32.472 @OPV008 36.6997
09:41:32.474 @OPV009 56.7292
09:41:32.475 @OPV010 27.9303
09:41:32.478 @OPV001 2018
09:41:32.479 @OPV002 7
09:41:32.480 @OPV003 2
09:41:32.481 @OPV007 53.4465
09:41:32.482 @OPV008 27.4648
09:41:32.483 @OPV009 52.0019
09:41:32.483 @OPV010 21.8916
09:41:32.486 @OPV001 2018
09:41:32.487 @OPV002 7
09:41:32.488 @OPV003 10
09:41:32.489 @OPV007 31.5004
09:41:32.490 @OPV008 25.236
09:41:32.491 @OPV009 75.5197
09:41:32.492 @OPV010 54.9793
09:41:32.494 @OPV001 2018
09:41:32.495 @OPV002 7
09:41:32.496 @OPV003 26
09:41:32.497 @OPV007 10.675
09:41:32.498 @OPV008 50.239
09:41:32.499 @OPV009 
09:41:32.500 @OPV010 40.2955
09:41:32.503 @OPV001 2018
09:41:32.504 @OPV002 7
09:41:32.505 @OPV003 3
09:41:32.506 @OPV007 19.0207
09:41:32.506 @OPV008 66.9958
09:41:32.507 @OPV009 39.9022
09:41:32.508 @OPV010 34.9963
09:41:32.510 @OPV001 2018
09:41:32.511 @OPV002 7
09:41:32.512 @OPV003 11
09:41:32.513 @OPV007 81.4572
09:41:32.514 @OPV008 34.8176
09:41:32.515 @OPV009 
09:41:32.516 @OPV010 42.6184
09:41:32.518 @OPV001 2018
09:41:32.519 @OPV002 7
09:41:32.520 @OPV003 18
09:41:32.521 @OPV007 60.3485
09:41:32.522 @OPV008 37.412
09:41:32.523 @OPV009 
09:41:32.524 @OPV010 50.1752
09:41:32.526 @OPV001 2018
09:41:32.527 @OPV002 7
09:41:32.528 @OPV003 9
09:41:32.529 @OPV007 41.1729
09:41:32.530 @OPV008 26.2167
09:41:32.531 @OPV009 38.1686
09:41:32.532 @OPV010 33.3644
09:41:32.534 @OPV001 2018
09:41:32.536 @OPV002 7
09:41:32.537 @OPV003 24
09:41:32.537 @OPV007 25.5195
09:41:32.538 @OPV008 46.1543
09:41:32.539 @OPV009 54.1752
09:41:32.540 @OPV010 59.0832
09:41:32.542 @OPV001 2018
09:41:32.543 @OPV002 7
09:41:32.544 @OPV003 19
09:41:32.545 @OPV007 8.4121
09:41:32.546 @OPV008 48.9398
09:41:32.547 @OPV009 79.3694
09:41:32.548 @OPV010 70.134
09:41:32.550 @OPV001 2018
09:41:32.551 @OPV002 7
09:41:32.552 @OPV003 27
09:41:32.553 @OPV007 68.4922
09:41:32.553 @OPV008 68.6523
09:41:32.554 @OPV009 47.2204
09:41:32.555 @OPV010 7.5811
09:41:32.557 @OPV001 2018
09:41:32.558 @OPV002 7
09:41:32.559 @OPV003 17
09:41:32.560 @OPV007 49.8164
09:41:32.561 @OPV008 49.62
09:41:32.562 @OPV009 47.55
09:41:32.563 @OPV010 63.6813
09:41:32.565 @OPV001 2018
09:41:32.566 @OPV002 7
09:41:32.567 @OPV003 13
09:41:32.568 @OPV007 63.198
09:41:32.569 @OPV008 71.003
09:41:32.570 @OPV009 
09:41:32.571 @OPV010 41.1357
09:41:32.573 @OPV001 2018
09:41:32.574 @OPV002 7
09:41:32.575 @OPV003 14
09:41:32.575 @OPV007 26.459
09:41:32.576 @OPV008 50.5266
09:41:32.577 @OPV009 29.52
09:41:32.578 @OPV010 70.1031
09:41:32.581 @OPV001 2018
09:41:32.582 @OPV002 7
09:41:32.583 @OPV003 22
09:41:32.584 @OPV007 58.4641
09:41:32.585 @OPV008 40.8708
09:41:32.586 @OPV009 33.4189
09:41:32.587 @OPV010 20.742
09:44:15.181 @OPV001 2018
09:44:15.182 @OPV002 7
09:44:15.185 @OPV003 21
09:44:15.186 @OPV004 74.5375
09:44:15.203 @OPV001 2018
09:44:15.205 @OPV002 7
09:44:15.206 @OPV003 16
09:44:15.207 @OPV004 223.73
09:44:15.209 @OPV001 2018
09:44:15.211 @OPV002 7
09:44:15.212 @OPV003 6
09:44:15.213 @OPV004 10.95
09:44:15.215 @OPV001 2018
09:44:15.216 @OPV002 7
09:44:15.217 @OPV003 17
09:44:15.218 @OPV004 230.5555
09:44:15.220 @OPV001 2018
09:44:15.221 @OPV002 7
09:44:15.222 @OPV003 3
09:44:15.223 @OPV004 85.365
09:44:15.225 @OPV001 2018
09:44:15.226 @OPV002 7
09:44:15.227 @OPV003 14
09:44:15.228 @OPV004 79.232
09:44:15.231 @OPV001 2018
09:44:15.232 @OPV002 7
09:44:15.233 @OPV003 10
09:44:15.234 @OPV004 35.7377
09:44:15.236 @OPV001 2018
09:44:15.237 @OPV002 7
09:44:15.238 @OPV003 28
09:44:15.239 @OPV004 61.547
09:44:15.241 @OPV001 2018
09:44:15.243 @OPV002 7
09:44:15.243 @OPV003 24
09:44:15.244 @OPV004 116.176
09:44:15.246 @OPV001 2018
09:44:15.247 @OPV002 7
09:44:15.248 @OPV003 29
09:44:15.250 @OPV004 8.978
09:44:15.252 @OPV001 2018
09:44:15.253 @OPV002 7
09:44:15.254 @OPV003 5
09:44:15.255 @OPV004 58.846
09:44:15.257 @OPV001 2018
09:44:15.259 @OPV002 7
09:44:15.260 @OPV003 15
09:44:15.260 @OPV004 227.878
09:44:15.262 @OPV001 2018
09:44:15.264 @OPV002 7
09:44:15.266 @OPV003 26
09:44:15.267 @OPV004 1.14
09:44:15.269 @OPV001 2018
09:44:15.270 @OPV002 7
09:44:15.271 @OPV003 13
09:44:15.272 @OPV004 16.27
09:44:15.274 @OPV001 2018
09:44:15.275 @OPV002 7
09:44:15.276 @OPV003 8
09:44:15.277 @OPV004 26.095
09:44:15.279 @OPV001 2018
09:44:15.281 @OPV002 7
09:44:15.282 @OPV003 1
09:44:15.283 @OPV004 86.567
09:44:15.285 @OPV001 2018
09:44:15.286 @OPV002 7
09:44:15.288 @OPV003 22
09:44:15.289 @OPV004 19.337
09:44:15.291 @OPV001 2018
09:44:15.292 @OPV002 7
09:44:15.293 @OPV003 20
09:44:15.294 @OPV004 46.846
09:44:15.296 @OPV001 2018
09:44:15.297 @OPV002 7
09:44:15.298 @OPV003 7
09:44:15.300 @OPV004 15.648
09:44:15.302 @OPV001 2018
09:44:15.303 @OPV002 7
09:44:15.304 @OPV003 9
09:44:15.305 @OPV004 35.8335
09:44:15.308 @OPV001 2018
09:44:15.309 @OPV002 7
09:44:15.311 @OPV003 19
09:44:15.312 @OPV004 20.696
09:44:15.314 @OPV001 2018
09:44:15.316 @OPV002 7
09:44:15.317 @OPV003 2
09:44:15.318 @OPV004 194.849
09:44:15.320 @OPV001 2018
09:44:15.321 @OPV002 7
09:44:15.323 @OPV003 4
09:44:15.323 @OPV004 71.041
09:44:15.334 @OPV001 2018
09:44:15.335 @OPV002 7
09:44:15.336 @OPV003 19
09:44:15.337 @OPV005 121.8075
09:44:15.339 @OPV001 2018
09:44:15.340 @OPV002 7
09:44:15.341 @OPV003 21
09:44:15.342 @OPV005 21.09
09:44:15.344 @OPV001 2018
09:44:15.345 @OPV002 7
09:44:15.346 @OPV003 4
09:44:15.347 @OPV005 11.102
09:44:15.349 @OPV001 2018
09:44:15.350 @OPV002 7
09:44:15.351 @OPV003 24
09:44:15.352 @OPV005 81.01
09:44:15.354 @OPV001 2018
09:44:15.355 @OPV002 7
09:44:15.356 @OPV003 10
09:44:15.357 @OPV005 60.837
09:44:15.359 @OPV001 2018
09:44:15.360 @OPV002 7
09:44:15.361 @OPV003 12
09:44:15.362 @OPV005 23.882
09:44:15.364 @OPV001 2018
09:44:15.365 @OPV002 7
09:44:15.366 @OPV003 8
09:44:15.367 @OPV005 58.608
09:44:15.369 @OPV001 2018
09:44:15.371 @OPV002 7
09:44:15.371 @OPV003 15
09:44:15.372 @OPV005 77.43
09:44:15.374 @OPV001 2018
09:44:15.375 @OPV002 7
09:44:15.376 @OPV003 23
09:44:15.377 @OPV005 106.153
09:44:15.379 @OPV001 2018
09:44:15.380 @OPV002 7
09:44:15.382 @OPV003 16
09:44:15.383 @OPV005 44.85
09:44:15.385 @OPV001 2018
09:44:15.386 @OPV002 7
09:44:15.387 @OPV003 27
09:44:15.389 @OPV005 25.614
09:44:15.391 @OPV001 2018
09:44:15.392 @OPV002 7
09:44:15.393 @OPV003 3
09:44:15.395 @OPV005 54.032
09:44:15.397 @OPV001 2018
09:44:15.398 @OPV002 7
09:44:15.399 @OPV003 18
09:44:15.400 @OPV005 10.6465
09:44:15.402 @OPV001 2018
09:44:15.403 @OPV002 7
09:44:15.404 @OPV003 13
09:44:15.405 @OPV005 54.225
09:44:15.407 @OPV001 2018
09:44:15.408 @OPV002 7
09:44:15.409 @OPV003 30
09:44:15.411 @OPV005 21.135
09:44:15.413 @OPV001 2018
09:44:15.414 @OPV002 7
09:44:15.415 @OPV003 2
09:44:15.416 @OPV005 150.2275
09:44:15.418 @OPV001 2018
09:44:15.420 @OPV002 7
09:44:15.420 @OPV003 29
09:44:15.421 @OPV005 24.31
09:44:15.423 @OPV001 2018
09:44:15.424 @OPV002 7
09:44:15.425 @OPV003 1
09:44:15.426 @OPV005 70.5485
09:44:15.428 @OPV001 2018
09:44:15.430 @OPV002 7
09:44:15.431 @OPV003 20
09:44:15.431 @OPV005 38.5457
09:44:15.433 @OPV001 2018
09:44:15.434 @OPV002 7
09:44:15.435 @OPV003 14
09:44:15.436 @OPV005 69.216
09:44:15.438 @OPV001 2018
09:44:15.439 @OPV002 7
09:44:15.441 @OPV003 11
09:44:15.442 @OPV005 15.205
09:44:15.444 @OPV001 2018
09:44:15.445 @OPV002 7
09:44:15.446 @OPV003 26
09:44:15.447 @OPV005 0.66
09:44:15.448 @OPV001 2018
09:44:15.450 @OPV002 7
09:44:15.451 @OPV003 28
09:44:15.451 @OPV005 18.2458
09:44:15.453 @OPV001 2018
09:44:15.454 @OPV002 7
09:44:15.455 @OPV003 22
09:44:15.456 @OPV005 25.0266
09:44:15.458 @OPV001 2018
09:44:15.459 @OPV002 7
09:44:15.460 @OPV003 7
09:44:15.461 @OPV005 9.507
09:44:15.463 @OPV001 2018
09:44:15.464 @OPV002 7
09:44:15.465 @OPV003 5
09:44:15.466 @OPV005 84.57
09:44:15.469 @OPV001 2018
09:44:15.470 @OPV002 7
09:44:15.471 @OPV003 9
09:44:15.472 @OPV005 28.1925
09:44:15.475 @OPV001 2018
09:44:15.476 @OPV002 7
09:44:15.477 @OPV003 17
09:44:15.478 @OPV005 101.21
09:44:15.481 @OPV001 2018
09:44:15.482 @OPV002 7
09:44:15.483 @OPV003 6
09:44:15.483 @OPV005 26.64
09:44:15.496 @OPV001 2018
09:44:15.497 @OPV002 7
09:44:15.498 @OPV003 21
09:44:15.499 @OPV006 10.706
09:44:15.501 @OPV001 2018
09:44:15.502 @OPV002 7
09:44:15.503 @OPV003 26
09:44:15.504 @OPV006 51.5874
09:44:15.506 @OPV001 2018
09:44:15.507 @OPV002 7
09:44:15.508 @OPV003 6
09:44:15.509 @OPV006 36.5045
09:44:15.511 @OPV001 2018
09:44:15.513 @OPV002 7
09:44:15.513 @OPV003 5
09:44:15.514 @OPV006 59.9475
09:44:15.516 @OPV001 2018
09:44:15.518 @OPV002 7
09:44:15.519 @OPV003 30
09:44:15.520 @OPV006 36.877
09:44:15.522 @OPV001 2018
09:44:15.524 @OPV002 7
09:44:15.525 @OPV003 13
09:44:15.526 @OPV006 26.3675
09:44:15.528 @OPV001 2018
09:44:15.530 @OPV002 7
09:44:15.531 @OPV003 19
09:44:15.532 @OPV006 50.067
09:44:15.534 @OPV001 2018
09:44:15.535 @OPV002 7
09:44:15.536 @OPV003 4
09:44:15.537 @OPV006 46.5132
09:44:15.539 @OPV001 2018
09:44:15.540 @OPV002 7
09:44:15.541 @OPV003 29
09:44:15.542 @OPV006 35.7476
09:44:15.544 @OPV001 2018
09:44:15.545 @OPV002 7
09:44:15.546 @OPV003 12
09:44:15.547 @OPV006 43.0585
09:44:15.549 @OPV001 2018
09:44:15.550 @OPV002 7
09:44:15.551 @OPV003 17
09:44:15.552 @OPV006 62.694
09:44:15.554 @OPV001 2018
09:44:15.556 @OPV002 7
09:44:15.557 @OPV003 8
09:44:15.558 @OPV006 15.2383
09:44:15.561 @OPV001 2018
09:44:15.562 @OPV002 7
09:44:15.563 @OPV003 14
09:44:15.564 @OPV006 64.0475
09:44:15.567 @OPV001 2018
09:44:15.568 @OPV002 7
09:44:15.569 @OPV003 18
09:44:15.570 @OPV006 38.9036
09:44:15.572 @OPV001 2018
09:44:15.574 @OPV002 7
09:44:15.575 @OPV003 23
09:44:15.576 @OPV006 58.1843
09:44:15.578 @OPV001 2018
09:44:15.579 @OPV002 7
09:44:15.580 @OPV003 1
09:44:15.581 @OPV006 23.8536
09:44:15.583 @OPV001 2018
09:44:15.585 @OPV002 7
09:44:15.586 @OPV003 24
09:44:15.587 @OPV006 67.2263
09:44:15.589 @OPV001 2018
09:44:15.590 @OPV002 7
09:44:15.591 @OPV003 11
09:44:15.592 @OPV006 30.6069
09:44:15.593 @OPV001 2018
09:44:15.595 @OPV002 7
09:44:15.596 @OPV003 2
09:44:15.597 @OPV006 49.6015
09:44:15.599 @OPV001 2018
09:44:15.600 @OPV002 7
09:44:15.601 @OPV003 7
09:44:15.602 @OPV006 25.229
09:44:15.603 @OPV001 2018
09:44:15.605 @OPV002 7
09:44:15.606 @OPV003 16
09:44:15.607 @OPV006 53.877
09:44:15.608 @OPV001 2018
09:44:15.610 @OPV002 7
09:44:15.611 @OPV003 20
09:44:15.612 @OPV006 35.144
09:44:15.613 @OPV001 2018
09:44:15.614 @OPV002 7
09:44:15.615 @OPV003 3
09:44:15.616 @OPV006 17.5818
09:44:15.618 @OPV001 2018
09:44:15.620 @OPV002 7
09:44:15.621 @OPV003 15
09:44:15.622 @OPV006 52.5004
09:44:15.624 @OPV001 2018
09:44:15.625 @OPV002 7
09:44:15.626 @OPV003 27
09:44:15.627 @OPV006 14.582
09:44:15.630 @OPV001 2018
09:44:15.631 @OPV002 7
09:44:15.632 @OPV003 10
09:44:15.633 @OPV006 45.0593
09:44:15.635 @OPV001 2018
09:44:15.636 @OPV002 7
09:44:15.637 @OPV003 9
09:44:15.638 @OPV006 25.4769
09:44:15.640 @OPV001 2018
09:44:15.641 @OPV002 7
09:44:15.642 @OPV003 28
09:44:15.643 @OPV006 24.36
09:44:15.646 @OPV001 2018
09:44:15.647 @OPV002 7
09:44:15.648 @OPV003 22
09:44:15.649 @OPV006 64.9863
09:44:15.686 @OPV001 2018
09:44:15.687 @OPV002 7
09:44:15.688 @OPV003 27
09:44:15.689 @OPV007 68.4922
09:44:15.690 @OPV008 68.6523
09:44:15.692 @OPV009 47.2204
09:44:15.693 @OPV010 7.5811
09:44:15.694 @OPV001 2018
09:44:15.695 @OPV002 7
09:44:15.696 @OPV003 28
09:44:15.698 @OPV007 68.9602
09:44:15.699 @OPV008 
09:44:15.700 @OPV009 40.2488
09:44:15.701 @OPV010 51.8944
09:44:15.703 @OPV001 2018
09:44:15.704 @OPV002 7
09:44:15.705 @OPV003 14
09:44:15.706 @OPV007 26.459
09:44:15.707 @OPV008 50.5266
09:44:15.708 @OPV009 29.52
09:44:15.709 @OPV010 70.1031
09:44:15.711 @OPV001 2018
09:44:15.712 @OPV002 7
09:44:15.713 @OPV003 15
09:44:15.714 @OPV007 28.53
09:44:15.715 @OPV008 61.118
09:44:15.716 @OPV009 65.13
09:44:15.716 @OPV010 31.9897
09:44:15.718 @OPV001 2018
09:44:15.719 @OPV002 7
09:44:15.720 @OPV003 18
09:44:15.721 @OPV007 60.3485
09:44:15.722 @OPV008 37.412
09:44:15.723 @OPV009 
09:44:15.724 @OPV010 50.1752
09:44:15.726 @OPV001 2018
09:44:15.727 @OPV002 7
09:44:15.728 @OPV003 6
09:44:15.730 @OPV007 70.492
09:44:15.731 @OPV008 25.6177
09:44:15.731 @OPV009 51.5415
09:44:15.732 @OPV010 87.2285
09:44:15.734 @OPV001 2018
09:44:15.736 @OPV002 7
09:44:15.737 @OPV003 3
09:44:15.737 @OPV007 19.0207
09:44:15.738 @OPV008 66.9958
09:44:15.739 @OPV009 39.9022
09:44:15.740 @OPV010 34.9963
09:44:15.742 @OPV001 2018
09:44:15.743 @OPV002 7
09:44:15.744 @OPV003 4
09:44:15.745 @OPV007 23.494
09:44:15.746 @OPV008 36.6997
09:44:15.746 @OPV009 56.7292
09:44:15.747 @OPV010 27.9303
09:44:15.749 @OPV001 2018
09:44:15.751 @OPV002 7
09:44:15.754 @OPV003 19
09:44:15.755 @OPV007 8.4121
09:44:15.756 @OPV008 48.9398
09:44:15.757 @OPV009 79.3694
09:44:15.758 @OPV010 70.134
09:44:15.759 @OPV001 2018
09:44:15.761 @OPV002 7
09:44:15.762 @OPV003 12
09:44:15.763 @OPV007 36.2292
09:44:15.764 @OPV008 35.2534
09:44:15.765 @OPV009 59.6299
09:44:15.766 @OPV010 21.3169
09:44:15.767 @OPV001 2018
09:44:15.769 @OPV002 7
09:44:15.770 @OPV003 29
09:44:15.771 @OPV007 57.3876
09:44:15.772 @OPV008 63.132
09:44:15.773 @OPV009 55.7613
09:44:15.774 @OPV010 
09:44:15.775 @OPV001 2018
09:44:15.777 @OPV002 7
09:44:15.778 @OPV003 11
09:44:15.778 @OPV007 81.4572
09:44:15.780 @OPV008 34.8176
09:44:15.781 @OPV009 
09:44:15.781 @OPV010 42.6184
09:44:15.783 @OPV001 2018
09:44:15.784 @OPV002 7
09:44:15.785 @OPV003 22
09:44:15.787 @OPV007 58.4641
09:44:15.788 @OPV008 40.8708
09:44:15.789 @OPV009 33.4189
09:44:15.790 @OPV010 20.742
09:44:15.793 @OPV001 2018
09:44:15.794 @OPV002 7
09:44:15.796 @OPV003 7
09:44:15.797 @OPV007 28.8654
09:44:15.798 @OPV008 85.1478
09:44:15.798 @OPV009 28.453
09:44:15.800 @OPV010 62.202
09:44:15.802 @OPV001 2018
09:44:15.803 @OPV002 7
09:44:15.804 @OPV003 17
09:44:15.805 @OPV007 49.8164
09:44:15.806 @OPV008 49.62
09:44:15.807 @OPV009 47.55
09:44:15.808 @OPV010 63.6813
09:44:15.810 @OPV001 2018
09:44:15.812 @OPV002 7
09:44:15.813 @OPV003 10
09:44:15.813 @OPV007 31.5004
09:44:15.814 @OPV008 25.236
09:44:15.815 @OPV009 75.5197
09:44:15.816 @OPV010 54.9793
09:44:15.818 @OPV001 2018
09:44:15.819 @OPV002 7
09:44:15.820 @OPV003 5
09:44:15.821 @OPV007 51.5875
09:44:15.822 @OPV008 0.8025
09:44:15.823 @OPV009 40.2626
09:44:15.824 @OPV010 51.2523
09:44:15.826 @OPV001 2018
09:44:15.827 @OPV002 7
09:44:15.828 @OPV003 9
09:44:15.829 @OPV007 41.1729
09:44:15.830 @OPV008 26.2167
09:44:15.831 @OPV009 38.1686
09:44:15.832 @OPV010 33.3644
09:44:15.834 @OPV001 2018
09:44:15.835 @OPV002 7
09:44:15.836 @OPV003 1
09:44:15.837 @OPV007 49.0708
09:44:15.838 @OPV008 50.5901
09:44:15.839 @OPV009 51.3976
09:44:15.840 @OPV010 64.3756
09:44:15.842 @OPV001 2018
09:44:15.843 @OPV002 7
09:44:15.844 @OPV003 2
09:44:15.845 @OPV007 53.4465
09:44:15.846 @OPV008 27.4648
09:44:15.847 @OPV009 52.0019
09:44:15.848 @OPV010 21.8916
09:44:15.850 @OPV001 2018
09:44:15.851 @OPV002 7
09:44:15.852 @OPV003 21
09:44:15.853 @OPV007 34.2786
09:44:15.854 @OPV008 39.2731
09:44:15.855 @OPV009 42.9114
09:44:15.856 @OPV010 86.0013
09:44:15.858 @OPV001 2018
09:44:15.859 @OPV002 7
09:44:15.860 @OPV003 26
09:44:15.861 @OPV007 10.675
09:44:15.862 @OPV008 50.239
09:44:15.863 @OPV009 
09:44:15.864 @OPV010 40.2955
09:44:15.866 @OPV001 2018
09:44:15.867 @OPV002 7
09:44:15.867 @OPV003 16
09:44:15.868 @OPV007 35.7854
09:44:15.869 @OPV008 
09:44:15.870 @OPV009 72.5068
09:44:15.871 @OPV010 60.3726
09:44:15.873 @OPV001 2018
09:44:15.874 @OPV002 7
09:44:15.875 @OPV003 24
09:44:15.876 @OPV007 25.5195
09:44:15.877 @OPV008 46.1543
09:44:15.878 @OPV009 54.1752
09:44:15.879 @OPV010 59.0832
09:44:15.881 @OPV001 2018
09:44:15.882 @OPV002 7
09:44:15.883 @OPV003 13
09:44:15.884 @OPV007 63.198
09:44:15.885 @OPV008 71.003
09:44:15.886 @OPV009 
09:44:15.887 @OPV010 41.1357
09:44:15.889 @OPV001 2018
09:44:15.890 @OPV002 7
09:44:15.891 @OPV003 23
09:44:15.892 @OPV007 51.6487
09:44:15.892 @OPV008 42.5696
09:44:15.893 @OPV009 60.0931
09:44:15.894 @OPV010 42.7817
09:44:15.896 @OPV001 2018
09:44:15.897 @OPV002 7
09:44:15.898 @OPV003 8
09:44:15.899 @OPV007 31.171
09:44:15.900 @OPV008 56.4848
09:44:15.901 @OPV009 28.1483
09:44:15.902 @OPV010 41.3493
09:44:15.904 @OPV001 2018
09:44:15.905 @OPV002 7
09:44:15.906 @OPV003 20
09:44:15.907 @OPV007 55.9758
09:44:15.908 @OPV008 48.3485
09:44:15.909 @OPV009 53.37
09:44:15.910 @OPV010 36.1805
09:59:23.427  异常信息：由于连接方在一段时间后没有正确答复或连接的主机没有反应，连接尝试失败。 192.168.1.188:80
  堆栈信息:   在 AutoUpdate.AppUpdate.DownloadFile(String url, String localFilePath) 位置 D:\ProjectData\MoXia\Carpenter\Carpenter\AppUpdate.cs:行号 242
   在 AutoUpdate.AppUpdate.CheckAppVersion(String& msg) 位置 D:\ProjectData\MoXia\Carpenter\Carpenter\AppUpdate.cs:行号 310
10:00:39.291 @EMP002 系统管理员
10:00:39.292 @EMP009 d2f278e251d1566edd72846d4ad97f
10:00:55.386 @OPV001 2018
10:00:55.388 @OPV002 7
10:00:55.389 @OPV003 29
10:00:55.390 @OPV004 8.978
10:00:55.392 @OPV001 2018
10:00:55.394 @OPV002 7
10:00:55.394 @OPV003 1
10:00:55.395 @OPV004 86.567
10:00:55.397 @OPV001 2018
10:00:55.399 @OPV002 7
10:00:55.399 @OPV003 14
10:00:55.400 @OPV004 39.616
10:00:55.402 @OPV001 2018
10:00:55.403 @OPV002 7
10:00:55.404 @OPV003 15
10:00:55.405 @OPV004 113.939
10:00:55.407 @OPV001 2018
10:00:55.408 @OPV002 7
10:00:55.409 @OPV003 22
10:00:55.410 @OPV004 19.337
10:00:55.413 @OPV001 2018
10:00:55.414 @OPV002 7
10:00:55.415 @OPV003 8
10:00:55.416 @OPV004 23.62
10:00:55.417 @OPV001 2018
10:00:55.419 @OPV002 7
10:00:55.420 @OPV003 13
10:00:55.421 @OPV004 16.27
10:00:55.423 @OPV001 2018
10:00:55.424 @OPV002 7
10:00:55.425 @OPV003 28
10:00:55.425 @OPV004 61.547
10:00:55.428 @OPV001 2018
10:00:55.429 @OPV002 7
10:00:55.430 @OPV003 4
10:00:55.431 @OPV004 71.041
10:00:55.433 @OPV001 2018
10:00:55.434 @OPV002 7
10:00:55.435 @OPV003 5
10:00:55.436 @OPV004 58.846
10:00:55.438 @OPV001 2018
10:00:55.439 @OPV002 7
10:00:55.440 @OPV003 26
10:00:55.441 @OPV004 1.14
10:00:55.443 @OPV001 2018
10:00:55.445 @OPV002 7
10:00:55.446 @OPV003 2
10:00:55.446 @OPV004 194.849
10:00:55.448 @OPV001 2018
10:00:55.450 @OPV002 7
10:00:55.451 @OPV003 21
10:00:55.452 @OPV004 74.5375
10:00:55.453 @OPV001 2018
10:00:55.455 @OPV002 7
10:00:55.456 @OPV003 6
10:00:55.456 @OPV004 10.95
10:00:55.458 @OPV001 2018
10:00:55.459 @OPV002 7
10:00:55.460 @OPV003 7
10:00:55.461 @OPV004 15.648
10:00:55.463 @OPV001 2018
10:00:55.464 @OPV002 7
10:00:55.465 @OPV003 20
10:00:55.466 @OPV004 46.846
10:00:55.468 @OPV001 2018
10:00:55.469 @OPV002 7
10:00:55.470 @OPV003 16
10:00:55.471 @OPV004 111.865
10:00:55.473 @OPV001 2018
10:00:55.474 @OPV002 7
10:00:55.475 @OPV003 9
10:00:55.476 @OPV004 35.8335
10:00:55.478 @OPV001 2018
10:00:55.479 @OPV002 7
10:00:55.480 @OPV003 10
10:00:55.481 @OPV004 35.7377
10:00:55.484 @OPV001 2018
10:00:55.485 @OPV002 7
10:00:55.486 @OPV003 17
10:00:55.487 @OPV004 116.5685
10:00:55.489 @OPV001 2018
10:00:55.490 @OPV002 7
10:00:55.491 @OPV003 24
10:00:55.492 @OPV004 116.176
10:00:55.494 @OPV001 2018
10:00:55.495 @OPV002 7
10:00:55.497 @OPV003 3
10:00:55.497 @OPV004 85.365
10:00:55.499 @OPV001 2018
10:00:55.501 @OPV002 7
10:00:55.502 @OPV003 19
10:00:55.503 @OPV004 20.696
10:00:55.530 @OPV001 2018
10:00:55.532 @OPV002 7
10:00:55.533 @OPV003 10
10:00:55.534 @OPV005 60.837
10:00:55.535 @OPV001 2018
10:00:55.537 @OPV002 7
10:00:55.537 @OPV003 2
10:00:55.538 @OPV005 150.2275
10:00:55.541 @OPV001 2018
10:00:55.542 @OPV002 7
10:00:55.543 @OPV003 7
10:00:55.544 @OPV005 9.507
10:00:55.546 @OPV001 2018
10:00:55.547 @OPV002 7
10:00:55.548 @OPV003 11
10:00:55.549 @OPV005 15.205
10:00:55.551 @OPV001 2018
10:00:55.552 @OPV002 7
10:00:55.553 @OPV003 26
10:00:55.554 @OPV005 0.66
10:00:55.556 @OPV001 2018
10:00:55.557 @OPV002 7
10:00:55.558 @OPV003 15
10:00:55.559 @OPV005 77.43
10:00:55.561 @OPV001 2018
10:00:55.562 @OPV002 7
10:00:55.563 @OPV003 17
10:00:55.564 @OPV005 101.21
10:00:55.566 @OPV001 2018
10:00:55.567 @OPV002 7
10:00:55.568 @OPV003 22
10:00:55.569 @OPV005 25.0266
10:00:55.571 @OPV001 2018
10:00:55.572 @OPV002 7
10:00:55.573 @OPV003 20
10:00:55.574 @OPV005 38.5457
10:00:55.576 @OPV001 2018
10:00:55.577 @OPV002 7
10:00:55.578 @OPV003 8
10:00:55.579 @OPV005 58.608
10:00:55.581 @OPV001 2018
10:00:55.582 @OPV002 7
10:00:55.583 @OPV003 30
10:00:55.584 @OPV005 21.135
10:00:55.586 @OPV001 2018
10:00:55.587 @OPV002 7
10:00:55.588 @OPV003 18
10:00:55.589 @OPV005 10.6465
10:00:55.591 @OPV001 2018
10:00:55.592 @OPV002 7
10:00:55.593 @OPV003 14
10:00:55.594 @OPV005 69.216
10:00:55.596 @OPV001 2018
10:00:55.597 @OPV002 7
10:00:55.598 @OPV003 13
10:00:55.599 @OPV005 54.225
10:00:55.601 @OPV001 2018
10:00:55.602 @OPV002 7
10:00:55.603 @OPV003 19
10:00:55.604 @OPV005 121.8075
10:00:55.606 @OPV001 2018
10:00:55.607 @OPV002 7
10:00:55.608 @OPV003 29
10:00:55.609 @OPV005 24.31
10:00:55.611 @OPV001 2018
10:00:55.612 @OPV002 7
10:00:55.613 @OPV003 4
10:00:55.614 @OPV005 11.102
10:00:55.617 @OPV001 2018
10:00:55.618 @OPV002 7
10:00:55.619 @OPV003 12
10:00:55.620 @OPV005 23.882
10:00:55.622 @OPV001 2018
10:00:55.623 @OPV002 7
10:00:55.624 @OPV003 1
10:00:55.624 @OPV005 70.5485
10:00:55.627 @OPV001 2018
10:00:55.628 @OPV002 7
10:00:55.629 @OPV003 16
10:00:55.630 @OPV005 44.85
10:00:55.632 @OPV001 2018
10:00:55.633 @OPV002 7
10:00:55.634 @OPV003 23
10:00:55.635 @OPV005 106.153
10:00:55.637 @OPV001 2018
10:00:55.638 @OPV002 7
10:00:55.639 @OPV003 5
10:00:55.640 @OPV005 84.57
10:00:55.643 @OPV001 2018
10:00:55.644 @OPV002 7
10:00:55.645 @OPV003 27
10:00:55.646 @OPV005 25.614
10:00:55.647 @OPV001 2018
10:00:55.648 @OPV002 7
10:00:55.649 @OPV003 24
10:00:55.650 @OPV005 81.01
10:00:55.653 @OPV001 2018
10:00:55.654 @OPV002 7
10:00:55.655 @OPV003 3
10:00:55.656 @OPV005 54.032
10:00:55.658 @OPV001 2018
10:00:55.659 @OPV002 7
10:00:55.660 @OPV003 28
10:00:55.661 @OPV005 18.2458
10:00:55.663 @OPV001 2018
10:00:55.664 @OPV002 7
10:00:55.665 @OPV003 21
10:00:55.666 @OPV005 21.09
10:00:55.668 @OPV001 2018
10:00:55.669 @OPV002 7
10:00:55.670 @OPV003 6
10:00:55.671 @OPV005 26.64
10:00:55.673 @OPV001 2018
10:00:55.674 @OPV002 7
10:00:55.675 @OPV003 9
10:00:55.676 @OPV005 28.1925
10:00:55.710 @OPV001 2018
10:00:55.712 @OPV002 7
10:00:55.713 @OPV003 21
10:00:55.713 @OPV006 10.706
10:00:55.715 @OPV001 2018
10:00:55.717 @OPV002 7
10:00:55.717 @OPV003 17
10:00:55.718 @OPV006 62.694
10:00:55.721 @OPV001 2018
10:00:55.722 @OPV002 7
10:00:55.723 @OPV003 1
10:00:55.724 @OPV006 23.8536
10:00:55.726 @OPV001 2018
10:00:55.727 @OPV002 7
10:00:55.728 @OPV003 24
10:00:55.729 @OPV006 67.2263
10:00:55.731 @OPV001 2018
10:00:55.732 @OPV002 7
10:00:55.733 @OPV003 5
10:00:55.733 @OPV006 59.9475
10:00:55.735 @OPV001 2018
10:00:55.737 @OPV002 7
10:00:55.738 @OPV003 27
10:00:55.738 @OPV006 14.582
10:00:55.741 @OPV001 2018
10:00:55.742 @OPV002 7
10:00:55.743 @OPV003 13
10:00:55.743 @OPV006 26.3675
10:00:55.745 @OPV001 2018
10:00:55.746 @OPV002 7
10:00:55.747 @OPV003 30
10:00:55.748 @OPV006 36.877
10:00:55.750 @OPV001 2018
10:00:55.751 @OPV002 7
10:00:55.752 @OPV003 18
10:00:55.753 @OPV006 38.9036
10:00:55.755 @OPV001 2018
10:00:55.757 @OPV002 7
10:00:55.757 @OPV003 29
10:00:55.758 @OPV006 35.7476
10:00:55.760 @OPV001 2018
10:00:55.761 @OPV002 7
10:00:55.762 @OPV003 22
10:00:55.763 @OPV006 64.9863
10:00:55.765 @OPV001 2018
10:00:55.767 @OPV002 7
10:00:55.768 @OPV003 26
10:00:55.768 @OPV006 51.5874
10:00:55.771 @OPV001 2018
10:00:55.772 @OPV002 7
10:00:55.773 @OPV003 20
10:00:55.773 @OPV006 35.144
10:00:55.775 @OPV001 2018
10:00:55.776 @OPV002 7
10:00:55.777 @OPV003 28
10:00:55.778 @OPV006 24.36
10:00:55.780 @OPV001 2018
10:00:55.781 @OPV002 7
10:00:55.782 @OPV003 12
10:00:55.783 @OPV006 43.0585
10:00:55.785 @OPV001 2018
10:00:55.786 @OPV002 7
10:00:55.787 @OPV003 7
10:00:55.788 @OPV006 25.229
10:00:55.790 @OPV001 2018
10:00:55.791 @OPV002 7
10:00:55.792 @OPV003 11
10:00:55.793 @OPV006 30.6069
10:00:55.795 @OPV001 2018
10:00:55.796 @OPV002 7
10:00:55.797 @OPV003 14
10:00:55.797 @OPV006 64.0475
10:00:55.799 @OPV001 2018
10:00:55.800 @OPV002 7
10:00:55.801 @OPV003 10
10:00:55.802 @OPV006 45.0593
10:00:55.804 @OPV001 2018
10:00:55.806 @OPV002 7
10:00:55.806 @OPV003 23
10:00:55.807 @OPV006 58.1843
10:00:55.809 @OPV001 2018
10:00:55.810 @OPV002 7
10:00:55.811 @OPV003 3
10:00:55.812 @OPV006 17.5818
10:00:55.814 @OPV001 2018
10:00:55.815 @OPV002 7
10:00:55.816 @OPV003 2
10:00:55.817 @OPV006 49.6015
10:00:55.820 @OPV001 2018
10:00:55.821 @OPV002 7
10:00:55.822 @OPV003 6
10:00:55.823 @OPV006 36.5045
10:00:55.825 @OPV001 2018
10:00:55.826 @OPV002 7
10:00:55.827 @OPV003 4
10:00:55.828 @OPV006 46.5132
10:00:55.830 @OPV001 2018
10:00:55.831 @OPV002 7
10:00:55.832 @OPV003 16
10:00:55.833 @OPV006 53.877
10:00:55.835 @OPV001 2018
10:00:55.836 @OPV002 7
10:00:55.837 @OPV003 9
10:00:55.838 @OPV006 25.4769
10:00:55.840 @OPV001 2018
10:00:55.841 @OPV002 7
10:00:55.842 @OPV003 19
10:00:55.843 @OPV006 50.067
10:00:55.845 @OPV001 2018
10:00:55.846 @OPV002 7
10:00:55.847 @OPV003 15
10:00:55.847 @OPV006 52.5004
10:00:55.849 @OPV001 2018
10:00:55.851 @OPV002 7
10:00:55.852 @OPV003 8
10:00:55.853 @OPV006 15.2383
10:00:55.909 @OPV001 2018
10:00:55.911 @OPV002 7
10:00:55.912 @OPV003 5
10:00:55.913 @OPV007 51.5875
10:00:55.914 @OPV008 0.8025
10:00:55.915 @OPV009 40.2626
10:00:55.916 @OPV010 51.2523
10:00:55.918 @OPV001 2018
10:00:55.919 @OPV002 7
10:00:55.920 @OPV003 14
10:00:55.921 @OPV007 26.459
10:00:55.922 @OPV008 50.5266
10:00:55.923 @OPV009 29.52
10:00:55.924 @OPV010 70.1031
10:00:55.926 @OPV001 2018
10:00:55.927 @OPV002 7
10:00:55.928 @OPV003 4
10:00:55.929 @OPV007 23.494
10:00:55.930 @OPV008 36.6997
10:00:55.930 @OPV009 56.7292
10:00:55.931 @OPV010 27.9303
10:00:55.933 @OPV001 2018
10:00:55.934 @OPV002 7
10:00:55.935 @OPV003 10
10:00:55.936 @OPV007 31.5004
10:00:55.937 @OPV008 25.236
10:00:55.938 @OPV009 75.5197
10:00:55.939 @OPV010 54.9793
10:00:55.940 @OPV001 2018
10:00:55.942 @OPV002 7
10:00:55.943 @OPV003 7
10:00:55.943 @OPV007 28.8654
10:00:55.944 @OPV008 85.1478
10:00:55.945 @OPV009 28.453
10:00:55.946 @OPV010 62.202
10:00:55.948 @OPV001 2018
10:00:55.949 @OPV002 7
10:00:55.950 @OPV003 2
10:00:55.951 @OPV007 53.4465
10:00:55.952 @OPV008 27.4648
10:00:55.953 @OPV009 52.0019
10:00:55.954 @OPV010 21.8916
10:00:55.956 @OPV001 2018
10:00:55.957 @OPV002 7
10:00:55.958 @OPV003 29
10:00:55.959 @OPV007 57.3876
10:00:55.960 @OPV008 63.132
10:00:55.961 @OPV009 55.7613
10:00:55.962 @OPV010 
10:00:55.964 @OPV001 2018
10:00:55.965 @OPV002 7
10:00:55.966 @OPV003 18
10:00:55.967 @OPV007 60.3485
10:00:55.968 @OPV008 37.412
10:00:55.969 @OPV009 
10:00:55.970 @OPV010 50.1752
10:00:55.972 @OPV001 2018
10:00:55.973 @OPV002 7
10:00:55.974 @OPV003 24
10:00:55.975 @OPV007 25.5195
10:00:55.976 @OPV008 46.1543
10:00:55.977 @OPV009 54.1752
10:00:55.979 @OPV010 59.0832
10:00:55.981 @OPV001 2018
10:00:55.982 @OPV002 7
10:00:55.983 @OPV003 12
10:00:55.984 @OPV007 36.2292
10:00:55.986 @OPV008 35.2534
10:00:55.987 @OPV009 59.6299
10:00:55.988 @OPV010 21.3169
10:00:55.990 @OPV001 2018
10:00:55.991 @OPV002 7
10:00:55.992 @OPV003 22
10:00:55.993 @OPV007 58.4641
10:00:55.993 @OPV008 40.8708
10:00:55.994 @OPV009 33.4189
10:00:55.995 @OPV010 20.742
10:00:55.997 @OPV001 2018
10:00:55.998 @OPV002 7
10:00:55.999 @OPV003 26
10:00:56.000 @OPV007 10.675
10:00:56.001 @OPV008 50.239
10:00:56.002 @OPV009 
10:00:56.003 @OPV010 40.2955
10:00:56.005 @OPV001 2018
10:00:56.006 @OPV002 7
10:00:56.007 @OPV003 16
10:00:56.008 @OPV007 35.7854
10:00:56.009 @OPV008 
10:00:56.010 @OPV009 72.5068
10:00:56.011 @OPV010 60.3726
10:00:56.013 @OPV001 2018
10:00:56.014 @OPV002 7
10:00:56.015 @OPV003 6
10:00:56.016 @OPV007 70.492
10:00:56.017 @OPV008 25.6177
10:00:56.018 @OPV009 51.5415
10:00:56.018 @OPV010 87.2285
10:00:56.020 @OPV001 2018
10:00:56.021 @OPV002 7
10:00:56.022 @OPV003 8
10:00:56.023 @OPV007 31.171
10:00:56.024 @OPV008 56.4848
10:00:56.025 @OPV009 28.1483
10:00:56.026 @OPV010 41.3493
10:00:56.028 @OPV001 2018
10:00:56.029 @OPV002 7
10:00:56.030 @OPV003 20
10:00:56.031 @OPV007 55.9758
10:00:56.032 @OPV008 48.3485
10:00:56.033 @OPV009 53.37
10:00:56.034 @OPV010 36.1805
10:00:56.036 @OPV001 2018
10:00:56.038 @OPV002 7
10:00:56.038 @OPV003 11
10:00:56.039 @OPV007 81.4572
10:00:56.040 @OPV008 34.8176
10:00:56.041 @OPV009 
10:00:56.042 @OPV010 42.6184
10:00:56.044 @OPV001 2018
10:00:56.045 @OPV002 7
10:00:56.046 @OPV003 23
10:00:56.047 @OPV007 51.6487
10:00:56.048 @OPV008 42.5696
10:00:56.049 @OPV009 60.0931
10:00:56.050 @OPV010 42.7817
10:00:56.052 @OPV001 2018
10:00:56.053 @OPV002 7
10:00:56.054 @OPV003 28
10:00:56.055 @OPV007 68.9602
10:00:56.055 @OPV008 
10:00:56.056 @OPV009 40.2488
10:00:56.057 @OPV010 51.8944
10:00:56.059 @OPV001 2018
10:00:56.061 @OPV002 7
10:00:56.062 @OPV003 1
10:00:56.063 @OPV007 49.0708
10:00:56.064 @OPV008 50.5901
10:00:56.065 @OPV009 51.3976
10:00:56.065 @OPV010 64.3756
10:00:56.067 @OPV001 2018
10:00:56.068 @OPV002 7
10:00:56.069 @OPV003 15
10:00:56.070 @OPV007 28.53
10:00:56.071 @OPV008 61.118
10:00:56.072 @OPV009 65.13
10:00:56.073 @OPV010 31.9897
10:00:56.075 @OPV001 2018
10:00:56.076 @OPV002 7
10:00:56.077 @OPV003 13
10:00:56.078 @OPV007 63.198
10:00:56.079 @OPV008 71.003
10:00:56.080 @OPV009 
10:00:56.081 @OPV010 41.1357
10:00:56.083 @OPV001 2018
10:00:56.084 @OPV002 7
10:00:56.085 @OPV003 9
10:00:56.086 @OPV007 41.1729
10:00:56.087 @OPV008 26.2167
10:00:56.088 @OPV009 38.1686
10:00:56.088 @OPV010 33.3644
10:00:56.090 @OPV001 2018
10:00:56.092 @OPV002 7
10:00:56.092 @OPV003 3
10:00:56.093 @OPV007 19.0207
10:00:56.094 @OPV008 66.9958
10:00:56.095 @OPV009 39.9022
10:00:56.096 @OPV010 34.9963
10:00:56.098 @OPV001 2018
10:00:56.099 @OPV002 7
10:00:56.100 @OPV003 17
10:00:56.101 @OPV007 49.8164
10:00:56.102 @OPV008 49.62
10:00:56.103 @OPV009 47.55
10:00:56.104 @OPV010 63.6813
10:00:56.106 @OPV001 2018
10:00:56.107 @OPV002 7
10:00:56.108 @OPV003 21
10:00:56.109 @OPV007 34.2786
10:00:56.110 @OPV008 39.2731
10:00:56.111 @OPV009 42.9114
10:00:56.112 @OPV010 86.0013
10:00:56.113 @OPV001 2018
10:00:56.115 @OPV002 7
10:00:56.115 @OPV003 19
10:00:56.116 @OPV007 8.4121
10:00:56.117 @OPV008 48.9398
10:00:56.118 @OPV009 79.3694
10:00:56.119 @OPV010 70.134
10:00:56.121 @OPV001 2018
10:00:56.122 @OPV002 7
10:00:56.123 @OPV003 27
10:00:56.124 @OPV007 68.4922
10:00:56.125 @OPV008 68.6523
10:00:56.126 @OPV009 47.2204
10:00:56.126 @OPV010 7.5811
10:10:11.724  异常信息：由于连接方在一段时间后没有正确答复或连接的主机没有反应，连接尝试失败。 192.168.1.188:80
  堆栈信息:   在 AutoUpdate.AppUpdate.DownloadFile(String url, String localFilePath) 位置 D:\ProjectData\MoXia\Carpenter\Carpenter\AppUpdate.cs:行号 242
   在 AutoUpdate.AppUpdate.CheckAppVersion(String& msg) 位置 D:\ProjectData\MoXia\Carpenter\Carpenter\AppUpdate.cs:行号 310
10:12:21.764 @EMP002 系统管理员
10:12:21.765 @EMP009 d2f278e251d1566edd72846d4ad97f
10:13:02.695 在与 SQL Server 建立连接时出现与网络相关的或特定于实例的错误。未找到或无法访问服务器。请验证实例名称是否正确并且 SQL Server 已配置为允许远程连接。 (provider: Named Pipes Provider, error: 40 - 无法打开到 SQL Server 的连接)
   在 System.Data.SqlClient.SqlInternalConnectionTds..ctor(DbConnectionPoolIdentity identity, SqlConnectionString connectionOptions, SqlCredential credential, Object providerInfo, String newPassword, SecureString newSecurePassword, Boolean redirectedUserInstance, SqlConnectionString userConnectionOptions, SessionData reconnectSessionData, DbConnectionPool pool, String accessToken, Boolean applyTransientFaultHandling)
   在 System.Data.SqlClient.SqlConnectionFactory.CreateConnection(DbConnectionOptions options, DbConnectionPoolKey poolKey, Object poolGroupProviderInfo, DbConnectionPool pool, DbConnection owningConnection, DbConnectionOptions userOptions)
   在 System.Data.ProviderBase.DbConnectionFactory.CreatePooledConnection(DbConnectionPool pool, DbConnection owningObject, DbConnectionOptions options, DbConnectionPoolKey poolKey, DbConnectionOptions userOptions)
   在 System.Data.ProviderBase.DbConnectionPool.CreateObject(DbConnection owningObject, DbConnectionOptions userOptions, DbConnectionInternal oldConnection)
   在 System.Data.ProviderBase.DbConnectionPool.UserCreateRequest(DbConnection owningObject, DbConnectionOptions userOptions, DbConnectionInternal oldConnection)
   在 System.Data.ProviderBase.DbConnectionPool.TryGetConnection(DbConnection owningObject, UInt32 waitForMultipleObjectsTimeout, Boolean allowCreate, Boolean onlyOneCheckConnection, DbConnectionOptions userOptions, DbConnectionInternal& connection)
   在 System.Data.ProviderBase.DbConnectionPool.TryGetConnection(DbConnection owningObject, TaskCompletionSource`1 retry, DbConnectionOptions userOptions, DbConnectionInternal& connection)
   在 System.Data.ProviderBase.DbConnectionFactory.TryGetConnection(DbConnection owningConnection, TaskCompletionSource`1 retry, DbConnectionOptions userOptions, DbConnectionInternal oldConnection, DbConnectionInternal& connection)
   在 System.Data.ProviderBase.DbConnectionInternal.TryOpenConnectionInternal(DbConnection outerConnection, DbConnectionFactory connectionFactory, TaskCompletionSource`1 retry, DbConnectionOptions userOptions)
   在 System.Data.SqlClient.SqlConnection.TryOpenInner(TaskCompletionSource`1 retry)
   在 System.Data.SqlClient.SqlConnection.TryOpen(TaskCompletionSource`1 retry)
   在 System.Data.SqlClient.SqlConnection.Open()
   在 StudentMgr.SqlHelper.ExecuteNoStore(String conS, SqlParameter[] parameters) 位置 D:\ProjectData\MoXia\Carpenter\CarpenterBll\SqlHelper.cs:行号 489
10:13:02.718 在与 SQL Server 建立连接时出现与网络相关的或特定于实例的错误。未找到或无法访问服务器。请验证实例名称是否正确并且 SQL Server 已配置为允许远程连接。 (provider: Named Pipes Provider, error: 40 - 无法打开到 SQL Server 的连接)
   在 StudentMgr.SqlHelper.ExecuteNoStore(String conS, SqlParameter[] parameters) 位置 D:\ProjectData\MoXia\Carpenter\CarpenterBll\SqlHelper.cs:行号 503
10:17:17.344  异常信息：由于连接方在一段时间后没有正确答复或连接的主机没有反应，连接尝试失败。 192.168.1.188:80
  堆栈信息:   在 AutoUpdate.AppUpdate.DownloadFile(String url, String localFilePath) 位置 D:\ProjectData\MoXia\Carpenter\Carpenter\AppUpdate.cs:行号 242
   在 AutoUpdate.AppUpdate.CheckAppVersion(String& msg) 位置 D:\ProjectData\MoXia\Carpenter\Carpenter\AppUpdate.cs:行号 310
10:17:54.845 @EMP002 系统管理员
10:17:54.847 @EMP009 d2f278e251d1566edd72846d4ad97f
10:34:17.996  异常信息：由于连接方在一段时间后没有正确答复或连接的主机没有反应，连接尝试失败。 192.168.1.188:80
  堆栈信息:   在 AutoUpdate.AppUpdate.DownloadFile(String url, String localFilePath) 位置 D:\ProjectData\MoXia\Carpenter\Carpenter\AppUpdate.cs:行号 242
   在 AutoUpdate.AppUpdate.CheckAppVersion(String& msg) 位置 D:\ProjectData\MoXia\Carpenter\Carpenter\AppUpdate.cs:行号 310
10:34:50.610 @EMP002 系统管理员
10:34:50.611 @EMP009 d2f278e251d1566edd72846d4ad97f
10:38:52.184 @PBA001 61-1.003.03.010-7
10:38:52.185 @PBA002 1601-C茶桌（左）1.8米
10:38:52.187 @PBA003 主面
10:38:52.188 @PBA004 1.87
10:38:52.189 @PBA005 老兰卡威
10:55:34.534 @EPP001 老兰卡威
10:55:34.536 @EPP002 主面
10:55:34.538 @EPP003 底漆
10:55:34.539 @EPP004 底漆
10:55:34.540 @EPP005 HX-T底漆
10:55:34.541 @EPP006 0.12
10:55:34.542 @EPP007 2018/8/1 0:00:00
10:56:12.094 @WXP001 201808
10:56:12.097 @WXP002 HX-T底漆
10:56:12.100 @WXP003 20*98
10:56:12.101 @WXP004 公斤
10:56:12.103 @WXP005 20
10:57:33.029 @PBA001 61-1.003.03.003-1
10:57:33.033 @PBA002 1603餐桌1.38米
10:57:33.036 @PBA003 主面
10:57:33.039 @PBA004 1.87
10:57:33.042 @PBA005 老兰卡威
10:57:33.043 @idx 4915
10:58:21.822 @EPP001 老兰卡威
10:58:21.824 @EPP002 主面
10:58:21.826 @EPP003 底漆
10:58:21.827 @EPP004 底漆
10:58:21.828 @EPP005 HX-T底漆
10:58:21.830 @EPP006 0.12
10:58:21.832 @EPP007 2018/7/1 0:00:00
10:58:21.834 @idx 1
10:58:33.514 @EPA001 201807
10:58:33.516 @EPA002 HX-T底漆
10:58:33.517 @EPA006 6.507600
10:59:32.563 @WXP001 201808
10:59:32.564 @WXP002 HX-T底漆
10:59:32.565 @WXP003 20*09
10:59:32.567 @WXP004 公斤
10:59:32.568 @WXP005 7
11:02:29.481 @EPA001 201807
11:02:29.483 @EPA002 HX-T底漆
11:02:29.484 @EPA008 7
11:02:29.522 @EPA001 201807
11:02:29.524 @EPA002 HX-T底漆
11:02:29.525 @EPA006 6.507600
11:04:09.911 @EPA001 201807
11:04:09.913 @EPA002 HX-T底漆
11:04:09.914 @EPA003 2
11:04:09.915 @EPA004 2
11:04:09.916 @EPA005 3
11:04:09.918 @EPA006 6.5076
11:04:09.919 @EPA007 
11:04:09.920 @EPA008 7
11:04:09.921 @idx 1
11:04:33.090 @EPA001 201807
11:04:33.092 @EPA002 HX-T底漆
11:04:33.094 @EPA003 2
11:04:33.097 @EPA004 2
11:04:33.100 @EPA005 -3
11:04:33.102 @EPA006 6.5076
11:04:33.103 @EPA007 
11:04:33.104 @EPA008 7
11:04:33.105 @idx 1
