09:27:34.248  异常信息：由于连接方在一段时间后没有正确答复或连接的主机没有反应，连接尝试失败。 192.168.1.188:80
  堆栈信息:   在 AutoUpdate.AppUpdate.DownloadFile(String url, String localFilePath) 位置 D:\ProjectData\MoXia\Carpenter\Carpenter\AppUpdate.cs:行号 242
   在 AutoUpdate.AppUpdate.CheckAppVersion(String& msg) 位置 D:\ProjectData\MoXia\Carpenter\Carpenter\AppUpdate.cs:行号 310
09:27:54.703 @EMP002 系统管理员
09:27:54.707 @EMP009 cebfd1559b68d67688884d7a3d3e8c
09:27:56.696 @EMP002 系统管理员
09:27:56.699 @EMP009 d2f278e251d1566edd72846d4ad97f
09:29:38.065  异常信息：由于连接方在一段时间后没有正确答复或连接的主机没有反应，连接尝试失败。 192.168.1.188:80
  堆栈信息:   在 AutoUpdate.AppUpdate.DownloadFile(String url, String localFilePath) 位置 D:\ProjectData\MoXia\Carpenter\Carpenter\AppUpdate.cs:行号 242
   在 AutoUpdate.AppUpdate.CheckAppVersion(String& msg) 位置 D:\ProjectData\MoXia\Carpenter\Carpenter\AppUpdate.cs:行号 310
09:29:43.142 @EMP002 系统管理员
09:29:43.143 @EMP009 d2f278e251d1566edd72846d4ad97f
09:30:06.887 @WXP001 201807
09:30:06.889 @WXP002 HX-8207水性底漆
09:30:06.891 @WXP003 
09:30:06.892 @WXP004 公斤
09:30:06.894 @WXP005 1480
09:30:06.896 @WXP006 43
09:30:06.898 @idx 26
09:30:06.905 @WXP001 201807
09:30:06.907 @WXP002 907-2固化剂
09:30:06.909 @WXP003 
09:30:06.911 @WXP004 公斤
09:30:06.913 @WXP005 380
09:30:06.915 @WXP006 28
09:30:06.917 @idx 11
09:30:06.920 @WXP001 201807
09:30:06.922 @WXP002 63YB固化剂
09:30:06.924 @WXP003 
09:30:06.926 @WXP004 公斤
09:30:06.928 @WXP005 4
09:30:06.929 @WXP006 56
09:30:06.931 @idx 31
09:30:06.935 @WXP001 201807
09:30:06.937 @WXP002 底得宝HX-30
09:30:06.938 @WXP003 
09:30:06.940 @WXP004 公斤
09:30:06.942 @WXP005 60
09:30:06.944 @WXP006 14
09:30:06.945 @idx 13
09:30:06.949 @WXP001 201807
09:30:06.951 @WXP002 HX17-3面漆
09:30:06.952 @WXP003 
09:30:06.953 @WXP004 公斤
09:30:06.955 @WXP005 720
09:30:06.956 @WXP006 28
09:30:06.957 @idx 18
09:30:06.959 @WXP001 201807
09:30:06.961 @WXP002 HX17-3固化剂
09:30:06.962 @WXP003 
09:30:06.963 @WXP004 公斤
09:30:06.964 @WXP005 370
09:30:06.965 @WXP006 28
09:30:06.967 @idx 8
09:30:06.969 @WXP001 201807
09:30:06.971 @WXP002 高光518固化剂
09:30:06.972 @WXP003 
09:30:06.973 @WXP004 公斤
09:30:06.974 @WXP005 960
09:30:06.975 @WXP006 28
09:30:06.977 @idx 20
09:30:06.979 @WXP001 201807
09:30:06.980 @WXP002 HX803修色稀释剂
09:30:06.982 @WXP003 
09:30:06.983 @WXP004 公斤
09:30:06.984 @WXP005 3960
09:30:06.985 @WXP006 12
09:30:06.987 @idx 27
09:30:06.990 @WXP001 201807
09:30:06.991 @WXP002 底得宝固化剂533
09:30:06.992 @WXP003 
09:30:06.993 @WXP004 公斤
09:30:06.994 @WXP005 10
09:30:06.996 @WXP006 26
09:30:06.997 @idx 24
09:30:06.999 @WXP001 201807
09:30:07.001 @WXP002 HX-906水性封闭底漆
09:30:07.002 @WXP003 
09:30:07.003 @WXP004 公斤
09:30:07.004 @WXP005 80
09:30:07.005 @WXP006 43
09:30:07.006 @idx 29
09:30:07.009 @WXP001 201807
09:30:07.010 @WXP002 HX-T底漆
09:30:07.011 @WXP003 
09:30:07.013 @WXP004 公斤
09:30:07.014 @WXP005 1040
09:30:07.015 @WXP006 15
09:30:07.016 @idx 25
09:30:07.019 @WXP001 201807
09:30:07.020 @WXP002 HX-9029-3水性面漆
09:30:07.021 @WXP003 
09:30:07.022 @WXP004 公斤
09:30:07.023 @WXP005 80
09:30:07.024 @WXP006 48
09:30:07.025 @idx 22
09:30:07.028 @WXP001 201807
09:30:07.029 @WXP002 838面用稀释剂
09:30:07.030 @WXP003 
09:30:07.032 @WXP004 公斤
09:30:07.033 @WXP005 2340
09:30:07.034 @WXP006 12
09:30:07.035 @idx 28
09:30:07.037 @WXP001 201807
09:30:07.039 @WXP002 3958底漆
09:30:07.040 @WXP003 
09:30:07.041 @WXP004 公斤
09:30:07.042 @WXP005 2000
09:30:07.043 @WXP006 14
09:30:07.044 @idx 21
09:30:07.047 @WXP001 201807
09:30:07.049 @WXP002 HX-T底用稀释剂
09:30:07.050 @WXP003 
09:30:07.051 @WXP004 公斤
09:30:07.052 @WXP005 3960
09:30:07.053 @WXP006 12
09:30:07.054 @idx 17
09:30:07.057 @WXP001 201807
09:30:07.058 @WXP002 HX-8208水性面漆
09:30:07.059 @WXP003 
09:30:07.060 @WXP004 公斤
09:30:07.061 @WXP005 520
09:30:07.062 @WXP006 48
09:30:07.063 @idx 9
09:30:07.066 @WXP001 201807
09:30:07.067 @WXP002 HX-T固化剂
09:30:07.068 @WXP003 
09:30:07.070 @WXP004 公斤
09:30:07.071 @WXP005 560
09:30:07.072 @WXP006 30
09:30:07.073 @idx 23
09:30:07.076 @WXP001 201807
09:30:07.077 @WXP002 HX-G擦色基料
09:30:07.078 @WXP003 
09:30:07.079 @WXP004 公斤
09:30:07.081 @WXP005 40
09:30:07.082 @WXP006 12
09:30:07.083 @idx 30
09:30:07.085 @WXP001 201807
09:30:07.087 @WXP002 HX-9029-2水性面漆
09:30:07.088 @WXP003 
09:30:07.089 @WXP004 公斤
09:30:07.090 @WXP005 260
09:30:07.091 @WXP006 48
09:30:07.092 @idx 12
09:30:07.095 @WXP001 201807
09:30:07.096 @WXP002 500固化剂
09:30:07.098 @WXP003 
09:30:07.099 @WXP004 公斤
09:30:07.100 @WXP005 940
09:30:07.101 @WXP006 30
09:30:07.102 @idx 19
09:30:07.105 @WXP001 201807
09:30:07.106 @WXP002 907-2面漆
09:30:07.107 @WXP003 
09:30:07.109 @WXP004 公斤
09:30:07.110 @WXP005 1480
09:30:07.111 @WXP006 23.5
09:30:07.112 @idx 16
09:30:07.116 @WXP001 201807
09:30:07.118 @WXP002 63YA6面漆
09:30:07.119 @WXP003 
09:30:07.120 @WXP004 公斤
09:30:07.121 @WXP005 0
09:30:07.122 @WXP006 37.5
09:30:07.123 @idx 10
09:30:07.126 @WXP001 201807
09:30:07.127 @WXP002 HX-15修色金油
09:30:07.129 @WXP003 
09:30:07.131 @WXP004 公斤
09:30:07.132 @WXP005 880
09:30:07.133 @WXP006 19
09:30:07.135 @idx 15
09:30:07.137 @WXP001 201807
09:30:07.138 @WXP002 HX-502水性修色漆
09:30:07.139 @WXP003 
09:30:07.141 @WXP004 公斤
09:30:07.142 @WXP005 272
09:30:07.143 @WXP006 25
09:30:07.145 @idx 14
