16:30:50.212  异常信息：由于连接方在一段时间后没有正确答复或连接的主机没有反应，连接尝试失败。 192.168.1.188:80
  堆栈信息:   在 AutoUpdate.AppUpdate.DownloadFile(String url, String localFilePath) 位置 D:\Project data\MoXia\Carpenter\Carpenter\AppUpdate.cs:行号 242
   在 AutoUpdate.AppUpdate.CheckAppVersion(String& msg) 位置 D:\Project data\MoXia\Carpenter\Carpenter\AppUpdate.cs:行号 310
16:32:43.036 @EMP002 系统管理员
16:32:43.037 @EMP009 cebfd1559b68d67688884d7a3d3e8c
16:34:21.922  异常信息：由于连接方在一段时间后没有正确答复或连接的主机没有反应，连接尝试失败。 192.168.1.188:80
  堆栈信息:   在 AutoUpdate.AppUpdate.DownloadFile(String url, String localFilePath) 位置 D:\Project data\MoXia\Carpenter\Carpenter\AppUpdate.cs:行号 242
   在 AutoUpdate.AppUpdate.CheckAppVersion(String& msg) 位置 D:\Project data\MoXia\Carpenter\Carpenter\AppUpdate.cs:行号 310
16:34:54.304 @EMP002 系统管理员
16:34:54.305 @EMP009 cebfd1559b68d67688884d7a3d3e8c
16:35:09.326 @PWE001 20180410001
16:35:09.327 @PWE002 完工
16:35:09.328 @PWE003 1617
16:35:09.328 @PWE004 56-1.006.02.004
16:35:09.329 @PWE005 655长茶几
16:35:09.330 @PWE006 10
16:35:09.330 @PWE007 10
16:35:09.331 @PWE008 
16:35:09.331 @PWE009 2018/4/10 16:35:09
16:35:09.332 @PWE010 系统管理员
16:35:09.332 @PWE011 False
16:35:09.334 @PWE012 False
16:35:09.337 @PWE001 20180410001
16:35:09.338 @PWE002 完工
16:35:09.339 @PWE003 1617
16:35:09.339 @PWE004 56-1.004.01.001
16:35:09.340 @PWE005 601餐椅
16:35:09.341 @PWE006 60
16:35:09.341 @PWE007 60
16:35:09.342 @PWE008 
16:35:09.342 @PWE009 2018/4/10 16:35:09
16:35:09.343 @PWE010 系统管理员
16:35:09.344 @PWE011 False
16:35:09.345 @PWE012 False
16:35:09.349 @PWE001 20180410001
16:35:09.350 @PWE002 完工
16:35:09.351 @PWE003 1512
16:35:09.352 @PWE004 64-1.012.01.001
16:35:09.352 @PWE005 6601壁炉
16:35:09.353 @PWE006 10
16:35:09.354 @PWE007 10
16:35:09.355 @PWE008 
16:35:09.355 @PWE009 2018/4/10 16:35:09
16:35:09.356 @PWE010 系统管理员
16:35:09.356 @PWE011 False
16:35:09.357 @PWE012 False
16:35:09.365 @PWE001 20180410001
16:35:09.365 @PWE002 完工
16:35:09.366 @PWE003 1512
16:35:09.367 @PWE004 64-1.009.03.001
16:35:09.367 @PWE005 6601梳妆凳
16:35:09.368 @PWE006 10
16:35:09.368 @PWE007 10
16:35:09.369 @PWE008 
16:35:09.370 @PWE009 2018/4/10 16:35:09
16:35:09.370 @PWE010 系统管理员
16:35:09.371 @PWE011 False
16:35:09.371 @PWE012 False
16:35:09.375 @PWD001 20180410001
16:35:09.376 @PWD002 油磨
16:35:09.376 @PWD003 2018/4/10 16:35:06
16:35:09.377 @PWD004 2018/4/11 16:35:06
16:35:09.378 @PWD005 False
16:35:09.378 @PWD006 False
16:35:09.379 @PWD007 2018/4/10 16:35:09
16:35:09.380 @PWD008 系统管理员
16:35:09.380 @PWD009 0
16:35:09.381 @PWD010 
16:35:17.750 @PWE001 20180410002
16:35:17.752 @PWE002 完工
16:35:17.752 @PWE003 1617
16:35:17.753 @PWE004 56-1.006.02.004
16:35:17.754 @PWE005 655长茶几
16:35:17.755 @PWE006 10
16:35:17.756 @PWE007 10
16:35:17.757 @PWE008 
16:35:17.757 @PWE009 2018/4/10 16:35:17
16:35:17.758 @PWE010 系统管理员
16:35:17.759 @PWE011 False
16:35:17.759 @PWE012 False
16:35:17.770 @PWD001 20180410002
16:35:17.771 @PWD002 修色
16:35:17.772 @PWD003 2018/4/10 16:35:14
16:35:17.772 @PWD004 2018/4/11 16:35:14
16:35:17.773 @PWD005 False
16:35:17.773 @PWD006 False
16:35:17.774 @PWD007 2018/4/10 16:35:17
16:35:17.775 @PWD008 系统管理员
16:35:17.775 @PWD009 0
16:35:17.776 @PWD010 
16:35:17.786 @PWE001 20180410002
16:35:17.787 @PWE002 完工
16:35:17.789 @PWE003 1512
16:35:17.790 @PWE004 64-1.012.01.001
16:35:17.790 @PWE005 6601壁炉
16:35:17.791 @PWE006 10
16:35:17.792 @PWE007 10
16:35:17.792 @PWE008 
16:35:17.793 @PWE009 2018/4/10 16:35:17
16:35:17.794 @PWE010 系统管理员
16:35:17.795 @PWE011 False
16:35:17.795 @PWE012 False
16:35:17.799 @PWE001 20180410002
16:35:17.800 @PWE002 完工
16:35:17.801 @PWE003 1617
16:35:17.801 @PWE004 56-1.004.01.001
16:35:17.802 @PWE005 601餐椅
16:35:17.802 @PWE006 60
16:35:17.803 @PWE007 60
16:35:17.804 @PWE008 
16:35:17.805 @PWE009 2018/4/10 16:35:17
16:35:17.806 @PWE010 系统管理员
16:35:17.806 @PWE011 False
16:35:17.807 @PWE012 False
16:35:17.812 @PWE001 20180410002
16:35:17.813 @PWE002 完工
16:35:17.813 @PWE003 1617
16:35:17.814 @PWE004 56-1.006.01.004
16:35:17.815 @PWE005 655方茶几
16:35:17.815 @PWE006 10
16:35:17.816 @PWE007 10
16:35:17.816 @PWE008 
16:35:17.817 @PWE009 2018/4/10 16:35:17
16:35:17.817 @PWE010 系统管理员
16:35:17.818 @PWE011 False
16:35:17.819 @PWE012 False
16:35:17.839 @PWE001 20180410002
16:35:17.840 @PWE002 完工
16:35:17.841 @PWE003 1512
16:35:17.842 @PWE004 64-1.009.03.001
16:35:17.842 @PWE005 6601梳妆凳
16:35:17.843 @PWE006 10
16:35:17.844 @PWE007 10
16:35:17.845 @PWE008 
16:35:17.846 @PWE009 2018/4/10 16:35:17
16:35:17.847 @PWE010 系统管理员
16:35:17.847 @PWE011 False
16:35:17.848 @PWE012 False
16:35:26.328 @PWE001 20180410003
16:35:26.329 @PWE002 完工
16:35:26.330 @PWE003 1617
16:35:26.330 @PWE004 56-1.004.01.001
16:35:26.331 @PWE005 601餐椅
16:35:26.332 @PWE006 60
16:35:26.332 @PWE007 60
16:35:26.333 @PWE008 
16:35:26.333 @PWE009 2018/4/10 16:35:26
16:35:26.334 @PWE010 系统管理员
16:35:26.335 @PWE011 False
16:35:26.335 @PWE012 False
16:35:26.354 @PWE001 20180410003
16:35:26.355 @PWE002 完工
16:35:26.355 @PWE003 1512
16:35:26.356 @PWE004 64-1.009.03.001
16:35:26.356 @PWE005 6601梳妆凳
16:35:26.357 @PWE006 10
16:35:26.358 @PWE007 10
16:35:26.359 @PWE008 
16:35:26.359 @PWE009 2018/4/10 16:35:26
16:35:26.360 @PWE010 系统管理员
16:35:26.360 @PWE011 False
16:35:26.361 @PWE012 False
16:35:26.366 @PWD001 20180410003
16:35:26.367 @PWD002 底漆
16:35:26.367 @PWD003 2018/4/10 16:35:23
16:35:26.368 @PWD004 2018/4/11 16:35:23
16:35:26.368 @PWD005 False
16:35:26.369 @PWD006 False
16:35:26.369 @PWD007 2018/4/10 16:35:26
16:35:26.370 @PWD008 系统管理员
16:35:26.370 @PWD009 0
16:35:26.371 @PWD010 
16:35:34.463 @PWD001 20180410004
16:35:34.464 @PWD002 面漆
16:35:34.465 @PWD003 2018/4/10 16:35:30
16:35:34.466 @PWD004 2018/4/11 16:35:30
16:35:34.467 @PWD005 False
16:35:34.468 @PWD006 False
16:35:34.468 @PWD007 2018/4/10 16:35:34
16:35:34.469 @PWD008 系统管理员
16:35:34.470 @PWD009 0
16:35:34.470 @PWD010 
16:35:34.482 @PWE001 20180410004
16:35:34.483 @PWE002 完工
16:35:34.484 @PWE003 1617
16:35:34.484 @PWE004 56-1.006.02.004
16:35:34.485 @PWE005 655长茶几
16:35:34.486 @PWE006 10
16:35:34.486 @PWE007 10
16:35:34.487 @PWE008 
16:35:34.488 @PWE009 2018/4/10 16:35:34
16:35:34.490 @PWE010 系统管理员
16:35:34.491 @PWE011 False
16:35:34.492 @PWE012 False
16:35:34.497 @PWE001 20180410004
16:35:34.498 @PWE002 完工
16:35:34.499 @PWE003 1512
16:35:34.500 @PWE004 64-1.009.03.001
16:35:34.501 @PWE005 6601梳妆凳
16:35:34.502 @PWE006 10
16:35:34.503 @PWE007 10
16:35:34.505 @PWE008 
16:35:34.506 @PWE009 2018/4/10 16:35:34
16:35:34.507 @PWE010 系统管理员
16:35:34.508 @PWE011 False
16:35:34.509 @PWE012 False
16:35:34.516 @PWE001 20180410004
16:35:34.516 @PWE002 完工
16:35:34.517 @PWE003 1617
16:35:34.518 @PWE004 56-1.004.01.001
16:35:34.519 @PWE005 601餐椅
16:35:34.519 @PWE006 60
16:35:34.520 @PWE007 60
16:35:34.521 @PWE008 
16:35:34.522 @PWE009 2018/4/10 16:35:34
16:35:34.523 @PWE010 系统管理员
16:35:34.524 @PWE011 False
16:35:34.525 @PWE012 False
16:35:34.543 @PWE001 20180410004
16:35:34.544 @PWE002 完工
16:35:34.545 @PWE003 1512
16:35:34.545 @PWE004 64-1.012.01.001
16:35:34.546 @PWE005 6601壁炉
16:35:34.547 @PWE006 10
16:35:34.547 @PWE007 10
16:35:34.548 @PWE008 
16:35:34.548 @PWE009 2018/4/10 16:35:34
16:35:34.549 @PWE010 系统管理员
16:35:34.549 @PWE011 False
16:35:34.550 @PWE012 False
16:35:41.764 @PWD001 20180410005
16:35:41.765 @PWD002 软包
16:35:41.765 @PWD003 2018/4/10 16:35:39
16:35:41.766 @PWD004 2018/4/11 16:35:39
16:35:41.767 @PWD005 False
16:35:41.767 @PWD006 False
16:35:41.768 @PWD007 2018/4/10 16:35:41
16:35:41.768 @PWD008 系统管理员
16:35:41.769 @PWD009 0
16:35:41.769 @PWD010 
16:35:41.773 @PWE001 20180410005
16:35:41.774 @PWE002 完工
16:35:41.775 @PWE003 1620
16:35:41.775 @PWE004 56-1.005.03.005
16:35:41.776 @PWE005 606三人沙发
16:35:41.777 @PWE006 10
16:35:41.777 @PWE007 10
16:35:41.778 @PWE008 
16:35:41.778 @PWE009 2018/4/10 16:35:41
16:35:41.779 @PWE010 系统管理员
16:35:41.779 @PWE011 False
16:35:41.780 @PWE012 False
16:35:41.784 @PWE001 20180410005
16:35:41.785 @PWE002 完工
16:35:41.785 @PWE003 1617
16:35:41.786 @PWE004 56-1.006.02.004
16:35:41.786 @PWE005 655长茶几
16:35:41.787 @PWE006 10
16:35:41.788 @PWE007 10
16:35:41.788 @PWE008 
16:35:41.789 @PWE009 2018/4/10 16:35:41
16:35:41.789 @PWE010 系统管理员
16:35:41.790 @PWE011 False
16:35:41.792 @PWE012 False
16:35:41.797 @PWE001 20180410005
16:35:41.798 @PWE002 完工
16:35:41.799 @PWE003 1617
16:35:41.800 @PWE004 56-1.006.01.004
16:35:41.800 @PWE005 655方茶几
16:35:41.801 @PWE006 10
16:35:41.802 @PWE007 10
16:35:41.802 @PWE008 
16:35:41.803 @PWE009 2018/4/10 16:35:41
16:35:41.803 @PWE010 系统管理员
16:35:41.804 @PWE011 False
16:35:41.805 @PWE012 False
16:35:41.809 @PWE001 20180410005
16:35:41.810 @PWE002 完工
16:35:41.811 @PWE003 1620
16:35:41.811 @PWE004 56-1.005.02.005
16:35:41.812 @PWE005 605三人沙发
16:35:41.813 @PWE006 10
16:35:41.814 @PWE007 10
16:35:41.815 @PWE008 
16:35:41.815 @PWE009 2018/4/10 16:35:41
16:35:41.816 @PWE010 系统管理员
16:35:41.817 @PWE011 False
16:35:41.817 @PWE012 False
16:35:41.822 @PWE001 20180410005
16:35:41.823 @PWE002 完工
16:35:41.824 @PWE003 1512
16:35:41.824 @PWE004 64-1.009.03.001
16:35:41.825 @PWE005 6601梳妆凳
16:35:41.826 @PWE006 10
16:35:41.826 @PWE007 10
16:35:41.827 @PWE008 
16:35:41.828 @PWE009 2018/4/10 16:35:41
16:35:41.828 @PWE010 系统管理员
16:35:41.829 @PWE011 False
16:35:41.830 @PWE012 False
16:35:41.834 @PWE001 20180410005
16:35:41.835 @PWE002 完工
16:35:41.836 @PWE003 1620
16:35:41.836 @PWE004 56-1.004.03.001
16:35:41.837 @PWE005 606休闲椅
16:35:41.838 @PWE006 20
16:35:41.839 @PWE007 20
16:35:41.840 @PWE008 
16:35:41.841 @PWE009 2018/4/10 16:35:41
16:35:41.842 @PWE010 系统管理员
16:35:41.842 @PWE011 False
16:35:41.843 @PWE012 False
