08:14:04.596  异常信息：操作超时
  堆栈信息:   在 AutoUpdate.AppUpdate.DownloadFile(String url, String localFilePath) 位置 D:\ProjectData\MoXia\Carpenter\Carpenter\AppUpdate.cs:行号 243
   在 AutoUpdate.AppUpdate.CheckAppVersion(String& msg) 位置 D:\ProjectData\MoXia\Carpenter\Carpenter\AppUpdate.cs:行号 310
08:14:13.230 @EMP002 系统管理员
08:14:13.232 @EMP009 cebfd1559b68d67688884d7a3d3e8c
08:14:15.012 @EMP002 系统管理员
08:14:15.015 @EMP009 d2f278e251d1566edd72846d4ad97f
10:13:19.327  异常信息：由于连接方在一段时间后没有正确答复或连接的主机没有反应，连接尝试失败。 192.168.1.188:80
  堆栈信息:   在 AutoUpdate.AppUpdate.DownloadFile(String url, String localFilePath) 位置 D:\ProjectData\MoXia\Carpenter\Carpenter\AppUpdate.cs:行号 242
   在 AutoUpdate.AppUpdate.CheckAppVersion(String& msg) 位置 D:\ProjectData\MoXia\Carpenter\Carpenter\AppUpdate.cs:行号 310
10:13:28.510 @EMP002 系统管理员
10:13:28.512 @EMP009 cebfd1559b68d67688884d7a3d3e8c
10:13:30.354 @EMP002 系统管理员
10:13:30.358 @EMP009 d2f278e251d1566edd72846d4ad97f
10:13:59.764  异常信息：由于连接方在一段时间后没有正确答复或连接的主机没有反应，连接尝试失败。 192.168.1.188:80
  堆栈信息:   在 AutoUpdate.AppUpdate.DownloadFile(String url, String localFilePath) 位置 D:\ProjectData\MoXia\Carpenter\Carpenter\AppUpdate.cs:行号 242
   在 AutoUpdate.AppUpdate.CheckAppVersion(String& msg) 位置 D:\ProjectData\MoXia\Carpenter\Carpenter\AppUpdate.cs:行号 310
10:14:10.097 @EMP002 朱成栋
10:14:10.098 @EMP009 cebfd1559b68d67688884d7a3d3e8c
10:14:36.132 @PWF001 20180913001
10:14:36.133 @PWF002 定制1825
10:14:36.134 @PWF003 1825.6.20.008
10:14:36.135 @PWF004 定制1607床头柜
10:14:36.137 @PWF005 
10:14:36.138 @PWF006 4
10:14:36.139 @PWF007 4
10:14:36.140 @PWF008 0
10:14:36.141 @PWF009 0
10:14:36.142 @PWF010 0
10:14:36.143 @PWF011 0
10:14:36.144 @PWF012 2018/9/12 10:14:34
10:14:36.146 @PWF013 2018/9/13 10:14:36
10:14:36.147 @PWF014 系统管理员
10:14:36.148 @PWF015 False
10:14:36.149 @PWF016 0
10:14:36.150 @PWF017 
10:15:03.876 @DATE 
10:15:03.877 @PDP001 定制1828
10:15:03.879 @PDP002 1828.07.13.010
10:15:03.885 @DATE 
10:15:03.886 @PDP001 定制1826
10:15:03.887 @PDP002 1826.6.29.011
10:15:03.893 @DATE 
10:15:03.895 @PDP001 定制1833
10:15:03.896 @PDP002 1833.08.15.004
10:15:03.902 @DATE 
10:15:03.904 @PDP001 定制1830
10:15:03.905 @PDP002 1830.07.27.021
10:15:03.911 @DATE 
10:15:03.912 @PDP001 定制1825
10:15:03.913 @PDP002 1825.6.20.014
10:15:03.919 @DATE 
10:15:03.921 @PDP001 定制1826
10:15:03.922 @PDP002 1826.6.29.021
10:15:03.927 @DATE 
10:15:03.928 @PDP001 定制1830
10:15:03.929 @PDP002 1830.07.27.006
10:15:03.934 @DATE 
10:15:03.935 @PDP001 定制1826
10:15:03.936 @PDP002 1826.6.29.001
10:15:03.942 @DATE 
10:15:03.944 @PDP001 定制1825
10:15:03.945 @PDP002 1825.6.20.015
10:15:03.950 @DATE 
10:15:03.951 @PDP001 定制1828
10:15:03.952 @PDP002 1828.07.13.002
10:15:03.958 @DATE 
10:15:03.959 @PDP001 定制1833
10:15:03.960 @PDP002 1833.08.15.010
10:15:03.965 @DATE 
10:15:03.966 @PDP001 定制1825
10:15:03.967 @PDP002 1825.6.20.006
10:15:03.972 @DATE 
10:15:03.974 @PDP001 定制1828
10:15:03.975 @PDP002 1828.07.13.002
10:15:03.979 @DATE 
10:15:03.981 @PDP001 定制1830
10:15:03.982 @PDP002 1830.07.27.005
10:15:03.986 @DATE 
10:15:03.988 @PDP001 定制1826
10:15:03.989 @PDP002 1826.6.29.005
10:15:03.994 @DATE 
10:15:03.996 @PDP001 定制1826
10:15:03.997 @PDP002 1826.6.29.008
10:15:04.002 @DATE 
10:15:04.003 @PDP001 定制1825
10:15:04.004 @PDP002 1825.6.20.006
10:15:04.010 @DATE 
10:15:04.011 @PDP001 定制1828
10:15:04.012 @PDP002 1828.07.13.022
10:15:04.017 @DATE 
10:15:04.018 @PDP001 定制1831
10:15:04.019 @PDP002 1831.08.05.015
10:15:04.024 @DATE 
10:15:04.026 @PDP001 定制1826
10:15:04.027 @PDP002 1826.6.29.006
10:15:04.031 @DATE 
10:15:04.033 @PDP001 定制1830
10:15:04.034 @PDP002 1830.07.27.002
10:15:04.038 @DATE 
10:15:04.039 @PDP001 定制1830
10:15:04.041 @PDP002 1830.07.27.003
10:15:04.046 @DATE 
10:15:04.047 @PDP001 定制1826
10:15:04.048 @PDP002 1826.6.29.011
10:15:04.053 @DATE 
10:15:04.055 @PDP001 定制1830
10:15:04.056 @PDP002 56-1.001.01.006
10:15:04.061 @DATE 
10:15:04.063 @PDP001 定制1830
10:15:04.064 @PDP002 1830.07.27.007
10:15:04.069 @DATE 
10:15:04.070 @PDP001 定制1825
10:15:04.072 @PDP002 1825.6.20.009
10:15:04.077 @DATE 
10:15:04.078 @PDP001 定制1825
10:15:04.079 @PDP002 1825.6.20.004
10:15:04.088 @DATE 
10:15:04.090 @PDP001 定制1835
10:15:04.091 @PDP002 1835.08.28.017
10:15:04.097 @DATE 
10:15:04.098 @PDP001 定制1826
10:15:04.100 @PDP002 1826.6.29.008
10:15:04.105 @DATE 
10:15:04.106 @PDP001 定制1830
10:15:04.107 @PDP002 1830.07.27.015
10:15:04.112 @DATE 
10:15:04.114 @PDP001 定制1833
10:15:04.115 @PDP002 1833.08.15.011
10:15:04.120 @DATE 
10:15:04.121 @PDP001 定制1830
10:15:04.122 @PDP002 1830.07.27.005
10:15:04.127 @DATE 
10:15:04.129 @PDP001 定制1833
10:15:04.130 @PDP002 1833.08.15.002
10:15:04.135 @DATE 
10:15:04.136 @PDP001 定制1830
10:15:04.137 @PDP002 1830.07.27.006
10:15:04.142 @DATE 
10:15:04.143 @PDP001 定制1830
10:15:04.145 @PDP002 1830.07.27.011
10:15:04.150 @DATE 
10:15:04.151 @PDP001 定制1826
10:15:04.153 @PDP002 1826.6.29.017
10:15:04.157 @DATE 
10:15:04.159 @PDP001 定制1831
10:15:04.160 @PDP002 1831.08.05.028
10:15:04.164 @DATE 
10:15:04.166 @PDP001 定制1830
10:15:04.167 @PDP002 1830.07.27.011
10:15:04.172 @DATE 
10:15:04.173 @PDP001 定制1830
10:15:04.175 @PDP002 1830.07.27.004
10:15:04.179 @DATE 
10:15:04.181 @PDP001 定制1831
10:15:04.182 @PDP002 1831.08.05.018
10:15:04.187 @DATE 
10:15:04.188 @PDP001 定制1831
10:15:04.189 @PDP002 1831.08.05.005
10:15:04.194 @DATE 
10:15:04.196 @PDP001 定制1830
10:15:04.197 @PDP002 1830.07.27.002
10:15:04.202 @DATE 
10:15:04.204 @PDP001 定制1826
10:15:04.205 @PDP002 1826.6.29.013
10:15:04.213 @DATE 
10:15:04.214 @PDP001 定制1826
10:15:04.216 @PDP002 1826.6.29.020
10:15:04.221 @DATE 
10:15:04.222 @PDP001 定制1830
10:15:04.224 @PDP002 1830.07.27.004
10:15:04.229 @DATE 
10:15:04.230 @PDP001 定制1831
10:15:04.232 @PDP002 1831.08.05.006
10:15:04.238 @DATE 
10:15:04.239 @PDP001 定制1831
10:15:04.240 @PDP002 1831.08.05.022
10:15:04.247 @DATE 
10:15:04.248 @PDP001 定制1830
10:15:04.249 @PDP002 56-1.001.01.006
10:15:04.256 @DATE 
10:15:04.258 @PDP001 定制1826
10:15:04.259 @PDP002 1826.6.29.007
10:15:04.265 @DATE 
10:15:04.266 @PDP001 定制1828
10:15:04.268 @PDP002 1828.07.13.007
10:15:04.275 @DATE 
10:15:04.276 @PDP001 定制1835
10:15:04.278 @PDP002 1835.08.28.001
10:15:04.283 @DATE 
10:15:04.284 @PDP001 定制1835
10:15:04.285 @PDP002 1835.08.28.017
10:15:04.291 @DATE 
10:15:04.293 @PDP001 定制1825
10:15:04.294 @PDP002 1825.6.20.011
10:15:04.300 @DATE 
10:15:04.301 @PDP001 定制1831
10:15:04.303 @PDP002 1831.08.05.005
10:15:04.309 @DATE 
10:15:04.310 @PDP001 定制1830
10:15:04.312 @PDP002 1830.07.27.009
10:15:04.317 @DATE 
10:15:04.318 @PDP001 定制1833
10:15:04.319 @PDP002 1833.08.15.042
10:15:04.326 @DATE 
10:15:04.328 @PDP001 定制1830
10:15:04.330 @PDP002 54-1.005.03.010
10:15:04.336 @DATE 
10:15:04.337 @PDP001 定制1830
10:15:04.339 @PDP002 1830.07.27.032
10:15:04.345 @DATE 
10:15:04.347 @PDP001 定制1831
10:15:04.349 @PDP002 1831.08.05.016
10:15:04.354 @DATE 
10:15:04.355 @PDP001 定制1825
10:15:04.357 @PDP002 1825.6.20.012
10:15:04.363 @DATE 
10:15:04.365 @PDP001 定制1828
10:15:04.366 @PDP002 1828.07.13.018
10:15:04.373 @DATE 
10:15:04.374 @PDP001 定制1826
10:15:04.375 @PDP002 1826.6.29.002
10:15:04.380 @DATE 
10:15:04.382 @PDP001 定制1828
10:15:04.383 @PDP002 1828.07.13.024
10:15:04.389 @DATE 
10:15:04.390 @PDP001 定制1831
10:15:04.392 @PDP002 1831.08.05.019
10:15:04.397 @DATE 
10:15:04.399 @PDP001 定制1828
10:15:04.400 @PDP002 1828.07.13.021
10:15:04.405 @DATE 
10:15:04.406 @PDP001 定制1833
10:15:04.408 @PDP002 1833.08.15.002
10:15:04.413 @DATE 
10:15:04.415 @PDP001 定制1826
10:15:04.417 @PDP002 1826.6.29.005
10:15:04.423 @DATE 
10:15:04.425 @PDP001 定制1831
10:15:04.427 @PDP002 1831.08.05.018
10:15:04.433 @DATE 
10:15:04.434 @PDP001 定制1826
10:15:04.436 @PDP002 1826.6.29.017
10:15:04.442 @DATE 
10:15:04.444 @PDP001 定制1830
10:15:04.445 @PDP002 1830.07.27.013
10:15:04.451 @DATE 
10:15:04.452 @PDP001 定制1826
10:15:04.454 @PDP002 1826.6.29.011
10:15:04.459 @DATE 
10:15:04.461 @PDP001 定制1825
10:15:04.462 @PDP002 1825.6.20.011
10:15:04.467 @DATE 
10:15:04.468 @PDP001 定制1830
10:15:04.470 @PDP002 1830.07.27.008
10:15:04.475 @DATE 
10:15:04.476 @PDP001 定制1826
10:15:04.478 @PDP002 1826.6.29.004
10:15:04.482 @DATE 
10:15:04.484 @PDP001 定制1828
10:15:04.485 @PDP002 1828.07.13.003
10:15:04.490 @DATE 
10:15:04.491 @PDP001 定制1828
10:15:04.493 @PDP002 1828.07.13.012
10:15:04.498 @DATE 
10:15:04.499 @PDP001 定制1826
10:15:04.500 @PDP002 1826.6.29.012
10:15:04.505 @DATE 
10:15:04.506 @PDP001 定制1825
10:15:04.508 @PDP002 1825.6.20.007
10:15:04.513 @DATE 
10:15:04.514 @PDP001 定制1831
10:15:04.516 @PDP002 1831.08.05.009
10:15:04.520 @DATE 
10:15:04.522 @PDP001 定制1830
10:15:04.523 @PDP002 54-1.005.03.009
10:15:04.528 @DATE 
10:15:04.529 @PDP001 定制1826
10:15:04.531 @PDP002 1826.6.29.005
10:15:04.536 @DATE 
10:15:04.537 @PDP001 定制1830
10:15:04.538 @PDP002 1830.07.27.020
10:15:04.543 @DATE 
10:15:04.544 @PDP001 定制1830
10:15:04.545 @PDP002 1830.07.27.012
10:15:04.550 @DATE 
10:15:04.552 @PDP001 定制1833
10:15:04.553 @PDP002 1833.08.15.009
10:15:04.558 @DATE 
10:15:04.559 @PDP001 定制1830
10:15:04.561 @PDP002 56-1.001.02.001
10:15:04.565 @DATE 
10:15:04.567 @PDP001 定制1826
10:15:04.568 @PDP002 1826.6.29.016
10:15:04.572 @DATE 
10:15:04.574 @PDP001 定制1830
10:15:04.575 @PDP002 1830.07.27.028
10:15:04.580 @DATE 
10:15:04.581 @PDP001 定制1830
10:15:04.583 @PDP002 1830.07.27.015
10:15:04.587 @DATE 
10:15:04.589 @PDP001 定制1830
10:15:04.590 @PDP002 1830.07.27.006
10:15:04.595 @DATE 
10:15:04.596 @PDP001 定制1826
10:15:04.597 @PDP002 1826.6.29.020
10:15:04.602 @DATE 
10:15:04.604 @PDP001 定制1831
10:15:04.605 @PDP002 1831.08.05.011
10:15:04.610 @DATE 
10:15:04.611 @PDP001 定制1831
10:15:04.612 @PDP002 1831.08.05.008
10:15:04.617 @DATE 
10:15:04.619 @PDP001 定制1830
10:15:04.620 @PDP002 1830.07.27.032
10:15:04.625 @DATE 
10:15:04.626 @PDP001 定制1825
10:15:04.628 @PDP002 1825.6.20.014
10:15:04.633 @DATE 
10:15:04.634 @PDP001 定制1825
10:15:04.635 @PDP002 1825.6.20.013
10:15:04.640 @DATE 
10:15:04.641 @PDP001 定制1831
10:15:04.643 @PDP002 1831.08.05.006
10:15:04.648 @DATE 
10:15:04.650 @PDP001 定制1830
10:15:04.651 @PDP002 56-1.001.01.006
10:15:04.657 @DATE 
10:15:04.658 @PDP001 定制1825
10:15:04.659 @PDP002 1825.6.20.004
10:15:04.664 @DATE 
10:15:04.665 @PDP001 定制1831
10:15:04.667 @PDP002 1831.08.05.019
10:15:04.672 @DATE 
10:15:04.674 @PDP001 定制1830
10:15:04.675 @PDP002 1830.07.27.004
10:15:04.681 @DATE 
10:15:04.682 @PDP001 定制1830
10:15:04.683 @PDP002 1830.07.27.001
10:15:04.688 @DATE 
10:15:04.690 @PDP001 定制1828
10:15:04.691 @PDP002 1828.07.13.024
10:15:04.696 @DATE 
10:15:04.697 @PDP001 定制1828
10:15:04.699 @PDP002 1828.07.13.022
10:15:04.704 @DATE 
10:15:04.706 @PDP001 定制1826
10:15:04.707 @PDP002 1826.6.29.012
10:15:04.713 @DATE 
10:15:04.715 @PDP001 定制1831
10:15:04.716 @PDP002 1831.08.05.005
10:15:04.722 @DATE 
10:15:04.723 @PDP001 定制1833
10:15:04.724 @PDP002 1833.08.15.022
10:15:04.730 @DATE 
10:15:04.732 @PDP001 定制1831
10:15:04.733 @PDP002 1831.08.05.008
10:15:04.739 @DATE 
10:15:04.741 @PDP001 定制1830
10:15:04.742 @PDP002 1830.07.27.015
10:15:04.747 @DATE 
10:15:04.748 @PDP001 定制1825
10:15:04.750 @PDP002 1825.6.20.006
10:15:04.755 @DATE 
10:15:04.757 @PDP001 定制1828
10:15:04.758 @PDP002 1828.07.13.018
10:15:04.764 @DATE 
10:15:04.765 @PDP001 定制1830
10:15:04.767 @PDP002 1830.07.27.008
10:15:04.772 @DATE 
10:15:04.774 @PDP001 定制1835
10:15:04.776 @PDP002 1835.08.28.004
10:15:04.782 @DATE 
10:15:04.783 @PDP001 定制1828
10:15:04.784 @PDP002 1828.07.13.013
10:15:04.790 @DATE 
10:15:04.791 @PDP001 定制1830
10:15:04.793 @PDP002 1830.07.27.016
10:15:04.798 @DATE 
10:15:04.799 @PDP001 定制1826
10:15:04.801 @PDP002 1826.6.29.017
10:15:04.806 @DATE 
10:15:04.808 @PDP001 定制1830
10:15:04.810 @PDP002 1830.07.27.003
10:15:04.815 @DATE 
10:15:04.817 @PDP001 定制1825
10:15:04.818 @PDP002 1825.6.20.004
10:15:04.824 @DATE 
10:15:04.825 @PDP001 定制1825
10:15:04.827 @PDP002 1825.6.20.013
10:15:04.832 @DATE 
10:15:04.834 @PDP001 定制1828
10:15:04.836 @PDP002 1828.07.13.024
10:15:04.841 @DATE 
10:15:04.843 @PDP001 定制1826
10:15:04.844 @PDP002 1826.6.29.013
10:15:04.850 @DATE 
10:15:04.852 @PDP001 定制1825
10:15:04.853 @PDP002 1825.6.20.012
10:15:04.859 @DATE 
10:15:04.861 @PDP001 定制1830
10:15:04.862 @PDP002 1830.07.27.013
10:15:04.868 @DATE 
10:15:04.870 @PDP001 定制1828
10:15:04.871 @PDP002 1828.07.13.003
10:15:04.876 @DATE 
10:15:04.878 @PDP001 定制1831
10:15:04.879 @PDP002 1831.08.05.016
10:15:04.884 @DATE 
10:15:04.886 @PDP001 定制1825
10:15:04.888 @PDP002 1825.6.20.009
10:15:04.893 @DATE 
10:15:04.895 @PDP001 定制1826
10:15:04.897 @PDP002 1826.6.29.007
10:15:04.902 @DATE 
10:15:04.904 @PDP001 定制1826
10:15:04.905 @PDP002 1826.6.29.012
10:15:04.911 @DATE 
10:15:04.913 @PDP001 定制1830
10:15:04.914 @PDP002 1830.07.27.002
10:15:04.921 @DATE 
10:15:04.922 @PDP001 定制1828
10:15:04.924 @PDP002 1828.07.13.021
10:15:04.930 @DATE 
10:15:04.932 @PDP001 定制1828
10:15:04.933 @PDP002 1828.07.13.013
10:15:04.938 @DATE 
10:15:04.940 @PDP001 定制1826
10:15:04.941 @PDP002 1826.6.29.024
10:15:04.946 @DATE 
10:15:04.948 @PDP001 定制1825
10:15:04.949 @PDP002 1825.6.20.003
10:15:04.955 @DATE 
10:15:04.956 @PDP001 定制1831
10:15:04.958 @PDP002 1831.08.05.006
10:15:04.963 @DATE 
10:15:04.965 @PDP001 定制1831
10:15:04.967 @PDP002 1831.08.05.005
10:15:04.973 @DATE 
10:15:04.975 @PDP001 定制1830
10:15:04.977 @PDP002 1830.07.27.028
10:15:04.982 @DATE 
10:15:04.984 @PDP001 定制1825
10:15:04.985 @PDP002 1825.6.20.009
10:15:04.990 @DATE 
10:15:04.992 @PDP001 定制1826
10:15:04.993 @PDP002 1826.6.29.024
10:15:04.998 @DATE 
10:15:05.000 @PDP001 定制1831
10:15:05.001 @PDP002 1831.08.05.005
10:15:05.006 @DATE 
10:15:05.007 @PDP001 定制1828
10:15:05.009 @PDP002 1828.07.13.013
10:15:05.013 @DATE 
10:15:05.015 @PDP001 定制1830
10:15:05.016 @PDP002 1830.07.27.009
10:15:05.022 @DATE 
10:15:05.023 @PDP001 定制1830
10:15:05.024 @PDP002 54-1.005.03.008
10:15:05.029 @DATE 
10:15:05.031 @PDP001 定制1830
10:15:05.032 @PDP002 1830.07.27.009
10:15:05.037 @DATE 
10:15:05.038 @PDP001 定制1833
10:15:05.040 @PDP002 1833.08.15.003
10:15:05.045 @DATE 
10:15:05.046 @PDP001 定制1828
10:15:05.047 @PDP002 1828.07.13.001
10:15:05.052 @DATE 
10:15:05.054 @PDP001 定制1830
10:15:05.055 @PDP002 1830.07.27.011
10:15:05.060 @DATE 
10:15:05.061 @PDP001 定制1831
10:15:05.063 @PDP002 1831.08.05.028
10:15:05.067 @DATE 
10:15:05.069 @PDP001 定制1833
10:15:05.070 @PDP002 1833.08.15.004
10:15:05.075 @DATE 
10:15:05.076 @PDP001 定制1828
10:15:05.077 @PDP002 1828.07.13.011
10:15:05.082 @DATE 
10:15:05.084 @PDP001 定制1826
10:15:05.085 @PDP002 1826.6.29.019
10:15:05.090 @DATE 
10:15:05.091 @PDP001 定制1830
10:15:05.093 @PDP002 54-1.005.03.008
10:15:05.098 @DATE 
10:15:05.099 @PDP001 定制1825
10:15:05.101 @PDP002 1825.6.20.002
10:15:05.105 @DATE 
10:15:05.107 @PDP001 定制1831
10:15:05.108 @PDP002 1831.08.05.028
10:15:05.113 @DATE 
10:15:05.114 @PDP001 定制1831
10:15:05.116 @PDP002 1831.08.05.018
10:15:05.121 @DATE 
10:15:05.122 @PDP001 定制1828
10:15:05.124 @PDP002 1828.07.13.022
10:15:05.128 @DATE 
10:15:05.129 @PDP001 定制1828
10:15:05.131 @PDP002 1828.07.13.013
10:15:05.137 @DATE 
10:15:05.138 @PDP001 定制1831
10:15:05.140 @PDP002 1831.08.05.006
10:15:05.145 @DATE 
10:15:05.146 @PDP001 定制1825
10:15:05.148 @PDP002 1825.6.20.012
10:15:05.152 @DATE 
10:15:05.154 @PDP001 定制1826
10:15:05.155 @PDP002 1826.6.29.010
10:15:05.160 @DATE 
10:15:05.161 @PDP001 定制1831
10:15:05.163 @PDP002 1831.08.05.023
10:15:05.171 @DATE 
10:15:05.173 @PDP001 定制1825
10:15:05.174 @PDP002 1825.6.20.007
10:15:05.179 @DATE 
10:15:05.181 @PDP001 定制1831
10:15:05.182 @PDP002 1831.08.05.020
10:15:05.187 @DATE 
10:15:05.188 @PDP001 定制1831
10:15:05.189 @PDP002 1831.08.05.011
10:15:05.194 @DATE 
10:15:05.196 @PDP001 定制1825
10:15:05.197 @PDP002 1825.6.20.002
10:15:05.203 @DATE 
10:15:05.204 @PDP001 定制1826
10:15:05.205 @PDP002 1826.6.29.006
10:15:05.210 @DATE 
10:15:05.212 @PDP001 定制1830
10:15:05.213 @PDP002 1830.07.27.006
10:15:05.218 @DATE 
10:15:05.219 @PDP001 定制1833
10:15:05.220 @PDP002 1833.08.15.022
10:15:05.226 @DATE 
10:15:05.227 @PDP001 定制1826
10:15:05.228 @PDP002 1826.6.29.012
10:15:05.234 @DATE 
10:15:05.235 @PDP001 定制1831
10:15:05.236 @PDP002 1831.08.05.008
10:15:05.241 @DATE 
10:15:05.243 @PDP001 定制1828
10:15:05.244 @PDP002 1828.07.13.003
10:15:05.249 @DATE 
10:15:05.250 @PDP001 定制1826
10:15:05.251 @PDP002 1826.6.29.010
10:15:05.256 @DATE 
10:15:05.257 @PDP001 定制1830
10:15:05.259 @PDP002 1830.07.27.021
10:15:05.263 @DATE 
10:15:05.265 @PDP001 定制1825
10:15:05.266 @PDP002 1825.6.20.005
10:15:05.271 @DATE 
10:15:05.273 @PDP001 定制1825
10:15:05.274 @PDP002 1825.6.20.004
10:15:05.279 @DATE 
10:15:05.280 @PDP001 定制1826
10:15:05.281 @PDP002 1826.6.29.004
10:15:05.287 @DATE 
10:15:05.289 @PDP001 定制1830
10:15:05.290 @PDP002 1830.07.27.005
10:15:05.295 @DATE 
10:15:05.296 @PDP001 定制1831
10:15:05.297 @PDP002 1831.08.05.010
10:15:05.302 @DATE 
10:15:05.304 @PDP001 定制1826
10:15:05.305 @PDP002 1826.6.29.013
10:15:05.310 @DATE 
10:15:05.311 @PDP001 定制1826
10:15:05.313 @PDP002 1826.6.29.018
10:15:05.317 @DATE 
10:15:05.319 @PDP001 定制1826
10:15:05.320 @PDP002 1826.6.29.020
10:15:05.325 @DATE 
10:15:05.326 @PDP001 定制1826
10:15:05.328 @PDP002 1826.6.29.001
10:15:05.333 @DATE 
10:15:05.334 @PDP001 定制1828
10:15:05.335 @PDP002 1828.07.13.008
10:15:05.340 @DATE 
10:15:05.341 @PDP001 定制1825
10:15:05.343 @PDP002 1825.6.20.004
10:15:05.348 @DATE 
10:15:05.350 @PDP001 定制1826
10:15:05.351 @PDP002 1826.6.29.020
10:15:05.356 @DATE 
10:15:05.357 @PDP001 定制1826
10:15:05.358 @PDP002 1826.6.29.014
10:15:05.363 @DATE 
10:15:05.364 @PDP001 定制1835
10:15:05.366 @PDP002 1835.08.28.006
10:15:05.371 @DATE 
10:15:05.372 @PDP001 定制1828
10:15:05.374 @PDP002 1828.07.13.002
10:15:05.379 @DATE 
10:15:05.380 @PDP001 定制1825
10:15:05.381 @PDP002 1825.6.20.009
10:15:05.386 @DATE 
10:15:05.388 @PDP001 定制1825
10:15:05.389 @PDP002 1825.6.20.014
10:15:05.394 @DATE 
10:15:05.395 @PDP001 定制1831
10:15:05.396 @PDP002 1831.08.05.008
10:15:05.401 @DATE 
10:15:05.402 @PDP001 定制1826
10:15:05.404 @PDP002 1826.6.29.016
10:15:05.408 @DATE 
10:15:05.410 @PDP001 定制1831
10:15:05.411 @PDP002 1831.08.05.002
10:15:05.416 @DATE 
10:15:05.417 @PDP001 定制1830
10:15:05.419 @PDP002 56-1.001.02.001
10:15:05.423 @DATE 
10:15:05.425 @PDP001 定制1830
10:15:05.426 @PDP002 54-1.005.03.010
10:15:05.431 @DATE 
10:15:05.432 @PDP001 定制1831
10:15:05.434 @PDP002 1831.08.05.009
10:15:05.438 @DATE 
10:15:05.440 @PDP001 定制1826
10:15:05.441 @PDP002 1826.6.29.018
10:15:05.446 @DATE 
10:15:05.447 @PDP001 定制1826
10:15:05.449 @PDP002 1826.6.29.010
10:15:05.453 @DATE 
10:15:05.455 @PDP001 定制1830
10:15:05.456 @PDP002 1830.07.27.004
10:15:05.461 @DATE 
10:15:05.463 @PDP001 定制1833
10:15:05.464 @PDP002 1833.08.15.008
10:15:05.469 @DATE 
10:15:05.470 @PDP001 定制1833
10:15:05.471 @PDP002 1833.08.15.011
10:15:05.476 @DATE 
10:15:05.477 @PDP001 定制1825
10:15:05.479 @PDP002 1825.6.20.001
10:15:05.484 @DATE 
10:15:05.485 @PDP001 定制1826
10:15:05.486 @PDP002 1826.6.29.018
10:15:05.491 @DATE 
10:15:05.493 @PDP001 定制1828
10:15:05.494 @PDP002 1828.07.13.021
10:15:05.499 @DATE 
10:15:05.500 @PDP001 定制1830
10:15:05.501 @PDP002 1830.07.27.007
10:15:05.506 @DATE 
10:15:05.508 @PDP001 定制1831
10:15:05.509 @PDP002 1831.08.05.009
10:15:05.514 @DATE 
10:15:05.515 @PDP001 定制1825
10:15:05.516 @PDP002 1825.6.20.014
10:15:05.521 @DATE 
10:15:05.523 @PDP001 定制1828
10:15:05.524 @PDP002 1828.07.13.004
10:15:05.529 @DATE 
10:15:05.531 @PDP001 定制1826
10:15:05.532 @PDP002 1826.6.29.008
10:15:05.537 @DATE 
10:15:05.539 @PDP001 定制1826
10:15:05.540 @PDP002 1826.6.29.011
10:15:05.545 @DATE 
10:15:05.546 @PDP001 定制1825
10:15:05.547 @PDP002 1825.6.20.014
10:15:05.552 @DATE 
10:15:05.554 @PDP001 定制1825
10:15:05.555 @PDP002 1825.6.20.015
10:15:05.560 @DATE 
10:15:05.561 @PDP001 定制1831
10:15:05.563 @PDP002 1831.08.05.028
10:15:05.567 @DATE 
10:15:05.569 @PDP001 定制1826
10:15:05.570 @PDP002 1826.6.29.004
10:15:05.575 @DATE 
10:15:05.576 @PDP001 定制1833
10:15:05.577 @PDP002 1833.08.15.008
10:15:05.582 @DATE 
10:15:05.584 @PDP001 定制1826
10:15:05.585 @PDP002 1826.6.29.014
10:15:05.589 @DATE 
10:15:05.591 @PDP001 定制1835
10:15:05.592 @PDP002 1835.08.28.003
10:15:05.597 @DATE 
10:15:05.598 @PDP001 定制1828
10:15:05.599 @PDP002 1828.07.13.018
10:15:05.604 @DATE 
10:15:05.605 @PDP001 定制1826
10:15:05.607 @PDP002 1826.6.29.014
10:15:05.612 @DATE 
10:15:05.613 @PDP001 定制1825
10:15:05.614 @PDP002 1825.6.20.002
10:15:05.619 @DATE 
10:15:05.621 @PDP001 定制1828
10:15:05.622 @PDP002 1828.07.13.018
10:15:05.627 @DATE 
10:15:05.629 @PDP001 定制1831
10:15:05.630 @PDP002 1831.08.05.010
10:15:05.635 @DATE 
10:15:05.636 @PDP001 定制1831
10:15:05.637 @PDP002 1831.08.05.017
10:15:05.642 @DATE 
10:15:05.643 @PDP001 定制1825
10:15:05.645 @PDP002 1825.6.20.005
10:15:05.650 @DATE 
10:15:05.651 @PDP001 定制1830
10:15:05.652 @PDP002 54-1.005.03.008
10:15:05.657 @DATE 
10:15:05.659 @PDP001 定制1830
10:15:05.660 @PDP002 56-1.001.02.001
10:15:05.665 @DATE 
10:15:05.666 @PDP001 定制1825
10:15:05.668 @PDP002 1825.6.20.015
10:15:05.673 @DATE 
10:15:05.674 @PDP001 定制1826
10:15:05.675 @PDP002 1826.6.29.014
10:15:05.680 @DATE 
10:15:05.682 @PDP001 定制1830
10:15:05.683 @PDP002 1830.07.27.004
10:15:05.688 @DATE 
10:15:05.689 @PDP001 定制1828
10:15:05.690 @PDP002 1828.07.13.022
10:15:05.695 @DATE 
10:15:05.696 @PDP001 定制1830
10:15:05.698 @PDP002 1830.07.27.007
10:15:05.702 @DATE 
10:15:05.704 @PDP001 定制1825
10:15:05.705 @PDP002 1825.6.20.005
10:15:05.710 @DATE 
10:15:05.712 @PDP001 定制1826
10:15:05.713 @PDP002 1826.6.29.020
10:15:05.717 @DATE 
10:15:05.719 @PDP001 定制1833
10:15:05.720 @PDP002 1833.08.15.012
10:15:05.725 @DATE 
10:15:05.726 @PDP001 定制1828
10:15:05.728 @PDP002 1828.07.13.007
10:15:05.732 @DATE 
10:15:05.734 @PDP001 定制1830
10:15:05.735 @PDP002 1830.07.27.013
10:15:05.740 @DATE 
10:15:05.741 @PDP001 定制1825
10:15:05.743 @PDP002 1825.6.20.006
10:15:05.747 @DATE 
10:15:05.749 @PDP001 定制1828
10:15:05.750 @PDP002 1828.07.13.010
10:15:05.755 @DATE 
10:15:05.756 @PDP001 定制1833
10:15:05.758 @PDP002 1833.08.15.003
10:15:05.762 @DATE 
10:15:05.764 @PDP001 定制1833
10:15:05.765 @PDP002 1833.08.15.010
10:15:05.770 @DATE 
10:15:05.772 @PDP001 定制1830
10:15:05.773 @PDP002 1830.07.27.022
10:15:05.778 @DATE 
10:15:05.779 @PDP001 定制1830
10:15:05.780 @PDP002 1830.07.27.012
10:15:05.785 @DATE 
10:15:05.787 @PDP001 定制1830
10:15:05.788 @PDP002 1830.07.27.028
10:15:05.793 @DATE 
10:15:05.794 @PDP001 定制1830
10:15:05.795 @PDP002 54-1.005.03.008
10:15:05.801 @DATE 
10:15:05.802 @PDP001 定制1828
10:15:05.803 @PDP002 1828.07.13.009
10:15:05.808 @DATE 
10:15:05.809 @PDP001 定制1828
10:15:05.811 @PDP002 1828.07.13.012
10:15:05.816 @DATE 
10:15:05.817 @PDP001 定制1830
10:15:05.818 @PDP002 1830.07.27.026
10:15:05.824 @DATE 
10:15:05.825 @PDP001 定制1831
10:15:05.826 @PDP002 1831.08.05.017
10:15:05.831 @DATE 
10:15:05.832 @PDP001 定制1831
10:15:05.834 @PDP002 1831.08.05.002
10:15:05.839 @DATE 
10:15:05.840 @PDP001 定制1826
10:15:05.841 @PDP002 1826.6.29.008
10:15:05.846 @DATE 
10:15:05.848 @PDP001 定制1826
10:15:05.849 @PDP002 1826.6.29.002
10:15:05.854 @DATE 
10:15:05.855 @PDP001 定制1833
10:15:05.856 @PDP002 1833.08.15.004
10:15:05.861 @DATE 
10:15:05.863 @PDP001 定制1828
10:15:05.864 @PDP002 1828.07.13.018
10:15:05.869 @DATE 
10:15:05.870 @PDP001 定制1833
10:15:05.871 @PDP002 1833.08.15.009
10:15:05.876 @DATE 
10:15:05.877 @PDP001 定制1828
10:15:05.879 @PDP002 1828.07.13.024
10:15:05.884 @DATE 
10:15:05.885 @PDP001 定制1826
10:15:05.887 @PDP002 1826.6.29.011
10:15:05.892 @DATE 
10:15:05.893 @PDP001 定制1833
10:15:05.894 @PDP002 1833.08.15.008
10:15:05.899 @DATE 
10:15:05.901 @PDP001 定制1833
10:15:05.902 @PDP002 1833.08.15.003
10:15:05.907 @DATE 
10:15:05.908 @PDP001 定制1826
10:15:05.909 @PDP002 1826.6.29.006
10:15:05.914 @DATE 
10:15:05.916 @PDP001 定制1831
10:15:05.917 @PDP002 1831.08.05.009
10:15:05.922 @DATE 
10:15:05.924 @PDP001 定制1828
10:15:05.925 @PDP002 1828.07.13.023
10:15:05.930 @DATE 
10:15:05.931 @PDP001 定制1828
10:15:05.932 @PDP002 1828.07.13.010
10:15:05.937 @DATE 
10:15:05.938 @PDP001 定制1830
10:15:05.940 @PDP002 1830.07.27.021
10:15:05.944 @DATE 
10:15:05.946 @PDP001 定制1826
10:15:05.947 @PDP002 1826.6.29.007
10:15:05.952 @DATE 
10:15:05.953 @PDP001 定制1826
10:15:05.954 @PDP002 1826.6.29.021
10:15:05.959 @DATE 
10:15:05.961 @PDP001 定制1830
10:15:05.962 @PDP002 1830.07.27.021
10:15:05.967 @DATE 
10:15:05.968 @PDP001 定制1828
10:15:05.969 @PDP002 1828.07.13.004
10:15:05.974 @DATE 
10:15:05.975 @PDP001 定制1828
10:15:05.977 @PDP002 1828.07.13.021
10:15:05.982 @DATE 
10:15:05.983 @PDP001 定制1831
10:15:05.984 @PDP002 1831.08.05.011
10:15:05.991 @DATE 
10:15:05.992 @PDP001 定制1831
10:15:05.994 @PDP002 1831.08.05.015
10:15:05.998 @DATE 
10:15:06.000 @PDP001 定制1825
10:15:06.001 @PDP002 1825.6.20.001
10:15:06.006 @DATE 
10:15:06.008 @PDP001 定制1826
10:15:06.009 @PDP002 1826.6.29.017
10:15:06.014 @DATE 
10:15:06.015 @PDP001 定制1828
10:15:06.017 @PDP002 1828.07.13.002
10:15:06.022 @DATE 
10:15:06.023 @PDP001 定制1825
10:15:06.025 @PDP002 1825.6.20.007
10:15:06.030 @DATE 
10:15:06.032 @PDP001 定制1826
10:15:06.033 @PDP002 1826.6.29.021
10:15:06.038 @DATE 
10:15:06.039 @PDP001 定制1831
10:15:06.041 @PDP002 1831.08.05.016
10:15:06.045 @DATE 
10:15:06.046 @PDP001 定制1826
10:15:06.048 @PDP002 1826.6.29.008
10:15:06.052 @DATE 
10:15:06.054 @PDP001 定制1825
10:15:06.055 @PDP002 1825.6.20.005
10:15:06.060 @DATE 
10:15:06.061 @PDP001 定制1828
10:15:06.063 @PDP002 1828.07.13.024
10:15:06.067 @DATE 
10:15:06.069 @PDP001 定制1833
10:15:06.070 @PDP002 1833.08.15.002
10:15:06.074 @DATE 
10:15:06.076 @PDP001 定制1833
10:15:06.077 @PDP002 1833.08.15.005
10:15:06.082 @DATE 
10:15:06.084 @PDP001 定制1826
10:15:06.085 @PDP002 1826.6.29.002
10:15:06.090 @DATE 
10:15:06.091 @PDP001 定制1830
10:15:06.093 @PDP002 1830.07.27.003
10:15:06.098 @DATE 
10:15:06.099 @PDP001 定制1833
10:15:06.100 @PDP002 1833.08.15.005
10:15:06.105 @DATE 
10:15:06.106 @PDP001 定制1825
10:15:06.108 @PDP002 1825.6.20.012
10:15:06.112 @DATE 
10:15:06.113 @PDP001 定制1830
10:15:06.115 @PDP002 1830.07.27.009
10:15:06.120 @DATE 
10:15:06.121 @PDP001 定制1833
10:15:06.122 @PDP002 1833.08.15.011
10:15:06.127 @DATE 
10:15:06.129 @PDP001 定制1833
10:15:06.130 @PDP002 1833.08.15.010
10:15:06.135 @DATE 
10:15:06.136 @PDP001 定制1830
10:15:06.137 @PDP002 1830.07.27.012
10:15:06.142 @DATE 
10:15:06.143 @PDP001 定制1825
10:15:06.144 @PDP002 1825.6.20.013
10:15:06.149 @DATE 
10:15:06.151 @PDP001 定制1830
10:15:06.152 @PDP002 54-1.005.03.009
10:15:06.159 @DATE 
10:15:06.161 @PDP001 定制1826
10:15:06.162 @PDP002 1826.6.29.016
10:15:06.167 @DATE 
10:15:06.169 @PDP001 定制1830
10:15:06.170 @PDP002 1830.07.27.006
10:15:06.175 @DATE 
10:15:06.176 @PDP001 定制1830
10:15:06.178 @PDP002 1830.07.27.008
10:15:06.182 @DATE 
10:15:06.184 @PDP001 定制1825
10:15:06.185 @PDP002 1825.6.20.006
10:15:06.190 @DATE 
10:15:06.191 @PDP001 定制1830
10:15:06.193 @PDP002 1830.07.27.027
10:15:06.197 @DATE 
10:15:06.199 @PDP001 定制1828
10:15:06.200 @PDP002 1828.07.13.020
10:15:06.205 @DATE 
10:15:06.206 @PDP001 定制1831
10:15:06.207 @PDP002 1831.08.05.019
10:15:06.212 @DATE 
10:15:06.213 @PDP001 定制1828
10:15:06.215 @PDP002 1828.07.13.022
10:15:06.221 @DATE 
10:15:06.222 @PDP001 定制1831
10:15:06.223 @PDP002 1831.08.05.010
10:15:06.228 @DATE 
10:15:06.230 @PDP001 定制1828
10:15:06.231 @PDP002 1828.07.13.003
10:15:06.236 @DATE 
10:15:06.237 @PDP001 定制1831
10:15:06.239 @PDP002 1831.08.05.020
10:15:06.243 @DATE 
10:15:06.245 @PDP001 定制1825
10:15:06.246 @PDP002 1825.6.20.009
10:15:06.251 @DATE 
10:15:06.253 @PDP001 定制1828
10:15:06.254 @PDP002 1828.07.13.003
10:15:06.259 @DATE 
10:15:06.260 @PDP001 定制1831
10:15:06.261 @PDP002 1831.08.05.019
10:15:06.267 @DATE 
10:15:06.268 @PDP001 定制1826
10:15:06.269 @PDP002 1826.6.29.010
10:15:06.274 @DATE 
10:15:06.275 @PDP001 定制1826
10:15:06.277 @PDP002 1826.6.29.024
10:15:06.281 @DATE 
10:15:06.283 @PDP001 定制1826
10:15:06.284 @PDP002 1826.6.29.001
10:15:06.289 @DATE 
10:15:06.290 @PDP001 定制1831
10:15:06.291 @PDP002 1831.08.05.011
10:15:06.296 @DATE 
10:15:06.297 @PDP001 定制1831
10:15:06.299 @PDP002 1831.08.05.008
10:15:06.303 @DATE 
10:15:06.305 @PDP001 定制1831
10:15:06.306 @PDP002 1831.08.05.022
10:15:06.311 @DATE 
10:15:06.312 @PDP001 定制1830
10:15:06.313 @PDP002 1830.07.27.005
10:15:06.318 @DATE 
10:15:06.320 @PDP001 定制1828
10:15:06.321 @PDP002 1828.07.13.008
10:15:06.325 @DATE 
10:15:06.327 @PDP001 定制1826
10:15:06.328 @PDP002 1826.6.29.022
10:15:06.333 @DATE 
10:15:06.334 @PDP001 定制1826
10:15:06.336 @PDP002 1826.6.29.019
10:15:06.341 @DATE 
10:15:06.342 @PDP001 定制1831
10:15:06.344 @PDP002 1831.08.05.010
10:15:06.349 @DATE 
10:15:06.350 @PDP001 定制1830
10:15:06.351 @PDP002 1830.07.27.023
10:15:06.356 @DATE 
10:15:06.357 @PDP001 定制1826
10:15:06.359 @PDP002 1826.6.29.017
10:15:06.364 @DATE 
10:15:06.365 @PDP001 定制1830
10:15:06.366 @PDP002 1830.07.27.027
10:15:06.371 @DATE 
10:15:06.373 @PDP001 定制1830
10:15:06.374 @PDP002 1830.07.27.003
10:15:06.378 @DATE 
10:15:06.380 @PDP001 定制1830
10:15:06.381 @PDP002 1830.07.27.012
10:15:06.386 @DATE 
10:15:06.387 @PDP001 定制1828
10:15:06.388 @PDP002 1828.07.13.020
10:15:06.393 @DATE 
10:15:06.394 @PDP001 定制1830
10:15:06.396 @PDP002 1830.07.27.016
10:15:06.402 @DATE 
10:15:06.403 @PDP001 定制1826
10:15:06.404 @PDP002 1826.6.29.004
10:15:06.410 @DATE 
10:15:06.411 @PDP001 定制1828
10:15:06.412 @PDP002 1828.07.13.008
10:15:06.418 @DATE 
10:15:06.419 @PDP001 定制1825
10:15:06.421 @PDP002 1825.6.20.001
10:15:06.426 @DATE 
10:15:06.427 @PDP001 定制1830
10:15:06.429 @PDP002 1830.07.27.003
10:15:06.433 @DATE 
10:15:06.435 @PDP001 定制1828
10:15:06.436 @PDP002 1828.07.13.009
10:15:06.441 @DATE 
10:15:06.443 @PDP001 定制1830
10:15:06.444 @PDP002 1830.07.27.026
10:15:06.449 @DATE 
10:15:06.450 @PDP001 定制1825
10:15:06.452 @PDP002 1825.6.20.007
10:15:06.456 @DATE 
10:15:06.458 @PDP001 定制1833
10:15:06.459 @PDP002 1833.08.15.007
10:15:06.464 @DATE 
10:15:06.465 @PDP001 定制1830
10:15:06.466 @PDP002 1830.07.27.028
10:15:06.472 @DATE 
10:15:06.473 @PDP001 定制1830
10:15:06.474 @PDP002 1830.07.27.013
10:15:06.479 @DATE 
10:15:06.481 @PDP001 定制1831
10:15:06.482 @PDP002 1831.08.05.010
10:15:06.487 @DATE 
10:15:06.488 @PDP001 定制1828
10:15:06.489 @PDP002 1828.07.13.007
10:15:06.494 @DATE 
10:15:06.496 @PDP001 定制1830
10:15:06.497 @PDP002 56-1.001.02.001
10:15:06.502 @DATE 
10:15:06.504 @PDP001 定制1833
10:15:06.505 @PDP002 1833.08.15.002
10:15:06.510 @DATE 
10:15:06.511 @PDP001 定制1825
10:15:06.512 @PDP002 1825.6.20.003
10:15:06.518 @DATE 
10:15:06.519 @PDP001 定制1826
10:15:06.520 @PDP002 1826.6.29.007
10:15:06.525 @DATE 
10:15:06.526 @PDP001 定制1828
10:15:06.528 @PDP002 1828.07.13.023
10:15:06.532 @DATE 
10:15:06.534 @PDP001 定制1826
10:15:06.535 @PDP002 1826.6.29.001
10:15:06.540 @DATE 
10:15:06.542 @PDP001 定制1833
10:15:06.543 @PDP002 1833.08.15.012
10:15:06.548 @DATE 
10:15:06.550 @PDP001 定制1826
10:15:06.551 @PDP002 1826.6.29.014
10:15:06.556 @DATE 
10:15:06.557 @PDP001 定制1828
10:15:06.558 @PDP002 1828.07.13.002
10:15:06.563 @DATE 
10:15:06.564 @PDP001 定制1828
10:15:06.566 @PDP002 1828.07.13.012
10:15:06.571 @DATE 
10:15:06.572 @PDP001 定制1826
10:15:06.574 @PDP002 1826.6.29.006
10:15:06.578 @DATE 
10:15:06.580 @PDP001 定制1833
10:15:06.581 @PDP002 1833.08.15.005
10:15:06.586 @DATE 
10:15:06.587 @PDP001 定制1833
10:15:06.588 @PDP002 1833.08.15.010
10:15:06.593 @DATE 
10:15:06.595 @PDP001 定制1830
10:15:06.596 @PDP002 1830.07.27.007
10:15:06.601 @DATE 
10:15:06.602 @PDP001 定制1825
10:15:06.604 @PDP002 1825.6.20.005
10:15:06.608 @DATE 
10:15:06.610 @PDP001 定制1831
10:15:06.611 @PDP002 1831.08.05.018
10:15:06.616 @DATE 
10:15:06.617 @PDP001 定制1831
10:15:06.618 @PDP002 1831.08.05.017
10:15:06.623 @DATE 
10:15:06.624 @PDP001 定制1826
10:15:06.626 @PDP002 1826.6.29.019
10:15:06.631 @DATE 
10:15:06.632 @PDP001 定制1830
10:15:06.633 @PDP002 1830.07.27.008
10:15:06.638 @DATE 
10:15:06.639 @PDP001 定制1830
10:15:06.641 @PDP002 1830.07.27.010
10:15:06.645 @DATE 
10:15:06.647 @PDP001 定制1833
10:15:06.648 @PDP002 1833.08.15.004
10:15:06.653 @DATE 
10:15:06.654 @PDP001 定制1831
10:15:06.655 @PDP002 1831.08.05.021
10:15:06.660 @DATE 
10:15:06.662 @PDP001 定制1826
10:15:06.663 @PDP002 1826.6.29.013
10:15:06.668 @DATE 
10:15:06.669 @PDP001 定制1831
10:15:06.670 @PDP002 1831.08.05.015
10:15:06.675 @DATE 
10:15:06.676 @PDP001 定制1830
10:15:06.678 @PDP002 1830.07.27.002
10:15:06.682 @DATE 
10:15:06.684 @PDP001 定制1831
10:15:06.685 @PDP002 1831.08.05.006
10:15:06.690 @DATE 
10:15:06.692 @PDP001 定制1830
10:15:06.693 @PDP002 54-1.005.03.010
10:15:06.697 @DATE 
10:15:06.699 @PDP001 定制1828
10:15:06.700 @PDP002 1828.07.13.009
10:15:06.705 @DATE 
10:15:06.706 @PDP001 定制1830
10:15:06.708 @PDP002 56-1.001.01.006
10:15:06.712 @DATE 
10:15:06.714 @PDP001 定制1828
10:15:06.715 @PDP002 1828.07.13.008
10:15:06.720 @DATE 
10:15:06.721 @PDP001 定制1826
10:15:06.722 @PDP002 1826.6.29.018
10:15:06.727 @DATE 
10:15:06.728 @PDP001 定制1830
10:15:06.730 @PDP002 54-1.005.03.009
10:15:06.734 @DATE 
10:15:06.736 @PDP001 定制1828
10:15:06.737 @PDP002 1828.07.13.001
10:15:06.742 @DATE 
10:15:06.744 @PDP001 定制1826
10:15:06.745 @PDP002 1826.6.29.005
10:15:06.750 @DATE 
10:15:06.751 @PDP001 定制1826
10:15:06.753 @PDP002 1826.6.29.002
10:15:06.761 @DATE 
10:15:06.763 @PDP001 定制1831
10:15:06.764 @PDP002 1831.08.05.015
10:15:06.770 @DATE 
10:15:06.771 @PDP001 定制1825
10:15:06.772 @PDP002 1825.6.20.015
10:15:06.777 @DATE 
10:15:06.779 @PDP001 定制1826
10:15:06.780 @PDP002 1826.6.29.022
10:15:06.785 @DATE 
10:15:06.786 @PDP001 定制1825
10:15:06.788 @PDP002 1825.6.20.003
10:15:06.792 @DATE 
10:15:06.793 @PDP001 定制1833
10:15:06.795 @PDP002 1833.08.15.003
10:15:06.800 @DATE 
10:15:06.801 @PDP001 定制1828
10:15:06.802 @PDP002 1828.07.13.011
10:15:06.807 @DATE 
10:15:06.808 @PDP001 定制1830
10:15:06.809 @PDP002 1830.07.27.001
10:15:06.814 @DATE 
10:15:06.815 @PDP001 定制1828
10:15:06.817 @PDP002 1828.07.13.020
10:15:06.821 @DATE 
10:15:06.823 @PDP001 定制1826
10:15:06.824 @PDP002 1826.6.29.001
10:15:06.829 @DATE 
10:15:06.831 @PDP001 定制1830
10:15:06.832 @PDP002 1830.07.27.020
10:15:06.837 @DATE 
10:15:06.838 @PDP001 定制1828
10:15:06.839 @PDP002 1828.07.13.020
10:15:06.844 @DATE 
10:15:06.845 @PDP001 定制1830
10:15:06.847 @PDP002 1830.07.27.008
10:15:06.851 @DATE 
10:15:06.853 @PDP001 定制1828
10:15:06.854 @PDP002 1828.07.13.020
10:15:06.858 @DATE 
10:15:06.860 @PDP001 定制1828
10:15:06.861 @PDP002 1828.07.13.009
10:15:06.866 @DATE 
10:15:06.867 @PDP001 定制1828
10:15:06.868 @PDP002 1828.07.13.013
10:15:06.873 @DATE 
10:15:06.875 @PDP001 定制1831
10:15:06.876 @PDP002 1831.08.05.009
10:15:06.882 @DATE 
10:15:06.883 @PDP001 定制1830
10:15:06.884 @PDP002 1830.07.27.028
10:15:06.889 @DATE 
10:15:06.890 @PDP001 定制1826
10:15:06.892 @PDP002 1826.6.29.018
10:15:06.897 @DATE 
10:15:06.898 @PDP001 定制1830
10:15:06.899 @PDP002 54-1.005.03.009
10:15:06.904 @DATE 
10:15:06.906 @PDP001 定制1831
10:15:06.907 @PDP002 1831.08.05.002
10:15:06.911 @DATE 
10:15:06.913 @PDP001 定制1833
10:15:06.914 @PDP002 1833.08.15.009
10:15:06.919 @DATE 
10:15:06.920 @PDP001 定制1830
10:15:06.922 @PDP002 1830.07.27.026
10:15:06.927 @DATE 
10:15:06.928 @PDP001 定制1826
10:15:06.930 @PDP002 1826.6.29.007
10:15:06.935 @DATE 
10:15:06.936 @PDP001 定制1825
10:15:06.937 @PDP002 1825.6.20.015
10:15:06.943 @DATE 
10:15:06.945 @PDP001 定制1830
10:15:06.946 @PDP002 56-1.001.02.001
10:15:06.952 @DATE 
10:15:06.954 @PDP001 定制1826
10:15:06.955 @PDP002 1826.6.29.005
10:15:06.960 @DATE 
10:15:06.961 @PDP001 定制1828
10:15:06.962 @PDP002 1828.07.13.016
10:15:06.967 @DATE 
10:15:06.968 @PDP001 定制1825
10:15:06.970 @PDP002 1825.6.20.013
10:15:06.974 @DATE 
10:15:06.976 @PDP001 定制1830
10:15:06.977 @PDP002 1830.07.27.012
10:15:06.982 @DATE 
10:15:06.983 @PDP001 定制1825
10:15:06.984 @PDP002 1825.6.20.002
10:15:06.990 @DATE 
10:15:06.991 @PDP001 定制1833
10:15:06.992 @PDP002 1833.08.15.005
10:15:06.997 @DATE 
10:15:06.998 @PDP001 定制1828
10:15:07.000 @PDP002 1828.07.13.001
10:15:07.005 @DATE 
10:15:07.006 @PDP001 定制1830
10:15:07.007 @PDP002 1830.07.27.021
10:15:07.012 @DATE 
10:15:07.013 @PDP001 定制1828
10:15:07.015 @PDP002 1828.07.13.011
10:15:07.020 @DATE 
10:15:07.021 @PDP001 定制1828
10:15:07.023 @PDP002 1828.07.13.008
10:15:07.027 @DATE 
10:15:07.029 @PDP001 定制1831
10:15:07.030 @PDP002 1831.08.05.020
10:15:07.035 @DATE 
10:15:07.036 @PDP001 定制1826
10:15:07.038 @PDP002 1826.6.29.006
10:15:07.042 @DATE 
10:15:07.044 @PDP001 定制1825
10:15:07.045 @PDP002 1825.6.20.003
10:15:07.049 @DATE 
10:15:07.051 @PDP001 定制1833
10:15:07.052 @PDP002 1833.08.15.011
10:15:07.057 @DATE 
10:15:07.058 @PDP001 定制1828
10:15:07.060 @PDP002 1828.07.13.007
10:15:07.066 @DATE 
10:15:07.067 @PDP001 定制1835
10:15:07.068 @PDP002 1835.08.28.002
10:15:07.073 @DATE 
10:15:07.074 @PDP001 定制1831
10:15:07.075 @PDP002 1831.08.05.017
10:15:07.081 @DATE 
10:15:07.082 @PDP001 定制1828
10:15:07.083 @PDP002 1828.07.13.011
10:15:07.089 @DATE 
10:15:07.091 @PDP001 定制1830
10:15:07.092 @PDP002 1830.07.27.009
10:15:07.098 @DATE 
10:15:07.100 @PDP001 定制1825
10:15:07.102 @PDP002 1825.6.20.011
10:15:07.108 @DATE 
10:15:07.110 @PDP001 定制1830
10:15:07.111 @PDP002 1830.07.27.011
10:15:07.116 @DATE 
10:15:07.118 @PDP001 定制1826
10:15:07.119 @PDP002 1826.6.29.013
10:15:07.123 @DATE 
10:15:07.125 @PDP001 定制1826
10:15:07.126 @PDP002 1826.6.29.021
10:15:07.131 @DATE 
10:15:07.133 @PDP001 定制1830
10:15:07.134 @PDP002 1830.07.27.005
10:15:07.139 @DATE 
10:15:07.140 @PDP001 定制1830
10:15:07.141 @PDP002 1830.07.27.007
10:15:07.146 @DATE 
10:15:07.148 @PDP001 定制1825
10:15:07.149 @PDP002 1825.6.20.013
10:15:07.154 @DATE 
10:15:07.155 @PDP001 定制1830
10:15:07.157 @PDP002 1830.07.27.018
10:15:07.163 @DATE 
10:15:07.164 @PDP001 定制1826
10:15:07.166 @PDP002 1826.6.29.016
10:15:07.171 @DATE 
10:15:07.172 @PDP001 定制1826
10:15:07.174 @PDP002 1826.6.29.016
10:15:07.178 @DATE 
10:15:07.180 @PDP001 定制1826
10:15:07.181 @PDP002 1826.6.29.002
10:15:07.186 @DATE 
10:15:07.187 @PDP001 定制1831
10:15:07.188 @PDP002 1831.08.05.016
10:15:07.193 @DATE 
10:15:07.195 @PDP001 定制1831
10:15:07.196 @PDP002 1831.08.05.002
10:15:07.201 @DATE 
10:15:07.202 @PDP001 定制1825
10:15:07.203 @PDP002 1825.6.20.011
10:15:07.211 @DATE 
10:15:07.212 @PDP001 定制1826
10:15:07.214 @PDP002 1826.6.29.012
10:15:07.218 @DATE 
10:15:07.220 @PDP001 定制1828
10:15:07.221 @PDP002 1828.07.13.021
10:15:07.226 @DATE 
10:15:07.227 @PDP001 定制1825
10:15:07.228 @PDP002 1825.6.20.007
10:15:07.234 @DATE 
10:15:07.235 @PDP001 定制1833
10:15:07.237 @PDP002 1833.08.15.042
10:15:07.243 @DATE 
10:15:07.245 @PDP001 定制1831
10:15:07.246 @PDP002 1831.08.05.020
10:15:07.251 @DATE 
10:15:07.252 @PDP001 定制1830
10:15:07.253 @PDP002 1830.07.27.026
10:15:07.258 @DATE 
10:15:07.260 @PDP001 定制1825
10:15:07.261 @PDP002 1825.6.20.011
10:15:07.265 @DATE 
10:15:07.267 @PDP001 定制1825
10:15:07.268 @PDP002 1825.6.20.001
10:15:07.273 @DATE 
10:15:07.274 @PDP001 定制1826
10:15:07.275 @PDP002 1826.6.29.004
10:15:07.281 @DATE 
10:15:07.282 @PDP001 定制1833
10:15:07.283 @PDP002 1833.08.15.009
10:15:07.288 @DATE 
10:15:07.290 @PDP001 定制1830
10:15:07.291 @PDP002 1830.07.27.011
10:15:07.297 @DATE 
10:15:07.298 @PDP001 定制1830
10:15:07.299 @PDP002 54-1.005.03.010
10:15:07.304 @DATE 
10:15:07.305 @PDP001 定制1830
10:15:07.307 @PDP002 1830.07.27.002
10:15:07.312 @DATE 
10:15:07.313 @PDP001 定制1828
10:15:07.314 @PDP002 1828.07.13.007
10:15:07.319 @DATE 
10:15:07.320 @PDP001 定制1828
10:15:07.322 @PDP002 1828.07.13.009
10:15:07.327 @DATE 
10:15:07.328 @PDP001 定制1831
10:15:07.329 @PDP002 1831.08.05.021
10:16:31.288  异常信息：由于连接方在一段时间后没有正确答复或连接的主机没有反应，连接尝试失败。 192.168.1.188:80
  堆栈信息:   在 AutoUpdate.AppUpdate.DownloadFile(String url, String localFilePath) 位置 D:\ProjectData\MoXia\Carpenter\Carpenter\AppUpdate.cs:行号 242
   在 AutoUpdate.AppUpdate.CheckAppVersion(String& msg) 位置 D:\ProjectData\MoXia\Carpenter\Carpenter\AppUpdate.cs:行号 310
10:16:39.675 @EMP002 朱成栋
10:16:39.677 @EMP009 cebfd1559b68d67688884d7a3d3e8c
10:17:10.528  异常信息：由于连接方在一段时间后没有正确答复或连接的主机没有反应，连接尝试失败。 192.168.1.188:80
  堆栈信息:   在 AutoUpdate.AppUpdate.DownloadFile(String url, String localFilePath) 位置 D:\ProjectData\MoXia\Carpenter\Carpenter\AppUpdate.cs:行号 242
   在 AutoUpdate.AppUpdate.CheckAppVersion(String& msg) 位置 D:\ProjectData\MoXia\Carpenter\Carpenter\AppUpdate.cs:行号 310
10:17:18.440 @EMP002 系统管理员
10:17:18.441 @EMP009 cebfd1559b68d67688884d7a3d3e8c
10:17:20.808 @EMP002 系统管理员
10:17:20.811 @EMP009 d2f278e251d1566edd72846d4ad97f
10:17:55.996  异常信息：由于连接方在一段时间后没有正确答复或连接的主机没有反应，连接尝试失败。 192.168.1.188:80
  堆栈信息:   在 AutoUpdate.AppUpdate.DownloadFile(String url, String localFilePath) 位置 D:\ProjectData\MoXia\Carpenter\Carpenter\AppUpdate.cs:行号 242
   在 AutoUpdate.AppUpdate.CheckAppVersion(String& msg) 位置 D:\ProjectData\MoXia\Carpenter\Carpenter\AppUpdate.cs:行号 310
10:18:03.289 @EMP002 朱成栋
10:18:03.290 @EMP009 cebfd1559b68d67688884d7a3d3e8c
10:18:23.256 @PWF001 20180913001
10:18:23.258 @PWF002 定制1825
10:18:23.259 @PWF003 1825.6.20.003
10:18:23.260 @PWF004 定制1610-B餐具柜
10:18:23.261 @PWF005 
10:18:23.262 @PWF006 1
10:18:23.263 @PWF007 1
10:18:23.264 @PWF008 0
10:18:23.265 @PWF009 0
10:18:23.266 @PWF010 0
10:18:23.267 @PWF011 0
10:18:23.268 @PWF012 2018/9/12 10:18:21
10:18:23.269 @PWF013 2018/9/13 10:18:23
10:18:23.270 @PWF014 朱成栋
10:18:23.271 @PWF015 False
10:18:23.272 @PWF016 0
10:18:23.273 @PWF017 
10:18:23.276 @PWE003 定制1825
10:18:23.278 @PWE004 1825.6.20.002
10:18:23.294 @PWF001 20180913001
10:18:23.295 @PWF002 定制1825
10:18:23.296 @PWF003 1825.6.20.008
10:18:23.298 @PWF004 定制1607床头柜
10:18:23.299 @PWF005 
10:18:23.300 @PWF006 4
10:18:23.302 @PWF007 4
10:18:23.303 @PWF008 0
10:18:23.304 @PWF009 0
10:18:23.305 @PWF010 0
10:18:23.306 @PWF011 0
10:18:23.308 @PWF012 2018/9/12 10:18:21
10:18:23.309 @PWF013 2018/9/13 10:18:23
10:18:23.310 @PWF014 朱成栋
10:18:23.311 @PWF015 False
10:18:23.312 @PWF016 0
10:18:23.314 @PWF017 
10:18:23.322 @PWF001 20180913001
10:18:23.323 @PWF002 定制1825
10:18:23.325 @PWF003 1825.6.20.002
10:18:23.326 @PWF004 定制1605三门衣柜小格板
10:18:23.327 @PWF005 
10:18:23.329 @PWF006 1
10:18:23.330 @PWF007 1
10:18:23.331 @PWF008 0
10:18:23.332 @PWF009 0
10:18:23.333 @PWF010 0
10:18:23.334 @PWF011 0
10:18:23.335 @PWF012 2018/9/12 10:18:21
10:18:23.336 @PWF013 2018/9/13 10:18:23
10:18:23.338 @PWF014 朱成栋
10:18:23.339 @PWF015 False
10:18:23.340 @PWF016 0
10:18:23.341 @PWF017 
10:18:23.343 @PWE003 定制1825
10:18:23.345 @PWE004 1825.6.20.003
10:25:55.070  异常信息：由于连接方在一段时间后没有正确答复或连接的主机没有反应，连接尝试失败。 192.168.1.188:80
  堆栈信息:   在 AutoUpdate.AppUpdate.DownloadFile(String url, String localFilePath) 位置 D:\ProjectData\MoXia\Carpenter\Carpenter\AppUpdate.cs:行号 242
   在 AutoUpdate.AppUpdate.CheckAppVersion(String& msg) 位置 D:\ProjectData\MoXia\Carpenter\Carpenter\AppUpdate.cs:行号 310
10:26:07.034 @EMP002 朱成栋
10:26:07.035 @EMP009 cebfd1559b68d67688884d7a3d3e8c
