09:04:17.408  异常信息：由于连接方在一段时间后没有正确答复或连接的主机没有反应，连接尝试失败。 192.168.1.188:80
  堆栈信息:   在 AutoUpdate.AppUpdate.DownloadFile(String url, String localFilePath) 位置 D:\ProjectData\MoXia\Carpenter\Carpenter\AppUpdate.cs:行号 242
   在 AutoUpdate.AppUpdate.CheckAppVersion(String& msg) 位置 D:\ProjectData\MoXia\Carpenter\Carpenter\AppUpdate.cs:行号 310
09:28:27.897 @EMP002 系统管理员
09:28:27.898 @EMP009 cebfd1559b68d67688884d7a3d3e8c
09:28:29.822 @EMP002 系统管理员
09:28:29.826 @EMP009 d2f278e251d1566edd72846d4ad97f
09:31:58.754 @WXP001 201808
09:31:58.756 @WXP002 大宝稀释剂
09:31:58.757 @WXP003 
09:31:58.758 @WXP004 公斤
09:31:58.759 @WXP005 12
09:31:58.761 @WXP006 15.5
09:31:58.762 @idx 32
09:33:59.302  异常信息：由于连接方在一段时间后没有正确答复或连接的主机没有反应，连接尝试失败。 192.168.1.188:80
  堆栈信息:   在 AutoUpdate.AppUpdate.DownloadFile(String url, String localFilePath) 位置 D:\ProjectData\MoXia\Carpenter\Carpenter\AppUpdate.cs:行号 242
   在 AutoUpdate.AppUpdate.CheckAppVersion(String& msg) 位置 D:\ProjectData\MoXia\Carpenter\Carpenter\AppUpdate.cs:行号 310
09:34:29.173 @EMP002 系统管理员
09:34:29.176 @EMP009 d2f278e251d1566edd72846d4ad97f
09:45:03.554  异常信息：由于连接方在一段时间后没有正确答复或连接的主机没有反应，连接尝试失败。 192.168.1.188:80
  堆栈信息:   在 AutoUpdate.AppUpdate.DownloadFile(String url, String localFilePath) 位置 D:\ProjectData\MoXia\Carpenter\Carpenter\AppUpdate.cs:行号 242
   在 AutoUpdate.AppUpdate.CheckAppVersion(String& msg) 位置 D:\ProjectData\MoXia\Carpenter\Carpenter\AppUpdate.cs:行号 310
09:45:08.248 @EMP002 系统管理员
09:45:08.250 @EMP009 cebfd1559b68d67688884d7a3d3e8c
09:45:10.165 @EMP002 系统管理员
09:45:10.168 @EMP009 d2f278e251d1566edd72846d4ad97f
09:45:27.109 @WXP001 201809
09:45:27.111 @WXP002 大宝稀释剂
09:45:27.112 @WXP003 
09:45:27.113 @WXP004 公斤
09:45:27.114 @WXP005 11
09:45:27.115 @WXP006 15.5
09:47:27.780  异常信息：由于连接方在一段时间后没有正确答复或连接的主机没有反应，连接尝试失败。 192.168.1.188:80
  堆栈信息:   在 AutoUpdate.AppUpdate.DownloadFile(String url, String localFilePath) 位置 D:\ProjectData\MoXia\Carpenter\Carpenter\AppUpdate.cs:行号 242
   在 AutoUpdate.AppUpdate.CheckAppVersion(String& msg) 位置 D:\ProjectData\MoXia\Carpenter\Carpenter\AppUpdate.cs:行号 310
09:47:40.728 @EMP002 系统管理员
09:47:40.729 @EMP009 d2f278e251d1566edd72846d4ad97f
09:49:56.313  异常信息：由于连接方在一段时间后没有正确答复或连接的主机没有反应，连接尝试失败。 192.168.1.188:80
  堆栈信息:   在 AutoUpdate.AppUpdate.DownloadFile(String url, String localFilePath) 位置 D:\ProjectData\MoXia\Carpenter\Carpenter\AppUpdate.cs:行号 242
   在 AutoUpdate.AppUpdate.CheckAppVersion(String& msg) 位置 D:\ProjectData\MoXia\Carpenter\Carpenter\AppUpdate.cs:行号 310
09:50:01.033 @EMP002 系统管理员
09:50:01.035 @EMP009 572c27a582e74d5b512d1b45e0a481
09:50:04.092 @EMP002 系统管理员
09:50:04.096 @EMP009 d2f278e251d1566edd72846d4ad97f
09:50:22.282 @WXP001 201808
09:50:22.283 @WXP002 大宝稀释剂
09:50:22.284 @WXP003 
09:50:22.286 @WXP004 公斤
09:50:22.287 @WXP005 12
09:50:22.288 @WXP006 15.5
09:56:41.582  异常信息：由于连接方在一段时间后没有正确答复或连接的主机没有反应，连接尝试失败。 192.168.1.188:80
  堆栈信息:   在 AutoUpdate.AppUpdate.DownloadFile(String url, String localFilePath) 位置 D:\ProjectData\MoXia\Carpenter\Carpenter\AppUpdate.cs:行号 242
   在 AutoUpdate.AppUpdate.CheckAppVersion(String& msg) 位置 D:\ProjectData\MoXia\Carpenter\Carpenter\AppUpdate.cs:行号 310
09:56:49.352 @EMP002 系统管理员
09:56:49.353 @EMP009 d2f278e251d1566edd72846d4ad97f
09:57:12.470 @WXP001 201809
09:57:12.472 @WXP002 大宝稀释剂
09:57:12.473 @WXP003 
09:57:12.474 @WXP004 公斤
09:57:12.475 @WXP005 10
09:57:12.476 @WXP006 15.5
10:07:42.292  异常信息：由于连接方在一段时间后没有正确答复或连接的主机没有反应，连接尝试失败。 192.168.1.188:80
  堆栈信息:   在 AutoUpdate.AppUpdate.DownloadFile(String url, String localFilePath) 位置 D:\ProjectData\MoXia\Carpenter\Carpenter\AppUpdate.cs:行号 242
   在 AutoUpdate.AppUpdate.CheckAppVersion(String& msg) 位置 D:\ProjectData\MoXia\Carpenter\Carpenter\AppUpdate.cs:行号 310
10:07:48.494 @EMP002 系统管理员
10:07:48.496 @EMP009 d2f278e251d1566edd72846d4ad97f
10:08:10.295 @EPA001 201809
10:08:10.298 @EPA002 大宝稀释剂
10:08:10.299 @EPA008 10
10:08:10.301 @EPA003 15.500000
10:08:19.213 @EPA001 201808
10:08:19.215 @EPA002 大宝稀释剂
10:08:19.218 @EPA008 12
10:08:19.220 @EPA003 15.500000
10:08:19.414 @EPA001 201808
10:08:19.415 @EPA002 HX17-3固化剂
10:08:19.417 @EPA006 134.908487
10:08:19.421 @EPA001 201808
10:08:19.423 @EPA002 HX-8207水性底漆
10:08:19.424 @EPA006 1090.633000
10:08:19.428 @EPA001 201808
10:08:19.430 @EPA002 高光518固化剂
10:08:19.431 @EPA006 696.327573
10:08:19.435 @EPA001 201808
10:08:19.437 @EPA002 3958底漆
10:08:19.438 @EPA006 322.417500
10:08:19.440 @EPA001 201808
10:08:19.442 @EPA002 500固化剂
10:08:19.443 @EPA006 161.208750
10:08:19.445 @EPA001 201808
10:08:19.446 @EPA002 63YB固化剂
10:08:19.448 @EPA006 15.135000
10:08:19.452 @EPA001 201808
10:08:19.453 @EPA002 大宝稀释剂
10:08:19.454 @EPA006 18.162000
10:08:19.458 @EPA001 201808
10:08:19.459 @EPA002 调好格丽斯
10:08:19.460 @EPA006 14.770006
10:08:19.464 @EPA001 201808
10:08:19.465 @EPA002 HX-9029-2水性面漆
10:08:19.466 @EPA006 469.700000
10:08:19.469 @EPA001 201808
10:08:19.470 @EPA002 HX-T底用稀释剂
10:08:19.471 @EPA006 3850.012619
10:08:19.474 @EPA001 201808
10:08:19.475 @EPA002 底得宝HX-30
10:08:19.476 @EPA006 80.944250
10:08:19.479 @EPA001 201808
10:08:19.480 @EPA002 907-2固化剂
10:08:19.481 @EPA006 201.178175
10:08:19.483 @EPA001 201808
10:08:19.485 @EPA002 HX-906水性封闭底漆
10:08:19.486 @EPA006 785.635000
10:08:19.488 @EPA001 201808
10:08:19.489 @EPA002 HX-T固化剂
10:08:19.491 @EPA006 987.903926
10:08:19.493 @EPA001 201808
10:08:19.494 @EPA002 HX-T底漆
10:08:19.496 @EPA006 1975.807852
10:08:19.499 @EPA001 201808
10:08:19.500 @EPA002 底得宝固化剂533
10:08:19.501 @EPA006 17.101850
10:08:19.503 @EPA001 201808
10:08:19.504 @EPA002 HX803修色稀释剂
10:08:19.505 @EPA006 2149.189362
10:08:19.508 @EPA001 201808
10:08:19.509 @EPA002 HX-15修色金油
10:08:19.510 @EPA006 716.396454
10:08:19.513 @EPA001 201808
10:08:19.514 @EPA002 907-2面漆
10:08:19.515 @EPA006 948.198700
10:08:19.518 @EPA001 201808
10:08:19.519 @EPA002 HX-9029-3水性面漆
10:08:19.520 @EPA006 0.000000
10:08:19.525 @EPA001 201808
10:08:19.526 @EPA002 松香水
10:08:19.527 @EPA006 80.431960
10:08:19.529 @EPA001 201808
10:08:19.531 @EPA002 HX-8208水性面漆
10:08:19.532 @EPA006 226.302000
10:08:19.534 @EPA001 201808
10:08:19.535 @EPA002 838面用稀释剂
10:08:19.537 @EPA006 856.135972
10:08:19.539 @EPA001 201808
10:08:19.540 @EPA002 HX17-3面漆
10:08:19.542 @EPA006 269.816974
10:08:19.545 @EPA001 201808
10:08:19.546 @EPA002 63YA6面漆
10:08:19.548 @EPA006 30.270000
10:08:19.550 @EPA001 201808
10:08:19.552 @EPA002 HX-502水性修色漆
10:08:19.553 @EPA006 285.103000
10:08:19.555 @EPA001 201808
10:08:19.556 @EPA002 HX-G擦色基料
10:08:19.558 @EPA006 167.271725
10:08:19.597 @EPA001 201808
10:08:19.599 @EPA002 高光518固化剂
10:08:19.600 @EPA004 90.000000
10:08:19.604 @EPA001 201808
10:08:19.606 @EPA002 HX803修色稀释剂
10:08:19.607 @EPA004 100.000000
10:08:19.611 @EPA001 201808
10:08:19.613 @EPA002 3958底漆
10:08:19.614 @EPA004 80.000000
10:08:19.616 @EPA001 201808
10:08:19.618 @EPA002 HX-906水性封闭底漆
10:08:19.619 @EPA004 60.000000
10:08:19.621 @EPA001 201808
10:08:19.622 @EPA002 HX-G擦色基料
10:08:19.624 @EPA004 40.000000
10:08:19.627 @EPA001 201808
10:08:19.628 @EPA002 838面用稀释剂
10:08:19.629 @EPA004 200.000000
10:08:19.632 @EPA001 201808
10:08:19.633 @EPA002 907-2固化剂 
10:08:19.634 @EPA004 20.000000
10:08:19.637 @EPA001 201808
10:08:19.638 @EPA002 底得宝HX-30
10:08:19.639 @EPA004 10.000000
10:08:19.641 @EPA001 201808
10:08:19.643 @EPA002 HX-15修色金油
10:08:19.644 @EPA004 113.000000
10:08:19.646 @EPA001 201808
10:08:19.647 @EPA002 63YA6面漆
10:08:19.648 @EPA004 30.000000
10:08:19.652 @EPA001 201808
10:08:19.653 @EPA002 907-2面漆
10:08:19.655 @EPA004 40.000000
10:08:19.657 @EPA001 201808
10:08:19.658 @EPA002 HX-8208水性面漆
10:08:19.659 @EPA004 60.000000
10:08:19.662 @EPA001 201808
10:08:19.663 @EPA002 底得宝固化剂533
10:08:19.664 @EPA004 8.000000
10:08:19.668 @EPA001 201808
10:08:19.670 @EPA002 500固化剂
10:08:19.671 @EPA004 110.000000
10:08:19.673 @EPA001 201808
10:08:19.675 @EPA002 松香水
10:08:19.676 @EPA004 0.000000
10:08:19.680 @EPA001 201808
10:08:19.681 @EPA002 大宝稀释剂
10:08:19.682 @EPA004 30.000000
10:08:19.685 @EPA001 201808
10:08:19.686 @EPA002 调好格丽斯
10:08:19.688 @EPA004 0.000000
10:08:19.690 @EPA001 201808
10:08:19.691 @EPA002 HX-9029-2水性面漆
10:08:19.693 @EPA004 20.000000
10:08:19.695 @EPA001 201808
10:08:19.696 @EPA002 HX-9029-3水性面漆
10:08:19.697 @EPA004 200.000000
10:08:19.700 @EPA001 201808
10:08:19.702 @EPA002 HX-502水性修色漆
10:08:19.703 @EPA004 96.000000
10:08:19.705 @EPA001 201808
10:08:19.706 @EPA002 HX17-3面漆
10:08:19.708 @EPA004 60.000000
10:08:19.710 @EPA001 201808
10:08:19.711 @EPA002 HX17-3固化剂
10:08:19.713 @EPA004 50.000000
10:08:19.715 @EPA001 201808
10:08:19.717 @EPA002 63YB固化剂
10:08:19.718 @EPA004 20.000000
10:08:19.721 @EPA001 201808
10:08:19.722 @EPA002 HX-T固化剂
10:08:19.724 @EPA004 62.000000
10:08:19.728 @EPA001 201808
10:08:19.729 @EPA002 HX-8207水性底漆
10:08:19.731 @EPA004 160.000000
10:08:19.734 @EPA001 201808
10:08:19.735 @EPA002 HX-T底用稀释剂
10:08:19.737 @EPA004 180.000000
10:08:19.740 @EPA001 201808
10:08:19.742 @EPA002 HX-T底漆
10:08:19.743 @EPA004 60.000000
