08:05:04.468  异常信息：由于连接方在一段时间后没有正确答复或连接的主机没有反应，连接尝试失败。 192.168.1.188:80
  堆栈信息:   在 AutoUpdate.AppUpdate.DownloadFile(String url, String localFilePath) 位置 D:\ProjectData\MoXia\Project\Carpenter\Carpenter\AppUpdate.cs:行号 242
   在 AutoUpdate.AppUpdate.CheckAppVersion(String& msg) 位置 D:\ProjectData\MoXia\Project\Carpenter\Carpenter\AppUpdate.cs:行号 310
08:13:19.418  异常信息：由于连接方在一段时间后没有正确答复或连接的主机没有反应，连接尝试失败。 192.168.1.188:80
  堆栈信息:   在 AutoUpdate.AppUpdate.DownloadFile(String url, String localFilePath) 位置 D:\ProjectData\MoXia\Project\Carpenter\Carpenter\AppUpdate.cs:行号 242
   在 AutoUpdate.AppUpdate.CheckAppVersion(String& msg) 位置 D:\ProjectData\MoXia\Project\Carpenter\Carpenter\AppUpdate.cs:行号 310
08:18:38.342 @EMP002 系统管理员
08:18:38.347 @EMP009 d2f278e251d1566edd72846d4ad97f
08:20:28.834 @PDW001 20181203001
08:20:28.834 @PDW002 定制1825
08:20:28.834 @PDW003 1825.6.20.008
08:20:28.835 @PDW004 定制1607床头柜
08:20:28.835 @PDW005 
08:20:28.835 @PDW006 4
08:20:28.835 @PDW007 4
08:20:28.835 @PDW008 0
08:20:28.836 @PDW009 0
08:20:28.836 @PDW010 0
08:20:28.836 @PDW011 0
08:20:28.836 @PDW012 2018/12/2 8:20:26
08:20:28.837 @PDW013 2018/12/3 8:20:28
08:20:28.837 @PDW014 系统管理员
08:20:28.837 @PDW015 False
08:20:28.837 @PDW016 
08:20:28.838 @PDW017 
08:22:27.553 @PWF001 20181203001
08:22:27.553 @PWF002 定制1825
08:22:27.553 @PWF003 1825.6.20.008
08:22:27.553 @PWF004 定制1607床头柜
08:22:27.553 @PWF005 
08:22:27.553 @PWF006 4
08:22:27.553 @PWF007 4
08:22:27.553 @PWF008 0
08:22:27.554 @PWF009 0
08:22:27.554 @PWF010 0
08:22:27.554 @PWF011 0
08:22:27.554 @PWF012 2018/12/2 8:22:24
08:22:27.554 @PWF013 2018/12/3 8:22:27
08:22:27.554 @PWF014 系统管理员
08:22:27.554 @PWF015 False
08:22:27.554 @PWF016 0
08:22:27.555 @PWF017 
08:45:03.836 @EMP002 系统管理员
08:45:03.842 @EMP009 d2f278e251d1566edd72846d4ad97f
08:45:21.547 @EMP002 系统管理员
08:45:21.555 @EMP009 cebfd1559b68d67688884d7a3d3e8c
08:45:23.929 @EMP002 系统管理员
08:45:23.929 @EMP009 d2f278e251d1566edd72846d4ad97f
08:50:47.357 @EMP002 系统管理员
08:50:47.362 @EMP009 d2f278e251d1566edd72846d4ad97f
08:52:03.394 @PWF001 20181203002
08:52:03.395 @PWF002 定制1840
08:52:03.395 @PWF003 1840.10.05.015
08:52:03.395 @PWF004 展厅定制1602沙发背柜
08:52:03.395 @PWF005 1600*405*680
08:52:03.396 @PWF006 1
08:52:03.396 @PWF007 1
08:52:03.396 @PWF008 0
08:52:03.396 @PWF009 0
08:52:03.396 @PWF010 0
08:52:03.396 @PWF011 0
08:52:03.397 @PWF012 2018/12/2 8:51:58
08:52:03.397 @PWF013 2018/12/3 8:52:03
08:52:03.397 @PWF014 系统管理员
08:52:03.397 @PWF015 False
08:52:03.397 @PWF016 0
08:52:03.397 @PWF017 
08:52:03.400 @PWF001 20181203002
08:52:03.401 @PWF002 定制1840
08:52:03.401 @PWF003 1840.10.05.016
08:52:03.401 @PWF004 展厅定制低边厅柜
08:52:03.401 @PWF005 1200*580*900
08:52:03.401 @PWF006 1
08:52:03.401 @PWF007 1
08:52:03.402 @PWF008 0
08:52:03.402 @PWF009 0
08:52:03.402 @PWF010 0
08:52:03.402 @PWF011 0
08:52:03.403 @PWF012 2018/12/2 8:51:58
08:52:03.403 @PWF013 2018/12/3 8:52:03
08:52:03.403 @PWF014 系统管理员
08:52:03.403 @PWF015 False
08:52:03.403 @PWF016 0
08:52:03.403 @PWF017 
08:52:32.917 @PWF001 20181203003
08:52:32.918 @PWF002 定制1840
08:52:32.918 @PWF003 1840.10.05.015
08:52:32.918 @PWF004 展厅定制1602沙发背柜
08:52:32.918 @PWF005 1600*405*680
08:52:32.918 @PWF006 1
08:52:32.918 @PWF007 0
08:52:32.918 @PWF008 1
08:52:32.918 @PWF009 0
08:52:32.918 @PWF010 0
08:52:32.919 @PWF011 0
08:52:32.919 @PWF012 2018/12/2 8:52:31
08:52:32.919 @PWF013 2018/12/3 8:52:32
08:52:32.919 @PWF014 系统管理员
08:52:32.919 @PWF015 False
08:52:32.919 @PWF016 0
08:52:32.919 @PWF017 
08:53:04.894 @PWF001 20181203004
08:53:04.894 @PWF002 1841-6
08:53:04.895 @PWF003 54-1.002.01.007
08:53:04.896 @PWF004 823床头柜
08:53:04.896 @PWF005 580*435*490
08:53:04.896 @PWF006 2
08:53:04.896 @PWF007 0
08:53:04.896 @PWF008 2
08:53:04.896 @PWF009 0
08:53:04.896 @PWF010 0
08:53:04.896 @PWF011 0
08:53:04.897 @PWF012 2018/12/2 8:53:03
08:53:04.897 @PWF013 2018/12/3 8:53:04
08:53:04.897 @PWF014 系统管理员
08:53:04.897 @PWF015 False
08:53:04.897 @PWF016 0
08:53:04.897 @PWF017 20181130001
08:53:04.907 @PWF001 20181203004
08:53:04.907 @PWF002 1841-6
08:53:04.908 @PWF003 54-1.002.10.004
08:53:04.908 @PWF004 821厅地柜2米
08:53:04.908 @PWF005 2000*480*405
08:53:04.908 @PWF006 2
08:53:04.908 @PWF007 0
08:53:04.908 @PWF008 2
08:53:04.908 @PWF009 0
08:53:04.908 @PWF010 0
08:53:04.908 @PWF011 0
08:53:04.909 @PWF012 2018/12/2 8:53:03
08:53:04.909 @PWF013 2018/12/3 8:53:04
08:53:04.909 @PWF014 系统管理员
08:53:04.909 @PWF015 False
08:53:04.909 @PWF016 0
08:53:04.909 @PWF017 20181130001
08:53:48.089 @PWF001 20181203005
08:53:48.089 @PWF002 1841-6
08:53:48.090 @PWF003 54-1.001.03.001-1
08:53:48.090 @PWF004 808床架1.5米
08:53:48.090 @PWF005 
08:53:48.090 @PWF006 3
08:53:48.090 @PWF007 0
08:53:48.090 @PWF008 3
08:53:48.090 @PWF009 0
08:53:48.090 @PWF010 0
08:53:48.090 @PWF011 0
08:53:48.091 @PWF012 2018/12/2 8:53:46
08:53:48.091 @PWF013 2018/12/3 8:53:48
08:53:48.091 @PWF014 系统管理员
08:53:48.091 @PWF015 False
08:53:48.091 @PWF016 0
08:53:48.091 @PWF017 20181130001
08:54:43.438 @PLF001 20181203001
08:54:43.439 @PLF002 定制1840
08:54:43.440 @PLF003 1840.10.05.037
08:54:43.440 @PLF004 展厅1608床靠1.8米
08:54:43.440 @PLF005 
08:54:43.440 @PLF006 1
08:54:43.440 @PLF007 1
08:54:43.440 @PLF008 
08:54:43.440 @PLF009 
08:54:43.440 @PLF012 2018/12/2 8:54:41
08:54:43.440 @PLF013 2018/12/3 8:54:43
08:54:43.441 @PLF014 系统管理员
08:54:43.441 @PLF015 False
08:54:43.441 @PLF016 
08:54:43.441 @PLF010 
08:54:43.441 @PLF017 
08:56:03.160 @EMP002 系统管理员
08:56:03.165 @EMP009 d2f278e251d1566edd72846d4ad97f
09:03:46.475 @EMP002 系统管理员
09:03:46.480 @EMP009 d2f278e251d1566edd72846d4ad97f
09:10:07.594 @EMP002 系统管理员
09:10:07.599 @EMP009 cebfd1559b68d67688884d7a3d3e8c
09:10:09.952 @EMP002 系统管理员
09:10:09.952 @EMP009 d2f278e251d1566edd72846d4ad97f
09:12:55.058 @EMP002 系统管理员
09:12:55.063 @EMP009 d2f278e251d1566edd72846d4ad97f
09:33:48.490 @EMP002 系统管理员
09:33:48.494 @EMP009 d2f278e251d1566edd72846d4ad97f
09:52:58.678 @EMP002 系统管理员
09:52:58.684 @EMP009 d2f278e251d1566edd72846d4ad97f
09:56:19.801 @EMP002 系统管理员
09:56:19.806 @EMP009 bf49eb94c9b8888355970b66c228fcf
09:56:23.098 @EMP002 系统管理员
09:56:23.098 @EMP009 d2f278e251d1566edd72846d4ad97f
09:56:56.844 @PRD001 103019
09:56:56.844 @PRD002 木工四面刨
09:56:56.844 @PRD003 四面刨
09:56:56.845 @PRD004 782
09:56:56.845 @PRD005 曹尚华
09:56:56.845 @PRD006 201812020141
09:56:56.846 @PRD007 18.12.1联系单
09:56:56.846 @PRD008 61-1.005.08.006
09:56:56.846 @PRD009 1607-B贵妃沙发软包右
09:56:56.846 @PRD010 2070*1040*570
09:56:56.846 @PRD011 中角木
09:56:56.846 @PRD012 100.0
09:56:56.846 @PRD013 2018/12/3 9:56:56
09:56:56.846 @PRD014 True
09:56:56.847 @PRD015 4517
09:56:56.847 @PRD016 
09:56:56.847 @PRD017 2018/12/3 9:56:56
09:56:56.847 @PRD018 系统管理员
09:56:56.847 @PRD019 100.0
09:56:56.847 @PRD020 False
09:56:56.847 @PRD021 False
09:56:56.848 @PRD022 
09:56:56.848 @PRD023 1
09:56:56.848 @PRD024 
09:56:56.848 @PRD025 0
09:56:56.848 @PRD026 
09:56:56.848 @PRD027 
09:56:56.848 @PRD028 0
09:56:56.848 @PRD029 0
09:56:56.848 @PRD030 0
09:56:56.849 @PRD031 
09:56:56.849 @PRD032 0019
09:56:56.849 @PRD033 长度
09:56:56.849 @PRD034 60*30*30
09:56:56.849 @PRD035 False
09:56:56.849 @PRD036 
09:56:56.849 @PRD037 0
09:56:56.849 @PRD038 
09:56:56.849 @PRD039 0
09:56:56.850 @PRD040 
09:56:56.852 @PRD041 0
09:56:56.852 @PRD042 20
09:56:56.852 @PRD043 77
09:56:56.852 @PRD044 
09:56:56.865 @PRE001 4517
09:56:56.865 @PRE002 标准
09:56:56.865 @PRE003 0.000000
09:56:56.865 @PRE004 1200.000000
09:56:56.865 @PRE005 0.160000
09:56:56.865 @PRE006 
09:56:56.865 @PRE007 
09:56:56.866 @PRE008 0.000000
09:56:56.866 @PRE009 5000.000000
09:56:56.866 @PRE010 0.000000
09:56:56.866 @PRE011 5000.000000
09:56:56.871 @PRE001 4517
09:56:56.871 @PRE002 标准
09:56:56.871 @PRE003 1200.000000
09:56:56.872 @PRE004 10000.000000
09:56:56.872 @PRE005 0.120000
09:56:56.872 @PRE006 
09:56:56.872 @PRE007 
09:56:56.872 @PRE008 0.000000
09:56:56.873 @PRE009 5000.000000
09:56:56.873 @PRE010 0.000000
09:56:56.873 @PRE011 5000.000000
09:56:59.323 @PRE001 4518
09:56:59.323 @PRE002 标准
09:56:59.323 @PRE003 0.000000
09:56:59.323 @PRE004 1200.000000
09:56:59.323 @PRE005 0.160000
09:56:59.323 @PRE006 
09:56:59.323 @PRE007 
09:56:59.323 @PRE008 0.000000
09:56:59.324 @PRE009 5000.000000
09:56:59.324 @PRE010 0.000000
09:56:59.324 @PRE011 5000.000000
09:56:59.325 @PRE001 4518
09:56:59.325 @PRE002 标准
09:56:59.325 @PRE003 1200.000000
09:56:59.326 @PRE004 10000.000000
09:56:59.326 @PRE005 0.120000
09:56:59.326 @PRE006 
09:56:59.326 @PRE007 
09:56:59.326 @PRE008 0.000000
09:56:59.326 @PRE009 5000.000000
09:56:59.326 @PRE010 0.000000
09:56:59.326 @PRE011 5000.000000
09:56:59.328 @PRD001 103019
09:56:59.328 @PRD002 木工四面刨
09:56:59.329 @PRD003 四面刨
09:56:59.329 @PRD004 782
09:56:59.329 @PRD005 曹尚华
09:56:59.329 @PRD006 201812020141
09:56:59.329 @PRD007 18.12.1联系单
09:56:59.329 @PRD008 61-1.005.08.006
09:56:59.330 @PRD009 1607-B贵妃沙发软包右
09:56:59.330 @PRD010 2070*1040*570
09:56:59.330 @PRD011 中角木
09:56:59.330 @PRD012 100.0
09:56:59.330 @PRD013 2018/12/3 9:56:59
09:56:59.330 @PRD014 False
09:56:59.330 @PRD015 4518
09:56:59.331 @PRD016 
09:56:59.331 @PRD017 2018/12/3 9:56:59
09:56:59.331 @PRD018 系统管理员
09:56:59.331 @PRD019 100.0
09:56:59.331 @PRD020 False
09:56:59.331 @PRD021 False
09:56:59.331 @PRD022 
09:56:59.331 @PRD023 1
09:56:59.332 @PRD024 
09:56:59.332 @PRD025 0
09:56:59.332 @PRD026 
09:56:59.332 @PRD027 
09:56:59.332 @PRD028 0
09:56:59.332 @PRD029 0
09:56:59.333 @PRD030 0
09:56:59.333 @PRD031 
09:56:59.333 @PRD032 0019
09:56:59.333 @PRD033 长度
09:56:59.333 @PRD034 60*30*30
09:56:59.333 @PRD035 False
09:56:59.333 @PRD036 
09:56:59.333 @PRD037 0
09:56:59.333 @PRD038 
09:56:59.334 @PRD039 0
09:56:59.334 @PRD040 
09:56:59.334 @PRD041 0
09:56:59.334 @PRD042 20
09:56:59.334 @PRD043 77
09:56:59.334 @PRD044 
09:58:14.573 @EMP002 系统管理员
09:58:14.581 @EMP009 d2f278e251d1566edd72846d4ad97f
09:59:12.861 @PRE001 4519
09:59:12.861 @PRE002 标准
09:59:12.861 @PRE003 0.000000
09:59:12.861 @PRE004 1200.000000
09:59:12.861 @PRE005 0.160000
09:59:12.862 @PRE006 
09:59:12.862 @PRE007 
09:59:12.862 @PRE008 0.000000
09:59:12.862 @PRE009 5000.000000
09:59:12.862 @PRE010 0.000000
09:59:12.862 @PRE011 5000.000000
09:59:12.864 @PRE001 4519
09:59:12.864 @PRE002 标准
09:59:12.865 @PRE003 1200.000000
09:59:12.865 @PRE004 10000.000000
09:59:12.865 @PRE005 0.120000
09:59:12.865 @PRE006 
09:59:12.865 @PRE007 
09:59:12.865 @PRE008 0.000000
09:59:12.865 @PRE009 5000.000000
09:59:12.865 @PRE010 0.000000
09:59:12.866 @PRE011 5000.000000
09:59:12.868 @PRD001 103019
09:59:12.868 @PRD002 木工四面刨
09:59:12.868 @PRD003 四面刨
09:59:12.868 @PRD004 796
09:59:12.868 @PRD005 冯爱梅
09:59:12.868 @PRD006 201812020142
09:59:12.869 @PRD007 18.12.1联系单
09:59:12.869 @PRD008 61-1.005.08.006
09:59:12.869 @PRD009 1607-B贵妃沙发软包右
09:59:12.869 @PRD010 2070*1040*570
09:59:12.869 @PRD011 扶手前后
09:59:12.869 @PRD012 40.0
09:59:12.870 @PRD013 2018/12/3 9:59:12
09:59:12.870 @PRD014 True
09:59:12.870 @PRD015 4519
09:59:12.870 @PRD016 
09:59:12.870 @PRD017 2018/12/3 9:59:12
09:59:12.870 @PRD018 系统管理员
09:59:12.871 @PRD019 40.0
09:59:12.871 @PRD020 False
09:59:12.871 @PRD021 False
09:59:12.871 @PRD022 
09:59:12.871 @PRD023 1
09:59:12.872 @PRD024 
09:59:12.872 @PRD025 0
09:59:12.872 @PRD026 
09:59:12.872 @PRD027 
09:59:12.873 @PRD028 0
09:59:12.873 @PRD029 0
09:59:12.873 @PRD030 0
09:59:12.873 @PRD031 
09:59:12.873 @PRD032 0019
09:59:12.873 @PRD033 长度
09:59:12.874 @PRD034 370*230*12
09:59:12.874 @PRD035 False
09:59:12.874 @PRD036 
09:59:12.874 @PRD037 0
09:59:12.874 @PRD038 
09:59:12.874 @PRD039 0
09:59:12.875 @PRD040 
09:59:12.875 @PRD041 0
09:59:12.875 @PRD042 20
09:59:12.875 @PRD043 78
09:59:12.875 @PRD044 备料车间
09:59:15.282 @PRE001 4520
09:59:15.282 @PRE002 标准
09:59:15.282 @PRE003 0.000000
09:59:15.282 @PRE004 1200.000000
09:59:15.282 @PRE005 0.160000
09:59:15.283 @PRE006 
09:59:15.283 @PRE007 
09:59:15.283 @PRE008 0.000000
09:59:15.283 @PRE009 5000.000000
09:59:15.283 @PRE010 0.000000
09:59:15.283 @PRE011 5000.000000
09:59:15.284 @PRD001 103019
09:59:15.284 @PRD002 木工四面刨
09:59:15.285 @PRD003 四面刨
09:59:15.285 @PRD004 796
09:59:15.285 @PRD005 冯爱梅
09:59:15.285 @PRD006 201812020142
09:59:15.285 @PRD007 18.12.1联系单
09:59:15.285 @PRD008 61-1.005.08.006
09:59:15.285 @PRD009 1607-B贵妃沙发软包右
09:59:15.285 @PRD010 2070*1040*570
09:59:15.285 @PRD011 扶手前后
09:59:15.286 @PRD012 40.0
09:59:15.286 @PRD013 2018/12/3 9:59:15
09:59:15.286 @PRD014 False
09:59:15.286 @PRD015 4520
09:59:15.286 @PRD016 
09:59:15.286 @PRD017 2018/12/3 9:59:15
09:59:15.286 @PRD018 系统管理员
09:59:15.286 @PRD019 40.0
09:59:15.286 @PRD020 False
09:59:15.287 @PRD021 False
09:59:15.287 @PRD022 
09:59:15.287 @PRD023 1
09:59:15.287 @PRD024 
09:59:15.287 @PRD025 0
09:59:15.287 @PRD026 
09:59:15.287 @PRD027 
09:59:15.287 @PRD028 0
09:59:15.288 @PRD029 0
09:59:15.288 @PRD030 0
09:59:15.288 @PRD031 
09:59:15.288 @PRD032 0019
09:59:15.288 @PRD033 长度
09:59:15.288 @PRD034 370*230*12
09:59:15.288 @PRD035 False
09:59:15.288 @PRD036 
09:59:15.289 @PRD037 0
09:59:15.289 @PRD038 
09:59:15.289 @PRD039 0
09:59:15.289 @PRD040 
09:59:15.289 @PRD041 0
09:59:15.289 @PRD042 20
09:59:15.289 @PRD043 78
09:59:15.289 @PRD044 备料车间
09:59:15.311 @PRE001 4520
09:59:15.311 @PRE002 标准
09:59:15.312 @PRE003 1200.000000
09:59:15.312 @PRE004 10000.000000
09:59:15.312 @PRE005 0.120000
09:59:15.312 @PRE006 
09:59:15.312 @PRE007 
09:59:15.312 @PRE008 0.000000
09:59:15.312 @PRE009 5000.000000
09:59:15.312 @PRE010 0.000000
09:59:15.312 @PRE011 5000.000000
