13:55:55.064 @EMP002 系统管理员
13:55:55.070 @EMP009 cebfd1559b68d67688884d7a3d3e8c
13:55:58.641 @EMP002 系统管理员
13:55:58.641 @EMP009 48556d14f781e981ce1ffe7f47491b
13:56:05.238 @EMP002 系统管理员
13:56:05.238 @EMP009 d2f278e251d1566edd72846d4ad97f
13:57:59.839 @EMP002 系统管理员
13:57:59.843 @EMP009 d2f278e251d1566edd72846d4ad97f
14:15:03.810 @PRD001 103051
14:15:03.810 @PRD002 弯料画线机台
14:15:03.811 @PRD003 画线
14:15:03.812 @PRD004 1212
14:15:03.812 @PRD005 李志斌
14:15:03.812 @PRD006 201812010127
14:15:03.812 @PRD007 1847-4
14:15:03.812 @PRD008 62-1.005.08.004
14:15:03.812 @PRD009 1808三人沙发（右）
14:15:03.812 @PRD010 2010*900*480
14:15:03.812 @PRD011 内封边
14:15:03.812 @PRD012 6.0
14:15:03.813 @PRD013 2018/12/28 14:15:03
14:15:03.813 @PRD014 True
14:15:03.813 @PRD015 5654
14:15:03.813 @PRD016 
14:15:03.813 @PRD017 2018/12/28 14:15:03
14:15:03.813 @PRD018 系统管理员
14:15:03.813 @PRD019 6.0
14:15:03.813 @PRD020 False
14:15:03.813 @PRD021 False
14:15:03.813 @PRD022 
14:15:03.814 @PRD023 1
14:15:03.814 @PRD024 
14:15:03.814 @PRD025 0
14:15:03.814 @PRD026 
14:15:03.814 @PRD027 
14:15:03.814 @PRD028 0
14:15:03.814 @PRD029 0
14:15:03.814 @PRD030 0
14:15:03.814 @PRD031 
14:15:03.814 @PRD032 0011
14:15:03.815 @PRD033 长度
14:15:03.815 @PRD034 毛2025*毛67*净6
14:15:03.815 @PRD035 False
14:15:03.815 @PRD036 
14:15:03.815 @PRD037 0
14:15:03.815 @PRD038 
14:15:03.815 @PRD039 0
14:15:03.815 @PRD040 
14:15:03.815 @PRD041 0
14:15:03.815 @PRD042 3
14:15:03.816 @PRD043 83
14:15:03.816 @PRD044 机加工车间
14:15:03.833 @PRD001 103051
14:15:03.834 @PRD002 弯料画线机台
14:15:03.834 @PRD003 画线
14:15:03.834 @PRD004 766
14:15:03.834 @PRD005 章小胜
14:15:03.834 @PRD006 201812010127
14:15:03.834 @PRD007 1847-4
14:15:03.834 @PRD008 62-1.005.08.004
14:15:03.836 @PRD009 1808三人沙发（右）
14:15:03.836 @PRD010 2010*900*480
14:15:03.836 @PRD011 内封边
14:15:03.836 @PRD012 6.0
14:15:03.836 @PRD013 2018/12/28 14:15:03
14:15:03.836 @PRD014 True
14:15:03.836 @PRD015 5654
14:15:03.837 @PRD016 
14:15:03.837 @PRD017 2018/12/28 14:15:03
14:15:03.837 @PRD018 系统管理员
14:15:03.837 @PRD019 6.0
14:15:03.837 @PRD020 False
14:15:03.837 @PRD021 False
14:15:03.837 @PRD022 
14:15:03.837 @PRD023 1
14:15:03.837 @PRD024 
14:15:03.837 @PRD025 0
14:15:03.838 @PRD026 
14:15:03.838 @PRD027 
14:15:03.838 @PRD028 0
14:15:03.838 @PRD029 0
14:15:03.838 @PRD030 0
14:15:03.838 @PRD031 
14:15:03.838 @PRD032 0011
14:15:03.838 @PRD033 长度
14:15:03.839 @PRD034 毛2025*毛67*净6
14:15:03.839 @PRD035 False
14:15:03.839 @PRD036 
14:15:03.839 @PRD037 0
14:15:03.839 @PRD038 
14:15:03.839 @PRD039 0
14:15:03.839 @PRD040 
14:15:03.839 @PRD041 0
14:15:03.839 @PRD042 3
14:15:03.839 @PRD043 83
14:15:03.840 @PRD044 备料车间
14:15:03.843 @PRE001 5654
14:15:03.843 @PRE002 标准
14:15:03.843 @PRE003 0.000000
14:15:03.843 @PRE004 4000.000000
14:15:03.843 @PRE005 0.120000
14:15:03.843 @PRE006 0.11/米
14:15:03.843 @PRE007 
14:15:03.844 @PRE008 0.000000
14:15:03.844 @PRE009 5000.000000
14:15:03.844 @PRE010 0.000000
14:15:03.844 @PRE011 5000.000000
14:15:03.849 @PRD001 103051
14:15:03.849 @PRD002 弯料画线机台
14:15:03.849 @PRD003 画线
14:15:03.850 @PRD004 1244
14:15:03.850 @PRD005 汪榴娟
14:15:03.850 @PRD006 201812010127
14:15:03.850 @PRD007 1847-4
14:15:03.850 @PRD008 62-1.005.08.004
14:15:03.851 @PRD009 1808三人沙发（右）
14:15:03.851 @PRD010 2010*900*480
14:15:03.851 @PRD011 内封边
14:15:03.851 @PRD012 6.0
14:15:03.851 @PRD013 2018/12/28 14:15:03
14:15:03.852 @PRD014 True
14:15:03.852 @PRD015 5654
14:15:03.852 @PRD016 
14:15:03.852 @PRD017 2018/12/28 14:15:03
14:15:03.852 @PRD018 系统管理员
14:15:03.852 @PRD019 6.0
14:15:03.853 @PRD020 False
14:15:03.853 @PRD021 False
14:15:03.853 @PRD022 
14:15:03.853 @PRD023 1
14:15:03.853 @PRD024 
14:15:03.853 @PRD025 0
14:15:03.854 @PRD026 
14:15:03.854 @PRD027 
14:15:03.854 @PRD028 0
14:15:03.854 @PRD029 0
14:15:03.854 @PRD030 0
14:15:03.855 @PRD031 
14:15:03.855 @PRD032 0011
14:15:03.855 @PRD033 长度
14:15:03.855 @PRD034 毛2025*毛67*净6
14:15:03.855 @PRD035 False
14:15:03.855 @PRD036 
14:15:03.856 @PRD037 0
14:15:03.856 @PRD038 
14:15:03.856 @PRD039 0
14:15:03.856 @PRD040 
14:15:03.856 @PRD041 0
14:15:03.856 @PRD042 3
14:15:03.857 @PRD043 83
14:15:03.857 @PRD044 机加工车间
14:15:32.713 @PRD001 103051
14:15:32.713 @PRD002 弯料画线机台
14:15:32.713 @PRD003 画线
14:15:32.713 @PRD004 1244
14:15:32.713 @PRD005 汪榴娟
14:15:32.713 @PRD006 201812010127
14:15:32.714 @PRD007 1847-4
14:15:32.714 @PRD008 62-1.005.08.004
14:15:32.714 @PRD009 1808三人沙发（右）
14:15:32.714 @PRD010 2010*900*480
14:15:32.714 @PRD011 内封边
14:15:32.714 @PRD012 6.0
14:15:32.714 @PRD013 2018/12/28 14:15:32
14:15:32.714 @PRD014 False
14:15:32.714 @PRD015 5655
14:15:32.714 @PRD016 
14:15:32.715 @PRD017 2018/12/28 14:15:32
14:15:32.715 @PRD018 系统管理员
14:15:32.715 @PRD019 6.0
14:15:32.715 @PRD020 False
14:15:32.715 @PRD021 False
14:15:32.715 @PRD022 
14:15:32.715 @PRD023 1
14:15:32.715 @PRD024 
14:15:32.715 @PRD025 0
14:15:32.716 @PRD026 
14:15:32.716 @PRD027 
14:15:32.716 @PRD028 0
14:15:32.716 @PRD029 0
14:15:32.716 @PRD030 0
14:15:32.716 @PRD031 
14:15:32.716 @PRD032 0011
14:15:32.716 @PRD033 长度
14:15:32.716 @PRD034 毛2025*毛67*净6
14:15:32.716 @PRD035 False
14:15:32.717 @PRD036 
14:15:32.717 @PRD037 0
14:15:32.717 @PRD038 
14:15:32.717 @PRD039 0
14:15:32.717 @PRD040 
14:15:32.717 @PRD041 0
14:15:32.717 @PRD042 3
14:15:32.717 @PRD043 83
14:15:32.717 @PRD044 机加工车间
14:15:32.745 @PRD001 103051
14:15:32.745 @PRD002 弯料画线机台
14:15:32.746 @PRD003 画线
14:15:32.746 @PRD004 766
14:15:32.747 @PRD005 章小胜
14:15:32.747 @PRD006 201812010127
14:15:32.747 @PRD007 1847-4
14:15:32.747 @PRD008 62-1.005.08.004
14:15:32.747 @PRD009 1808三人沙发（右）
14:15:32.747 @PRD010 2010*900*480
14:15:32.747 @PRD011 内封边
14:15:32.748 @PRD012 6.0
14:15:32.748 @PRD013 2018/12/28 14:15:32
14:15:32.748 @PRD014 False
14:15:32.748 @PRD015 5655
14:15:32.748 @PRD016 
14:15:32.748 @PRD017 2018/12/28 14:15:32
14:15:32.748 @PRD018 系统管理员
14:15:32.748 @PRD019 6.0
14:15:32.749 @PRD020 False
14:15:32.749 @PRD021 False
14:15:32.749 @PRD022 
14:15:32.749 @PRD023 1
14:15:32.749 @PRD024 
14:15:32.749 @PRD025 0
14:15:32.749 @PRD026 
14:15:32.749 @PRD027 
14:15:32.749 @PRD028 0
14:15:32.750 @PRD029 0
14:15:32.750 @PRD030 0
14:15:32.750 @PRD031 
14:15:32.750 @PRD032 0011
14:15:32.750 @PRD033 长度
14:15:32.751 @PRD034 毛2025*毛67*净6
14:15:32.751 @PRD035 False
14:15:32.751 @PRD036 
14:15:32.751 @PRD037 0
14:15:32.751 @PRD038 
14:15:32.751 @PRD039 0
14:15:32.752 @PRD040 
14:15:32.752 @PRD041 0
14:15:32.752 @PRD042 3
14:15:32.752 @PRD043 83
14:15:32.752 @PRD044 备料车间
14:15:32.755 @PRD001 103051
14:15:32.756 @PRD002 弯料画线机台
14:15:32.756 @PRD003 画线
14:15:32.756 @PRD004 1212
14:15:32.756 @PRD005 李志斌
14:15:32.756 @PRD006 201812010127
14:15:32.757 @PRD007 1847-4
14:15:32.757 @PRD008 62-1.005.08.004
14:15:32.757 @PRD009 1808三人沙发（右）
14:15:32.757 @PRD010 2010*900*480
14:15:32.757 @PRD011 内封边
14:15:32.757 @PRD012 6.0
14:15:32.758 @PRD013 2018/12/28 14:15:32
14:15:32.758 @PRD014 False
14:15:32.758 @PRD015 5655
14:15:32.758 @PRD016 
14:15:32.758 @PRD017 2018/12/28 14:15:32
14:15:32.758 @PRD018 系统管理员
14:15:32.759 @PRD019 6.0
14:15:32.759 @PRD020 False
14:15:32.759 @PRD021 False
14:15:32.759 @PRD022 
14:15:32.759 @PRD023 1
14:15:32.759 @PRD024 
14:15:32.760 @PRD025 0
14:15:32.760 @PRD026 
14:15:32.760 @PRD027 
14:15:32.760 @PRD028 0
14:15:32.760 @PRD029 0
14:15:32.760 @PRD030 0
14:15:32.761 @PRD031 
14:15:32.761 @PRD032 0011
14:15:32.761 @PRD033 长度
14:15:32.761 @PRD034 毛2025*毛67*净6
14:15:32.761 @PRD035 False
14:15:32.761 @PRD036 
14:15:32.762 @PRD037 0
14:15:32.762 @PRD038 
14:15:32.762 @PRD039 0
14:15:32.762 @PRD040 
14:15:32.762 @PRD041 0
14:15:32.762 @PRD042 3
14:15:32.763 @PRD043 83
14:15:32.763 @PRD044 机加工车间
14:15:32.765 @PRE001 5655
14:15:32.765 @PRE002 标准
14:15:32.766 @PRE003 0.000000
14:15:32.766 @PRE004 4000.000000
14:15:32.766 @PRE005 0.120000
14:15:32.766 @PRE006 0.11/米
14:15:32.766 @PRE007 
14:15:32.767 @PRE008 0.000000
14:15:32.767 @PRE009 5000.000000
14:15:32.767 @PRE010 0.000000
14:15:32.767 @PRE011 5000.000000
14:42:29.611 @EMP002 系统管理员
14:42:29.617 @EMP009 d2f278e251d1566edd72846d4ad97f
14:43:59.141 @EMP002 系统管理员
14:43:59.148 @EMP009 cebfd1559b68d67688884d7a3d3e8c
14:44:02.002 @EMP002 系统管理员
14:44:02.003 @EMP009 d2f278e251d1566edd72846d4ad97f
14:45:27.076 @EMP002 系统管理员
14:45:27.085 @EMP009 cebfd1559b68d67688884d7a3d3e8c
14:45:28.727 @EMP002 系统管理员
14:45:28.727 @EMP009 d2f278e251d1566edd72846d4ad97f
14:47:21.293 @EMP002 系统管理员
14:47:21.300 @EMP009 cebfd1559b68d67688884d7a3d3e8c
14:48:43.168 @EMP002 系统管理员
14:48:43.168 @EMP009 d2f278e251d1566edd72846d4ad97f
14:52:44.147 @EMP002 系统管理员
14:52:44.152 @EMP009 cebfd1559b68d67688884d7a3d3e8c
14:52:47.503 @EMP002 系统管理员
14:52:47.503 @EMP009 d2f278e251d1566edd72846d4ad97f
14:54:03.063 @EMP002 系统管理员
14:54:03.070 @EMP009 cebfd1559b68d67688884d7a3d3e8c
14:54:05.514 @EMP002 系统管理员
14:54:05.514 @EMP009 d2f278e251d1566edd72846d4ad97f
14:54:36.846 创建窗口句柄时出错。

Stack Trace:
   在 System.Windows.Forms.NativeWindow.CreateHandle(CreateParams cp)
   在 System.Windows.Forms.Control.CreateHandle()
   在 System.Windows.Forms.Control.get_Handle()
   在 System.Windows.Forms.Control.get_WindowText()
   在 Carpenter.FormCodeDailyWork.ThreadProcSafePost() 位置 D:\ProjectData\MoXia\Project\Carpenter\Carpenter\FormCodeDailyWork.cs:行号 600
   在 System.Threading.ExecutionContext.RunInternal(ExecutionContext executionContext, ContextCallback callback, Object state, Boolean preserveSyncCtx)
   在 System.Threading.ExecutionContext.Run(ExecutionContext executionContext, ContextCallback callback, Object state, Boolean preserveSyncCtx)
   在 System.Threading.ExecutionContext.Run(ExecutionContext executionContext, ContextCallback callback, Object state)
   在 System.Threading.ThreadHelper.ThreadStart()
16:00:00.266    在 System.Data.SqlClient.SqlInternalConnectionTds..ctor(DbConnectionPoolIdentity identity, SqlConnectionString connectionOptions, SqlCredential credential, Object providerInfo, String newPassword, SecureString newSecurePassword, Boolean redirectedUserInstance, SqlConnectionString userConnectionOptions, SessionData reconnectSessionData, DbConnectionPool pool, String accessToken, Boolean applyTransientFaultHandling, SqlAuthenticationProviderManager sqlAuthProviderManager)
   在 System.Data.SqlClient.SqlConnectionFactory.CreateConnection(DbConnectionOptions options, DbConnectionPoolKey poolKey, Object poolGroupProviderInfo, DbConnectionPool pool, DbConnection owningConnection, DbConnectionOptions userOptions)
   在 System.Data.ProviderBase.DbConnectionFactory.CreatePooledConnection(DbConnectionPool pool, DbConnection owningObject, DbConnectionOptions options, DbConnectionPoolKey poolKey, DbConnectionOptions userOptions)
   在 System.Data.ProviderBase.DbConnectionPool.CreateObject(DbConnection owningObject, DbConnectionOptions userOptions, DbConnectionInternal oldConnection)
   在 System.Data.ProviderBase.DbConnectionPool.UserCreateRequest(DbConnection owningObject, DbConnectionOptions userOptions, DbConnectionInternal oldConnection)
   在 System.Data.ProviderBase.DbConnectionPool.TryGetConnection(DbConnection owningObject, UInt32 waitForMultipleObjectsTimeout, Boolean allowCreate, Boolean onlyOneCheckConnection, DbConnectionOptions userOptions, DbConnectionInternal& connection)
   在 System.Data.ProviderBase.DbConnectionPool.TryGetConnection(DbConnection owningObject, TaskCompletionSource`1 retry, DbConnectionOptions userOptions, DbConnectionInternal& connection)
   在 System.Data.ProviderBase.DbConnectionFactory.TryGetConnection(DbConnection owningConnection, TaskCompletionSource`1 retry, DbConnectionOptions userOptions, DbConnectionInternal oldConnection, DbConnectionInternal& connection)
   在 System.Data.ProviderBase.DbConnectionInternal.TryOpenConnectionInternal(DbConnection outerConnection, DbConnectionFactory connectionFactory, TaskCompletionSource`1 retry, DbConnectionOptions userOptions)
   在 System.Data.SqlClient.SqlConnection.TryOpenInner(TaskCompletionSource`1 retry)
   在 System.Data.SqlClient.SqlConnection.TryOpen(TaskCompletionSource`1 retry)
   在 System.Data.SqlClient.SqlConnection.Open()
   在 StudentMgr.SqlHelper.ExecuteDataTable(String cmdText, SqlParameter[] parameters) 位置 D:\ProjectData\MoXia\Project\Carpenter\CarpenterBll\SqlHelper.cs:行号 294
   在 CarpenterBll.Dao.EmployeeDao.GetUserNum(String username) 位置 D:\ProjectData\MoXia\Project\Carpenter\CarpenterBll\Dao\EmployeeDao.cs:行号 241
   在 CarpenterBll.Bll.EmployeeBll.GetUserNum(String username) 位置 D:\ProjectData\MoXia\Project\Carpenter\CarpenterBll\Bll\EmployeeBll.cs:行号 100
   在 Carpenter.FormLogin.readNum() 位置 D:\ProjectData\MoXia\Project\Carpenter\Carpenter\FormLogin.cs:行号 108
   在 Carpenter.FormLogin.btnOk_Click(Object sender, EventArgs e) 位置 D:\ProjectData\MoXia\Project\Carpenter\Carpenter\FormLogin.cs:行号 69
16:00:11.802 @EMP002 系统管理员
16:00:11.802 @EMP009 d2f278e251d1566edd72846d4ad97f
16:12:29.359 @EMP002 系统管理员
16:12:29.364 @EMP009 d2f278e251d1566edd72846d4ad97f
16:14:26.881 @PRD001 103007
16:14:26.881 @PRD002 气动截料锯
16:14:26.881 @PRD003 断大板
16:14:26.881 @PRD004 1212
16:14:26.882 @PRD005 李志斌
16:14:26.882 @PRD006 201812010127
16:14:26.882 @PRD007 1847-4
16:14:26.882 @PRD008 62-1.005.08.004
16:14:26.882 @PRD009 1808三人沙发（右）
16:14:26.882 @PRD010 2010*900*480
16:14:26.882 @PRD011 内封边
16:14:26.882 @PRD012 6.0
16:14:26.883 @PRD013 2018/12/28 16:14:26
16:14:26.883 @PRD014 True
16:14:26.883 @PRD015 13047
16:14:26.883 @PRD016 
16:14:26.883 @PRD017 2018/12/28 16:14:26
16:14:26.883 @PRD018 系统管理员
16:14:26.883 @PRD019 6.0
16:14:26.883 @PRD020 False
16:14:26.883 @PRD021 False
16:14:26.884 @PRD022 
16:14:26.884 @PRD023 1
16:14:26.884 @PRD024 
16:14:26.884 @PRD025 0
16:14:26.884 @PRD026 
16:14:26.884 @PRD027 
16:14:26.884 @PRD028 0
16:14:26.884 @PRD029 0
16:14:26.884 @PRD030 0
16:14:26.885 @PRD031 
16:14:26.885 @PRD032 0054
16:14:26.885 @PRD033 立方
16:14:26.885 @PRD034 毛2025*毛67*净6
16:14:26.885 @PRD035 False
16:14:26.885 @PRD036 
16:14:26.885 @PRD037 0
16:14:26.885 @PRD038 
16:14:26.886 @PRD039 0
16:14:26.886 @PRD040 
16:14:26.886 @PRD041 0
16:14:26.886 @PRD042 3
16:14:26.886 @PRD043 127
16:14:26.886 @PRD044 机加工车间
16:14:26.902 @PRE001 13047
16:14:26.902 @PRE002 标准
16:14:26.902 @PRE003 1201.000000
16:14:26.902 @PRE004 40000.000000
16:14:26.902 @PRE005 150.000000
16:14:26.902 @PRE006 
16:14:26.902 @PRE007 
16:14:26.903 @PRE008 0.000000
16:14:26.903 @PRE009 10000.000000
16:14:26.903 @PRE010 37.100000
16:14:26.903 @PRE011 1000.000000
16:14:26.906 @PRE001 13047
16:14:26.906 @PRE002 标准
16:14:26.906 @PRE003 0.000000
16:14:26.906 @PRE004 600.000000
16:14:26.907 @PRE005 320.000000
16:14:26.907 @PRE006 
16:14:26.907 @PRE007 
16:14:26.907 @PRE008 0.000000
16:14:26.907 @PRE009 10000.000000
16:14:26.907 @PRE010 0.000000
16:14:26.907 @PRE011 37.000000
16:14:26.910 @PRE001 13047
16:14:26.910 @PRE002 标准
16:14:26.910 @PRE003 601.000000
16:14:26.910 @PRE004 1200.000000
16:14:26.911 @PRE005 250.000000
16:14:26.911 @PRE006 
16:14:26.911 @PRE007 
16:14:26.911 @PRE008 0.000000
16:14:26.911 @PRE009 10000.000000
16:14:26.911 @PRE010 0.000000
16:14:26.912 @PRE011 37.000000
16:14:26.914 @PRE001 13047
16:14:26.914 @PRE002 标准
16:14:26.914 @PRE003 0.000000
16:14:26.915 @PRE004 600.000000
16:14:26.915 @PRE005 250.000000
16:14:26.915 @PRE006 
16:14:26.915 @PRE007 
16:14:26.915 @PRE008 0.000000
16:14:26.915 @PRE009 10000.000000
16:14:26.915 @PRE010 37.100000
16:14:26.915 @PRE011 1000.000000
16:14:26.918 @PRE001 13047
16:14:26.918 @PRE002 标准
16:14:26.918 @PRE003 601.000000
16:14:26.919 @PRE004 1200.000000
16:14:26.919 @PRE005 190.000000
16:14:26.919 @PRE006 
16:14:26.919 @PRE007 
16:14:26.919 @PRE008 0.000000
16:14:26.920 @PRE009 10000.000000
16:14:26.920 @PRE010 37.100000
16:14:26.920 @PRE011 1000.000000
16:14:26.922 @PRE001 13047
16:14:26.922 @PRE002 标准
16:14:26.923 @PRE003 1200.000000
16:14:26.923 @PRE004 40000.000000
16:14:26.923 @PRE005 190.000000
16:14:26.923 @PRE006 
16:14:26.923 @PRE007 
16:14:26.924 @PRE008 0.000000
16:14:26.924 @PRE009 10000.000000
16:14:26.924 @PRE010 0.000000
16:14:26.924 @PRE011 37.000000
16:15:03.776 @PRE001 13048
16:15:03.776 @PRE002 标准
16:15:03.777 @PRE003 0.000000
16:15:03.777 @PRE004 600.000000
16:15:03.777 @PRE005 320.000000
16:15:03.777 @PRE006 
16:15:03.777 @PRE007 
16:15:03.777 @PRE008 0.000000
16:15:03.777 @PRE009 10000.000000
16:15:03.777 @PRE010 0.000000
16:15:03.777 @PRE011 37.000000
16:15:03.780 @PRE001 13048
16:15:03.780 @PRE002 标准
16:15:03.780 @PRE003 0.000000
16:15:03.780 @PRE004 600.000000
16:15:03.780 @PRE005 250.000000
16:15:03.780 @PRE006 
16:15:03.780 @PRE007 
16:15:03.780 @PRE008 0.000000
16:15:03.781 @PRE009 10000.000000
16:15:03.781 @PRE010 37.100000
16:15:03.781 @PRE011 1000.000000
16:15:03.783 @PRD001 103007
16:15:03.783 @PRD002 气动截料锯
16:15:03.783 @PRD003 断大板
16:15:03.784 @PRD004 1212
16:15:03.784 @PRD005 李志斌
16:15:03.784 @PRD006 201812010127
16:15:03.784 @PRD007 1847-4
16:15:03.786 @PRD008 62-1.005.08.004
16:15:03.786 @PRD009 1808三人沙发（右）
16:15:03.786 @PRD010 2010*900*480
16:15:03.786 @PRD011 内封边
16:15:03.786 @PRD012 6.0
16:15:03.786 @PRD013 2018/12/28 16:15:03
16:15:03.786 @PRD014 False
16:15:03.786 @PRD015 13048
16:15:03.787 @PRD016 
16:15:03.787 @PRD017 2018/12/28 16:15:03
16:15:03.787 @PRD018 系统管理员
16:15:03.787 @PRD019 6
16:15:03.787 @PRD020 False
16:15:03.787 @PRD021 False
16:15:03.787 @PRD022 
16:15:03.787 @PRD023 1
16:15:03.787 @PRD024 
16:15:03.787 @PRD025 0
16:15:03.787 @PRD026 
16:15:03.788 @PRD027 
16:15:03.788 @PRD028 0
16:15:03.788 @PRD029 0
16:15:03.788 @PRD030 0
16:15:03.788 @PRD031 
16:15:03.788 @PRD032 0054
16:15:03.788 @PRD033 立方
16:15:03.788 @PRD034 毛2025*毛67*净6
16:15:03.788 @PRD035 False
16:15:03.789 @PRD036 
16:15:03.789 @PRD037 0
16:15:03.789 @PRD038 
16:15:03.789 @PRD039 0
16:15:03.789 @PRD040 
16:15:03.789 @PRD041 0
16:15:03.789 @PRD042 3
16:15:03.789 @PRD043 127
16:15:03.789 @PRD044 机加工车间
16:15:03.825 @PRE001 13048
16:15:03.825 @PRE002 标准
16:15:03.826 @PRE003 601.000000
16:15:03.826 @PRE004 1200.000000
16:15:03.826 @PRE005 190.000000
16:15:03.826 @PRE006 
16:15:03.826 @PRE007 
16:15:03.826 @PRE008 0.000000
16:15:03.826 @PRE009 10000.000000
16:15:03.827 @PRE010 37.100000
16:15:03.827 @PRE011 1000.000000
16:15:03.828 @PRE001 13048
16:15:03.829 @PRE002 标准
16:15:03.829 @PRE003 1201.000000
16:15:03.829 @PRE004 40000.000000
16:15:03.829 @PRE005 150.000000
16:15:03.830 @PRE006 
16:15:03.830 @PRE007 
16:15:03.830 @PRE008 0.000000
16:15:03.830 @PRE009 10000.000000
16:15:03.830 @PRE010 37.100000
16:15:03.830 @PRE011 1000.000000
16:15:03.832 @PRE001 13048
16:15:03.832 @PRE002 标准
16:15:03.832 @PRE003 1200.000000
16:15:03.832 @PRE004 40000.000000
16:15:03.832 @PRE005 190.000000
16:15:03.833 @PRE006 
16:15:03.833 @PRE007 
16:15:03.833 @PRE008 0.000000
16:15:03.833 @PRE009 10000.000000
16:15:03.833 @PRE010 0.000000
16:15:03.834 @PRE011 37.000000
16:15:03.835 @PRE001 13048
16:15:03.835 @PRE002 标准
16:15:03.835 @PRE003 601.000000
16:15:03.836 @PRE004 1200.000000
16:15:03.836 @PRE005 250.000000
16:15:03.836 @PRE006 
16:15:03.836 @PRE007 
16:15:03.836 @PRE008 0.000000
16:15:03.837 @PRE009 10000.000000
16:15:03.837 @PRE010 0.000000
16:15:03.837 @PRE011 37.000000
16:18:15.493 @PRE001 13047
16:18:15.493 @PRE002 标准
16:18:15.493 @PRE003 1200.000000
16:18:15.493 @PRE004 40000.000000
16:18:15.493 @PRE005 190.000000
16:18:15.493 @PRE006 
16:18:15.494 @PRE007 
16:18:15.494 @PRE008 0.000000
16:18:15.494 @PRE009 10000.000000
16:18:15.494 @PRE010 0.000000
16:18:15.494 @PRE011 37.000000
16:18:15.496 @PRE001 13047
16:18:15.496 @PRE002 标准
16:18:15.496 @PRE003 601.000000
16:18:15.496 @PRE004 1200.000000
16:18:15.496 @PRE005 250.000000
16:18:15.496 @PRE006 
16:18:15.496 @PRE007 
16:18:15.496 @PRE008 0.000000
16:18:15.497 @PRE009 10000.000000
16:18:15.497 @PRE010 0.000000
16:18:15.497 @PRE011 37.000000
16:18:15.499 @PRE001 13047
16:18:15.499 @PRE002 标准
16:18:15.499 @PRE003 0.000000
16:18:15.499 @PRE004 600.000000
16:18:15.499 @PRE005 320.000000
16:18:15.500 @PRE006 
16:18:15.500 @PRE007 
16:18:15.500 @PRE008 0.000000
16:18:15.500 @PRE009 10000.000000
16:18:15.500 @PRE010 0.000000
16:18:15.500 @PRE011 37.000000
16:18:15.502 @PRE001 13047
16:18:15.502 @PRE002 标准
16:18:15.502 @PRE003 0.000000
16:18:15.502 @PRE004 600.000000
16:18:15.517 @PRE005 250.000000
16:18:15.517 @PRE006 
16:18:15.518 @PRE007 
16:18:15.518 @PRE008 0.000000
16:18:15.518 @PRE009 10000.000000
16:18:15.518 @PRE010 37.100000
16:18:15.518 @PRE011 1000.000000
16:18:15.520 @PRE001 13047
16:18:15.520 @PRE002 标准
16:18:15.520 @PRE003 601.000000
16:18:15.520 @PRE004 1200.000000
16:18:15.521 @PRE005 190.000000
16:18:15.521 @PRE006 
16:18:15.521 @PRE007 
16:18:15.521 @PRE008 0.000000
16:18:15.521 @PRE009 10000.000000
16:18:15.521 @PRE010 37.100000
16:18:15.521 @PRE011 1000.000000
16:18:15.523 @PRE001 13047
16:18:15.523 @PRE002 标准
16:18:15.523 @PRE003 1201.000000
16:18:15.523 @PRE004 40000.000000
16:18:15.524 @PRE005 150.000000
16:18:15.524 @PRE006 
16:18:15.524 @PRE007 
16:18:15.524 @PRE008 0.000000
16:18:15.524 @PRE009 10000.000000
16:18:15.524 @PRE010 37.100000
16:18:15.524 @PRE011 1000.000000
16:18:15.526 @PRD001 103007
16:18:15.526 @PRD002 气动截料锯
16:18:15.526 @PRD003 断大板
16:18:15.526 @PRD004 1212
16:18:15.526 @PRD005 李志斌
16:18:15.527 @PRD006 201812010127
16:18:15.527 @PRD007 1847-4
16:18:15.527 @PRD008 62-1.005.08.004
16:18:15.527 @PRD009 1808三人沙发（右）
16:18:15.527 @PRD010 2010*900*480
16:18:15.527 @PRD011 内封边
16:18:15.528 @PRD012 6.0
16:18:15.528 @PRD013 2018/12/28 16:18:15
16:18:15.528 @PRD014 True
16:18:15.528 @PRD015 13047
16:18:15.528 @PRD016 
16:18:15.528 @PRD017 2018/12/28 16:18:15
16:18:15.529 @PRD018 系统管理员
16:18:15.529 @PRD019 0
16:18:15.529 @PRD020 False
16:18:15.529 @PRD021 False
16:18:15.529 @PRD022 
16:18:15.530 @PRD023 1
16:18:15.530 @PRD024 
16:18:15.530 @PRD025 0
16:18:15.530 @PRD026 
16:18:15.530 @PRD027 
16:18:15.531 @PRD028 0
16:18:15.531 @PRD029 0
16:18:15.531 @PRD030 0
16:18:15.531 @PRD031 
16:18:15.531 @PRD032 0054
16:18:15.532 @PRD033 立方
16:18:15.532 @PRD034 毛2025*毛67*净6
16:18:15.532 @PRD035 False
16:18:15.532 @PRD036 毛2025*毛67*净6
16:18:15.532 @PRD037 12
16:18:15.533 @PRD038 
16:18:15.533 @PRD039 0
16:18:15.533 @PRD040 
16:18:15.533 @PRD041 0
16:18:15.533 @PRD042 3
16:18:15.534 @PRD043 127
16:18:15.534 @PRD044 机加工车间
16:18:19.274 @PRD001 103007
16:18:19.274 @PRD002 气动截料锯
16:18:19.274 @PRD003 断大板
16:18:19.274 @PRD004 1212
16:18:19.274 @PRD005 李志斌
16:18:19.275 @PRD006 201812010127
16:18:19.275 @PRD007 1847-4
16:18:19.275 @PRD008 62-1.005.08.004
16:18:19.275 @PRD009 1808三人沙发（右）
16:18:19.275 @PRD010 2010*900*480
16:18:19.275 @PRD011 内封边
16:18:19.275 @PRD012 6.0
16:18:19.275 @PRD013 2018/12/28 16:18:19
16:18:19.275 @PRD014 False
16:18:19.275 @PRD015 13048
16:18:19.276 @PRD016 
16:18:19.276 @PRD017 2018/12/28 16:18:19
16:18:19.276 @PRD018 系统管理员
16:18:19.276 @PRD019 0
16:18:19.276 @PRD020 False
16:18:19.276 @PRD021 False
16:18:19.276 @PRD022 
16:18:19.276 @PRD023 1
16:18:19.276 @PRD024 
16:18:19.277 @PRD025 0
16:18:19.277 @PRD026 
16:18:19.277 @PRD027 
16:18:19.277 @PRD028 0
16:18:19.277 @PRD029 0
16:18:19.277 @PRD030 0
16:18:19.277 @PRD031 
16:18:19.277 @PRD032 0054
16:18:19.277 @PRD033 立方
16:18:19.277 @PRD034 毛2025*毛67*净6
16:18:19.278 @PRD035 False
16:18:19.278 @PRD036 毛2025*毛67*净6
16:18:19.278 @PRD037 12
16:18:19.278 @PRD038 
16:18:19.278 @PRD039 0
16:18:19.278 @PRD040 
16:18:19.278 @PRD041 0
16:18:19.278 @PRD042 3
16:18:19.278 @PRD043 127
16:18:19.278 @PRD044 机加工车间
16:18:19.288 @PRE001 13048
16:18:19.288 @PRE002 标准
16:18:19.288 @PRE003 601.000000
16:18:19.288 @PRE004 1200.000000
16:18:19.288 @PRE005 190.000000
16:18:19.289 @PRE006 
16:18:19.289 @PRE007 
16:18:19.289 @PRE008 0.000000
16:18:19.289 @PRE009 10000.000000
16:18:19.289 @PRE010 37.100000
16:18:19.289 @PRE011 1000.000000
16:18:19.291 @PRE001 13048
16:18:19.291 @PRE002 标准
16:18:19.291 @PRE003 1200.000000
16:18:19.291 @PRE004 40000.000000
16:18:19.292 @PRE005 190.000000
16:18:19.292 @PRE006 
16:18:19.292 @PRE007 
16:18:19.293 @PRE008 0.000000
16:18:19.294 @PRE009 10000.000000
16:18:19.294 @PRE010 0.000000
16:18:19.294 @PRE011 37.000000
16:18:19.296 @PRE001 13048
16:18:19.296 @PRE002 标准
16:18:19.296 @PRE003 601.000000
16:18:19.296 @PRE004 1200.000000
16:18:19.296 @PRE005 250.000000
16:18:19.296 @PRE006 
16:18:19.296 @PRE007 
16:18:19.297 @PRE008 0.000000
16:18:19.297 @PRE009 10000.000000
16:18:19.297 @PRE010 0.000000
16:18:19.297 @PRE011 37.000000
16:18:19.299 @PRE001 13048
16:18:19.299 @PRE002 标准
16:18:19.299 @PRE003 0.000000
16:18:19.299 @PRE004 600.000000
16:18:19.300 @PRE005 250.000000
16:18:19.300 @PRE006 
16:18:19.300 @PRE007 
16:18:19.300 @PRE008 0.000000
16:18:19.300 @PRE009 10000.000000
16:18:19.300 @PRE010 37.100000
16:18:19.301 @PRE011 1000.000000
16:18:19.302 @PRE001 13048
16:18:19.303 @PRE002 标准
16:18:19.303 @PRE003 1201.000000
16:18:19.303 @PRE004 40000.000000
16:18:19.303 @PRE005 150.000000
16:18:19.303 @PRE006 
16:18:19.303 @PRE007 
16:18:19.303 @PRE008 0.000000
16:18:19.303 @PRE009 10000.000000
16:18:19.304 @PRE010 37.100000
16:18:19.304 @PRE011 1000.000000
16:18:19.305 @PRE001 13048
16:18:19.305 @PRE002 标准
16:18:19.305 @PRE003 0.000000
16:18:19.306 @PRE004 600.000000
16:18:19.306 @PRE005 320.000000
16:18:19.306 @PRE006 
16:18:19.306 @PRE007 
16:18:19.306 @PRE008 0.000000
16:18:19.306 @PRE009 10000.000000
16:18:19.307 @PRE010 0.000000
16:18:19.307 @PRE011 37.000000
16:26:16.432 @EMP002 系统管理员
16:26:16.440 @EMP009 cebfd1559b68d67688884d7a3d3e8c
16:26:18.704 @EMP002 系统管理员
16:26:18.705 @EMP009 d2f278e251d1566edd72846d4ad97f
16:35:15.755 @EMP002 系统管理员
16:35:15.760 @EMP009 cebfd1559b68d67688884d7a3d3e8c
16:35:17.968 @EMP002 系统管理员
16:35:17.968 @EMP009 d2f278e251d1566edd72846d4ad97f
16:37:13.754 @PRE001 13049
16:37:13.754 @PRE002 标准
16:37:13.754 @PRE003 601.000000
16:37:13.754 @PRE004 1200.000000
16:37:13.754 @PRE005 250.000000
16:37:13.754 @PRE006 
16:37:13.754 @PRE007 
16:37:13.755 @PRE008 0.000000
16:37:13.755 @PRE009 10000.000000
16:37:13.755 @PRE010 0.000000
16:37:13.755 @PRE011 37.000000
16:37:13.756 @PRE001 13049
16:37:13.757 @PRE002 标准
16:37:13.757 @PRE003 0.000000
16:37:13.757 @PRE004 600.000000
16:37:13.757 @PRE005 320.000000
16:37:13.757 @PRE006 
16:37:13.757 @PRE007 
16:37:13.757 @PRE008 0.000000
16:37:13.758 @PRE009 10000.000000
16:37:13.758 @PRE010 0.000000
16:37:13.758 @PRE011 37.000000
16:37:13.761 @PRE001 13049
16:37:13.761 @PRE002 标准
16:37:13.761 @PRE003 1200.000000
16:37:13.761 @PRE004 40000.000000
16:37:13.762 @PRE005 190.000000
16:37:13.762 @PRE006 
16:37:13.762 @PRE007 
16:37:13.762 @PRE008 0.000000
16:37:13.762 @PRE009 10000.000000
16:37:13.762 @PRE010 0.000000
16:37:13.762 @PRE011 37.000000
16:37:13.766 @PRE001 13049
16:37:13.766 @PRE002 标准
16:37:13.766 @PRE003 601.000000
16:37:13.766 @PRE004 1200.000000
16:37:13.766 @PRE005 190.000000
16:37:13.766 @PRE006 
16:37:13.767 @PRE007 
16:37:13.767 @PRE008 0.000000
16:37:13.767 @PRE009 10000.000000
16:37:13.767 @PRE010 37.100000
16:37:13.767 @PRE011 1000.000000
16:37:13.769 @PRE001 13049
16:37:13.769 @PRE002 标准
16:37:13.769 @PRE003 1201.000000
16:37:13.769 @PRE004 40000.000000
16:37:13.770 @PRE005 150.000000
16:37:13.770 @PRE006 
16:37:13.770 @PRE007 
16:37:13.770 @PRE008 0.000000
16:37:13.770 @PRE009 10000.000000
16:37:13.770 @PRE010 37.100000
16:37:13.771 @PRE011 1000.000000
16:37:13.772 @PRE001 13049
16:37:13.772 @PRE002 标准
16:37:13.772 @PRE003 0.000000
16:37:13.772 @PRE004 600.000000
16:37:13.773 @PRE005 250.000000
16:37:13.773 @PRE006 
16:37:13.773 @PRE007 
16:37:13.773 @PRE008 0.000000
16:37:13.773 @PRE009 10000.000000
16:37:13.774 @PRE010 37.100000
16:37:13.774 @PRE011 1000.000000
16:37:13.775 @PRD001 103007
16:37:13.775 @PRD002 气动截料锯
16:37:13.775 @PRD003 断大板
16:37:13.775 @PRD004 1212
16:37:13.776 @PRD005 李志斌
16:37:13.776 @PRD006 201812010127
16:37:13.776 @PRD007 1847-4
16:37:13.776 @PRD008 62-1.005.08.004
16:37:13.776 @PRD009 1808三人沙发（右）
16:37:13.776 @PRD010 2010*900*480
16:37:13.776 @PRD011 内封边
16:37:13.776 @PRD012 6.0
16:37:13.777 @PRD013 2018/12/28 16:37:13
16:37:13.777 @PRD014 True
16:37:13.777 @PRD015 13049
16:37:13.777 @PRD016 
16:37:13.778 @PRD017 2018/12/28 16:37:13
16:37:13.778 @PRD018 系统管理员
16:37:13.778 @PRD019 6.0
16:37:13.778 @PRD020 False
16:37:13.778 @PRD021 False
16:37:13.778 @PRD022 
16:37:13.778 @PRD023 1
16:37:13.779 @PRD024 
16:37:13.779 @PRD025 0
16:37:13.779 @PRD026 
16:37:13.779 @PRD027 
16:37:13.779 @PRD028 0
16:37:13.779 @PRD029 0
16:37:13.779 @PRD030 0
16:37:13.779 @PRD031 
16:37:13.780 @PRD032 0054
16:37:13.780 @PRD033 立方
16:37:13.780 @PRD034 毛2025*毛67*净6
16:37:13.780 @PRD035 False
16:37:13.780 @PRD036 
16:37:13.781 @PRD037 0
16:37:13.781 @PRD038 
16:37:13.781 @PRD039 0
16:37:13.781 @PRD040 
16:37:13.781 @PRD041 0
16:37:13.782 @PRD042 3
16:37:13.782 @PRD043 127
16:37:13.782 @PRD044 机加工车间
16:37:20.973 @PRE001 13050
16:37:20.973 @PRE002 标准
16:37:20.973 @PRE003 0.000000
16:37:20.973 @PRE004 600.000000
16:37:20.973 @PRE005 320.000000
16:37:20.974 @PRE006 
16:37:20.974 @PRE007 
16:37:20.974 @PRE008 0.000000
16:37:20.974 @PRE009 10000.000000
16:37:20.974 @PRE010 0.000000
16:37:20.974 @PRE011 37.000000
16:37:20.979 @PRE001 13050
16:37:20.979 @PRE002 标准
16:37:20.979 @PRE003 1200.000000
16:37:20.979 @PRE004 40000.000000
16:37:20.979 @PRE005 190.000000
16:37:20.979 @PRE006 
16:37:20.980 @PRE007 
16:37:20.980 @PRE008 0.000000
16:37:20.980 @PRE009 10000.000000
16:37:20.980 @PRE010 0.000000
16:37:20.980 @PRE011 37.000000
16:37:20.982 @PRD001 103007
16:37:20.982 @PRD002 气动截料锯
16:37:20.983 @PRD003 断大板
16:37:20.983 @PRD004 1212
16:37:20.983 @PRD005 李志斌
16:37:20.983 @PRD006 201812010127
16:37:20.983 @PRD007 1847-4
16:37:20.983 @PRD008 62-1.005.08.004
16:37:20.984 @PRD009 1808三人沙发（右）
16:37:20.984 @PRD010 2010*900*480
16:37:20.984 @PRD011 内封边
16:37:20.984 @PRD012 6.0
16:37:20.984 @PRD013 2018/12/28 16:37:20
16:37:20.984 @PRD014 False
16:37:20.984 @PRD015 13050
16:37:20.984 @PRD016 
16:37:20.985 @PRD017 2018/12/28 16:37:20
16:37:20.985 @PRD018 系统管理员
16:37:20.985 @PRD019 6.0
16:37:20.985 @PRD020 False
16:37:20.985 @PRD021 False
16:37:20.985 @PRD022 
16:37:20.985 @PRD023 1
16:37:20.986 @PRD024 
16:37:20.986 @PRD025 0
16:37:20.986 @PRD026 
16:37:20.986 @PRD027 
16:37:20.986 @PRD028 0
16:37:20.986 @PRD029 0
16:37:20.986 @PRD030 0
16:37:20.986 @PRD031 
16:37:20.988 @PRD032 0054
16:37:20.988 @PRD033 立方
16:37:20.988 @PRD034 毛2025*毛67*净6
16:37:20.989 @PRD035 False
16:37:20.989 @PRD036 
16:37:20.989 @PRD037 0
16:37:20.989 @PRD038 
16:37:20.989 @PRD039 0
16:37:20.989 @PRD040 
16:37:20.989 @PRD041 0
16:37:20.989 @PRD042 3
16:37:20.990 @PRD043 127
16:37:20.990 @PRD044 机加工车间
16:37:20.998 @PRE001 13050
16:37:20.998 @PRE002 标准
16:37:20.999 @PRE003 1201.000000
16:37:20.999 @PRE004 40000.000000
16:37:20.999 @PRE005 150.000000
16:37:20.999 @PRE006 
16:37:20.999 @PRE007 
16:37:21.000 @PRE008 0.000000
16:37:21.000 @PRE009 10000.000000
16:37:21.000 @PRE010 37.100000
16:37:21.000 @PRE011 1000.000000
16:37:21.002 @PRE001 13050
16:37:21.002 @PRE002 标准
16:37:21.002 @PRE003 601.000000
16:37:21.002 @PRE004 1200.000000
16:37:21.003 @PRE005 190.000000
16:37:21.003 @PRE006 
16:37:21.003 @PRE007 
16:37:21.003 @PRE008 0.000000
16:37:21.003 @PRE009 10000.000000
16:37:21.003 @PRE010 37.100000
16:37:21.004 @PRE011 1000.000000
16:37:21.005 @PRE001 13050
16:37:21.005 @PRE002 标准
16:37:21.005 @PRE003 601.000000
16:37:21.006 @PRE004 1200.000000
16:37:21.006 @PRE005 250.000000
16:37:21.006 @PRE006 
16:37:21.006 @PRE007 
16:37:21.006 @PRE008 0.000000
16:37:21.006 @PRE009 10000.000000
16:37:21.006 @PRE010 0.000000
16:37:21.006 @PRE011 37.000000
16:37:21.008 @PRE001 13050
16:37:21.008 @PRE002 标准
16:37:21.008 @PRE003 0.000000
16:37:21.008 @PRE004 600.000000
16:37:21.008 @PRE005 250.000000
16:37:21.008 @PRE006 
16:37:21.009 @PRE007 
16:37:21.009 @PRE008 0.000000
16:37:21.009 @PRE009 10000.000000
16:37:21.009 @PRE010 37.100000
16:37:21.009 @PRE011 1000.000000
16:38:34.430 @PRE001 13051
16:38:34.430 @PRE002 标准
16:38:34.431 @PRE003 1200.000000
16:38:34.431 @PRE004 40000.000000
16:38:34.431 @PRE005 190.000000
16:38:34.431 @PRE006 
16:38:34.431 @PRE007 
16:38:34.432 @PRE008 0.000000
16:38:34.432 @PRE009 10000.000000
16:38:34.432 @PRE010 0.000000
16:38:34.432 @PRE011 37.000000
16:38:34.435 @PRE001 13051
16:38:34.436 @PRE002 标准
16:38:34.436 @PRE003 601.000000
16:38:34.436 @PRE004 1200.000000
16:38:34.436 @PRE005 190.000000
16:38:34.436 @PRE006 
16:38:34.436 @PRE007 
16:38:34.437 @PRE008 0.000000
16:38:34.437 @PRE009 10000.000000
16:38:34.437 @PRE010 37.100000
16:38:34.437 @PRE011 1000.000000
16:38:34.440 @PRE001 13051
16:38:34.441 @PRE002 标准
16:38:34.441 @PRE003 601.000000
16:38:34.441 @PRE004 1200.000000
16:38:34.441 @PRE005 250.000000
16:38:34.441 @PRE006 
16:38:34.441 @PRE007 
16:38:34.441 @PRE008 0.000000
16:38:34.441 @PRE009 10000.000000
16:38:34.441 @PRE010 0.000000
16:38:34.441 @PRE011 37.000000
16:38:34.443 @PRD001 103007
16:38:34.444 @PRD002 气动截料锯
16:38:34.444 @PRD003 断大板
16:38:34.444 @PRD004 1212
16:38:34.444 @PRD005 李志斌
16:38:34.444 @PRD006 201812010127
16:38:34.444 @PRD007 1847-4
16:38:34.444 @PRD008 62-1.005.08.004
16:38:34.444 @PRD009 1808三人沙发（右）
16:38:34.445 @PRD010 2010*900*480
16:38:34.445 @PRD011 内封边
16:38:34.445 @PRD012 6.0
16:38:34.445 @PRD013 2018/12/28 16:38:34
16:38:34.445 @PRD014 True
16:38:34.445 @PRD015 13051
16:38:34.445 @PRD016 
16:38:34.445 @PRD017 2018/12/28 16:38:34
16:38:34.445 @PRD018 系统管理员
16:38:34.446 @PRD019 0
16:38:34.446 @PRD020 False
16:38:34.446 @PRD021 False
16:38:34.446 @PRD022 
16:38:34.446 @PRD023 1
16:38:34.446 @PRD024 
16:38:34.446 @PRD025 0
16:38:34.447 @PRD026 
16:38:34.447 @PRD027 
16:38:34.447 @PRD028 0
16:38:34.448 @PRD029 0
16:38:34.448 @PRD030 0
16:38:34.448 @PRD031 
16:38:34.448 @PRD032 0054
16:38:34.448 @PRD033 立方
16:38:34.448 @PRD034 毛2025*毛67*净6
16:38:34.448 @PRD035 False
16:38:34.448 @PRD036 毛2025*毛67*净6
16:38:34.449 @PRD037 6
16:38:34.449 @PRD038 
16:38:34.449 @PRD039 0
16:38:34.449 @PRD040 
16:38:34.449 @PRD041 0
16:38:34.449 @PRD042 3
16:38:34.449 @PRD043 127
16:38:34.449 @PRD044 机加工车间
16:38:34.453 @PRE001 13051
16:38:34.454 @PRE002 标准
16:38:34.454 @PRE003 0.000000
16:38:34.454 @PRE004 600.000000
16:38:34.454 @PRE005 250.000000
16:38:34.454 @PRE006 
16:38:34.454 @PRE007 
16:38:34.454 @PRE008 0.000000
16:38:34.454 @PRE009 10000.000000
16:38:34.455 @PRE010 37.100000
16:38:34.455 @PRE011 1000.000000
16:38:34.456 @PRE001 13051
16:38:34.456 @PRE002 标准
16:38:34.457 @PRE003 1201.000000
16:38:34.457 @PRE004 40000.000000
16:38:34.457 @PRE005 150.000000
16:38:34.457 @PRE006 
16:38:34.457 @PRE007 
16:38:34.457 @PRE008 0.000000
16:38:34.457 @PRE009 10000.000000
16:38:34.457 @PRE010 37.100000
16:38:34.457 @PRE011 1000.000000
16:38:34.468 @PRE001 13051
16:38:34.468 @PRE002 标准
16:38:34.469 @PRE003 0.000000
16:38:34.469 @PRE004 600.000000
16:38:34.469 @PRE005 320.000000
16:38:34.469 @PRE006 
16:38:34.469 @PRE007 
16:38:34.469 @PRE008 0.000000
16:38:34.469 @PRE009 10000.000000
16:38:34.469 @PRE010 0.000000
16:38:34.470 @PRE011 37.000000
16:38:47.336 @PRD001 103007
16:38:47.336 @PRD002 气动截料锯
16:38:47.338 @PRD003 断大板
16:38:47.338 @PRD004 1212
16:38:47.338 @PRD005 李志斌
16:38:47.338 @PRD006 201812010127
16:38:47.338 @PRD007 1847-4
16:38:47.338 @PRD008 62-1.005.08.004
16:38:47.339 @PRD009 1808三人沙发（右）
16:38:47.339 @PRD010 2010*900*480
16:38:47.339 @PRD011 内封边
16:38:47.339 @PRD012 6.0
16:38:47.339 @PRD013 2018/12/28 16:38:47
16:38:47.339 @PRD014 False
16:38:47.340 @PRD015 13052
16:38:47.340 @PRD016 
16:38:47.340 @PRD017 2018/12/28 16:38:47
16:38:47.340 @PRD018 系统管理员
16:38:47.340 @PRD019 0
16:38:47.340 @PRD020 False
16:38:47.340 @PRD021 False
16:38:47.340 @PRD022 
16:38:47.341 @PRD023 1
16:38:47.341 @PRD024 
16:38:47.341 @PRD025 0
16:38:47.341 @PRD026 
16:38:47.341 @PRD027 
16:38:47.341 @PRD028 0
16:38:47.341 @PRD029 0
16:38:47.341 @PRD030 0
16:38:47.342 @PRD031 
16:38:47.342 @PRD032 0054
16:38:47.342 @PRD033 立方
16:38:47.342 @PRD034 毛2025*毛67*净6
16:38:47.342 @PRD035 False
16:38:47.342 @PRD036 毛2025*毛67*净6
16:38:47.342 @PRD037 6
16:38:47.342 @PRD038 
16:38:47.342 @PRD039 0
16:38:47.343 @PRD040 
16:38:47.343 @PRD041 0
16:38:47.343 @PRD042 3
16:38:47.343 @PRD043 127
16:38:47.343 @PRD044 机加工车间
16:38:47.351 @PRE001 13052
16:38:47.351 @PRE002 标准
16:38:47.351 @PRE003 601.000000
16:38:47.351 @PRE004 1200.000000
16:38:47.351 @PRE005 250.000000
16:38:47.352 @PRE006 
16:38:47.352 @PRE007 
16:38:47.353 @PRE008 0.000000
16:38:47.354 @PRE009 10000.000000
16:38:47.354 @PRE010 0.000000
16:38:47.354 @PRE011 37.000000
16:38:47.356 @PRE001 13052
16:38:47.357 @PRE002 标准
16:38:47.357 @PRE003 1201.000000
16:38:47.357 @PRE004 40000.000000
16:38:47.357 @PRE005 150.000000
16:38:47.357 @PRE006 
16:38:47.357 @PRE007 
16:38:47.357 @PRE008 0.000000
16:38:47.357 @PRE009 10000.000000
16:38:47.358 @PRE010 37.100000
16:38:47.358 @PRE011 1000.000000
16:38:47.360 @PRE001 13052
16:38:47.360 @PRE002 标准
16:38:47.360 @PRE003 0.000000
16:38:47.360 @PRE004 600.000000
16:38:47.360 @PRE005 250.000000
16:38:47.361 @PRE006 
16:38:47.361 @PRE007 
16:38:47.361 @PRE008 0.000000
16:38:47.361 @PRE009 10000.000000
16:38:47.361 @PRE010 37.100000
16:38:47.361 @PRE011 1000.000000
16:38:47.364 @PRE001 13052
16:38:47.364 @PRE002 标准
16:38:47.364 @PRE003 0.000000
16:38:47.364 @PRE004 600.000000
16:38:47.365 @PRE005 320.000000
16:38:47.365 @PRE006 
16:38:47.365 @PRE007 
16:38:47.365 @PRE008 0.000000
16:38:47.365 @PRE009 10000.000000
16:38:47.365 @PRE010 0.000000
16:38:47.365 @PRE011 37.000000
16:38:47.367 @PRE001 13052
16:38:47.368 @PRE002 标准
16:38:47.368 @PRE003 601.000000
16:38:47.368 @PRE004 1200.000000
16:38:47.368 @PRE005 190.000000
16:38:47.368 @PRE006 
16:38:47.368 @PRE007 
16:38:47.368 @PRE008 0.000000
16:38:47.368 @PRE009 10000.000000
16:38:47.369 @PRE010 37.100000
16:38:47.369 @PRE011 1000.000000
16:38:47.371 @PRE001 13052
16:38:47.371 @PRE002 标准
16:38:47.371 @PRE003 1200.000000
16:38:47.371 @PRE004 40000.000000
16:38:47.371 @PRE005 190.000000
16:38:47.372 @PRE006 
16:38:47.372 @PRE007 
16:38:47.372 @PRE008 0.000000
16:38:47.372 @PRE009 10000.000000
16:38:47.372 @PRE010 0.000000
16:38:47.372 @PRE011 37.000000
16:38:58.952 @PRE001 13053
16:38:58.953 @PRE002 标准
16:38:58.953 @PRE003 0.000000
16:38:58.953 @PRE004 600.000000
16:38:58.953 @PRE005 250.000000
16:38:58.953 @PRE006 
16:38:58.953 @PRE007 
16:38:58.953 @PRE008 0.000000
16:38:58.954 @PRE009 10000.000000
16:38:58.954 @PRE010 37.100000
16:38:58.954 @PRE011 1000.000000
16:38:58.960 @PRE001 13053
16:38:58.960 @PRE002 标准
16:38:58.960 @PRE003 601.000000
16:38:58.961 @PRE004 1200.000000
16:38:58.961 @PRE005 250.000000
16:38:58.961 @PRE006 
16:38:58.961 @PRE007 
16:38:58.961 @PRE008 0.000000
16:38:58.961 @PRE009 10000.000000
16:38:58.961 @PRE010 0.000000
16:38:58.961 @PRE011 37.000000
16:38:58.964 @PRE001 13053
16:38:58.965 @PRE002 标准
16:38:58.965 @PRE003 1200.000000
16:38:58.965 @PRE004 40000.000000
16:38:58.965 @PRE005 190.000000
16:38:58.965 @PRE006 
16:38:58.965 @PRE007 
16:38:58.965 @PRE008 0.000000
16:38:58.965 @PRE009 10000.000000
16:38:58.966 @PRE010 0.000000
16:38:58.966 @PRE011 37.000000
16:38:58.968 @PRD001 103007
16:38:58.969 @PRD002 气动截料锯
16:38:58.969 @PRD003 断大板
16:38:58.969 @PRD004 1212
16:38:58.969 @PRD005 李志斌
16:38:58.969 @PRD006 201812010127
16:38:58.969 @PRD007 1847-4
16:38:58.969 @PRD008 62-1.005.08.004
16:38:58.969 @PRD009 1808三人沙发（右）
16:38:58.970 @PRD010 2010*900*480
16:38:58.970 @PRD011 内封边
16:38:58.970 @PRD012 6.0
16:38:58.970 @PRD013 2018/12/28 16:38:58
16:38:58.970 @PRD014 True
16:38:58.970 @PRD015 13053
16:38:58.970 @PRD016 
16:38:58.970 @PRD017 2018/12/28 16:38:58
16:38:58.970 @PRD018 系统管理员
16:38:58.972 @PRD019 0
16:38:58.972 @PRD020 False
16:38:58.972 @PRD021 False
16:38:58.972 @PRD022 
16:38:58.972 @PRD023 1
16:38:58.972 @PRD024 
16:38:58.972 @PRD025 0
16:38:58.972 @PRD026 
16:38:58.972 @PRD027 
16:38:58.973 @PRD028 0
16:38:58.973 @PRD029 0
16:38:58.973 @PRD030 0
16:38:58.973 @PRD031 
16:38:58.973 @PRD032 0054
16:38:58.973 @PRD033 立方
16:38:58.973 @PRD034 毛2025*毛67*净6
16:38:58.973 @PRD035 False
16:38:58.973 @PRD036 毛2025*毛67*净6
16:38:58.974 @PRD037 6
16:38:58.974 @PRD038 
16:38:58.974 @PRD039 0
16:38:58.974 @PRD040 
16:38:58.974 @PRD041 0
16:38:58.974 @PRD042 3
16:38:58.974 @PRD043 127
16:38:58.975 @PRD044 机加工车间
16:38:58.979 @PRE001 13053
16:38:58.979 @PRE002 标准
16:38:58.979 @PRE003 1201.000000
16:38:58.980 @PRE004 40000.000000
16:38:58.980 @PRE005 150.000000
16:38:58.980 @PRE006 
16:38:58.980 @PRE007 
16:38:58.980 @PRE008 0.000000
16:38:58.980 @PRE009 10000.000000
16:38:58.980 @PRE010 37.100000
16:38:58.980 @PRE011 1000.000000
16:38:58.982 @PRE001 13053
16:38:58.982 @PRE002 标准
16:38:58.982 @PRE003 601.000000
16:38:58.982 @PRE004 1200.000000
16:38:58.982 @PRE005 190.000000
16:38:58.982 @PRE006 
16:38:58.983 @PRE007 
16:38:58.983 @PRE008 0.000000
16:38:58.983 @PRE009 10000.000000
16:38:58.983 @PRE010 37.100000
16:38:58.983 @PRE011 1000.000000
16:38:58.984 @PRE001 13053
16:38:58.985 @PRE002 标准
16:38:58.985 @PRE003 0.000000
16:38:58.985 @PRE004 600.000000
16:38:58.985 @PRE005 320.000000
16:38:58.985 @PRE006 
16:38:58.985 @PRE007 
16:38:58.985 @PRE008 0.000000
16:38:58.985 @PRE009 10000.000000
16:38:58.986 @PRE010 0.000000
16:38:58.986 @PRE011 37.000000
16:39:07.410 @PRD001 103007
16:39:07.410 @PRD002 气动截料锯
16:39:07.411 @PRD003 断大板
16:39:07.411 @PRD004 1212
16:39:07.411 @PRD005 李志斌
16:39:07.411 @PRD006 201812010127
16:39:07.411 @PRD007 1847-4
16:39:07.411 @PRD008 62-1.005.08.004
16:39:07.411 @PRD009 1808三人沙发（右）
16:39:07.411 @PRD010 2010*900*480
16:39:07.412 @PRD011 内封边
16:39:07.412 @PRD012 6.0
16:39:07.412 @PRD013 2018/12/28 16:39:07
16:39:07.412 @PRD014 False
16:39:07.412 @PRD015 13054
16:39:07.412 @PRD016 
16:39:07.412 @PRD017 2018/12/28 16:39:07
16:39:07.412 @PRD018 系统管理员
16:39:07.412 @PRD019 0
16:39:07.412 @PRD020 False
16:39:07.413 @PRD021 False
16:39:07.413 @PRD022 
16:39:07.413 @PRD023 1
16:39:07.413 @PRD024 
16:39:07.413 @PRD025 0
16:39:07.413 @PRD026 
16:39:07.413 @PRD027 
16:39:07.413 @PRD028 0
16:39:07.414 @PRD029 0
16:39:07.414 @PRD030 0
16:39:07.414 @PRD031 
16:39:07.414 @PRD032 0054
16:39:07.414 @PRD033 立方
16:39:07.414 @PRD034 毛2025*毛67*净6
16:39:07.414 @PRD035 False
16:39:07.414 @PRD036 毛2025*毛67*净6
16:39:07.414 @PRD037 6
16:39:07.414 @PRD038 
16:39:07.415 @PRD039 0
16:39:07.415 @PRD040 
16:39:07.415 @PRD041 0
16:39:07.415 @PRD042 3
16:39:07.415 @PRD043 127
16:39:07.415 @PRD044 机加工车间
16:39:07.420 @PRE001 13054
16:39:07.421 @PRE002 标准
16:39:07.421 @PRE003 0.000000
16:39:07.421 @PRE004 600.000000
16:39:07.421 @PRE005 320.000000
16:39:07.421 @PRE006 
16:39:07.421 @PRE007 
16:39:07.421 @PRE008 0.000000
16:39:07.422 @PRE009 10000.000000
16:39:07.422 @PRE010 0.000000
16:39:07.422 @PRE011 37.000000
16:39:07.424 @PRE001 13054
16:39:07.424 @PRE002 标准
16:39:07.425 @PRE003 1200.000000
16:39:07.425 @PRE004 40000.000000
16:39:07.425 @PRE005 190.000000
16:39:07.425 @PRE006 
16:39:07.425 @PRE007 
16:39:07.425 @PRE008 0.000000
16:39:07.426 @PRE009 10000.000000
16:39:07.426 @PRE010 0.000000
16:39:07.426 @PRE011 37.000000
16:39:07.427 @PRE001 13054
16:39:07.428 @PRE002 标准
16:39:07.428 @PRE003 0.000000
16:39:07.428 @PRE004 600.000000
16:39:07.428 @PRE005 250.000000
16:39:07.428 @PRE006 
16:39:07.428 @PRE007 
16:39:07.428 @PRE008 0.000000
16:39:07.428 @PRE009 10000.000000
16:39:07.428 @PRE010 37.100000
16:39:07.428 @PRE011 1000.000000
16:39:07.431 @PRE001 13054
16:39:07.431 @PRE002 标准
16:39:07.431 @PRE003 1201.000000
16:39:07.431 @PRE004 40000.000000
16:39:07.431 @PRE005 150.000000
16:39:07.432 @PRE006 
16:39:07.432 @PRE007 
16:39:07.432 @PRE008 0.000000
16:39:07.432 @PRE009 10000.000000
16:39:07.432 @PRE010 37.100000
16:39:07.432 @PRE011 1000.000000
16:39:07.434 @PRE001 13054
16:39:07.435 @PRE002 标准
16:39:07.435 @PRE003 601.000000
16:39:07.435 @PRE004 1200.000000
16:39:07.435 @PRE005 190.000000
16:39:07.435 @PRE006 
16:39:07.435 @PRE007 
16:39:07.435 @PRE008 0.000000
16:39:07.436 @PRE009 10000.000000
16:39:07.436 @PRE010 37.100000
16:39:07.436 @PRE011 1000.000000
16:39:07.438 @PRE001 13054
16:39:07.438 @PRE002 标准
16:39:07.438 @PRE003 601.000000
16:39:07.438 @PRE004 1200.000000
16:39:07.438 @PRE005 250.000000
16:39:07.439 @PRE006 
16:39:07.439 @PRE007 
16:39:07.439 @PRE008 0.000000
16:39:07.439 @PRE009 10000.000000
16:39:07.439 @PRE010 0.000000
16:39:07.439 @PRE011 37.000000
16:40:41.781 @PRE001 13047
16:40:41.781 @PRE002 标准
16:40:41.781 @PRE003 0.000000
16:40:41.782 @PRE004 600.000000
16:40:41.782 @PRE005 320.000000
16:40:41.782 @PRE006 
16:40:41.782 @PRE007 
16:40:41.782 @PRE008 0.000000
16:40:41.783 @PRE009 10000.000000
16:40:41.783 @PRE010 0.000000
16:40:41.783 @PRE011 37.000000
16:40:41.786 @PRE001 13047
16:40:41.786 @PRE002 标准
16:40:41.786 @PRE003 601.000000
16:40:41.786 @PRE004 1200.000000
16:40:41.787 @PRE005 250.000000
16:40:41.787 @PRE006 
16:40:41.787 @PRE007 
16:40:41.787 @PRE008 0.000000
16:40:41.787 @PRE009 10000.000000
16:40:41.787 @PRE010 0.000000
16:40:41.787 @PRE011 37.000000
16:40:41.791 @PRE001 13047
16:40:41.791 @PRE002 标准
16:40:41.791 @PRE003 1201.000000
16:40:41.791 @PRE004 40000.000000
16:40:41.791 @PRE005 150.000000
16:40:41.791 @PRE006 
16:40:41.791 @PRE007 
16:40:41.792 @PRE008 0.000000
16:40:41.792 @PRE009 10000.000000
16:40:41.792 @PRE010 37.100000
16:40:41.792 @PRE011 1000.000000
16:40:41.794 @PRD001 103007
16:40:41.794 @PRD002 气动截料锯
16:40:41.794 @PRD003 断大板
16:40:41.794 @PRD004 1212
16:40:41.794 @PRD005 李志斌
16:40:41.794 @PRD006 201812010127
16:40:41.794 @PRD007 1847-4
16:40:41.794 @PRD008 62-1.005.08.004
16:40:41.795 @PRD009 1808三人沙发（右）
16:40:41.795 @PRD010 2010*900*480
16:40:41.795 @PRD011 内封边
16:40:41.795 @PRD012 6.0
16:40:41.795 @PRD013 2018/12/28 16:40:41
16:40:41.795 @PRD014 True
16:40:41.795 @PRD015 13047
16:40:41.795 @PRD016 
16:40:41.795 @PRD017 2018/12/28 16:40:41
16:40:41.796 @PRD018 系统管理员
16:40:41.796 @PRD019 6
16:40:41.796 @PRD020 False
16:40:41.796 @PRD021 False
16:40:41.796 @PRD022 
16:40:41.796 @PRD023 1
16:40:41.796 @PRD024 
16:40:41.797 @PRD025 0
16:40:41.797 @PRD026 
16:40:41.797 @PRD027 
16:40:41.797 @PRD028 0
16:40:41.797 @PRD029 0
16:40:41.797 @PRD030 0
16:40:41.798 @PRD031 
16:40:41.798 @PRD032 0054
16:40:41.798 @PRD033 立方
16:40:41.798 @PRD034 毛2025*毛67*净6
16:40:41.798 @PRD035 False
16:40:41.798 @PRD036 
16:40:41.798 @PRD037 0
16:40:41.799 @PRD038 
16:40:41.799 @PRD039 0
16:40:41.799 @PRD040 
16:40:41.799 @PRD041 0
16:40:41.799 @PRD042 3
16:40:41.799 @PRD043 127
16:40:41.799 @PRD044 机加工车间
16:40:41.801 @PRE001 13047
16:40:41.801 @PRE002 标准
16:40:41.801 @PRE003 1200.000000
16:40:41.801 @PRE004 40000.000000
16:40:41.801 @PRE005 190.000000
16:40:41.802 @PRE006 
16:40:41.802 @PRE007 
16:40:41.802 @PRE008 0.000000
16:40:41.802 @PRE009 10000.000000
16:40:41.802 @PRE010 0.000000
16:40:41.802 @PRE011 37.000000
16:40:41.804 @PRE001 13047
16:40:41.804 @PRE002 标准
16:40:41.804 @PRE003 0.000000
16:40:41.804 @PRE004 600.000000
16:40:41.804 @PRE005 250.000000
16:40:41.804 @PRE006 
16:40:41.804 @PRE007 
16:40:41.804 @PRE008 0.000000
16:40:41.805 @PRE009 10000.000000
16:40:41.805 @PRE010 37.100000
16:40:41.805 @PRE011 1000.000000
16:40:41.806 @PRE001 13047
16:40:41.806 @PRE002 标准
16:40:41.807 @PRE003 601.000000
16:40:41.807 @PRE004 1200.000000
16:40:41.807 @PRE005 190.000000
16:40:41.807 @PRE006 
16:40:41.807 @PRE007 
16:40:41.807 @PRE008 0.000000
16:40:41.807 @PRE009 10000.000000
16:40:41.807 @PRE010 37.100000
16:40:41.808 @PRE011 1000.000000
16:40:43.625 @PRE001 13048
16:40:43.625 @PRE002 标准
16:40:43.625 @PRE003 0.000000
16:40:43.626 @PRE004 600.000000
16:40:43.626 @PRE005 250.000000
16:40:43.626 @PRE006 
16:40:43.626 @PRE007 
16:40:43.626 @PRE008 0.000000
16:40:43.626 @PRE009 10000.000000
16:40:43.626 @PRE010 37.100000
16:40:43.626 @PRE011 1000.000000
16:40:43.628 @PRD001 103007
16:40:43.628 @PRD002 气动截料锯
16:40:43.628 @PRD003 断大板
16:40:43.629 @PRD004 1212
16:40:43.629 @PRD005 李志斌
16:40:43.629 @PRD006 201812010127
16:40:43.629 @PRD007 1847-4
16:40:43.629 @PRD008 62-1.005.08.004
16:40:43.629 @PRD009 1808三人沙发（右）
16:40:43.629 @PRD010 2010*900*480
16:40:43.629 @PRD011 内封边
16:40:43.630 @PRD012 6.0
16:40:43.630 @PRD013 2018/12/28 16:40:43
16:40:43.630 @PRD014 False
16:40:43.630 @PRD015 13048
16:40:43.630 @PRD016 
16:40:43.630 @PRD017 2018/12/28 16:40:43
16:40:43.630 @PRD018 系统管理员
16:40:43.630 @PRD019 6
16:40:43.630 @PRD020 False
16:40:43.631 @PRD021 False
16:40:43.631 @PRD022 
16:40:43.631 @PRD023 1
16:40:43.631 @PRD024 
16:40:43.631 @PRD025 0
16:40:43.631 @PRD026 
16:40:43.631 @PRD027 
16:40:43.631 @PRD028 0
16:40:43.631 @PRD029 0
16:40:43.632 @PRD030 0
16:40:43.632 @PRD031 
16:40:43.632 @PRD032 0054
16:40:43.632 @PRD033 立方
16:40:43.632 @PRD034 毛2025*毛67*净6
16:40:43.632 @PRD035 False
16:40:43.632 @PRD036 
16:40:43.632 @PRD037 0
16:40:43.632 @PRD038 
16:40:43.632 @PRD039 0
16:40:43.633 @PRD040 
16:40:43.633 @PRD041 0
16:40:43.633 @PRD042 3
16:40:43.633 @PRD043 127
16:40:43.633 @PRD044 机加工车间
16:40:43.639 @PRE001 13048
16:40:43.639 @PRE002 标准
16:40:43.639 @PRE003 601.000000
16:40:43.639 @PRE004 1200.000000
16:40:43.639 @PRE005 250.000000
16:40:43.642 @PRE006 
16:40:43.642 @PRE007 
16:40:43.642 @PRE008 0.000000
16:40:43.642 @PRE009 10000.000000
16:40:43.642 @PRE010 0.000000
16:40:43.642 @PRE011 37.000000
16:40:43.644 @PRE001 13048
16:40:43.644 @PRE002 标准
16:40:43.644 @PRE003 601.000000
16:40:43.644 @PRE004 1200.000000
16:40:43.644 @PRE005 190.000000
16:40:43.644 @PRE006 
16:40:43.644 @PRE007 
16:40:43.645 @PRE008 0.000000
16:40:43.645 @PRE009 10000.000000
16:40:43.645 @PRE010 37.100000
16:40:43.645 @PRE011 1000.000000
16:40:43.646 @PRE001 13048
16:40:43.646 @PRE002 标准
16:40:43.646 @PRE003 0.000000
16:40:43.647 @PRE004 600.000000
16:40:43.647 @PRE005 320.000000
16:40:43.647 @PRE006 
16:40:43.647 @PRE007 
16:40:43.647 @PRE008 0.000000
16:40:43.647 @PRE009 10000.000000
16:40:43.648 @PRE010 0.000000
16:40:43.648 @PRE011 37.000000
16:40:43.649 @PRE001 13048
16:40:43.649 @PRE002 标准
16:40:43.649 @PRE003 1200.000000
16:40:43.649 @PRE004 40000.000000
16:40:43.649 @PRE005 190.000000
16:40:43.650 @PRE006 
16:40:43.650 @PRE007 
16:40:43.650 @PRE008 0.000000
16:40:43.650 @PRE009 10000.000000
16:40:43.650 @PRE010 0.000000
16:40:43.650 @PRE011 37.000000
16:40:43.651 @PRE001 13048
16:40:43.652 @PRE002 标准
16:40:43.652 @PRE003 1201.000000
16:40:43.652 @PRE004 40000.000000
16:40:43.652 @PRE005 150.000000
16:40:43.652 @PRE006 
16:40:43.652 @PRE007 
16:40:43.653 @PRE008 0.000000
16:40:43.653 @PRE009 10000.000000
16:40:43.653 @PRE010 37.100000
16:40:43.653 @PRE011 1000.000000
16:40:58.215 @PRE001 13049
16:40:58.215 @PRE002 标准
16:40:58.216 @PRE003 1201.000000
16:40:58.217 @PRE004 40000.000000
16:40:58.217 @PRE005 150.000000
16:40:58.217 @PRE006 
16:40:58.217 @PRE007 
16:40:58.217 @PRE008 0.000000
16:40:58.217 @PRE009 10000.000000
16:40:58.218 @PRE010 37.100000
16:40:58.218 @PRE011 1000.000000
16:40:58.222 @PRE001 13049
16:40:58.222 @PRE002 标准
16:40:58.222 @PRE003 601.000000
16:40:58.223 @PRE004 1200.000000
16:40:58.223 @PRE005 190.000000
16:40:58.223 @PRE006 
16:40:58.226 @PRE007 
16:40:58.226 @PRE008 0.000000
16:40:58.226 @PRE009 10000.000000
16:40:58.226 @PRE010 37.100000
16:40:58.226 @PRE011 1000.000000
16:40:58.232 @PRD001 103007
16:40:58.232 @PRD002 气动截料锯
16:40:58.232 @PRD003 断大板
16:40:58.232 @PRD004 1212
16:40:58.232 @PRD005 李志斌
16:40:58.232 @PRD006 201812010127
16:40:58.232 @PRD007 1847-4
16:40:58.232 @PRD008 62-1.005.08.004
16:40:58.232 @PRD009 1808三人沙发（右）
16:40:58.233 @PRD010 2010*900*480
16:40:58.233 @PRD011 内封边
16:40:58.233 @PRD012 6.0
16:40:58.233 @PRD013 2018/12/28 16:40:58
16:40:58.233 @PRD014 True
16:40:58.233 @PRD015 13049
16:40:58.233 @PRD016 
16:40:58.233 @PRD017 2018/12/28 16:40:58
16:40:58.233 @PRD018 系统管理员
16:40:58.234 @PRD019 0
16:40:58.234 @PRD020 False
16:40:58.234 @PRD021 False
16:40:58.234 @PRD022 
16:40:58.234 @PRD023 1
16:40:58.234 @PRD024 
16:40:58.234 @PRD025 0
16:40:58.234 @PRD026 
16:40:58.234 @PRD027 
16:40:58.235 @PRD028 0
16:40:58.235 @PRD029 0
16:40:58.235 @PRD030 0
16:40:58.235 @PRD031 
16:40:58.235 @PRD032 0054
16:40:58.235 @PRD033 立方
16:40:58.235 @PRD034 毛2025*毛67*净6
16:40:58.235 @PRD035 False
16:40:58.236 @PRD036 毛2025*毛67*净6
16:40:58.236 @PRD037 6
16:40:58.236 @PRD038 
16:40:58.236 @PRD039 0
16:40:58.236 @PRD040 
16:40:58.236 @PRD041 0
16:40:58.236 @PRD042 3
16:40:58.236 @PRD043 127
16:40:58.237 @PRD044 机加工车间
16:40:58.241 @PRE001 13049
16:40:58.242 @PRE002 标准
16:40:58.242 @PRE003 1200.000000
16:40:58.242 @PRE004 40000.000000
16:40:58.242 @PRE005 190.000000
16:40:58.242 @PRE006 
16:40:58.242 @PRE007 
16:40:58.242 @PRE008 0.000000
16:40:58.242 @PRE009 10000.000000
16:40:58.242 @PRE010 0.000000
16:40:58.243 @PRE011 37.000000
16:40:58.245 @PRE001 13049
16:40:58.245 @PRE002 标准
16:40:58.245 @PRE003 0.000000
16:40:58.245 @PRE004 600.000000
16:40:58.246 @PRE005 250.000000
16:40:58.246 @PRE006 
16:40:58.246 @PRE007 
16:40:58.246 @PRE008 0.000000
16:40:58.246 @PRE009 10000.000000
16:40:58.246 @PRE010 37.100000
16:40:58.246 @PRE011 1000.000000
16:40:58.250 @PRE001 13049
16:40:58.251 @PRE002 标准
16:40:58.251 @PRE003 601.000000
16:40:58.251 @PRE004 1200.000000
16:40:58.251 @PRE005 250.000000
16:40:58.251 @PRE006 
16:40:58.251 @PRE007 
16:40:58.251 @PRE008 0.000000
16:40:58.251 @PRE009 10000.000000
16:40:58.252 @PRE010 0.000000
16:40:58.252 @PRE011 37.000000
16:40:58.254 @PRE001 13049
16:40:58.254 @PRE002 标准
16:40:58.254 @PRE003 0.000000
16:40:58.254 @PRE004 600.000000
16:40:58.254 @PRE005 320.000000
16:40:58.255 @PRE006 
16:40:58.255 @PRE007 
16:40:58.255 @PRE008 0.000000
16:40:58.255 @PRE009 10000.000000
16:40:58.255 @PRE010 0.000000
16:40:58.255 @PRE011 37.000000
16:41:04.118 @PRE001 13050
16:41:04.118 @PRE002 标准
16:41:04.118 @PRE003 1201.000000
16:41:04.119 @PRE004 40000.000000
16:41:04.119 @PRE005 150.000000
16:41:04.119 @PRE006 
16:41:04.119 @PRE007 
16:41:04.120 @PRE008 0.000000
16:41:04.120 @PRE009 10000.000000
16:41:04.120 @PRE010 37.100000
16:41:04.120 @PRE011 1000.000000
16:41:04.123 @PRE001 13050
16:41:04.123 @PRE002 标准
16:41:04.124 @PRE003 601.000000
16:41:04.124 @PRE004 1200.000000
16:41:04.124 @PRE005 190.000000
16:41:04.124 @PRE006 
16:41:04.124 @PRE007 
16:41:04.124 @PRE008 0.000000
16:41:04.124 @PRE009 10000.000000
16:41:04.124 @PRE010 37.100000
16:41:04.124 @PRE011 1000.000000
16:41:04.128 @PRE001 13050
16:41:04.129 @PRE002 标准
16:41:04.129 @PRE003 601.000000
16:41:04.129 @PRE004 1200.000000
16:41:04.129 @PRE005 250.000000
16:41:04.129 @PRE006 
16:41:04.129 @PRE007 
16:41:04.129 @PRE008 0.000000
16:41:04.129 @PRE009 10000.000000
16:41:04.129 @PRE010 0.000000
16:41:04.130 @PRE011 37.000000
16:41:04.133 @PRE001 13050
16:41:04.133 @PRE002 标准
16:41:04.133 @PRE003 0.000000
16:41:04.133 @PRE004 600.000000
16:41:04.133 @PRE005 250.000000
16:41:04.133 @PRE006 
16:41:04.133 @PRE007 
16:41:04.133 @PRE008 0.000000
16:41:04.134 @PRE009 10000.000000
16:41:04.134 @PRE010 37.100000
16:41:04.134 @PRE011 1000.000000
16:41:04.137 @PRD001 103007
16:41:04.137 @PRD002 气动截料锯
16:41:04.137 @PRD003 断大板
16:41:04.138 @PRD004 1212
16:41:04.138 @PRD005 李志斌
16:41:04.138 @PRD006 201812010127
16:41:04.138 @PRD007 1847-4
16:41:04.138 @PRD008 62-1.005.08.004
16:41:04.138 @PRD009 1808三人沙发（右）
16:41:04.139 @PRD010 2010*900*480
16:41:04.139 @PRD011 内封边
16:41:04.139 @PRD012 6.0
16:41:04.139 @PRD013 2018/12/28 16:41:04
16:41:04.139 @PRD014 False
16:41:04.139 @PRD015 13050
16:41:04.139 @PRD016 
16:41:04.139 @PRD017 2018/12/28 16:41:04
16:41:04.139 @PRD018 系统管理员
16:41:04.140 @PRD019 0
16:41:04.140 @PRD020 False
16:41:04.140 @PRD021 False
16:41:04.140 @PRD022 
16:41:04.140 @PRD023 1
16:41:04.140 @PRD024 
16:41:04.140 @PRD025 0
16:41:04.140 @PRD026 
16:41:04.140 @PRD027 
16:41:04.141 @PRD028 0
16:41:04.141 @PRD029 0
16:41:04.141 @PRD030 0
16:41:04.141 @PRD031 
16:41:04.141 @PRD032 0054
16:41:04.141 @PRD033 立方
16:41:04.141 @PRD034 毛2025*毛67*净6
16:41:04.141 @PRD035 False
16:41:04.141 @PRD036 毛2025*毛67*净6
16:41:04.142 @PRD037 6
16:41:04.142 @PRD038 
16:41:04.142 @PRD039 0
16:41:04.142 @PRD040 
16:41:04.142 @PRD041 0
16:41:04.142 @PRD042 3
16:41:04.142 @PRD043 127
16:41:04.142 @PRD044 机加工车间
16:41:04.150 @PRE001 13050
16:41:04.150 @PRE002 标准
16:41:04.151 @PRE003 0.000000
16:41:04.151 @PRE004 600.000000
16:41:04.151 @PRE005 320.000000
16:41:04.151 @PRE006 
16:41:04.151 @PRE007 
16:41:04.152 @PRE008 0.000000
16:41:04.152 @PRE009 10000.000000
16:41:04.152 @PRE010 0.000000
16:41:04.152 @PRE011 37.000000
16:41:04.155 @PRE001 13050
16:41:04.155 @PRE002 标准
16:41:04.156 @PRE003 1200.000000
16:41:04.156 @PRE004 40000.000000
16:41:04.156 @PRE005 190.000000
16:41:04.156 @PRE006 
16:41:04.156 @PRE007 
16:41:04.156 @PRE008 0.000000
16:41:04.157 @PRE009 10000.000000
16:41:04.157 @PRE010 0.000000
16:41:04.157 @PRE011 37.000000
16:41:09.191 @PRE001 13051
16:41:09.191 @PRE002 标准
16:41:09.192 @PRE003 601.000000
16:41:09.192 @PRE004 1200.000000
16:41:09.197 @PRE005 190.000000
16:41:09.197 @PRE006 
16:41:09.197 @PRE007 
16:41:09.197 @PRE008 0.000000
16:41:09.197 @PRE009 10000.000000
16:41:09.197 @PRE010 37.100000
16:41:09.197 @PRE011 1000.000000
16:41:09.199 @PRD001 103007
16:41:09.199 @PRD002 气动截料锯
16:41:09.199 @PRD003 断大板
16:41:09.199 @PRD004 1212
16:41:09.199 @PRD005 李志斌
16:41:09.199 @PRD006 201812010127
16:41:09.200 @PRD007 1847-4
16:41:09.200 @PRD008 62-1.005.08.004
16:41:09.200 @PRD009 1808三人沙发（右）
16:41:09.200 @PRD010 2010*900*480
16:41:09.200 @PRD011 内封边
16:41:09.201 @PRD012 6.0
16:41:09.201 @PRD013 2018/12/28 16:41:09
16:41:09.201 @PRD014 True
16:41:09.201 @PRD015 13051
16:41:09.202 @PRD016 
16:41:09.202 @PRD017 2018/12/28 16:41:09
16:41:09.202 @PRD018 系统管理员
16:41:09.202 @PRD019 0
16:41:09.202 @PRD020 False
16:41:09.202 @PRD021 False
16:41:09.202 @PRD022 
16:41:09.202 @PRD023 1
16:41:09.202 @PRD024 
16:41:09.202 @PRD025 0
16:41:09.203 @PRD026 
16:41:09.203 @PRD027 
16:41:09.203 @PRD028 0
16:41:09.203 @PRD029 0
16:41:09.203 @PRD030 0
16:41:09.203 @PRD031 
16:41:09.203 @PRD032 0054
16:41:09.203 @PRD033 立方
16:41:09.203 @PRD034 毛2025*毛67*净6
16:41:09.204 @PRD035 False
16:41:09.204 @PRD036 毛2025*毛67*净6
16:41:09.204 @PRD037 6
16:41:09.204 @PRD038 
16:41:09.204 @PRD039 0
16:41:09.204 @PRD040 
16:41:09.204 @PRD041 0
16:41:09.204 @PRD042 3
16:41:09.204 @PRD043 127
16:41:09.205 @PRD044 机加工车间
16:41:09.208 @PRE001 13051
16:41:09.208 @PRE002 标准
16:41:09.208 @PRE003 1201.000000
16:41:09.208 @PRE004 40000.000000
16:41:09.208 @PRE005 150.000000
16:41:09.208 @PRE006 
16:41:09.209 @PRE007 
16:41:09.209 @PRE008 0.000000
16:41:09.209 @PRE009 10000.000000
16:41:09.209 @PRE010 37.100000
16:41:09.209 @PRE011 1000.000000
16:41:09.211 @PRE001 13051
16:41:09.211 @PRE002 标准
16:41:09.211 @PRE003 0.000000
16:41:09.211 @PRE004 600.000000
16:41:09.212 @PRE005 320.000000
16:41:09.212 @PRE006 
16:41:09.212 @PRE007 
16:41:09.212 @PRE008 0.000000
16:41:09.212 @PRE009 10000.000000
16:41:09.212 @PRE010 0.000000
16:41:09.212 @PRE011 37.000000
16:41:09.214 @PRE001 13051
16:41:09.214 @PRE002 标准
16:41:09.214 @PRE003 1200.000000
16:41:09.214 @PRE004 40000.000000
16:41:09.214 @PRE005 190.000000
16:41:09.214 @PRE006 
16:41:09.214 @PRE007 
16:41:09.214 @PRE008 0.000000
16:41:09.215 @PRE009 10000.000000
16:41:09.215 @PRE010 0.000000
16:41:09.215 @PRE011 37.000000
16:41:09.216 @PRE001 13051
16:41:09.216 @PRE002 标准
16:41:09.217 @PRE003 601.000000
16:41:09.217 @PRE004 1200.000000
16:41:09.217 @PRE005 250.000000
16:41:09.217 @PRE006 
16:41:09.217 @PRE007 
16:41:09.218 @PRE008 0.000000
16:41:09.218 @PRE009 10000.000000
16:41:09.218 @PRE010 0.000000
16:41:09.218 @PRE011 37.000000
16:41:09.220 @PRE001 13051
16:41:09.220 @PRE002 标准
16:41:09.220 @PRE003 0.000000
16:41:09.220 @PRE004 600.000000
16:41:09.220 @PRE005 250.000000
16:41:09.220 @PRE006 
16:41:09.220 @PRE007 
16:41:09.221 @PRE008 0.000000
16:41:09.221 @PRE009 10000.000000
16:41:09.221 @PRE010 37.100000
16:41:09.221 @PRE011 1000.000000
16:41:14.200 @PRE001 13052
16:41:14.200 @PRE002 标准
16:41:14.200 @PRE003 1200.000000
16:41:14.200 @PRE004 40000.000000
16:41:14.200 @PRE005 190.000000
16:41:14.200 @PRE006 
16:41:14.200 @PRE007 
16:41:14.201 @PRE008 0.000000
16:41:14.201 @PRE009 10000.000000
16:41:14.201 @PRE010 0.000000
16:41:14.201 @PRE011 37.000000
16:41:14.202 @PRE001 13052
16:41:14.202 @PRE002 标准
16:41:14.203 @PRE003 0.000000
16:41:14.203 @PRE004 600.000000
16:41:14.203 @PRE005 320.000000
16:41:14.203 @PRE006 
16:41:14.203 @PRE007 
16:41:14.203 @PRE008 0.000000
16:41:14.203 @PRE009 10000.000000
16:41:14.204 @PRE010 0.000000
16:41:14.204 @PRE011 37.000000
16:41:14.205 @PRE001 13052
16:41:14.205 @PRE002 标准
16:41:14.205 @PRE003 0.000000
16:41:14.205 @PRE004 600.000000
16:41:14.206 @PRE005 250.000000
16:41:14.206 @PRE006 
16:41:14.206 @PRE007 
16:41:14.206 @PRE008 0.000000
16:41:14.206 @PRE009 10000.000000
16:41:14.206 @PRE010 37.100000
16:41:14.206 @PRE011 1000.000000
16:41:14.207 @PRE001 13052
16:41:14.207 @PRE002 标准
16:41:14.208 @PRE003 1201.000000
16:41:14.208 @PRE004 40000.000000
16:41:14.208 @PRE005 150.000000
16:41:14.208 @PRE006 
16:41:14.208 @PRE007 
16:41:14.208 @PRE008 0.000000
16:41:14.208 @PRE009 10000.000000
16:41:14.208 @PRE010 37.100000
16:41:14.209 @PRE011 1000.000000
16:41:14.210 @PRD001 103007
16:41:14.210 @PRD002 气动截料锯
16:41:14.211 @PRD003 断大板
16:41:14.211 @PRD004 1212
16:41:14.211 @PRD005 李志斌
16:41:14.211 @PRD006 201812010127
16:41:14.211 @PRD007 1847-4
16:41:14.211 @PRD008 62-1.005.08.004
16:41:14.211 @PRD009 1808三人沙发（右）
16:41:14.211 @PRD010 2010*900*480
16:41:14.211 @PRD011 内封边
16:41:14.212 @PRD012 6.0
16:41:14.212 @PRD013 2018/12/28 16:41:14
16:41:14.212 @PRD014 False
16:41:14.212 @PRD015 13052
16:41:14.212 @PRD016 
16:41:14.212 @PRD017 2018/12/28 16:41:14
16:41:14.212 @PRD018 系统管理员
16:41:14.212 @PRD019 0
16:41:14.213 @PRD020 False
16:41:14.213 @PRD021 False
16:41:14.213 @PRD022 
16:41:14.213 @PRD023 1
16:41:14.213 @PRD024 
16:41:14.213 @PRD025 0
16:41:14.213 @PRD026 
16:41:14.213 @PRD027 
16:41:14.213 @PRD028 0
16:41:14.213 @PRD029 0
16:41:14.214 @PRD030 0
16:41:14.214 @PRD031 
16:41:14.214 @PRD032 0054
16:41:14.214 @PRD033 立方
16:41:14.214 @PRD034 毛2025*毛67*净6
16:41:14.214 @PRD035 False
16:41:14.214 @PRD036 毛2025*毛67*净6
16:41:14.214 @PRD037 6
16:41:14.214 @PRD038 
16:41:14.215 @PRD039 0
16:41:14.215 @PRD040 
16:41:14.215 @PRD041 0
16:41:14.215 @PRD042 3
16:41:14.215 @PRD043 127
16:41:14.215 @PRD044 机加工车间
16:41:14.220 @PRE001 13052
16:41:14.220 @PRE002 标准
16:41:14.220 @PRE003 601.000000
16:41:14.220 @PRE004 1200.000000
16:41:14.220 @PRE005 250.000000
16:41:14.220 @PRE006 
16:41:14.221 @PRE007 
16:41:14.221 @PRE008 0.000000
16:41:14.221 @PRE009 10000.000000
16:41:14.221 @PRE010 0.000000
16:41:14.221 @PRE011 37.000000
16:41:14.222 @PRE001 13052
16:41:14.222 @PRE002 标准
16:41:14.222 @PRE003 601.000000
16:41:14.223 @PRE004 1200.000000
16:41:14.223 @PRE005 190.000000
16:41:14.223 @PRE006 
16:41:14.223 @PRE007 
16:41:14.223 @PRE008 0.000000
16:41:14.223 @PRE009 10000.000000
16:41:14.223 @PRE010 37.100000
16:41:14.224 @PRE011 1000.000000
16:41:21.394 @PRE001 13053
16:41:21.394 @PRE002 标准
16:41:21.394 @PRE003 601.000000
16:41:21.394 @PRE004 1200.000000
16:41:21.394 @PRE005 250.000000
16:41:21.394 @PRE006 
16:41:21.394 @PRE007 
16:41:21.394 @PRE008 0.000000
16:41:21.395 @PRE009 10000.000000
16:41:21.395 @PRE010 0.000000
16:41:21.395 @PRE011 37.000000
16:41:21.397 @PRE001 13053
16:41:21.397 @PRE002 标准
16:41:21.397 @PRE003 601.000000
16:41:21.397 @PRE004 1200.000000
16:41:21.397 @PRE005 190.000000
16:41:21.397 @PRE006 
16:41:21.398 @PRE007 
16:41:21.398 @PRE008 0.000000
16:41:21.398 @PRE009 10000.000000
16:41:21.398 @PRE010 37.100000
16:41:21.398 @PRE011 1000.000000
16:41:21.403 @PRE001 13053
16:41:21.403 @PRE002 标准
16:41:21.403 @PRE003 0.000000
16:41:21.404 @PRE004 600.000000
16:41:21.404 @PRE005 320.000000
16:41:21.404 @PRE006 
16:41:21.404 @PRE007 
16:41:21.404 @PRE008 0.000000
16:41:21.404 @PRE009 10000.000000
16:41:21.404 @PRE010 0.000000
16:41:21.404 @PRE011 37.000000
16:41:21.408 @PRE001 13053
16:41:21.408 @PRE002 标准
16:41:21.408 @PRE003 1201.000000
16:41:21.408 @PRE004 40000.000000
16:41:21.409 @PRE005 150.000000
16:41:21.409 @PRE006 
16:41:21.409 @PRE007 
16:41:21.409 @PRE008 0.000000
16:41:21.409 @PRE009 10000.000000
16:41:21.409 @PRE010 37.100000
16:41:21.409 @PRE011 1000.000000
16:41:21.413 @PRE001 13053
16:41:21.413 @PRE002 标准
16:41:21.413 @PRE003 0.000000
16:41:21.414 @PRE004 600.000000
16:41:21.414 @PRE005 250.000000
16:41:21.414 @PRE006 
16:41:21.414 @PRE007 
16:41:21.414 @PRE008 0.000000
16:41:21.414 @PRE009 10000.000000
16:41:21.414 @PRE010 37.100000
16:41:21.414 @PRE011 1000.000000
16:41:21.416 @PRD001 103007
16:41:21.417 @PRD002 气动截料锯
16:41:21.417 @PRD003 断大板
16:41:21.417 @PRD004 1212
16:41:21.417 @PRD005 李志斌
16:41:21.417 @PRD006 201812010127
16:41:21.417 @PRD007 1847-4
16:41:21.417 @PRD008 62-1.005.08.004
16:41:21.417 @PRD009 1808三人沙发（右）
16:41:21.417 @PRD010 2010*900*480
16:41:21.418 @PRD011 内封边
16:41:21.418 @PRD012 6.0
16:41:21.418 @PRD013 2018/12/28 16:41:21
16:41:21.418 @PRD014 True
16:41:21.418 @PRD015 13053
16:41:21.418 @PRD016 
16:41:21.418 @PRD017 2018/12/28 16:41:21
16:41:21.419 @PRD018 系统管理员
16:41:21.419 @PRD019 0
16:41:21.419 @PRD020 False
16:41:21.419 @PRD021 False
16:41:21.419 @PRD022 
16:41:21.419 @PRD023 1
16:41:21.419 @PRD024 
16:41:21.419 @PRD025 0
16:41:21.419 @PRD026 
16:41:21.419 @PRD027 
16:41:21.420 @PRD028 0
16:41:21.420 @PRD029 0
16:41:21.420 @PRD030 0
16:41:21.420 @PRD031 
16:41:21.420 @PRD032 0054
16:41:21.420 @PRD033 立方
16:41:21.421 @PRD034 毛2025*毛67*净6
16:41:21.421 @PRD035 False
16:41:21.421 @PRD036 毛2025*毛67*净6
16:41:21.421 @PRD037 6
16:41:21.421 @PRD038 
16:41:21.421 @PRD039 0
16:41:21.421 @PRD040 
16:41:21.421 @PRD041 0
16:41:21.421 @PRD042 3
16:41:21.422 @PRD043 127
16:41:21.422 @PRD044 机加工车间
16:41:21.424 @PRE001 13053
16:41:21.424 @PRE002 标准
16:41:21.424 @PRE003 1200.000000
16:41:21.424 @PRE004 40000.000000
16:41:21.424 @PRE005 190.000000
16:41:21.424 @PRE006 
16:41:21.425 @PRE007 
16:41:21.425 @PRE008 0.000000
16:41:21.425 @PRE009 10000.000000
16:41:21.425 @PRE010 0.000000
16:41:21.425 @PRE011 37.000000
16:41:23.877 @PRE001 13054
16:41:23.878 @PRE002 标准
16:41:23.878 @PRE003 0.000000
16:41:23.878 @PRE004 600.000000
16:41:23.878 @PRE005 320.000000
16:41:23.878 @PRE006 
16:41:23.878 @PRE007 
16:41:23.879 @PRE008 0.000000
16:41:23.879 @PRE009 10000.000000
16:41:23.879 @PRE010 0.000000
16:41:23.879 @PRE011 37.000000
16:41:23.880 @PRE001 13054
16:41:23.880 @PRE002 标准
16:41:23.881 @PRE003 1201.000000
16:41:23.881 @PRE004 40000.000000
16:41:23.881 @PRE005 150.000000
16:41:23.881 @PRE006 
16:41:23.881 @PRE007 
16:41:23.882 @PRE008 0.000000
16:41:23.882 @PRE009 10000.000000
16:41:23.882 @PRE010 37.100000
16:41:23.882 @PRE011 1000.000000
16:41:23.883 @PRE001 13054
16:41:23.883 @PRE002 标准
16:41:23.883 @PRE003 601.000000
16:41:23.884 @PRE004 1200.000000
16:41:23.884 @PRE005 190.000000
16:41:23.884 @PRE006 
16:41:23.884 @PRE007 
16:41:23.884 @PRE008 0.000000
16:41:23.884 @PRE009 10000.000000
16:41:23.884 @PRE010 37.100000
16:41:23.885 @PRE011 1000.000000
16:41:23.886 @PRE001 13054
16:41:23.886 @PRE002 标准
16:41:23.886 @PRE003 0.000000
16:41:23.886 @PRE004 600.000000
16:41:23.886 @PRE005 250.000000
16:41:23.887 @PRE006 
16:41:23.887 @PRE007 
16:41:23.887 @PRE008 0.000000
16:41:23.887 @PRE009 10000.000000
16:41:23.887 @PRE010 37.100000
16:41:23.887 @PRE011 1000.000000
16:41:23.889 @PRE001 13054
16:41:23.889 @PRE002 标准
16:41:23.889 @PRE003 601.000000
16:41:23.889 @PRE004 1200.000000
16:41:23.889 @PRE005 250.000000
16:41:23.889 @PRE006 
16:41:23.890 @PRE007 
16:41:23.890 @PRE008 0.000000
16:41:23.890 @PRE009 10000.000000
16:41:23.890 @PRE010 0.000000
16:41:23.890 @PRE011 37.000000
16:41:23.891 @PRD001 103007
16:41:23.891 @PRD002 气动截料锯
16:41:23.892 @PRD003 断大板
16:41:23.892 @PRD004 1212
16:41:23.892 @PRD005 李志斌
16:41:23.892 @PRD006 201812010127
16:41:23.892 @PRD007 1847-4
16:41:23.892 @PRD008 62-1.005.08.004
16:41:23.893 @PRD009 1808三人沙发（右）
16:41:23.893 @PRD010 2010*900*480
16:41:23.893 @PRD011 内封边
16:41:23.893 @PRD012 6.0
16:41:23.893 @PRD013 2018/12/28 16:41:23
16:41:23.893 @PRD014 False
16:41:23.894 @PRD015 13054
16:41:23.894 @PRD016 
16:41:23.894 @PRD017 2018/12/28 16:41:23
16:41:23.894 @PRD018 系统管理员
16:41:23.894 @PRD019 0
16:41:23.894 @PRD020 False
16:41:23.894 @PRD021 False
16:41:23.895 @PRD022 
16:41:23.895 @PRD023 1
16:41:23.895 @PRD024 
16:41:23.895 @PRD025 0
16:41:23.895 @PRD026 
16:41:23.895 @PRD027 
16:41:23.896 @PRD028 0
16:41:23.896 @PRD029 0
16:41:23.896 @PRD030 0
16:41:23.896 @PRD031 
16:41:23.896 @PRD032 0054
16:41:23.896 @PRD033 立方
16:41:23.896 @PRD034 毛2025*毛67*净6
16:41:23.897 @PRD035 False
16:41:23.897 @PRD036 毛2025*毛67*净6
16:41:23.897 @PRD037 6
16:41:23.897 @PRD038 
16:41:23.897 @PRD039 0
16:41:23.897 @PRD040 
16:41:23.897 @PRD041 0
16:41:23.897 @PRD042 3
16:41:23.898 @PRD043 127
16:41:23.898 @PRD044 机加工车间
16:41:23.904 @PRE001 13054
16:41:23.904 @PRE002 标准
16:41:23.905 @PRE003 1200.000000
16:41:23.905 @PRE004 40000.000000
16:41:23.905 @PRE005 190.000000
16:41:23.905 @PRE006 
16:41:23.905 @PRE007 
16:41:23.905 @PRE008 0.000000
16:41:23.905 @PRE009 10000.000000
16:41:23.906 @PRE010 0.000000
16:41:23.906 @PRE011 37.000000
16:42:47.748 @EMP002 系统管理员
16:42:47.753 @EMP009 d2f278e251d1566edd72846d4ad97f
16:44:42.276 @EMP002 系统管理员
16:44:42.282 @EMP009 d2f278e251d1566edd72846d4ad97f
17:42:06.410 @EMP002 系统管理员
17:42:06.415 @EMP009 d2f278e251d1566edd72846d4ad97f
17:43:11.882 @PRE001 13046
17:43:11.882 @PRE002 标准
17:43:11.882 @PRE003 601.000000
17:43:11.883 @PRE004 1200.000000
17:43:11.883 @PRE005 250.000000
17:43:11.883 @PRE006 
17:43:11.883 @PRE007 
17:43:11.883 @PRE008 0.000000
17:43:11.883 @PRE009 10000.000000
17:43:11.883 @PRE010 0.000000
17:43:11.883 @PRE011 37.000000
17:43:11.888 @PRE001 13046
17:43:11.889 @PRE002 标准
17:43:11.889 @PRE003 1200.000000
17:43:11.889 @PRE004 40000.000000
17:43:11.889 @PRE005 190.000000
17:43:11.889 @PRE006 
17:43:11.889 @PRE007 
17:43:11.889 @PRE008 0.000000
17:43:11.889 @PRE009 10000.000000
17:43:11.889 @PRE010 0.000000
17:43:11.889 @PRE011 37.000000
17:43:11.892 @PRE001 13046
17:43:11.893 @PRE002 标准
17:43:11.893 @PRE003 1201.000000
17:43:11.893 @PRE004 40000.000000
17:43:11.893 @PRE005 150.000000
17:43:11.893 @PRE006 
17:43:11.893 @PRE007 
17:43:11.893 @PRE008 0.000000
17:43:11.893 @PRE009 10000.000000
17:43:11.895 @PRE010 37.100000
17:43:11.895 @PRE011 1000.000000
17:43:11.899 @PRE001 13046
17:43:11.899 @PRE002 标准
17:43:11.899 @PRE003 601.000000
17:43:11.899 @PRE004 1200.000000
17:43:11.899 @PRE005 190.000000
17:43:11.899 @PRE006 
17:43:11.899 @PRE007 
17:43:11.900 @PRE008 0.000000
17:43:11.900 @PRE009 10000.000000
17:43:11.900 @PRE010 37.100000
17:43:11.900 @PRE011 1000.000000
17:43:11.903 @PRE001 13046
17:43:11.903 @PRE002 标准
17:43:11.903 @PRE003 0.000000
17:43:11.904 @PRE004 600.000000
17:43:11.904 @PRE005 250.000000
17:43:11.904 @PRE006 
17:43:11.904 @PRE007 
17:43:11.904 @PRE008 0.000000
17:43:11.904 @PRE009 10000.000000
17:43:11.904 @PRE010 37.100000
17:43:11.904 @PRE011 1000.000000
17:43:11.908 @PRE001 13046
17:43:11.908 @PRE002 标准
17:43:11.908 @PRE003 0.000000
17:43:11.908 @PRE004 600.000000
17:43:11.908 @PRE005 320.000000
17:43:11.909 @PRE006 
17:43:11.909 @PRE007 
17:43:11.909 @PRE008 0.000000
17:43:11.909 @PRE009 10000.000000
17:43:11.909 @PRE010 0.000000
17:43:11.909 @PRE011 37.000000
17:43:11.911 @PRD001 103007
17:43:11.911 @PRD002 气动截料锯
17:43:11.911 @PRD003 断大板
17:43:11.911 @PRD004 1212
17:43:11.911 @PRD005 李志斌
17:43:11.911 @PRD006 201812010127
17:43:11.912 @PRD007 1847-4
17:43:11.912 @PRD008 62-1.005.08.004
17:43:11.912 @PRD009 1808三人沙发（右）
17:43:11.912 @PRD010 2010*900*480
17:43:11.912 @PRD011 内封边
17:43:11.912 @PRD012 6.0
17:43:11.912 @PRD013 2018/12/28 17:43:11
17:43:11.913 @PRD014 True
17:43:11.913 @PRD015 13046
17:43:11.913 @PRD016 
17:43:11.913 @PRD017 2018/12/28 17:43:11
17:43:11.913 @PRD018 系统管理员
17:43:11.913 @PRD019 6.0
17:43:11.913 @PRD020 False
17:43:11.913 @PRD021 False
17:43:11.914 @PRD022 
17:43:11.914 @PRD023 1
17:43:11.914 @PRD024 
17:43:11.914 @PRD025 0
17:43:11.914 @PRD026 
17:43:11.914 @PRD027 
17:43:11.914 @PRD028 0
17:43:11.914 @PRD029 0
17:43:11.914 @PRD030 0
17:43:11.915 @PRD031 
17:43:11.915 @PRD032 0054
17:43:11.915 @PRD033 立方
17:43:11.915 @PRD034 毛2025*毛67*净6
17:43:11.915 @PRD035 False
17:43:11.915 @PRD036 
17:43:11.915 @PRD037 0
17:43:11.915 @PRD038 
17:43:11.915 @PRD039 0
17:43:11.916 @PRD040 
17:43:11.916 @PRD041 0
17:43:11.916 @PRD042 3
17:43:11.916 @PRD043 127
17:43:11.916 @PRD044 机加工车间
17:43:13.891 @PRE001 13047
17:43:13.891 @PRE002 标准
17:43:13.891 @PRE003 601.000000
17:43:13.891 @PRE004 1200.000000
17:43:13.891 @PRE005 250.000000
17:43:13.892 @PRE006 
17:43:13.892 @PRE007 
17:43:13.892 @PRE008 0.000000
17:43:13.892 @PRE009 10000.000000
17:43:13.892 @PRE010 0.000000
17:43:13.892 @PRE011 37.000000
17:43:13.894 @PRE001 13047
17:43:13.894 @PRE002 标准
17:43:13.894 @PRE003 1201.000000
17:43:13.894 @PRE004 40000.000000
17:43:13.894 @PRE005 150.000000
17:43:13.894 @PRE006 
17:43:13.894 @PRE007 
17:43:13.895 @PRE008 0.000000
17:43:13.895 @PRE009 10000.000000
17:43:13.895 @PRE010 37.100000
17:43:13.895 @PRE011 1000.000000
17:43:13.896 @PRE001 13047
17:43:13.896 @PRE002 标准
17:43:13.897 @PRE003 0.000000
17:43:13.897 @PRE004 600.000000
17:43:13.897 @PRE005 320.000000
17:43:13.897 @PRE006 
17:43:13.897 @PRE007 
17:43:13.897 @PRE008 0.000000
17:43:13.897 @PRE009 10000.000000
17:43:13.897 @PRE010 0.000000
17:43:13.898 @PRE011 37.000000
17:43:13.899 @PRE001 13047
17:43:13.899 @PRE002 标准
17:43:13.899 @PRE003 601.000000
17:43:13.899 @PRE004 1200.000000
17:43:13.901 @PRE005 190.000000
17:43:13.902 @PRE006 
17:43:13.902 @PRE007 
17:43:13.902 @PRE008 0.000000
17:43:13.902 @PRE009 10000.000000
17:43:13.902 @PRE010 37.100000
17:43:13.902 @PRE011 1000.000000
17:43:13.904 @PRD001 103007
17:43:13.904 @PRD002 气动截料锯
17:43:13.904 @PRD003 断大板
17:43:13.904 @PRD004 1212
17:43:13.904 @PRD005 李志斌
17:43:13.904 @PRD006 201812010127
17:43:13.904 @PRD007 1847-4
17:43:13.904 @PRD008 62-1.005.08.004
17:43:13.905 @PRD009 1808三人沙发（右）
17:43:13.905 @PRD010 2010*900*480
17:43:13.905 @PRD011 内封边
17:43:13.905 @PRD012 6.0
17:43:13.905 @PRD013 2018/12/28 17:43:13
17:43:13.905 @PRD014 False
17:43:13.905 @PRD015 13047
17:43:13.905 @PRD016 
17:43:13.905 @PRD017 2018/12/28 17:43:13
17:43:13.906 @PRD018 系统管理员
17:43:13.906 @PRD019 6.0
17:43:13.906 @PRD020 False
17:43:13.906 @PRD021 False
17:43:13.906 @PRD022 
17:43:13.906 @PRD023 1
17:43:13.906 @PRD024 
17:43:13.906 @PRD025 0
17:43:13.907 @PRD026 
17:43:13.907 @PRD027 
17:43:13.907 @PRD028 0
17:43:13.907 @PRD029 0
17:43:13.907 @PRD030 0
17:43:13.907 @PRD031 
17:43:13.907 @PRD032 0054
17:43:13.907 @PRD033 立方
17:43:13.907 @PRD034 毛2025*毛67*净6
17:43:13.908 @PRD035 False
17:43:13.908 @PRD036 
17:43:13.908 @PRD037 0
17:43:13.908 @PRD038 
17:43:13.908 @PRD039 0
17:43:13.908 @PRD040 
17:43:13.908 @PRD041 0
17:43:13.908 @PRD042 3
17:43:13.909 @PRD043 127
17:43:13.909 @PRD044 机加工车间
17:43:13.913 @PRE001 13047
17:43:13.913 @PRE002 标准
17:43:13.913 @PRE003 1200.000000
17:43:13.913 @PRE004 40000.000000
17:43:13.914 @PRE005 190.000000
17:43:13.914 @PRE006 
17:43:13.914 @PRE007 
17:43:13.914 @PRE008 0.000000
17:43:13.914 @PRE009 10000.000000
17:43:13.914 @PRE010 0.000000
17:43:13.914 @PRE011 37.000000
17:43:13.916 @PRE001 13047
17:43:13.917 @PRE002 标准
17:43:13.917 @PRE003 0.000000
17:43:13.917 @PRE004 600.000000
17:43:13.917 @PRE005 250.000000
17:43:13.917 @PRE006 
17:43:13.917 @PRE007 
17:43:13.917 @PRE008 0.000000
17:43:13.917 @PRE009 10000.000000
17:43:13.917 @PRE010 37.100000
17:43:13.918 @PRE011 1000.000000
17:43:31.479 @PRE001 13048
17:43:31.480 @PRE002 标准
17:43:31.480 @PRE003 601.000000
17:43:31.480 @PRE004 1200.000000
17:43:31.480 @PRE005 250.000000
17:43:31.480 @PRE006 
17:43:31.480 @PRE007 
17:43:31.480 @PRE008 0.000000
17:43:31.481 @PRE009 10000.000000
17:43:31.481 @PRE010 0.000000
17:43:31.481 @PRE011 37.000000
17:43:31.483 @PRD001 103007
17:43:31.483 @PRD002 气动截料锯
17:43:31.484 @PRD003 断大板
17:43:31.484 @PRD004 1212
17:43:31.484 @PRD005 李志斌
17:43:31.484 @PRD006 201812010127
17:43:31.484 @PRD007 1847-4
17:43:31.484 @PRD008 62-1.005.08.004
17:43:31.484 @PRD009 1808三人沙发（右）
17:43:31.484 @PRD010 2010*900*480
17:43:31.485 @PRD011 内封边
17:43:31.485 @PRD012 6.0
17:43:31.485 @PRD013 2018/12/28 17:43:31
17:43:31.485 @PRD014 True
17:43:31.485 @PRD015 13048
17:43:31.485 @PRD016 
17:43:31.485 @PRD017 2018/12/28 17:43:31
17:43:31.486 @PRD018 系统管理员
17:43:31.486 @PRD019 0
17:43:31.486 @PRD020 False
17:43:31.486 @PRD021 False
17:43:31.486 @PRD022 
17:43:31.486 @PRD023 1
17:43:31.486 @PRD024 
17:43:31.486 @PRD025 0
17:43:31.487 @PRD026 
17:43:31.487 @PRD027 
17:43:31.487 @PRD028 0
17:43:31.487 @PRD029 0
17:43:31.487 @PRD030 0
17:43:31.487 @PRD031 
17:43:31.487 @PRD032 0054
17:43:31.487 @PRD033 立方
17:43:31.488 @PRD034 毛2025*毛67*净6
17:43:31.488 @PRD035 False
17:43:31.488 @PRD036 毛2025*毛67*净6
17:43:31.488 @PRD037 12
17:43:31.488 @PRD038 
17:43:31.488 @PRD039 0
17:43:31.488 @PRD040 
17:43:31.489 @PRD041 0
17:43:31.489 @PRD042 3
17:43:31.489 @PRD043 127
17:43:31.490 @PRD044 机加工车间
17:43:31.504 @PRE001 13048
17:43:31.504 @PRE002 标准
17:43:31.504 @PRE003 0.000000
17:43:31.504 @PRE004 600.000000
17:43:31.504 @PRE005 320.000000
17:43:31.505 @PRE006 
17:43:31.505 @PRE007 
17:43:31.505 @PRE008 0.000000
17:43:31.505 @PRE009 10000.000000
17:43:31.505 @PRE010 0.000000
17:43:31.505 @PRE011 37.000000
17:43:31.507 @PRE001 13048
17:43:31.507 @PRE002 标准
17:43:31.507 @PRE003 1200.000000
17:43:31.507 @PRE004 40000.000000
17:43:31.508 @PRE005 190.000000
17:43:31.508 @PRE006 
17:43:31.508 @PRE007 
17:43:31.508 @PRE008 0.000000
17:43:31.508 @PRE009 10000.000000
17:43:31.508 @PRE010 0.000000
17:43:31.508 @PRE011 37.000000
17:43:31.511 @PRE001 13048
17:43:31.511 @PRE002 标准
17:43:31.511 @PRE003 601.000000
17:43:31.511 @PRE004 1200.000000
17:43:31.511 @PRE005 190.000000
17:43:31.511 @PRE006 
17:43:31.512 @PRE007 
17:43:31.512 @PRE008 0.000000
17:43:31.512 @PRE009 10000.000000
17:43:31.512 @PRE010 37.100000
17:43:31.512 @PRE011 1000.000000
17:43:31.515 @PRE001 13048
17:43:31.516 @PRE002 标准
17:43:31.516 @PRE003 1201.000000
17:43:31.516 @PRE004 40000.000000
17:43:31.516 @PRE005 150.000000
17:43:31.516 @PRE006 
17:43:31.517 @PRE007 
17:43:31.517 @PRE008 0.000000
17:43:31.517 @PRE009 10000.000000
17:43:31.517 @PRE010 37.100000
17:43:31.517 @PRE011 1000.000000
17:43:31.520 @PRE001 13048
17:43:31.520 @PRE002 标准
17:43:31.520 @PRE003 0.000000
17:43:31.520 @PRE004 600.000000
17:43:31.520 @PRE005 250.000000
17:43:31.520 @PRE006 
17:43:31.521 @PRE007 
17:43:31.521 @PRE008 0.000000
17:43:31.521 @PRE009 10000.000000
17:43:31.521 @PRE010 37.100000
17:43:31.521 @PRE011 1000.000000
17:43:36.503 @PRE001 13049
17:43:36.504 @PRE002 标准
17:43:36.505 @PRE003 1201.000000
17:43:36.505 @PRE004 40000.000000
17:43:36.505 @PRE005 150.000000
17:43:36.505 @PRE006 
17:43:36.506 @PRE007 
17:43:36.506 @PRE008 0.000000
17:43:36.506 @PRE009 10000.000000
17:43:36.506 @PRE010 37.100000
17:43:36.506 @PRE011 1000.000000
17:43:36.508 @PRE001 13049
17:43:36.508 @PRE002 标准
17:43:36.508 @PRE003 0.000000
17:43:36.509 @PRE004 600.000000
17:43:36.509 @PRE005 320.000000
17:43:36.509 @PRE006 
17:43:36.509 @PRE007 
17:43:36.509 @PRE008 0.000000
17:43:36.509 @PRE009 10000.000000
17:43:36.509 @PRE010 0.000000
17:43:36.510 @PRE011 37.000000
17:43:36.512 @PRE001 13049
17:43:36.512 @PRE002 标准
17:43:36.512 @PRE003 0.000000
17:43:36.512 @PRE004 600.000000
17:43:36.512 @PRE005 250.000000
17:43:36.512 @PRE006 
17:43:36.513 @PRE007 
17:43:36.513 @PRE008 0.000000
17:43:36.513 @PRE009 10000.000000
17:43:36.513 @PRE010 37.100000
17:43:36.513 @PRE011 1000.000000
17:43:36.517 @PRE001 13049
17:43:36.517 @PRE002 标准
17:43:36.517 @PRE003 601.000000
17:43:36.517 @PRE004 1200.000000
17:43:36.517 @PRE005 250.000000
17:43:36.517 @PRE006 
17:43:36.517 @PRE007 
17:43:36.517 @PRE008 0.000000
17:43:36.518 @PRE009 10000.000000
17:43:36.518 @PRE010 0.000000
17:43:36.518 @PRE011 37.000000
17:43:36.520 @PRE001 13049
17:43:36.520 @PRE002 标准
17:43:36.520 @PRE003 601.000000
17:43:36.521 @PRE004 1200.000000
17:43:36.521 @PRE005 190.000000
17:43:36.521 @PRE006 
17:43:36.521 @PRE007 
17:43:36.521 @PRE008 0.000000
17:43:36.521 @PRE009 10000.000000
17:43:36.521 @PRE010 37.100000
17:43:36.521 @PRE011 1000.000000
17:43:36.526 @PRD001 103007
17:43:36.526 @PRD002 气动截料锯
17:43:36.526 @PRD003 断大板
17:43:36.526 @PRD004 1212
17:43:36.527 @PRD005 李志斌
17:43:36.527 @PRD006 201812010127
17:43:36.527 @PRD007 1847-4
17:43:36.527 @PRD008 62-1.005.08.004
17:43:36.527 @PRD009 1808三人沙发（右）
17:43:36.527 @PRD010 2010*900*480
17:43:36.527 @PRD011 内封边
17:43:36.527 @PRD012 6.0
17:43:36.528 @PRD013 2018/12/28 17:43:36
17:43:36.528 @PRD014 False
17:43:36.529 @PRD015 13049
17:43:36.529 @PRD016 
17:43:36.529 @PRD017 2018/12/28 17:43:36
17:43:36.529 @PRD018 系统管理员
17:43:36.529 @PRD019 0
17:43:36.529 @PRD020 False
17:43:36.529 @PRD021 False
17:43:36.529 @PRD022 
17:43:36.529 @PRD023 1
17:43:36.530 @PRD024 
17:43:36.530 @PRD025 0
17:43:36.530 @PRD026 
17:43:36.530 @PRD027 
17:43:36.530 @PRD028 0
17:43:36.530 @PRD029 0
17:43:36.530 @PRD030 0
17:43:36.530 @PRD031 
17:43:36.530 @PRD032 0054
17:43:36.530 @PRD033 立方
17:43:36.531 @PRD034 毛2025*毛67*净6
17:43:36.531 @PRD035 False
17:43:36.531 @PRD036 毛2025*毛67*净6
17:43:36.531 @PRD037 12
17:43:36.531 @PRD038 
17:43:36.531 @PRD039 0
17:43:36.531 @PRD040 
17:43:36.531 @PRD041 0
17:43:36.531 @PRD042 3
17:43:36.531 @PRD043 127
17:43:36.532 @PRD044 机加工车间
17:43:36.537 @PRE001 13049
17:43:36.537 @PRE002 标准
17:43:36.538 @PRE003 1200.000000
17:43:36.538 @PRE004 40000.000000
17:43:36.538 @PRE005 190.000000
17:43:36.538 @PRE006 
17:43:36.538 @PRE007 
17:43:36.538 @PRE008 0.000000
17:43:36.538 @PRE009 10000.000000
17:43:36.538 @PRE010 0.000000
17:43:36.538 @PRE011 37.000000
17:44:37.160 @EMP002 系统管理员
17:44:37.166 @EMP009 6f1ec1fd1b3a20c8aea0e973ec7863
17:44:40.937 @EMP002 系统管理员
17:44:40.937 @EMP009 d2f278e251d1566edd72846d4ad97f
17:48:36.374 @PRE001 13050
17:48:36.380 @PRE002 标准
17:48:36.381 @PRE003 601.000000
17:48:36.381 @PRE004 1200.000000
17:48:36.381 @PRE005 190.000000
17:48:36.381 @PRE006 
17:48:36.381 @PRE007 
17:48:36.381 @PRE008 0.000000
17:48:36.382 @PRE009 10000.000000
17:48:36.382 @PRE010 37.100000
17:48:36.382 @PRE011 1000.000000
17:48:36.385 @PRE001 13050
17:48:36.386 @PRE002 标准
17:48:36.388 @PRE003 0.000000
17:48:36.388 @PRE004 600.000000
17:48:36.389 @PRE005 250.000000
17:48:36.389 @PRE006 
17:48:36.389 @PRE007 
17:48:36.389 @PRE008 0.000000
17:48:36.390 @PRE009 10000.000000
17:48:36.390 @PRE010 37.100000
17:48:36.390 @PRE011 1000.000000
17:48:36.391 @PRE001 13050
17:48:36.392 @PRE002 标准
17:48:36.392 @PRE003 1201.000000
17:48:36.392 @PRE004 40000.000000
17:48:36.392 @PRE005 150.000000
17:48:36.393 @PRE006 
17:48:36.393 @PRE007 
17:48:36.393 @PRE008 0.000000
17:48:36.394 @PRE009 10000.000000
17:48:36.394 @PRE010 37.100000
17:48:36.394 @PRE011 1000.000000
17:48:36.396 @PRE001 13050
17:48:36.397 @PRE002 标准
17:48:36.397 @PRE003 1200.000000
17:48:36.397 @PRE004 40000.000000
17:48:36.397 @PRE005 190.000000
17:48:36.398 @PRE006 
17:48:36.398 @PRE007 
17:48:36.398 @PRE008 0.000000
17:48:36.398 @PRE009 10000.000000
17:48:36.399 @PRE010 0.000000
17:48:36.399 @PRE011 37.000000
17:48:36.401 @PRD001 103007
17:48:36.401 @PRD002 气动截料锯
17:48:36.402 @PRD003 断大板
17:48:36.402 @PRD004 1212
17:48:36.402 @PRD005 李志斌
17:48:36.402 @PRD006 201812010127
17:48:36.402 @PRD007 1847-4
17:48:36.402 @PRD008 62-1.005.08.004
17:48:36.403 @PRD009 1808三人沙发（右）
17:48:36.403 @PRD010 2010*900*480
17:48:36.403 @PRD011 内封边
17:48:36.403 @PRD012 6.0
17:48:36.403 @PRD013 2018/12/28 17:48:23
17:48:36.403 @PRD014 True
17:48:36.403 @PRD015 13050
17:48:36.403 @PRD016 
17:48:36.404 @PRD017 2018/12/28 17:48:23
17:48:36.404 @PRD018 系统管理员
17:48:36.404 @PRD019 0
17:48:36.404 @PRD020 False
17:48:36.404 @PRD021 False
17:48:36.405 @PRD022 
17:48:36.405 @PRD023 1
17:48:36.405 @PRD024 
17:48:36.405 @PRD025 0
17:48:36.406 @PRD026 
17:48:36.406 @PRD027 
17:48:36.406 @PRD028 0
17:48:36.406 @PRD029 0
17:48:36.407 @PRD030 0
17:48:36.407 @PRD031 
17:48:36.407 @PRD032 0054
17:48:36.407 @PRD033 立方
17:48:36.407 @PRD034 毛2025*毛67*净6
17:48:36.408 @PRD035 False
17:48:36.408 @PRD036 
17:48:36.408 @PRD037 0
17:48:36.408 @PRD038 毛2025*毛67*净6
17:48:36.409 @PRD039 12
17:48:36.409 @PRD040 
17:48:36.409 @PRD041 0
17:48:36.409 @PRD042 3
17:48:36.409 @PRD043 127
17:48:36.410 @PRD044 机加工车间
17:48:36.414 @PRE001 13050
17:48:36.414 @PRE002 标准
17:48:36.415 @PRE003 0.000000
17:48:36.415 @PRE004 600.000000
17:48:36.415 @PRE005 320.000000
17:48:36.415 @PRE006 
17:48:36.416 @PRE007 
17:48:36.416 @PRE008 0.000000
17:48:36.416 @PRE009 10000.000000
17:48:36.416 @PRE010 0.000000
17:48:36.417 @PRE011 37.000000
17:48:36.418 @PRE001 13050
17:48:36.419 @PRE002 标准
17:48:36.419 @PRE003 601.000000
17:48:36.419 @PRE004 1200.000000
17:48:36.419 @PRE005 250.000000
17:48:36.420 @PRE006 
17:48:36.420 @PRE007 
17:48:36.420 @PRE008 0.000000
17:48:36.420 @PRE009 10000.000000
17:48:36.421 @PRE010 0.000000
17:48:36.421 @PRE011 37.000000
17:48:46.119 '1212' 附近有语法错误。
'1212' 附近有语法错误。
   在 System.Data.SqlClient.SqlConnection.OnError(SqlException exception, Boolean breakConnection, Action`1 wrapCloseInAction)
   在 System.Data.SqlClient.TdsParser.ThrowExceptionAndWarning(TdsParserStateObject stateObj, Boolean callerHasConnectionLock, Boolean asyncClose)
   在 System.Data.SqlClient.TdsParser.TryRun(RunBehavior runBehavior, SqlCommand cmdHandler, SqlDataReader dataStream, BulkCopySimpleResultSet bulkCopyHandler, TdsParserStateObject stateObj, Boolean& dataReady)
   在 System.Data.SqlClient.SqlDataReader.TryConsumeMetaData()
   在 System.Data.SqlClient.SqlDataReader.get_MetaData()
   在 System.Data.SqlClient.SqlCommand.FinishExecuteReader(SqlDataReader ds, RunBehavior runBehavior, String resetOptionsString, Boolean isInternal, Boolean forDescribeParameterEncryption, Boolean shouldCacheForAlwaysEncrypted)
   在 System.Data.SqlClient.SqlCommand.RunExecuteReaderTds(CommandBehavior cmdBehavior, RunBehavior runBehavior, Boolean returnStream, Boolean async, Int32 timeout, Task& task, Boolean asyncWrite, Boolean inRetry, SqlDataReader ds, Boolean describeParameterEncryptionRequest)
   在 System.Data.SqlClient.SqlCommand.RunExecuteReader(CommandBehavior cmdBehavior, RunBehavior runBehavior, Boolean returnStream, String method, TaskCompletionSource`1 completion, Int32 timeout, Task& task, Boolean& usedCache, Boolean asyncWrite, Boolean inRetry)
   在 System.Data.SqlClient.SqlCommand.RunExecuteReader(CommandBehavior cmdBehavior, RunBehavior runBehavior, Boolean returnStream, String method)
   在 System.Data.SqlClient.SqlCommand.ExecuteReader(CommandBehavior behavior, String method)
   在 System.Data.Common.DbDataAdapter.FillInternal(DataSet dataset, DataTable[] datatables, Int32 startRecord, Int32 maxRecords, String srcTable, IDbCommand command, CommandBehavior behavior)
   在 System.Data.Common.DbDataAdapter.Fill(DataTable[] dataTables, Int32 startRecord, Int32 maxRecords, IDbCommand command, CommandBehavior behavior)
   在 System.Data.Common.DbDataAdapter.Fill(DataTable dataTable)
   在 StudentMgr.SqlHelper.ExecuteDataTable(SqlConnection conn, String cmdText, SqlParameter[] parameters) 位置 D:\ProjectData\MoXia\Project\Carpenter\CarpenterBll\SqlHelper.cs:行号 457
17:48:46.119 SELECT PRD015 FROM MOXPRD WHERE PRD001='103007' AND PRD004=''1212'' AND PRD006='201812010127' AND PRD014=1 AND PRD003='断大板' AND PRD013=(SELECT MAX(PRD013) FROM MOXPRD WHERE PRD001='103007' AND PRD004=''1212'' AND PRD006='201812010127' AND PRD003='断大板')
17:52:43.786 @EMP002 系统管理员
17:52:43.792 @EMP009 cebfd1559b68d67688884d7a3d3e8c
17:52:45.731 @EMP002 系统管理员
17:52:45.732 @EMP009 d2f278e251d1566edd72846d4ad97f
17:53:23.064 @PRE001 13050
17:53:23.064 @PRE002 标准
17:53:23.064 @PRE003 0.000000
17:53:23.064 @PRE004 600.000000
17:53:23.065 @PRE005 250.000000
17:53:23.065 @PRE006 
17:53:23.065 @PRE007 
17:53:23.065 @PRE008 0.000000
17:53:23.065 @PRE009 10000.000000
17:53:23.066 @PRE010 37.100000
17:53:23.066 @PRE011 1000.000000
17:53:23.068 @PRE001 13050
17:53:23.069 @PRE002 标准
17:53:23.069 @PRE003 0.000000
17:53:23.069 @PRE004 600.000000
17:53:23.069 @PRE005 320.000000
17:53:23.069 @PRE006 
17:53:23.069 @PRE007 
17:53:23.069 @PRE008 0.000000
17:53:23.069 @PRE009 10000.000000
17:53:23.070 @PRE010 0.000000
17:53:23.070 @PRE011 37.000000
17:53:23.072 @PRE001 13050
17:53:23.072 @PRE002 标准
17:53:23.072 @PRE003 1200.000000
17:53:23.072 @PRE004 40000.000000
17:53:23.073 @PRE005 190.000000
17:53:23.073 @PRE006 
17:53:23.073 @PRE007 
17:53:23.073 @PRE008 0.000000
17:53:23.073 @PRE009 10000.000000
17:53:23.073 @PRE010 0.000000
17:53:23.074 @PRE011 37.000000
17:53:23.076 @PRE001 13050
17:53:23.076 @PRE002 标准
17:53:23.076 @PRE003 1201.000000
17:53:23.077 @PRE004 40000.000000
17:53:23.077 @PRE005 150.000000
17:53:23.077 @PRE006 
17:53:23.077 @PRE007 
17:53:23.077 @PRE008 0.000000
17:53:23.077 @PRE009 10000.000000
17:53:23.078 @PRE010 37.100000
17:53:23.078 @PRE011 1000.000000
17:53:23.079 @PRE001 13050
17:53:23.080 @PRE002 标准
17:53:23.080 @PRE003 601.000000
17:53:23.080 @PRE004 1200.000000
17:53:23.080 @PRE005 190.000000
17:53:23.080 @PRE006 
17:53:23.081 @PRE007 
17:53:23.081 @PRE008 0.000000
17:53:23.081 @PRE009 10000.000000
17:53:23.081 @PRE010 37.100000
17:53:23.083 @PRE011 1000.000000
17:53:23.085 @PRD001 103007
17:53:23.085 @PRD002 气动截料锯
17:53:23.085 @PRD003 断大板
17:53:23.086 @PRD004 1212
17:53:23.086 @PRD005 李志斌
17:53:23.086 @PRD006 201812010127
17:53:23.086 @PRD007 1847-4
17:53:23.086 @PRD008 62-1.005.08.004
17:53:23.086 @PRD009 1808三人沙发（右）
17:53:23.086 @PRD010 2010*900*480
17:53:23.086 @PRD011 内封边
17:53:23.087 @PRD012 6.0
17:53:23.087 @PRD013 2018/12/28 17:53:23
17:53:23.087 @PRD014 False
17:53:23.087 @PRD015 13050
17:53:23.087 @PRD016 
17:53:23.087 @PRD017 2018/12/28 17:53:23
17:53:23.087 @PRD018 系统管理员
17:53:23.087 @PRD019 0
17:53:23.087 @PRD020 False
17:53:23.087 @PRD021 False
17:53:23.088 @PRD022 
17:53:23.088 @PRD023 1
17:53:23.088 @PRD024 
17:53:23.088 @PRD025 0
17:53:23.088 @PRD026 
17:53:23.088 @PRD027 
17:53:23.089 @PRD028 0
17:53:23.089 @PRD029 0
17:53:23.089 @PRD030 0
17:53:23.089 @PRD031 
17:53:23.089 @PRD032 0054
17:53:23.090 @PRD033 立方
17:53:23.090 @PRD034 毛2025*毛67*净6
17:53:23.090 @PRD035 False
17:53:23.090 @PRD036 毛2025*毛67*净6
17:53:23.090 @PRD037 12
17:53:23.091 @PRD038 
17:53:23.091 @PRD039 0
17:53:23.091 @PRD040 
17:53:23.091 @PRD041 0
17:53:23.091 @PRD042 3
17:53:23.091 @PRD043 127
17:53:23.092 @PRD044 机加工车间
17:53:23.097 @PRE001 13050
17:53:23.097 @PRE002 标准
17:53:23.097 @PRE003 601.000000
17:53:23.097 @PRE004 1200.000000
17:53:23.097 @PRE005 250.000000
17:53:23.097 @PRE006 
17:53:23.098 @PRE007 
17:53:23.098 @PRE008 0.000000
17:53:23.098 @PRE009 10000.000000
17:53:23.098 @PRE010 0.000000
17:53:23.098 @PRE011 37.000000
17:53:52.792 @PRE001 13051
17:53:52.793 @PRE002 标准
17:53:52.793 @PRE003 1200.000000
17:53:52.793 @PRE004 40000.000000
17:53:52.793 @PRE005 190.000000
17:53:52.793 @PRE006 
17:53:52.793 @PRE007 
17:53:52.793 @PRE008 0.000000
17:53:52.794 @PRE009 10000.000000
17:53:52.795 @PRE010 0.000000
17:53:52.795 @PRE011 37.000000
17:53:52.799 @PRE001 13051
17:53:52.800 @PRE002 标准
17:53:52.800 @PRE003 0.000000
17:53:52.800 @PRE004 600.000000
17:53:52.800 @PRE005 250.000000
17:53:52.800 @PRE006 
17:53:52.800 @PRE007 
17:53:52.801 @PRE008 0.000000
17:53:52.801 @PRE009 10000.000000
17:53:52.801 @PRE010 37.100000
17:53:52.801 @PRE011 1000.000000
17:53:52.803 @PRE001 13051
17:53:52.803 @PRE002 标准
17:53:52.803 @PRE003 601.000000
17:53:52.803 @PRE004 1200.000000
17:53:52.803 @PRE005 250.000000
17:53:52.803 @PRE006 
17:53:52.803 @PRE007 
17:53:52.804 @PRE008 0.000000
17:53:52.804 @PRE009 10000.000000
17:53:52.804 @PRE010 0.000000
17:53:52.804 @PRE011 37.000000
17:53:52.807 @PRE001 13051
17:53:52.808 @PRE002 标准
17:53:52.808 @PRE003 0.000000
17:53:52.808 @PRE004 600.000000
17:53:52.808 @PRE005 320.000000
17:53:52.808 @PRE006 
17:53:52.809 @PRE007 
17:53:52.809 @PRE008 0.000000
17:53:52.809 @PRE009 10000.000000
17:53:52.809 @PRE010 0.000000
17:53:52.809 @PRE011 37.000000
17:53:52.811 @PRE001 13051
17:53:52.811 @PRE002 标准
17:53:52.812 @PRE003 601.000000
17:53:52.812 @PRE004 1200.000000
17:53:52.812 @PRE005 190.000000
17:53:52.812 @PRE006 
17:53:52.812 @PRE007 
17:53:52.812 @PRE008 0.000000
17:53:52.813 @PRE009 10000.000000
17:53:52.813 @PRE010 37.100000
17:53:52.813 @PRE011 1000.000000
17:53:52.816 @PRE001 13051
17:53:52.817 @PRE002 标准
17:53:52.817 @PRE003 1201.000000
17:53:52.817 @PRE004 40000.000000
17:53:52.817 @PRE005 150.000000
17:53:52.817 @PRE006 
17:53:52.817 @PRE007 
17:53:52.818 @PRE008 0.000000
17:53:52.818 @PRE009 10000.000000
17:53:52.818 @PRE010 37.100000
17:53:52.818 @PRE011 1000.000000
17:53:52.820 @PRD001 103007
17:53:52.820 @PRD002 气动截料锯
17:53:52.820 @PRD003 断大板
17:53:52.820 @PRD004 1212
17:53:52.821 @PRD005 李志斌
17:53:52.821 @PRD006 201812010127
17:53:52.821 @PRD007 1847-4
17:53:52.821 @PRD008 62-1.005.08.004
17:53:52.821 @PRD009 1808三人沙发（右）
17:53:52.822 @PRD010 2010*900*480
17:53:52.822 @PRD011 内封边
17:53:52.822 @PRD012 6.0
17:53:52.822 @PRD013 2018/12/28 17:53:52
17:53:52.822 @PRD014 True
17:53:52.823 @PRD015 13051
17:53:52.823 @PRD016 
17:53:52.823 @PRD017 2018/12/28 17:53:52
17:53:52.823 @PRD018 系统管理员
17:53:52.824 @PRD019 0
17:53:52.824 @PRD020 False
17:53:52.824 @PRD021 False
17:53:52.824 @PRD022 
17:53:52.824 @PRD023 1
17:53:52.825 @PRD024 
17:53:52.825 @PRD025 0
17:53:52.825 @PRD026 
17:53:52.825 @PRD027 
17:53:52.825 @PRD028 0
17:53:52.825 @PRD029 0
17:53:52.826 @PRD030 0
17:53:52.826 @PRD031 
17:53:52.827 @PRD032 0054
17:53:52.827 @PRD033 立方
17:53:52.827 @PRD034 毛2025*毛67*净6
17:53:52.827 @PRD035 False
17:53:52.827 @PRD036 毛2025*毛67*净6
17:53:52.827 @PRD037 12
17:53:52.828 @PRD038 
17:53:52.828 @PRD039 0
17:53:52.828 @PRD040 
17:53:52.828 @PRD041 0
17:53:52.828 @PRD042 3
17:53:52.828 @PRD043 127
17:53:52.829 @PRD044 机加工车间
17:53:56.401 @PRE001 13051
17:53:56.401 @PRE002 标准
17:53:56.401 @PRE003 0.000000
17:53:56.401 @PRE004 600.000000
17:53:56.402 @PRE005 250.000000
17:53:56.402 @PRE006 
17:53:56.402 @PRE007 
17:53:56.402 @PRE008 0.000000
17:53:56.402 @PRE009 10000.000000
17:53:56.403 @PRE010 37.100000
17:53:56.403 @PRE011 1000.000000
17:53:56.405 @PRE001 13051
17:53:56.405 @PRE002 标准
17:53:56.405 @PRE003 1200.000000
17:53:56.406 @PRE004 40000.000000
17:53:56.406 @PRE005 190.000000
17:53:56.406 @PRE006 
17:53:56.406 @PRE007 
17:53:56.406 @PRE008 0.000000
17:53:56.407 @PRE009 10000.000000
17:53:56.407 @PRE010 0.000000
17:53:56.407 @PRE011 37.000000
17:53:56.409 @PRE001 13051
17:53:56.409 @PRE002 标准
17:53:56.409 @PRE003 1201.000000
17:53:56.410 @PRE004 40000.000000
17:53:56.410 @PRE005 150.000000
17:53:56.410 @PRE006 
17:53:56.410 @PRE007 
17:53:56.410 @PRE008 0.000000
17:53:56.411 @PRE009 10000.000000
17:53:56.411 @PRE010 37.100000
17:53:56.411 @PRE011 1000.000000
17:53:56.412 @PRE001 13051
17:53:56.413 @PRE002 标准
17:53:56.413 @PRE003 601.000000
17:53:56.413 @PRE004 1200.000000
17:53:56.413 @PRE005 250.000000
17:53:56.413 @PRE006 
17:53:56.413 @PRE007 
17:53:56.414 @PRE008 0.000000
17:53:56.414 @PRE009 10000.000000
17:53:56.414 @PRE010 0.000000
17:53:56.414 @PRE011 37.000000
17:53:56.415 @PRE001 13051
17:53:56.416 @PRE002 标准
17:53:56.416 @PRE003 601.000000
17:53:56.416 @PRE004 1200.000000
17:53:56.416 @PRE005 190.000000
17:53:56.416 @PRE006 
17:53:56.417 @PRE007 
17:53:56.417 @PRE008 0.000000
17:53:56.417 @PRE009 10000.000000
17:53:56.417 @PRE010 37.100000
17:53:56.417 @PRE011 1000.000000
17:53:56.418 @PRD001 103007
17:53:56.419 @PRD002 气动截料锯
17:53:56.419 @PRD003 断大板
17:53:56.419 @PRD004 1212
17:53:56.419 @PRD005 李志斌
17:53:56.420 @PRD006 201812010127
17:53:56.420 @PRD007 1847-4
17:53:56.420 @PRD008 62-1.005.08.004
17:53:56.420 @PRD009 1808三人沙发（右）
17:53:56.420 @PRD010 2010*900*480
17:53:56.421 @PRD011 内封边
17:53:56.421 @PRD012 6.0
17:53:56.421 @PRD013 2018/12/28 17:53:56
17:53:56.421 @PRD014 False
17:53:56.421 @PRD015 13051
17:53:56.422 @PRD016 
17:53:56.422 @PRD017 2018/12/28 17:53:56
17:53:56.422 @PRD018 系统管理员
17:53:56.422 @PRD019 0
17:53:56.422 @PRD020 False
17:53:56.423 @PRD021 False
17:53:56.423 @PRD022 
17:53:56.423 @PRD023 1
17:53:56.423 @PRD024 
17:53:56.423 @PRD025 0
17:53:56.424 @PRD026 
17:53:56.424 @PRD027 
17:53:56.424 @PRD028 0
17:53:56.424 @PRD029 0
17:53:56.424 @PRD030 0
17:53:56.424 @PRD031 
17:53:56.425 @PRD032 0054
17:53:56.425 @PRD033 立方
17:53:56.425 @PRD034 毛2025*毛67*净6
17:53:56.425 @PRD035 False
17:53:56.426 @PRD036 毛2025*毛67*净6
17:53:56.426 @PRD037 12
17:53:56.426 @PRD038 
17:53:56.426 @PRD039 0
17:53:56.426 @PRD040 
17:53:56.427 @PRD041 0
17:53:56.427 @PRD042 3
17:53:56.427 @PRD043 127
17:53:56.427 @PRD044 机加工车间
17:53:56.433 @PRE001 13051
17:53:56.433 @PRE002 标准
17:53:56.434 @PRE003 0.000000
17:53:56.434 @PRE004 600.000000
17:53:56.434 @PRE005 320.000000
17:53:56.434 @PRE006 
17:53:56.434 @PRE007 
17:53:56.434 @PRE008 0.000000
17:53:56.435 @PRE009 10000.000000
17:53:56.435 @PRE010 0.000000
17:53:56.435 @PRE011 37.000000
