17:00:42.074  异常信息：由于连接方在一段时间后没有正确答复或连接的主机没有反应，连接尝试失败。 192.168.1.188:80
  堆栈信息:   在 AutoUpdate.AppUpdate.DownloadFile(String url, String localFilePath) 位置 D:\Project data\MoXia\Carpenter\Carpenter\AppUpdate.cs:行号 242
   在 AutoUpdate.AppUpdate.CheckAppVersion(String& msg) 位置 D:\Project data\MoXia\Carpenter\Carpenter\AppUpdate.cs:行号 310
17:04:37.489 @EMP002 系统管理员
17:04:37.490 @EMP009 cebfd1559b68d67688884d7a3d3e8c
17:13:26.541  异常信息：由于连接方在一段时间后没有正确答复或连接的主机没有反应，连接尝试失败。 192.168.1.188:80
  堆栈信息:   在 AutoUpdate.AppUpdate.DownloadFile(String url, String localFilePath) 位置 D:\Project data\MoXia\Carpenter\Carpenter\AppUpdate.cs:行号 242
   在 AutoUpdate.AppUpdate.CheckAppVersion(String& msg) 位置 D:\Project data\MoXia\Carpenter\Carpenter\AppUpdate.cs:行号 310
17:13:33.674 @EMP002 系统管理员
17:13:33.675 @EMP009 cebfd1559b68d67688884d7a3d3e8c
17:18:52.108  异常信息：由于连接方在一段时间后没有正确答复或连接的主机没有反应，连接尝试失败。 192.168.1.188:80
  堆栈信息:   在 AutoUpdate.AppUpdate.DownloadFile(String url, String localFilePath) 位置 D:\Project data\MoXia\Carpenter\Carpenter\AppUpdate.cs:行号 242
   在 AutoUpdate.AppUpdate.CheckAppVersion(String& msg) 位置 D:\Project data\MoXia\Carpenter\Carpenter\AppUpdate.cs:行号 310
17:18:56.456 @EMP002 系统管理员
17:18:56.457 @EMP009 cebfd1559b68d67688884d7a3d3e8c
17:28:17.691  异常信息：由于连接方在一段时间后没有正确答复或连接的主机没有反应，连接尝试失败。 192.168.1.188:80
  堆栈信息:   在 AutoUpdate.AppUpdate.DownloadFile(String url, String localFilePath) 位置 D:\Project data\MoXia\Carpenter\Carpenter\AppUpdate.cs:行号 242
   在 AutoUpdate.AppUpdate.CheckAppVersion(String& msg) 位置 D:\Project data\MoXia\Carpenter\Carpenter\AppUpdate.cs:行号 310
17:28:23.370 @EMP002 系统管理员
17:28:23.371 @EMP009 6f1ec1fd1b3a20c8aea0e973ec7863
17:28:27.490 @EMP002 系统管理员
17:28:27.492 @EMP009 cebfd1559b68d67688884d7a3d3e8c
17:28:49.611 @PST001 1814新增
17:28:49.612 @PST002 62-1.001.02.001-2
17:28:49.613 @PST023 第18周
17:28:49.631 @PMD001 20180421002
17:28:49.632 @PMD002 20180421001
17:28:49.634 @PMD003 1811
17:28:49.634 @PMD004 59-1.006.11.006
17:28:49.635 @PMD005 136三人沙发框架（黑）
17:28:49.636 @PMD006 2000*930*600
17:28:49.637 @PMD007 10
17:28:49.638 @PMD008 2018/4/20 0:00:00
17:28:49.638 @PMD009 
17:28:49.639 @PMD010 False
17:28:49.639 @PMD011 2018/4/21 17:28:49
17:28:49.640 @PMD012 系统管理员
17:28:49.641 @PMD013 False
17:28:49.646 @PMD001 20180421002
17:28:49.647 @PMD002 
17:28:49.648 @PMD003 1814新增
17:28:49.648 @PMD004 62-1.001.02.001-1
17:28:49.649 @PMD005 1802床靠1.8米
17:28:49.650 @PMD006 1875*140*1020
17:28:49.651 @PMD007 10
17:28:49.651 @PMD008 2018/4/21 17:28:44
17:28:49.652 @PMD009 
17:28:49.653 @PMD010 False
17:28:49.654 @PMD011 2018/4/21 17:28:49
17:28:49.655 @PMD012 系统管理员
17:28:49.656 @PMD013 False
17:28:49.659 @PMD001 20180421002
17:28:49.660 @PMD002 20180421001
17:28:49.661 @PMD003 1811
17:28:49.662 @PMD004 59-1.006.11.002
17:28:49.662 @PMD005 136单人沙发框架（黑）
17:28:49.663 @PMD006 900*930*600
17:28:49.663 @PMD007 10
17:28:49.664 @PMD008 2018/4/20 0:00:00
17:28:49.665 @PMD009 
17:28:49.665 @PMD010 False
17:28:49.666 @PMD011 2018/4/21 17:28:49
17:28:49.667 @PMD012 系统管理员
17:28:49.667 @PMD013 False
17:28:49.670 @PMD001 20180421002
17:28:49.671 @PMD002 20180421001
17:28:49.672 @PMD003 1811
17:28:49.673 @PMD004 51-1.001.02.010
17:28:49.673 @PMD005 23号床靠1.8米
17:28:49.674 @PMD006 1960*120*1130
17:28:49.675 @PMD007 60
17:28:49.676 @PMD008 2018/4/13 0:00:00
17:28:49.676 @PMD009 03
17:28:49.677 @PMD010 False
17:28:49.678 @PMD011 2018/4/21 17:28:49
17:28:49.679 @PMD012 系统管理员
17:28:49.679 @PMD013 False
17:28:49.682 @PMD001 20180421002
17:28:49.683 @PMD002 20180421001
17:28:49.684 @PMD003 1813
17:28:49.684 @PMD004 61-1.001.02.019
17:28:49.685 @PMD005 1607床靠2米
17:28:49.686 @PMD006 2318*90*1140
17:28:49.686 @PMD007 10
17:28:49.687 @PMD008 2018/4/13 0:00:00
17:28:49.688 @PMD009 
17:28:49.688 @PMD010 False
17:28:49.689 @PMD011 2018/4/21 17:28:49
17:28:49.690 @PMD012 系统管理员
17:28:49.690 @PMD013 False
17:28:49.693 @PMD001 20180421002
17:28:49.694 @PMD002 20180421001
17:28:49.695 @PMD003 1811
17:28:49.695 @PMD004 59-1.001.01.001
17:28:49.696 @PMD005 117整床1.8米（全黑）
17:28:49.697 @PMD006 1930*2185*1070
17:28:49.697 @PMD007 30
17:28:49.698 @PMD008 2018/4/13 0:00:00
17:28:49.699 @PMD009 铺板外购
17:28:49.700 @PMD010 False
17:28:49.700 @PMD011 2018/4/21 17:28:49
17:28:49.701 @PMD012 系统管理员
17:28:49.702 @PMD013 False
17:28:49.705 @PST001 1814新增
17:28:49.706 @PST002 62-1.001.02.001-1
17:28:49.706 @PST030 True
17:28:49.710 @PMD001 20180421002
17:28:49.711 @PMD002 20180421001
17:28:49.712 @PMD003 1813
17:28:49.712 @PMD004 61-1.004.01.021
17:28:49.713 @PMD005 小靠椅（致简）
17:28:49.714 @PMD006 300*200*230
17:28:49.714 @PMD007 200
17:28:49.715 @PMD008 2018/4/13 0:00:00
17:28:49.716 @PMD009 
17:28:49.717 @PMD010 False
17:28:49.718 @PMD011 2018/4/21 17:28:49
17:28:49.719 @PMD012 系统管理员
17:28:49.720 @PMD013 False
17:28:49.724 @PMD001 20180421002
17:28:49.725 @PMD002 20180421001
17:28:49.726 @PMD003 1811
17:28:49.727 @PMD004 59-1.002.02.006
17:28:49.728 @PMD005 126四门衣柜（全黑）
17:28:49.728 @PMD006 1990*655*2190
17:28:49.729 @PMD007 5
17:28:49.730 @PMD008 2018/4/20 0:00:00
17:28:49.731 @PMD009 大格板小格板小后板随产品
17:28:49.732 @PMD010 False
17:28:49.733 @PMD011 2018/4/21 17:28:49
17:28:49.734 @PMD012 系统管理员
17:28:49.734 @PMD013 False
17:28:49.738 @PST001 1814新增
17:28:49.740 @PST002 62-1.001.02.002
17:28:49.741 @PST023 第18周
17:28:49.745 @PMD001 20180421002
17:28:49.746 @PMD002 20180421001
17:28:49.747 @PMD003 1811
17:28:49.748 @PMD004 59-1.002.10.010
17:28:49.749 @PMD005 112厅地柜2米（全黑）
17:28:49.750 @PMD006 2000*520*400
17:28:49.751 @PMD007 40
17:28:49.752 @PMD008 2018/4/20 0:00:00
17:28:49.752 @PMD009 
17:28:49.753 @PMD010 False
17:28:49.754 @PMD011 2018/4/21 17:28:49
17:28:49.755 @PMD012 系统管理员
17:28:49.756 @PMD013 False
17:28:49.760 @PMD001 20180421002
17:28:49.761 @PMD002 20180421001
17:28:49.762 @PMD003 1811
17:28:49.763 @PMD004 59-1.002.02.005
17:28:49.764 @PMD005 108四门衣柜（全黑）
17:28:49.765 @PMD006 1835*620*2195
17:28:49.766 @PMD007 30
17:28:49.767 @PMD008 2018/4/20 0:00:00
17:28:49.768 @PMD009 
17:28:49.768 @PMD010 False
17:28:49.769 @PMD011 2018/4/21 17:28:49
17:28:49.770 @PMD012 系统管理员
17:28:49.771 @PMD013 False
17:28:49.775 @PMD001 20180421002
17:28:49.776 @PMD002 20180421001
17:28:49.777 @PMD003 1815
17:28:49.778 @PMD004 61-1.004.01.020
17:28:49.779 @PMD005 小板凳（致简）
17:28:49.780 @PMD006 340*365*510
17:28:49.781 @PMD007 300
17:28:49.782 @PMD008 2018/4/20 0:00:00
17:28:49.783 @PMD009 加急生产，5月2日交货
17:28:49.784 @PMD010 False
17:28:49.784 @PMD011 2018/4/21 17:28:49
17:28:49.785 @PMD012 系统管理员
17:28:49.786 @PMD013 False
17:28:49.789 @PST001 1814新增
17:28:49.790 @PST002 62-1.001.02.001-2
17:28:49.791 @PST030 True
17:28:49.794 @PMC001 20180421002
17:28:49.795 @PMC002 2018/4/21 17:28:49
17:28:49.796 @PMC003 2018/4/21 17:28:44
17:28:49.797 @PMC004 2018/4/21 17:28:44
17:28:49.797 @PMC005 2018/4/21 17:28:44
17:28:49.798 @PMC006 系统管理员
17:28:49.799 @PMC007 False
17:28:49.799 @PMC008 False
17:28:49.800 @PMC009 18
17:28:49.805 @PMD001 20180421002
17:28:49.806 @PMD002 20180421001
17:28:49.807 @PMD003 1811
17:28:49.808 @PMD004 59-1.002.10.015
17:28:49.809 @PMD005 126厅地柜2.38米（全黑）
17:28:49.809 @PMD006 2380*520*500
17:28:49.810 @PMD007 20
17:28:49.811 @PMD008 2018/4/20 0:00:00
17:28:49.812 @PMD009 
17:28:49.812 @PMD010 False
17:28:49.813 @PMD011 2018/4/21 17:28:49
17:28:49.814 @PMD012 系统管理员
17:28:49.815 @PMD013 False
17:28:49.818 @PMD001 20180421002
17:28:49.819 @PMD002 20180421001
17:28:49.820 @PMD003 1811
17:28:49.820 @PMD004 59-1.002.02.002
17:28:49.821 @PMD005 108三门衣柜（全黑）
17:28:49.821 @PMD006 1375*620*2195
17:28:49.822 @PMD007 15
17:28:49.822 @PMD008 2018/4/20 0:00:00
17:28:49.823 @PMD009 小后板小格板随产品
17:28:49.824 @PMD010 False
17:28:49.824 @PMD011 2018/4/21 17:28:49
17:28:49.825 @PMD012 系统管理员
17:28:49.826 @PMD013 False
17:28:49.829 @PMD001 20180421002
17:28:49.830 @PMD002 
17:28:49.830 @PMD003 1814新增
17:28:49.831 @PMD004 62-1.001.02.001-2
17:28:49.831 @PMD005 1803床靠1.8米
17:28:49.832 @PMD006 1875*160*1060
17:28:49.832 @PMD007 10
17:28:49.833 @PMD008 2018/4/21 17:28:44
17:28:49.834 @PMD009 
17:28:49.834 @PMD010 False
17:28:49.835 @PMD011 2018/4/21 17:28:49
17:28:49.835 @PMD012 系统管理员
17:28:49.836 @PMD013 False
17:28:49.839 @PMD001 20180421002
17:28:49.839 @PMD002 20180421001
17:28:49.840 @PMD003 1811
17:28:49.841 @PMD004 59-1.006.10.002
17:28:49.842 @PMD005 135单人沙发框架（全黑）
17:28:49.842 @PMD006 990*960*600
17:28:49.843 @PMD007 20
17:28:49.843 @PMD008 2018/4/20 0:00:00
17:28:49.844 @PMD009 
17:28:49.845 @PMD010 False
17:28:49.845 @PMD011 2018/4/21 17:28:49
17:28:49.846 @PMD012 系统管理员
17:28:49.847 @PMD013 False
17:28:49.850 @PMD001 20180421002
17:28:49.851 @PMD002 20180421001
17:28:49.852 @PMD003 1811
17:28:49.853 @PMD004 59-1.002.10.014
17:28:49.853 @PMD005 118厅地柜2.28米（全黑）
17:28:49.854 @PMD006 2280*485*480
17:28:49.855 @PMD007 40
17:28:49.856 @PMD008 2018/4/20 0:00:00
17:28:49.856 @PMD009 
17:28:49.857 @PMD010 False
17:28:49.858 @PMD011 2018/4/21 17:28:49
17:28:49.859 @PMD012 系统管理员
17:28:49.859 @PMD013 False
17:28:49.862 @PST001 1814新增
17:28:49.863 @PST002 62-1.001.02.002
17:28:49.864 @PST030 True
17:28:49.867 @PMD001 20180421002
17:28:49.867 @PMD002 20180421001
17:28:49.868 @PMD003 1811
17:28:49.869 @PMD004 51-1.002.09.001
17:28:49.869 @PMD005 11号厅地柜2.38米
17:28:49.870 @PMD006 2380*580*450
17:28:49.871 @PMD007 80
17:28:49.872 @PMD008 2018/4/13 0:00:00
17:28:49.872 @PMD009 15
17:28:49.873 @PMD010 False
17:28:49.874 @PMD011 2018/4/21 17:28:49
17:28:49.874 @PMD012 系统管理员
17:28:49.875 @PMD013 False
17:28:49.878 @PMD001 20180421002
17:28:49.879 @PMD002 20180421001
17:28:49.879 @PMD003 1811
17:28:49.880 @PMD004 59-1.006.10.004
17:28:49.880 @PMD005 135双人沙发框架（全黑）
17:28:49.881 @PMD006 12590*960*600
17:28:49.882 @PMD007 20
17:28:49.882 @PMD008 2018/4/20 0:00:00
17:28:49.883 @PMD009 
17:28:49.884 @PMD010 False
17:28:49.884 @PMD011 2018/4/21 17:28:49
17:28:49.885 @PMD012 系统管理员
17:28:49.886 @PMD013 False
17:28:49.889 @PMD001 20180421002
17:28:49.890 @PMD002 20180421001
17:28:49.891 @PMD003 1811
17:28:49.892 @PMD004 51-1.004.01.004
17:28:49.893 @PMD005 21号餐椅
17:28:49.894 @PMD006 480*535*1020
17:28:49.894 @PMD007 200
17:28:49.895 @PMD008 2018/4/13 0:00:00
17:28:49.896 @PMD009 23
17:28:49.897 @PMD010 False
17:28:49.897 @PMD011 2018/4/21 17:28:49
17:28:49.898 @PMD012 系统管理员
17:28:49.898 @PMD013 False
17:28:49.902 @PMD001 20180421002
17:28:49.903 @PMD002 20180421001
17:28:49.904 @PMD003 1811
17:28:49.904 @PMD004 59-1.006.11.004
17:28:49.905 @PMD005 136双人沙发框架（黑）
17:28:49.906 @PMD006 1500*930*600
17:28:49.907 @PMD007 10
17:28:49.907 @PMD008 2018/4/20 0:00:00
17:28:49.908 @PMD009 
17:28:49.909 @PMD010 False
17:28:49.909 @PMD011 2018/4/21 17:28:49
17:28:49.910 @PMD012 系统管理员
17:28:49.910 @PMD013 False
17:28:49.913 @PMD001 20180421002
17:28:49.914 @PMD002 
17:28:49.915 @PMD003 1814新增
17:28:49.915 @PMD004 62-1.001.02.002
17:28:49.916 @PMD005 1805床靠1.8米（软）
17:28:49.916 @PMD006 1990*65*1210
17:28:49.917 @PMD007 10
17:28:49.918 @PMD008 2018/4/21 17:28:44
17:28:49.919 @PMD009 
17:28:49.919 @PMD010 False
17:28:49.920 @PMD011 2018/4/21 17:28:49
17:28:49.921 @PMD012 系统管理员
17:28:49.922 @PMD013 False
17:28:49.925 @PST001 1814新增
17:28:49.926 @PST002 62-1.001.02.001-1
17:28:49.926 @PST023 第18周
17:28:49.930 @PMD001 20180421002
17:28:49.931 @PMD002 20180421001
17:28:49.931 @PMD003 1811
17:28:49.932 @PMD004 59-1.006.10.006
17:28:49.932 @PMD005 135三人沙发框架（全黑）
17:28:49.933 @PMD006 2090*960*600
17:28:49.934 @PMD007 25
17:28:49.934 @PMD008 2018/4/20 0:00:00
17:28:49.935 @PMD009 
17:28:49.935 @PMD010 False
17:28:49.936 @PMD011 2018/4/21 17:28:49
17:28:49.937 @PMD012 系统管理员
17:28:49.937 @PMD013 False
