15:04:27.379  异常信息：由于连接方在一段时间后没有正确答复或连接的主机没有反应，连接尝试失败。 192.168.1.188:80
  堆栈信息:   在 AutoUpdate.AppUpdate.DownloadFile(String url, String localFilePath) 位置 D:\Project data\MoXia\Carpenter\Carpenter\AppUpdate.cs:行号 242
   在 AutoUpdate.AppUpdate.CheckAppVersion(String& msg) 位置 D:\Project data\MoXia\Carpenter\Carpenter\AppUpdate.cs:行号 310
15:16:25.844 @EMP002 系统管理员
15:16:25.845 @EMP009 cebfd1559b68d67688884d7a3d3e8c
15:25:45.563 @PMD001 20180423001
15:25:45.564 @PMD002 20180421002
15:25:45.565 @PMD003 1811
15:25:45.565 @PMD004 59-1.006.11.004
15:25:45.566 @PMD005 136双人沙发框架（黑）
15:25:45.567 @PMD006 1500*930*600
15:25:45.567 @PMD007 10
15:25:45.568 @PMD008 2018/4/20 0:00:00
15:25:45.568 @PMD009 
15:25:45.569 @PMD010 False
15:25:45.569 @PMD011 2018/4/23 15:25:45
15:25:45.570 @PMD012 系统管理员
15:25:45.571 @PMD013 False
15:25:45.592 @PMD001 20180423001
15:25:45.593 @PMD002 20180421002
15:25:45.594 @PMD003 1811
15:25:45.595 @PMD004 51-1.002.09.001
15:25:45.595 @PMD005 11号厅地柜2.38米
15:25:45.596 @PMD006 2380*580*450
15:25:45.597 @PMD007 80
15:25:45.597 @PMD008 2018/4/13 0:00:00
15:25:45.598 @PMD009 15
15:25:45.598 @PMD010 False
15:25:45.599 @PMD011 2018/4/23 15:25:45
15:25:45.599 @PMD012 系统管理员
15:25:45.600 @PMD013 False
15:25:45.604 @PST001 1815
15:25:45.605 @PST002 61-1.004.01.021
15:25:45.606 @PST023 第22周
15:25:45.612 @PMD001 20180423001
15:25:45.613 @PMD002 
15:25:45.613 @PMD003 1815
15:25:45.614 @PMD004 51-1.004.01.007
15:25:45.614 @PMD005 小靠椅（兰）
15:25:45.615 @PMD006 365*400*500
15:25:45.616 @PMD007 150
15:25:45.616 @PMD008 2018/4/23 15:25:32
15:25:45.617 @PMD009 
15:25:45.618 @PMD010 False
15:25:45.619 @PMD011 2018/4/23 15:25:45
15:25:45.620 @PMD012 系统管理员
15:25:45.621 @PMD013 False
15:25:45.625 @PMD001 20180423001
15:25:45.626 @PMD002 20180421002
15:25:45.626 @PMD003 1811
15:25:45.627 @PMD004 59-1.002.02.005
15:25:45.628 @PMD005 108四门衣柜（全黑）
15:25:45.628 @PMD006 1835*620*2195
15:25:45.629 @PMD007 30
15:25:45.629 @PMD008 2018/4/20 0:00:00
15:25:45.630 @PMD009 
15:25:45.631 @PMD010 False
15:25:45.631 @PMD011 2018/4/23 15:25:45
15:25:45.632 @PMD012 系统管理员
15:25:45.633 @PMD013 False
15:25:45.637 @PMD001 20180423001
15:25:45.638 @PMD002 20180421002
15:25:45.639 @PMD003 1811
15:25:45.639 @PMD004 59-1.002.10.014
15:25:45.640 @PMD005 118厅地柜2.28米（全黑）
15:25:45.641 @PMD006 2280*485*480
15:25:45.642 @PMD007 40
15:25:45.643 @PMD008 2018/4/20 0:00:00
15:25:45.643 @PMD009 
15:25:45.644 @PMD010 False
15:25:45.646 @PMD011 2018/4/23 15:25:45
15:25:45.647 @PMD012 系统管理员
15:25:45.648 @PMD013 False
15:25:45.654 @PST001 1815
15:25:45.655 @PST002 61-1.004.01.021
15:25:45.656 @PST030 True
15:25:45.662 @PMD001 20180423001
15:25:45.663 @PMD002 
15:25:45.663 @PMD003 1738
15:25:45.664 @PMD004 51-1.004.01.007
15:25:45.665 @PMD005 小靠椅（兰）
15:25:45.665 @PMD006 #N/A
15:25:45.666 @PMD007 200
15:25:45.666 @PMD008 2018/4/23 15:25:32
15:25:45.668 @PMD009 
15:25:45.669 @PMD010 False
15:25:45.670 @PMD011 2018/4/23 15:25:45
15:25:45.671 @PMD012 系统管理员
15:25:45.672 @PMD013 False
15:25:45.675 @PMD001 20180423001
15:25:45.676 @PMD002 20180421002
15:25:45.677 @PMD003 1811
15:25:45.677 @PMD004 59-1.006.11.002
15:25:45.678 @PMD005 136单人沙发框架（黑）
15:25:45.678 @PMD006 900*930*600
15:25:45.679 @PMD007 10
15:25:45.680 @PMD008 2018/4/20 0:00:00
15:25:45.680 @PMD009 
15:25:45.681 @PMD010 False
15:25:45.682 @PMD011 2018/4/23 15:25:45
15:25:45.682 @PMD012 系统管理员
15:25:45.683 @PMD013 False
15:25:45.687 @PST001 1804
15:25:45.688 @PST002 51-1.004.01.007
15:25:45.689 @PST023 第22周
15:25:45.692 @PST001 1722
15:25:45.693 @PST002 61-1.004.01.021
15:25:45.694 @PST023 第22周
15:25:45.697 @PST001 1741
15:25:45.698 @PST002 58-1.005.01.008
15:25:45.699 @PST030 True
15:25:45.703 @PMD001 20180423001
15:25:45.703 @PMD002 20180421002
15:25:45.704 @PMD003 1811
15:25:45.705 @PMD004 51-1.004.01.004
15:25:45.705 @PMD005 21号餐椅
15:25:45.706 @PMD006 480*535*1020
15:25:45.707 @PMD007 200
15:25:45.707 @PMD008 2018/4/13 0:00:00
15:25:45.708 @PMD009 23
15:25:45.709 @PMD010 False
15:25:45.709 @PMD011 2018/4/23 15:25:45
15:25:45.710 @PMD012 系统管理员
15:25:45.710 @PMD013 False
15:25:45.714 @PMD001 20180423001
15:25:45.714 @PMD002 20180421002
15:25:45.715 @PMD003 1814新增
15:25:45.716 @PMD004 62-1.001.02.002
15:25:45.716 @PMD005 1805床靠1.8米（软）
15:25:45.717 @PMD006 1990*65*1210
15:25:45.718 @PMD007 10
15:25:45.718 @PMD008 2018/4/21 0:00:00
15:25:45.719 @PMD009 
15:25:45.720 @PMD010 False
15:25:45.720 @PMD011 2018/4/23 15:25:45
15:25:45.721 @PMD012 系统管理员
15:25:45.721 @PMD013 False
15:25:45.725 @PMD001 20180423001
15:25:45.726 @PMD002 20180421002
15:25:45.727 @PMD003 1814新增
15:25:45.727 @PMD004 62-1.001.02.001-1
15:25:45.728 @PMD005 1802床靠1.8米
15:25:45.728 @PMD006 1875*140*1020
15:25:45.729 @PMD007 10
15:25:45.730 @PMD008 2018/4/21 0:00:00
15:25:45.730 @PMD009 
15:25:45.731 @PMD010 False
15:25:45.732 @PMD011 2018/4/23 15:25:45
15:25:45.732 @PMD012 系统管理员
15:25:45.733 @PMD013 False
15:25:45.737 @PMD001 20180423001
15:25:45.738 @PMD002 20180421002
15:25:45.738 @PMD003 1813
15:25:45.739 @PMD004 61-1.001.02.019
15:25:45.739 @PMD005 1607床靠2米
15:25:45.740 @PMD006 2318*90*1140
15:25:45.741 @PMD007 10
15:25:45.741 @PMD008 2018/4/13 0:00:00
15:25:45.742 @PMD009 
15:25:45.743 @PMD010 False
15:25:45.743 @PMD011 2018/4/23 15:25:45
15:25:45.744 @PMD012 系统管理员
15:25:45.744 @PMD013 False
15:25:45.748 @PMD001 20180423001
15:25:45.749 @PMD002 20180421002
15:25:45.749 @PMD003 1811
15:25:45.750 @PMD004 59-1.006.10.006
15:25:45.750 @PMD005 135三人沙发框架（全黑）
15:25:45.751 @PMD006 2090*960*600
15:25:45.752 @PMD007 25
15:25:45.753 @PMD008 2018/4/20 0:00:00
15:25:45.753 @PMD009 
15:25:45.754 @PMD010 False
15:25:45.754 @PMD011 2018/4/23 15:25:45
15:25:45.755 @PMD012 系统管理员
15:25:45.755 @PMD013 False
15:25:45.759 @PMD001 20180423001
15:25:45.760 @PMD002 
15:25:45.761 @PMD003 1722
15:25:45.761 @PMD004 61-1.004.01.021
15:25:45.762 @PMD005 小靠椅（致简）
15:25:45.763 @PMD006 300*200*230
15:25:45.763 @PMD007 200
15:25:45.764 @PMD008 2018/4/23 15:25:32
15:25:45.764 @PMD009 
15:25:45.765 @PMD010 False
15:25:45.766 @PMD011 2018/4/23 15:25:45
15:25:45.766 @PMD012 系统管理员
15:25:45.767 @PMD013 False
15:25:45.771 @PMD001 20180423001
15:25:45.772 @PMD002 20180421002
15:25:45.773 @PMD003 1811
15:25:45.773 @PMD004 59-1.002.10.015
15:25:45.774 @PMD005 126厅地柜2.38米（全黑）
15:25:45.775 @PMD006 2380*520*500
15:25:45.776 @PMD007 20
15:25:45.777 @PMD008 2018/4/20 0:00:00
15:25:45.777 @PMD009 
15:25:45.778 @PMD010 False
15:25:45.779 @PMD011 2018/4/23 15:25:45
15:25:45.779 @PMD012 系统管理员
15:25:45.780 @PMD013 False
15:25:45.784 @PMD001 20180423001
15:25:45.785 @PMD002 20180421002
15:25:45.786 @PMD003 1811
15:25:45.786 @PMD004 59-1.002.10.010
15:25:45.788 @PMD005 112厅地柜2米（全黑）
15:25:45.789 @PMD006 2000*520*400
15:25:45.789 @PMD007 40
15:25:45.790 @PMD008 2018/4/20 0:00:00
15:25:45.791 @PMD009 
15:25:45.792 @PMD010 False
15:25:45.792 @PMD011 2018/4/23 15:25:45
15:25:45.793 @PMD012 系统管理员
15:25:45.794 @PMD013 False
15:25:45.797 @PMD001 20180423001
15:25:45.798 @PMD002 20180421002
15:25:45.798 @PMD003 1811
15:25:45.799 @PMD004 59-1.006.10.004
15:25:45.800 @PMD005 135双人沙发框架（全黑）
15:25:45.801 @PMD006 12590*960*600
15:25:45.802 @PMD007 20
15:25:45.803 @PMD008 2018/4/20 0:00:00
15:25:45.803 @PMD009 
15:25:45.804 @PMD010 False
15:25:45.804 @PMD011 2018/4/23 15:25:45
15:25:45.805 @PMD012 系统管理员
15:25:45.806 @PMD013 False
15:25:45.810 @PMD001 20180423001
15:25:45.811 @PMD002 
15:25:45.812 @PMD003 1741
15:25:45.812 @PMD004 58-1.005.01.008
15:25:45.813 @PMD005 小靠椅（榆木）
15:25:45.813 @PMD006 365*400*500
15:25:45.814 @PMD007 100
15:25:45.815 @PMD008 2018/4/23 15:25:32
15:25:45.815 @PMD009 
15:25:45.816 @PMD010 False
15:25:45.817 @PMD011 2018/4/23 15:25:45
15:25:45.817 @PMD012 系统管理员
15:25:45.818 @PMD013 False
15:25:45.823 @PMD001 20180423001
15:25:45.824 @PMD002 20180421002
15:25:45.825 @PMD003 1811
15:25:45.825 @PMD004 59-1.001.01.001
15:25:45.826 @PMD005 117整床1.8米（全黑）
15:25:45.826 @PMD006 1930*2185*1070
15:25:45.827 @PMD007 30
15:25:45.828 @PMD008 2018/4/13 0:00:00
15:25:45.828 @PMD009 铺板外购
15:25:45.829 @PMD010 False
15:25:45.829 @PMD011 2018/4/23 15:25:45
15:25:45.830 @PMD012 系统管理员
15:25:45.831 @PMD013 False
15:25:45.834 @PMD001 20180423001
15:25:45.835 @PMD002 20180421002
15:25:45.836 @PMD003 1811
15:25:45.837 @PMD004 59-1.002.02.006
15:25:45.837 @PMD005 126四门衣柜（全黑）
15:25:45.838 @PMD006 1990*655*2190
15:25:45.839 @PMD007 5
15:25:45.840 @PMD008 2018/4/20 0:00:00
15:25:45.841 @PMD009 大格板小格板小后板随产品
15:25:45.841 @PMD010 False
15:25:45.842 @PMD011 2018/4/23 15:25:45
15:25:45.843 @PMD012 系统管理员
15:25:45.843 @PMD013 False
15:25:45.847 @PST001 1741
15:25:45.848 @PST002 58-1.005.01.008
15:25:45.848 @PST023 第22周
15:25:45.853 @PMD001 20180423001
15:25:45.854 @PMD002 
15:25:45.855 @PMD003 1804
15:25:45.857 @PMD004 51-1.004.01.007
15:25:45.858 @PMD005 小靠椅（兰）
15:25:45.858 @PMD006 365*400*500
15:25:45.859 @PMD007 200
15:25:45.860 @PMD008 2018/4/23 15:25:32
15:25:45.860 @PMD009 
15:25:45.861 @PMD010 False
15:25:45.862 @PMD011 2018/4/23 15:25:45
15:25:45.862 @PMD012 系统管理员
15:25:45.863 @PMD013 False
15:25:45.866 @PMD001 20180423001
15:25:45.867 @PMD002 20180421002
15:25:45.868 @PMD003 1813
15:25:45.869 @PMD004 61-1.004.01.021
15:25:45.870 @PMD005 小靠椅（致简）
15:25:45.870 @PMD006 300*200*230
15:25:45.871 @PMD007 200
15:25:45.871 @PMD008 2018/4/13 0:00:00
15:25:45.872 @PMD009 
15:25:45.873 @PMD010 False
15:25:45.873 @PMD011 2018/4/23 15:25:45
15:25:45.874 @PMD012 系统管理员
15:25:45.875 @PMD013 False
15:25:45.879 @PST001 1722
15:25:45.879 @PST002 61-1.004.01.021
15:25:45.880 @PST030 True
15:25:45.884 @PST001 1815
15:25:45.885 @PST002 51-1.004.01.007
15:25:45.886 @PST030 True
15:25:45.890 @PMD001 20180423001
15:25:45.891 @PMD002 
15:25:45.892 @PMD003 1815
15:25:45.893 @PMD004 61-1.004.01.021
15:25:45.893 @PMD005 小靠椅（致简）
15:25:45.894 @PMD006 300*200*230
15:25:45.895 @PMD007 100
15:25:45.896 @PMD008 2018/4/23 15:25:32
15:25:45.896 @PMD009 
15:25:45.897 @PMD010 False
15:25:45.898 @PMD011 2018/4/23 15:25:45
15:25:45.898 @PMD012 系统管理员
15:25:45.899 @PMD013 False
15:25:45.903 @PST001 1804
15:25:45.904 @PST002 51-1.004.01.007
15:25:45.905 @PST030 True
15:25:45.909 @PMC001 20180423001
15:25:45.910 @PMC002 2018/4/23 15:25:45
15:25:45.910 @PMC003 2018/4/23 15:25:32
15:25:45.911 @PMC004 2018/4/23 15:25:32
15:25:45.912 @PMC005 2018/4/23 15:25:32
15:25:45.912 @PMC006 系统管理员
15:25:45.913 @PMC007 False
15:25:45.913 @PMC008 False
15:25:45.914 @PMC009 22
15:25:45.918 @PST001 1738
15:25:45.919 @PST002 51-1.004.01.007
15:25:45.920 @PST023 第22周
15:25:45.924 @PMD001 20180423001
15:25:45.924 @PMD002 20180421002
15:25:45.925 @PMD003 1811
15:25:45.926 @PMD004 51-1.001.02.010
15:25:45.926 @PMD005 23号床靠1.8米
15:25:45.927 @PMD006 1960*120*1130
15:25:45.927 @PMD007 60
15:25:45.928 @PMD008 2018/4/13 0:00:00
15:25:45.928 @PMD009 03
15:25:45.929 @PMD010 False
15:25:45.930 @PMD011 2018/4/23 15:25:45
15:25:45.930 @PMD012 系统管理员
15:25:45.931 @PMD013 False
15:25:45.934 @PMD001 20180423001
15:25:45.935 @PMD002 20180421002
15:25:45.936 @PMD003 1811
15:25:45.937 @PMD004 59-1.006.11.006
15:25:45.937 @PMD005 136三人沙发框架（黑）
15:25:45.938 @PMD006 2000*930*600
15:25:45.938 @PMD007 10
15:25:45.939 @PMD008 2018/4/20 0:00:00
15:25:45.940 @PMD009 
15:25:45.940 @PMD010 False
15:25:45.941 @PMD011 2018/4/23 15:25:45
15:25:45.941 @PMD012 系统管理员
15:25:45.942 @PMD013 False
15:25:45.945 @PST001 1815
15:25:45.946 @PST002 51-1.004.01.007
15:25:45.947 @PST023 第22周
15:25:45.951 @PMD001 20180423001
15:25:45.952 @PMD002 20180421002
15:25:45.953 @PMD003 1811
15:25:45.954 @PMD004 59-1.002.02.002
15:25:45.954 @PMD005 108三门衣柜（全黑）
15:25:45.955 @PMD006 1375*620*2195
15:25:45.956 @PMD007 15
15:25:45.956 @PMD008 2018/4/20 0:00:00
15:25:45.957 @PMD009 小后板小格板随产品
15:25:45.958 @PMD010 False
15:25:45.958 @PMD011 2018/4/23 15:25:45
15:25:45.959 @PMD012 系统管理员
15:25:45.959 @PMD013 False
15:25:45.964 @PST001 1738
15:25:45.965 @PST002 51-1.004.01.007
15:25:45.965 @PST030 True
15:25:45.970 @PMD001 20180423001
15:25:45.971 @PMD002 20180421002
15:25:45.972 @PMD003 1811
15:25:45.972 @PMD004 59-1.006.10.002
15:25:45.973 @PMD005 135单人沙发框架（全黑）
15:25:45.973 @PMD006 990*960*600
15:25:45.974 @PMD007 20
15:25:45.975 @PMD008 2018/4/20 0:00:00
15:25:45.975 @PMD009 
15:25:45.976 @PMD010 False
15:25:45.977 @PMD011 2018/4/23 15:25:45
15:25:45.977 @PMD012 系统管理员
15:25:45.978 @PMD013 False
15:25:45.982 @PMD001 20180423001
15:25:45.983 @PMD002 20180421002
15:25:45.984 @PMD003 1815
15:25:45.984 @PMD004 61-1.004.01.020
15:25:45.985 @PMD005 小板凳（致简）
15:25:45.986 @PMD006 340*365*510
15:25:45.987 @PMD007 300
15:25:45.988 @PMD008 2018/4/20 0:00:00
15:25:45.988 @PMD009 加急生产，5月2日交货
15:25:45.989 @PMD010 False
15:25:45.989 @PMD011 2018/4/23 15:25:45
15:25:45.990 @PMD012 系统管理员
15:25:45.991 @PMD013 False
15:25:45.994 @PMD001 20180423001
15:25:45.995 @PMD002 20180421002
15:25:45.995 @PMD003 1814新增
15:25:45.996 @PMD004 62-1.001.02.001-2
15:25:45.997 @PMD005 1803床靠1.8米
15:25:45.997 @PMD006 1875*160*1060
15:25:45.998 @PMD007 10
15:25:45.999 @PMD008 2018/4/21 0:00:00
15:25:45.999 @PMD009 
15:25:46.000 @PMD010 False
15:25:46.001 @PMD011 2018/4/23 15:25:45
15:25:46.003 @PMD012 系统管理员
15:25:46.003 @PMD013 False
15:25:55.203 @PST001 1813
15:25:55.204 @PST002 61-1.001.02.019
15:25:55.205 @PST030 False
15:25:55.210 @PST001 1741
15:25:55.211 @PST002 58-1.005.01.008
15:25:55.211 @PST030 False
15:25:55.215 @PST001 1811
15:25:55.216 @PST002 59-1.006.11.002
15:25:55.217 @PST030 False
15:25:55.222 @PST001 1811
15:25:55.223 @PST002 59-1.006.11.006
15:25:55.224 @PST030 False
15:25:55.228 @PST001 1814新增
15:25:55.229 @PST002 62-1.001.02.001-2
15:25:55.229 @PST030 False
15:25:55.234 @PST001 1811
15:25:55.235 @PST002 51-1.004.01.004
15:25:55.235 @PST030 False
15:25:55.240 @PST001 1811
15:25:55.241 @PST002 59-1.002.10.015
15:25:55.242 @PST030 False
15:25:55.245 @PST001 1811
15:25:55.246 @PST002 59-1.006.11.004
15:25:55.247 @PST030 False
15:25:55.251 @PMC007 True
15:25:55.252 @PMC001 20180423001
15:25:55.253 @PMC002 2018/4/23 15:25:55
15:25:55.254 @PMC006 系统管理员
15:25:55.259 @PST001 1811
15:25:55.260 @PST002 59-1.001.01.001
15:25:55.260 @PST030 False
15:25:55.264 @PST001 1815
15:25:55.265 @PST002 61-1.004.01.020
15:25:55.266 @PST030 False
15:25:55.270 @PST001 1814新增
15:25:55.271 @PST002 62-1.001.02.002
15:25:55.271 @PST030 False
15:25:55.274 @PST001 1815
15:25:55.275 @PST002 61-1.004.01.021
15:25:55.276 @PST030 False
15:25:55.280 @PST001 1804
15:25:55.281 @PST002 51-1.004.01.007
15:25:55.281 @PST030 False
15:25:55.285 @PST001 1811
15:25:55.287 @PST002 59-1.006.10.006
15:25:55.287 @PST030 False
15:25:55.291 @PST001 1738
15:25:55.292 @PST002 51-1.004.01.007
15:25:55.293 @PST030 False
15:25:55.298 @PST001 1811
15:25:55.298 @PST002 59-1.002.02.005
15:25:55.299 @PST030 False
15:25:55.303 @PST001 1813
15:25:55.304 @PST002 61-1.004.01.021
15:25:55.305 @PST030 False
15:25:55.309 @REV001 FormPlanMachin
15:25:55.310 @REV002 20180423001
15:25:55.310 @REV003 00001
15:25:55.311 @REV004 2018/4/23 15:25:55
15:25:55.312 @REV005 反审核
15:25:55.313 @REV006 
15:25:55.319 @PST001 1811
15:25:55.320 @PST002 59-1.002.02.002
15:25:55.321 @PST030 False
15:25:55.324 @PST001 1811
15:25:55.325 @PST002 59-1.002.10.010
15:25:55.326 @PST030 False
15:25:55.329 @PST001 1815
15:25:55.330 @PST002 51-1.004.01.007
15:25:55.331 @PST030 False
15:25:55.336 @PST001 1722
15:25:55.337 @PST002 61-1.004.01.021
15:25:55.342 @PST030 False
15:25:55.346 @PST001 1811
15:25:55.347 @PST002 59-1.002.02.006
15:25:55.348 @PST030 False
15:25:55.351 @PST001 1811
15:25:55.353 @PST002 59-1.006.10.004
15:25:55.354 @PST030 False
15:25:55.357 @PST001 1814新增
15:25:55.358 @PST002 62-1.001.02.001-1
15:25:55.359 @PST030 False
15:25:55.363 @PST001 1811
15:25:55.364 @PST002 59-1.002.10.014
15:25:55.364 @PST030 False
15:25:55.368 @PST001 1811
15:25:55.370 @PST002 51-1.002.09.001
15:25:55.370 @PST030 False
15:25:55.374 @PST001 1811
15:25:55.375 @PST002 51-1.001.02.010
15:25:55.376 @PST030 False
15:25:55.379 @PST001 1811
15:25:55.380 @PST002 59-1.006.10.002
15:25:55.381 @PST030 False
15:52:47.314  异常信息：由于连接方在一段时间后没有正确答复或连接的主机没有反应，连接尝试失败。 192.168.1.188:80
  堆栈信息:   在 AutoUpdate.AppUpdate.DownloadFile(String url, String localFilePath) 位置 D:\Project data\MoXia\Carpenter\Carpenter\AppUpdate.cs:行号 242
   在 AutoUpdate.AppUpdate.CheckAppVersion(String& msg) 位置 D:\Project data\MoXia\Carpenter\Carpenter\AppUpdate.cs:行号 310
15:56:49.423 @EMP002 系统管理员
15:56:49.424 @EMP009 cebfd1559b68d67688884d7a3d3e8c
16:10:33.599 @PLT001 20180423001
16:10:33.599 @PLT002 20180414001
16:10:33.600 @PLT003 1813
16:10:33.601 @PLT004 61-1.003.03.001-1
16:10:33.601 @PLT005 1601餐桌1.6米
16:10:33.602 @PLT006 1600*880*770
16:10:33.602 @PLT007 2018/4/13 0:00:00
16:10:33.603 @PLT008 
16:10:33.604 @PLT009 2018/4/23 16:10:33
16:10:33.604 @PLT010 系统管理员
16:10:33.605 @PLT011 False
16:10:33.605 @PLT012 30
16:10:33.606 @PLT013 False
16:10:33.610 @PLT001 20180423001
16:10:33.611 @PLT002 20180414001
16:10:33.612 @PLT003 1813
16:10:33.612 @PLT004 61-1.003.03.003
16:10:33.613 @PLT005 1603餐桌1.6米
16:10:33.614 @PLT006 1600*880*760
16:10:33.614 @PLT007 2018/4/13 0:00:00
16:10:33.615 @PLT008 
16:10:33.615 @PLT009 2018/4/23 16:10:33
16:10:33.616 @PLT010 系统管理员
16:10:33.617 @PLT011 False
16:10:33.618 @PLT012 100
16:10:33.618 @PLT013 False
16:10:33.621 @PLT001 20180423001
16:10:33.622 @PLT002 20180414001
16:10:33.622 @PLT003 1813
16:10:33.623 @PLT004 61-1.005.12.012
16:10:33.624 @PLT005 1623双人沙发软包架
16:10:33.624 @PLT006 1570*870*520  
16:10:33.625 @PLT007 2018/4/13 0:00:00
16:10:33.625 @PLT008 
16:10:33.626 @PLT009 2018/4/23 16:10:33
16:10:33.627 @PLT010 系统管理员
16:10:33.627 @PLT011 False
16:10:33.628 @PLT012 15
16:10:33.629 @PLT013 False
16:10:33.631 @PLT001 20180423001
16:10:33.632 @PLT002 20180414001
16:10:33.633 @PLT003 1813
16:10:33.633 @PLT004 61-1.005.12.013
16:10:33.634 @PLT005 1623三人沙发软包架
16:10:33.634 @PLT006 2070*870*520 
16:10:33.635 @PLT007 2018/4/13 0:00:00
16:10:33.635 @PLT008 
16:10:33.636 @PLT009 2018/4/23 16:10:33
16:10:33.637 @PLT010 系统管理员
16:10:33.637 @PLT011 False
16:10:33.638 @PLT012 20
16:10:33.639 @PLT013 False
16:10:33.643 @PLT001 20180423001
16:10:33.644 @PLT002 20180414001
16:10:33.644 @PLT003 1813
16:10:33.645 @PLT004 61-1.005.08.003
16:10:33.646 @PLT005 1607-B三人沙发软包左
16:10:33.646 @PLT006 2070*1000*570
16:10:33.647 @PLT007 2018/4/13 0:00:00
16:10:33.648 @PLT008 
16:10:33.649 @PLT009 2018/4/23 16:10:33
16:10:33.649 @PLT010 系统管理员
16:10:33.650 @PLT011 False
16:10:33.650 @PLT012 10
16:10:33.651 @PLT013 False
16:10:33.653 @PLT001 20180423001
16:10:33.654 @PLT002 20180414001
16:10:33.655 @PLT003 1813
16:10:33.655 @PLT004 61-1.003.03.002
16:10:33.656 @PLT005 1602圆桌1.38米
16:10:33.657 @PLT006 φ1380*760
16:10:33.658 @PLT007 2018/4/13 0:00:00
16:10:33.658 @PLT008 面板少做2块(无转盘)，配用仓有配用
16:10:33.659 @PLT009 2018/4/23 16:10:33
16:10:33.659 @PLT010 系统管理员
16:10:33.660 @PLT011 False
16:10:33.661 @PLT012 30
16:10:33.661 @PLT013 False
16:10:33.664 @PLT001 20180423001
16:10:33.665 @PLT002 20180414001
16:10:33.665 @PLT003 1813
16:10:33.666 @PLT004 61-1.003.03.010-3
16:10:33.667 @PLT005 1601-C茶桌1.38米（右）
16:10:33.668 @PLT006 1380*730*680
16:10:33.668 @PLT007 2018/4/13 0:00:00
16:10:33.669 @PLT008 
16:10:33.669 @PLT009 2018/4/23 16:10:33
16:10:33.670 @PLT010 系统管理员
16:10:33.670 @PLT011 False
16:10:33.671 @PLT012 15
16:10:33.672 @PLT013 False
16:10:33.674 @PLT001 20180423001
16:10:33.675 @PLT002 20180414001
16:10:33.676 @PLT003 1813
16:10:33.676 @PLT004 61-1.004.02.003
16:10:33.678 @PLT005 1603书写椅
16:10:33.679 @PLT006 605*610*835
16:10:33.679 @PLT007 2018/4/13 0:00:00
16:10:33.680 @PLT008 靠头490*按模*按模少做1只，3号养生房有配用
16:10:33.680 @PLT009 2018/4/23 16:10:33
16:10:33.681 @PLT010 系统管理员
16:10:33.682 @PLT011 False
16:10:33.682 @PLT012 40
16:10:33.683 @PLT013 False
16:10:33.686 @PLT001 20180423001
16:10:33.687 @PLT002 20180414001
16:10:33.687 @PLT003 1813
16:10:33.688 @PLT004 61-1.005.13.012
16:10:33.688 @PLT005 1625双人沙发软包架
16:10:33.689 @PLT006 1470*805*565 
16:10:33.689 @PLT007 2018/4/13 0:00:00
16:10:33.690 @PLT008 
16:10:33.691 @PLT009 2018/4/23 16:10:33
16:10:33.691 @PLT010 系统管理员
16:10:33.692 @PLT011 False
16:10:33.692 @PLT012 20
16:10:33.693 @PLT013 False
16:10:33.696 @PLT001 20180423001
16:10:33.697 @PLT002 20180414001
16:10:33.697 @PLT003 1813
16:10:33.698 @PLT004 61-1.004.02.001
16:10:33.699 @PLT005 1601书写椅
16:10:33.699 @PLT006 550*580*750
16:10:33.700 @PLT007 2018/4/13 0:00:00
16:10:33.700 @PLT008 靠弯档多做3只，补单件售后
16:10:33.701 @PLT009 2018/4/23 16:10:33
16:10:33.701 @PLT010 系统管理员
16:10:33.702 @PLT011 False
16:10:33.702 @PLT012 80
16:10:33.703 @PLT013 False
16:10:33.706 @PLT001 20180423001
16:10:33.707 @PLT002 20180414001
16:10:33.707 @PLT003 1813
16:10:33.708 @PLT004 61-1.005.12.001
16:10:33.709 @PLT005 1623单人沙发
16:10:33.709 @PLT006 1100*960*750
16:10:33.710 @PLT007 2018/4/13 0:00:00
16:10:33.710 @PLT008 
16:10:33.711 @PLT009 2018/4/23 16:10:33
16:10:33.712 @PLT010 系统管理员
16:10:33.712 @PLT011 False
16:10:33.713 @PLT012 20
16:10:33.713 @PLT013 False
16:10:33.716 @PLT001 20180423001
16:10:33.717 @PLT002 20180414001
16:10:33.718 @PLT003 1813
16:10:33.718 @PLT004 61-1.005.11.001
16:10:33.719 @PLT005 1622单人沙发
16:10:33.720 @PLT006 1200*980*655
16:10:33.720 @PLT007 2018/4/13 0:00:00
16:10:33.721 @PLT008 
16:10:33.721 @PLT009 2018/4/23 16:10:33
16:10:33.722 @PLT010 系统管理员
16:10:33.723 @PLT011 False
16:10:33.723 @PLT012 20
16:10:33.724 @PLT013 False
16:10:33.727 @PLT001 20180423001
16:10:33.728 @PLT002 20180414001
16:10:33.728 @PLT003 1813
16:10:33.729 @PLT004 61-1.007.04.001
16:10:33.729 @PLT005 1603挂衣架
16:10:33.730 @PLT006 406*465*1800
16:10:33.730 @PLT007 2018/4/13 0:00:00
16:10:33.731 @PLT008 
16:10:33.731 @PLT009 2018/4/23 16:10:33
16:10:33.732 @PLT010 系统管理员
16:10:33.733 @PLT011 False
16:10:33.733 @PLT012 60
16:10:33.734 @PLT013 False
16:10:33.737 @PLT001 20180423001
16:10:33.738 @PLT002 20180414001
16:10:33.738 @PLT003 1813
16:10:33.739 @PLT004 61-1.002.09.002
16:10:33.739 @PLT005 1603厅地柜
16:10:33.740 @PLT006 2000*480*445
16:10:33.740 @PLT007 2018/4/13 0:00:00
16:10:33.741 @PLT008 
16:10:33.741 @PLT009 2018/4/23 16:10:33
16:10:33.742 @PLT010 系统管理员
16:10:33.743 @PLT011 False
16:10:33.743 @PLT012 100
16:10:33.744 @PLT013 False
16:10:33.748 @PLT001 20180423001
16:10:33.749 @PLT002 20180414001
16:10:33.750 @PLT003 1813
16:10:33.751 @PLT004 61-1.001.02.014
16:10:33.752 @PLT005 1623床靠1.8米
16:10:33.753 @PLT006 1945*150*1160
16:10:33.753 @PLT007 2018/4/13 0:00:00
16:10:33.754 @PLT008 
16:10:33.754 @PLT009 2018/4/23 16:10:33
16:10:33.755 @PLT010 系统管理员
16:10:33.756 @PLT011 False
16:10:33.756 @PLT012 40
16:10:33.757 @PLT013 False
16:10:33.760 @PLT001 20180423001
16:10:33.761 @PLT002 20180414001
16:10:33.761 @PLT003 1813
16:10:33.762 @PLT004 61-1.004.01.012
16:10:33.762 @PLT005 1622餐椅
16:10:33.763 @PLT006 475*540*1045
16:10:33.763 @PLT007 2018/4/13 0:00:00
16:10:33.764 @PLT008 
16:10:33.765 @PLT009 2018/4/23 16:10:33
16:10:33.765 @PLT010 系统管理员
16:10:33.766 @PLT011 False
16:10:33.766 @PLT012 100
16:10:33.767 @PLT013 False
16:10:33.769 @PLT001 20180423001
16:10:33.770 @PLT002 20180414001
16:10:33.771 @PLT003 1813
16:10:33.772 @PLT004 61-1.005.11.002
16:10:33.772 @PLT005 1622双人沙发
16:10:33.773 @PLT006 1750*980*655
16:10:33.773 @PLT007 2018/4/13 0:00:00
16:10:33.774 @PLT008 
16:10:33.775 @PLT009 2018/4/23 16:10:33
16:10:33.775 @PLT010 系统管理员
16:10:33.777 @PLT011 False
16:10:33.778 @PLT012 15
16:10:33.779 @PLT013 False
16:10:33.781 @PLT001 20180423001
16:10:33.782 @PLT002 20180414001
16:10:33.783 @PLT003 1813
16:10:33.784 @PLT004 61-1.005.13.013
16:10:33.785 @PLT005 1625三人沙发软包架
16:10:33.786 @PLT006 1970*805*565
16:10:33.787 @PLT007 2018/4/13 0:00:00
16:10:33.787 @PLT008 
16:10:33.788 @PLT009 2018/4/23 16:10:33
16:10:33.789 @PLT010 系统管理员
16:10:33.789 @PLT011 False
16:10:33.790 @PLT012 20
16:10:33.790 @PLT013 False
16:10:33.793 @PLS001 20180423001
16:10:33.794 @PLS002 23
16:10:33.795 @PLS003 2018/4/23 16:10:29
16:10:33.795 @PLS004 2018/4/23 16:10:29
16:10:33.796 @PLS005 2018/4/23 16:10:29
16:10:33.797 @PLS006 2018/4/23 16:10:33
16:10:33.797 @PLS007 系统管理员
16:10:33.798 @PLS008 False
16:10:33.798 @PLS009 False
16:10:33.802 @PLT001 20180423001
16:10:33.803 @PLT002 20180414001
16:10:33.804 @PLT003 1813
16:10:33.804 @PLT004 61-1.005.08.004
16:10:33.805 @PLT005 1607-B三人沙发软包右
16:10:33.805 @PLT006 2070*1000*570
16:10:33.806 @PLT007 2018/4/13 0:00:00
16:10:33.807 @PLT008 
16:10:33.808 @PLT009 2018/4/23 16:10:33
16:10:33.808 @PLT010 系统管理员
16:10:33.809 @PLT011 False
16:10:33.809 @PLT012 15
16:10:33.810 @PLT013 False
16:10:33.813 @PLT001 20180423001
16:10:33.814 @PLT002 20180414001
16:10:33.815 @PLT003 1813
16:10:33.816 @PLT004 61-1.005.08.004-1
16:10:33.816 @PLT005 1607-B三人沙发框架
16:10:33.817 @PLT006 2070*1000*240
16:10:33.817 @PLT007 2018/4/13 0:00:00
16:10:33.818 @PLT008 
16:10:33.819 @PLT009 2018/4/23 16:10:33
16:10:33.819 @PLT010 系统管理员
16:10:33.820 @PLT011 False
16:10:33.820 @PLT012 25
16:10:33.821 @PLT013 False
16:10:33.823 @PLT001 20180423001
16:10:33.824 @PLT002 20180414001
16:10:33.825 @PLT003 1813
16:10:33.825 @PLT004 61-1.001.03.010
16:10:33.826 @PLT005 1601床架1.8米
16:10:33.827 @PLT006 1960*2050*450
16:10:33.827 @PLT007 2018/4/13 0:00:00
16:10:33.828 @PLT008 
16:10:33.828 @PLT009 2018/4/23 16:10:33
16:10:33.829 @PLT010 系统管理员
16:10:33.829 @PLT011 False
16:10:33.830 @PLT012 150
16:10:33.831 @PLT013 False
16:10:33.834 @PLT001 20180423001
16:10:33.834 @PLT002 20180414001
16:10:33.835 @PLT003 1813
16:10:33.836 @PLT004 61-1.002.07.011
16:10:33.836 @PLT005 1610-B餐具柜
16:10:33.837 @PLT006 1680*480*890
16:10:33.838 @PLT007 2018/4/13 0:00:00
16:10:33.838 @PLT008 斗面皮芯板少做12块，配用仓及软包处有配用
16:10:33.839 @PLT009 2018/4/23 16:10:33
16:10:33.840 @PLT010 系统管理员
16:10:33.840 @PLT011 False
16:10:33.841 @PLT012 20
16:10:33.841 @PLT013 False
16:10:33.844 @PLT001 20180423001
16:10:33.845 @PLT002 20180414001
16:10:33.846 @PLT003 1813
16:10:33.847 @PLT004 61-1.002.09.008
16:10:33.848 @PLT005 1622厅地柜2.28米
16:10:33.848 @PLT006 2280*480*500
16:10:33.849 @PLT007 2018/4/13 0:00:00
16:10:33.849 @PLT008 
16:10:33.850 @PLT009 2018/4/23 16:10:33
16:10:33.851 @PLT010 系统管理员
16:10:33.851 @PLT011 False
16:10:33.852 @PLT012 30
16:10:33.852 @PLT013 False
16:10:33.855 @PLT001 20180423001
16:10:33.856 @PLT002 20180414001
16:10:33.857 @PLT003 1813
16:10:33.857 @PLT004 61-1.011.01.001
16:10:33.858 @PLT005 1607玄关台
16:10:33.858 @PLT006 1230*430*915
16:10:33.859 @PLT007 2018/4/13 0:00:00
16:10:33.859 @PLT008 
16:10:33.860 @PLT009 2018/4/23 16:10:33
16:10:33.860 @PLT010 系统管理员
16:10:33.861 @PLT011 False
16:10:33.862 @PLT012 20
16:10:33.862 @PLT013 False
16:10:33.865 @PLT001 20180423001
16:10:33.866 @PLT002 20180414001
16:10:33.867 @PLT003 1813
16:10:33.868 @PLT004 61-1.002.09.006-8
16:10:33.869 @PLT005 1610-B厅地柜
16:10:33.870 @PLT006 2145*480*510
16:10:33.870 @PLT007 2018/4/13 0:00:00
16:10:33.871 @PLT008 斗面皮芯板少做8套，配用仓有配用
16:10:33.872 @PLT009 2018/4/23 16:10:33
16:10:33.872 @PLT010 系统管理员
16:10:33.873 @PLT011 False
16:10:33.874 @PLT012 10
16:10:33.874 @PLT013 False
16:10:33.877 @PLT001 20180423001
16:10:33.878 @PLT002 20180414001
16:10:33.879 @PLT003 1813
16:10:33.879 @PLT004 61-1.004.03.010
16:10:33.880 @PLT005 1601茶凳
16:10:33.880 @PLT006 480*340*390
16:10:33.881 @PLT007 2018/4/13 0:00:00
16:10:33.881 @PLT008 
16:10:33.882 @PLT009 2018/4/23 16:10:33
16:10:33.882 @PLT010 系统管理员
16:10:33.883 @PLT011 False
16:10:33.884 @PLT012 100
16:10:33.884 @PLT013 False
16:10:33.887 @PLT001 20180423001
16:10:33.887 @PLT002 20180414001
16:10:33.888 @PLT003 1813
16:10:33.889 @PLT004 61-1.005.08.006
16:10:33.889 @PLT005 1607-B贵妃沙发软包右
16:10:33.890 @PLT006 2070*1040*570
16:10:33.890 @PLT007 2018/4/13 0:00:00
16:10:33.891 @PLT008 
16:10:33.892 @PLT009 2018/4/23 16:10:33
16:10:33.893 @PLT010 系统管理员
16:10:33.893 @PLT011 False
16:10:33.894 @PLT012 15
16:10:33.895 @PLT013 False
16:10:33.897 @PLT001 20180423001
16:10:33.898 @PLT002 
16:10:33.899 @PLT003 1814新增
16:10:33.899 @PLT004 62-1.003.03.002
16:10:33.900 @PLT005 1802餐桌
16:10:33.900 @PLT006 1600*880*760
16:10:33.901 @PLT007 2018/4/23 16:10:29
16:10:33.902 @PLT008 
16:10:33.903 @PLT009 2018/4/23 16:10:33
16:10:33.903 @PLT010 系统管理员
16:10:33.904 @PLT011 False
16:10:33.904 @PLT012 10
16:10:33.905 @PLT013 False
16:10:33.908 @PLT001 20180423001
16:10:33.909 @PLT002 20180414001
16:10:33.909 @PLT003 1813
16:10:33.910 @PLT004 61-1.005.08.007
16:10:33.910 @PLT005 1607-B贵妃沙发框架
16:10:33.911 @PLT006 2070*1040*240
16:10:33.911 @PLT007 2018/4/13 0:00:00
16:10:33.912 @PLT008 
16:10:33.912 @PLT009 2018/4/23 16:10:33
16:10:33.913 @PLT010 系统管理员
16:10:33.914 @PLT011 False
16:10:33.914 @PLT012 40
16:10:33.915 @PLT013 False
16:10:33.917 @PLT001 20180423001
16:10:33.918 @PLT002 20180414001
16:10:33.919 @PLT003 1813
16:10:33.919 @PLT004 61-1.004.02.004
16:10:33.920 @PLT005 1605书写椅
16:10:33.921 @PLT006 580*625*765
16:10:33.921 @PLT007 2018/4/13 0:00:00
16:10:33.922 @PLT008 
16:10:33.922 @PLT009 2018/4/23 16:10:33
16:10:33.923 @PLT010 系统管理员
16:10:33.923 @PLT011 False
16:10:33.924 @PLT012 30
16:10:33.924 @PLT013 False
16:10:33.928 @PLT001 20180423001
16:10:33.929 @PLT002 20180414001
16:10:33.930 @PLT003 1813
16:10:33.931 @PLT004 61-1.002.03.001
16:10:33.931 @PLT005 1603带抽裤架
16:10:33.932 @PLT006 890*480*180
16:10:33.933 @PLT007 2018/4/13 0:00:00
16:10:33.933 @PLT008 
16:10:33.934 @PLT009 2018/4/23 16:10:33
16:10:33.934 @PLT010 系统管理员
16:10:33.935 @PLT011 False
16:10:33.935 @PLT012 60
16:10:33.936 @PLT013 False
16:10:33.939 @PLT001 20180423001
16:10:33.940 @PLT002 20180414001
16:10:33.941 @PLT003 1813
16:10:33.941 @PLT004 61-1.003.03.001
16:10:33.942 @PLT005 1601餐桌1.38米
16:10:33.942 @PLT006 1380*800*770
16:10:33.943 @PLT007 2018/4/13 0:00:00
16:10:33.944 @PLT008 
16:10:33.944 @PLT009 2018/4/23 16:10:33
16:10:33.945 @PLT010 系统管理员
16:10:33.945 @PLT011 False
16:10:33.946 @PLT012 40
16:10:33.946 @PLT013 False
16:10:33.949 @PLT001 20180423001
16:10:33.950 @PLT002 20180414001
16:10:33.950 @PLT003 1813
16:10:33.951 @PLT004 61-1.003.03.010-2
16:10:33.951 @PLT005 1601-C茶桌1.38米（左）
16:10:33.952 @PLT006 1380*730*680
16:10:33.952 @PLT007 2018/4/13 0:00:00
16:10:33.953 @PLT008 
16:10:33.953 @PLT009 2018/4/23 16:10:33
16:10:33.954 @PLT010 系统管理员
16:10:33.955 @PLT011 False
16:10:33.955 @PLT012 20
16:10:33.956 @PLT013 False
16:10:33.959 @PLT001 20180423001
16:10:33.960 @PLT002 20180414001
16:10:33.960 @PLT003 1813
16:10:33.961 @PLT004 61-1.006.01.021
16:10:33.961 @PLT005 1625方茶几
16:10:33.962 @PLT006 800*800*560
16:10:33.963 @PLT007 2018/4/13 0:00:00
16:10:33.963 @PLT008 
16:10:33.964 @PLT009 2018/4/23 16:10:33
16:10:33.964 @PLT010 系统管理员
16:10:33.965 @PLT011 False
16:10:33.965 @PLT012 20
16:10:33.966 @PLT013 False
16:10:33.969 @PLT001 20180423001
16:10:33.970 @PLT002 20180414001
16:10:33.971 @PLT003 1813
16:10:33.971 @PLT004 61-1.007.01.000
16:10:33.972 @PLT005 1605旋转饰品架
16:10:33.973 @PLT006 ф660*1800
16:10:33.973 @PLT007 2018/4/13 0:00:00
16:10:33.974 @PLT008 
16:10:33.974 @PLT009 2018/4/23 16:10:33
16:10:33.975 @PLT010 系统管理员
16:10:33.975 @PLT011 False
16:10:33.976 @PLT012 20
16:10:33.976 @PLT013 False
16:10:33.979 @PLT001 20180423001
16:10:33.980 @PLT002 20180414001
16:10:33.980 @PLT003 1813
16:10:33.981 @PLT004 61-1.005.11.012
16:10:33.982 @PLT005 1622双人沙发软包架
16:10:33.982 @PLT006 1685*955*600
16:10:33.983 @PLT007 2018/4/13 0:00:00
16:10:33.983 @PLT008 
16:10:33.984 @PLT009 2018/4/23 16:10:33
16:10:33.984 @PLT010 系统管理员
16:10:33.985 @PLT011 False
16:10:33.985 @PLT012 15
16:10:33.986 @PLT013 False
16:10:33.989 @PLT001 20180423001
16:10:33.990 @PLT002 20180414001
16:10:33.990 @PLT003 1813
16:10:33.991 @PLT004 61-1.006.01.001-1
16:10:33.992 @PLT005 1603方茶几
16:10:33.992 @PLT006 750*750*560
16:10:33.993 @PLT007 2018/4/13 0:00:00
16:10:33.993 @PLT008 
16:10:33.994 @PLT009 2018/4/23 16:10:33
16:10:33.994 @PLT010 系统管理员
16:10:33.995 @PLT011 False
16:10:33.996 @PLT012 100
16:10:33.996 @PLT013 False
16:10:33.999 @PLT001 20180423001
16:10:34.000 @PLT002 20180414001
16:10:34.000 @PLT003 1813
16:10:34.001 @PLT004 61-1.005.08.001
16:10:34.001 @PLT005 1607-B单人沙发软包
16:10:34.002 @PLT006 930*1000*570
16:10:34.003 @PLT007 2018/4/13 0:00:00
16:10:34.003 @PLT008 
16:10:34.004 @PLT009 2018/4/23 16:10:33
16:10:34.004 @PLT010 系统管理员
16:10:34.005 @PLT011 False
16:10:34.006 @PLT012 30
16:10:34.006 @PLT013 False
16:10:34.009 @PLT001 20180423001
16:10:34.010 @PLT002 20180414001
16:10:34.011 @PLT003 1813
16:10:34.011 @PLT004 61-1.002.07.003
16:10:34.012 @PLT005 1603餐具柜
16:10:34.013 @PLT006 1280*480*840
16:10:34.013 @PLT007 2018/4/13 0:00:00
16:10:34.014 @PLT008 
16:10:34.014 @PLT009 2018/4/23 16:10:33
16:10:34.015 @PLT010 系统管理员
16:10:34.015 @PLT011 False
16:10:34.016 @PLT012 40
16:10:34.017 @PLT013 False
16:10:34.019 @PST001 1814新增
16:10:34.020 @PST002 62-1.003.03.002
16:10:34.021 @PST015 第23周
16:10:34.025 @PLT001 20180423001
16:10:34.026 @PLT002 20180414001
16:10:34.027 @PLT003 1813
16:10:34.028 @PLT004 61-1.006.02.022
16:10:34.028 @PLT005 1622长茶几
16:10:34.029 @PLT006 1500*800*450
16:10:34.029 @PLT007 2018/4/13 0:00:00
16:10:34.030 @PLT008 
16:10:34.030 @PLT009 2018/4/23 16:10:33
16:10:34.031 @PLT010 系统管理员
16:10:34.032 @PLT011 False
16:10:34.032 @PLT012 20
16:10:34.033 @PLT013 False
16:10:34.035 @PLT001 20180423001
16:10:34.036 @PLT002 20180414001
16:10:34.037 @PLT003 1813
16:10:34.038 @PLT004 61-1.006.02.001-1
16:10:34.038 @PLT005 1603长茶几
16:10:34.039 @PLT006 1480*820*450
16:10:34.040 @PLT007 2018/4/13 0:00:00
16:10:34.040 @PLT008 
16:10:34.041 @PLT009 2018/4/23 16:10:33
16:10:34.042 @PLT010 系统管理员
16:10:34.042 @PLT011 False
16:10:34.043 @PLT012 100
16:10:34.043 @PLT013 False
16:10:34.046 @PLT001 20180423001
16:10:34.047 @PLT002 20180414001
16:10:34.047 @PLT003 1813
16:10:34.048 @PLT004 61-1.002.09.004
16:10:34.049 @PLT005 1605低边厅柜
16:10:34.050 @PLT006 1000*400*1460
16:10:34.050 @PLT007 2018/4/13 0:00:00
16:10:34.051 @PLT008 
16:10:34.051 @PLT009 2018/4/23 16:10:33
16:10:34.052 @PLT010 系统管理员
16:10:34.053 @PLT011 False
16:10:34.053 @PLT012 30
16:10:34.054 @PLT013 False
16:10:34.057 @PLT001 20180423001
16:10:34.058 @PLT002 20180414001
16:10:34.058 @PLT003 1813
16:10:34.059 @PLT004 61-1.005.11.013
16:10:34.059 @PLT005 1622三人沙发软包架
16:10:34.060 @PLT006 2135*955*600 
16:10:34.061 @PLT007 2018/4/13 0:00:00
16:10:34.061 @PLT008 
16:10:34.062 @PLT009 2018/4/23 16:10:33
16:10:34.062 @PLT010 系统管理员
16:10:34.063 @PLT011 False
16:10:34.064 @PLT012 30
16:10:34.065 @PLT013 False
16:10:34.067 @PLT001 20180423001
16:10:34.068 @PLT002 20180414001
16:10:34.069 @PLT003 1813
16:10:34.070 @PLT004 61-1.005.12.002
16:10:34.070 @PLT005 1623双人沙发
16:10:34.071 @PLT006 1660*980*655
16:10:34.072 @PLT007 2018/4/13 0:00:00
16:10:34.072 @PLT008 
16:10:34.073 @PLT009 2018/4/23 16:10:33
16:10:34.073 @PLT010 系统管理员
16:10:34.074 @PLT011 False
16:10:34.075 @PLT012 15
16:10:34.075 @PLT013 False
16:10:34.078 @PLT001 20180423001
16:10:34.079 @PLT002 20180414001
16:10:34.080 @PLT003 1813
16:10:34.080 @PLT004 61-1.005.11.011
16:10:34.081 @PLT005 1622单人沙发软包架
16:10:34.081 @PLT006 1135*955*600
16:10:34.082 @PLT007 2018/4/13 0:00:00
16:10:34.082 @PLT008 
16:10:34.083 @PLT009 2018/4/23 16:10:33
16:10:34.084 @PLT010 系统管理员
16:10:34.084 @PLT011 False
16:10:34.085 @PLT012 20
16:10:34.086 @PLT013 False
16:10:34.088 @PLT001 20180423001
16:10:34.089 @PLT002 20180414001
16:10:34.090 @PLT003 1813
16:10:34.090 @PLT004 61-1.001.02.005
16:10:34.091 @PLT005 1603床靠1.8米
16:10:34.091 @PLT006 1910*105*1080
16:10:34.092 @PLT007 2018/4/13 0:00:00
16:10:34.092 @PLT008 
16:10:34.093 @PLT009 2018/4/23 16:10:33
16:10:34.093 @PLT010 系统管理员
16:10:34.094 @PLT011 False
16:10:34.095 @PLT012 60
16:10:34.095 @PLT013 False
16:10:34.098 @PLT001 20180423001
16:10:34.099 @PLT002 20180414001
16:10:34.099 @PLT003 1813
16:10:34.100 @PLT004 61-1.004.01.003
16:10:34.101 @PLT005 1603餐椅
16:10:34.101 @PLT006 460*465*820
16:10:34.102 @PLT007 2018/4/13 0:00:00
16:10:34.102 @PLT008 
16:10:34.103 @PLT009 2018/4/23 16:10:33
16:10:34.104 @PLT010 系统管理员
16:10:34.104 @PLT011 False
16:10:34.105 @PLT012 200
16:10:34.106 @PLT013 False
16:10:34.108 @PLT001 20180423001
16:10:34.109 @PLT002 20180414001
16:10:34.110 @PLT003 1813
16:10:34.111 @PLT004 61-1.005.13.011
16:10:34.111 @PLT005 1625单人沙发软包架
16:10:34.112 @PLT006 950*805*565
16:10:34.112 @PLT007 2018/4/13 0:00:00
16:10:34.113 @PLT008 
16:10:34.114 @PLT009 2018/4/23 16:10:33
16:10:34.114 @PLT010 系统管理员
16:10:34.115 @PLT011 False
16:10:34.115 @PLT012 20
16:10:34.116 @PLT013 False
16:10:34.118 @PLT001 20180423001
16:10:34.119 @PLT002 20180414001
16:10:34.120 @PLT003 1813
16:10:34.120 @PLT004 61-1.007.01.003
16:10:34.121 @PLT005 1607装饰架-B（玻格）
16:10:34.121 @PLT006 1500*400*1980
16:10:34.122 @PLT007 2018/4/13 0:00:00
16:10:34.123 @PLT008 
16:10:34.123 @PLT009 2018/4/23 16:10:33
16:10:34.124 @PLT010 系统管理员
16:10:34.124 @PLT011 False
16:10:34.125 @PLT012 10
16:10:34.125 @PLT013 False
16:10:34.129 @PLT001 20180423001
16:10:34.129 @PLT002 20180414001
16:10:34.130 @PLT003 1813
16:10:34.131 @PLT004 61-1.005.08.001-1
16:10:34.131 @PLT005 1607-B单人沙发框架
16:10:34.132 @PLT006 920*1000*240
16:10:34.132 @PLT007 2018/4/13 0:00:00
16:10:34.133 @PLT008 
16:10:34.133 @PLT009 2018/4/23 16:10:33
16:10:34.134 @PLT010 系统管理员
16:10:34.134 @PLT011 False
16:10:34.135 @PLT012 30
16:10:34.136 @PLT013 False
16:10:34.139 @PLT001 20180423001
16:10:34.139 @PLT002 20180414001
16:10:34.140 @PLT003 1813
16:10:34.141 @PLT004 61-1.005.08.005
16:10:34.141 @PLT005 1607-B贵妃沙发软包左
16:10:34.142 @PLT006 2070*1040*570
16:10:34.142 @PLT007 2018/4/13 0:00:00
16:10:34.143 @PLT008 
16:10:34.144 @PLT009 2018/4/23 16:10:33
16:10:34.144 @PLT010 系统管理员
16:10:34.145 @PLT011 False
16:10:34.145 @PLT012 25
16:10:34.146 @PLT013 False
16:10:34.149 @PLT001 20180423001
16:10:34.150 @PLT002 20180414001
16:10:34.150 @PLT003 1813
16:10:34.151 @PLT004 61-1.005.12.011
16:10:34.151 @PLT005 1623单人沙发软包架
16:10:34.152 @PLT006 1010*870*520 
16:10:34.157 @PLT007 2018/4/13 0:00:00
16:10:34.158 @PLT008 
16:10:34.158 @PLT009 2018/4/23 16:10:33
16:10:34.159 @PLT010 系统管理员
16:10:34.159 @PLT011 False
16:10:34.160 @PLT012 20
16:10:34.161 @PLT013 False
16:10:34.164 @PLT001 20180423001
16:10:34.164 @PLT002 20180414001
16:10:34.165 @PLT003 1813
16:10:34.166 @PLT004 61-1.001.03.011
16:10:34.166 @PLT005 1603床架1.8米
16:10:34.167 @PLT006 1980*2100*250
16:10:34.168 @PLT007 2018/4/13 0:00:00
16:10:34.168 @PLT008 
16:10:34.169 @PLT009 2018/4/23 16:10:33
16:10:34.169 @PLT010 系统管理员
16:10:34.170 @PLT011 False
16:10:34.170 @PLT012 200
16:10:34.171 @PLT013 False
16:10:34.173 @PLT001 20180423001
16:10:34.174 @PLT002 20180414001
16:10:34.175 @PLT003 1813
16:10:34.176 @PLT004 61-1.004.03.004
16:10:34.176 @PLT005 1608休闲椅
16:10:34.177 @PLT006 720*775*1000
16:10:34.178 @PLT007 2018/4/13 0:00:00
16:10:34.178 @PLT008 
16:10:34.179 @PLT009 2018/4/23 16:10:33
16:10:34.179 @PLT010 系统管理员
16:10:34.180 @PLT011 False
16:10:34.181 @PLT012 40
16:10:34.181 @PLT013 False
16:10:34.184 @PLT001 20180423001
16:10:34.185 @PLT002 20180414001
16:10:34.185 @PLT003 1813
16:10:34.186 @PLT004 61-1.005.11.003
16:10:34.186 @PLT005 1622三人沙发
16:10:34.187 @PLT006 2200*980*655
16:10:34.187 @PLT007 2018/4/13 0:00:00
16:10:34.188 @PLT008 
16:10:34.189 @PLT009 2018/4/23 16:10:33
16:10:34.189 @PLT010 系统管理员
16:10:34.190 @PLT011 False
16:10:34.190 @PLT012 30
16:10:34.191 @PLT013 False
16:10:34.193 @PLT001 20180423001
16:10:34.194 @PLT002 20180414001
16:10:34.195 @PLT003 1813
16:10:34.196 @PLT004 61-1.004.01.001
16:10:34.196 @PLT005 1601餐椅
16:10:34.197 @PLT006 475*565*765
16:10:34.197 @PLT007 2018/4/13 0:00:00
16:10:34.198 @PLT008 
16:10:34.199 @PLT009 2018/4/23 16:10:33
16:10:34.199 @PLT010 系统管理员
16:10:34.200 @PLT011 False
16:10:34.200 @PLT012 200
16:10:34.201 @PLT013 False
16:10:34.204 @PST001 1814新增
16:10:34.205 @PST002 62-1.003.03.002
16:10:34.205 @PST030 True
16:10:34.210 @PLT001 20180423001
16:10:34.211 @PLT002 20180414001
16:10:34.211 @PLT003 1813
16:10:34.212 @PLT004 61-1.006.02.002
16:10:34.212 @PLT005 1605长茶几1.26米
16:10:34.213 @PLT006 1260*700*450
16:10:34.214 @PLT007 2018/4/13 0:00:00
16:10:34.214 @PLT008 
16:10:34.215 @PLT009 2018/4/23 16:10:33
16:10:34.215 @PLT010 系统管理员
16:10:34.216 @PLT011 False
16:10:34.216 @PLT012 60
16:10:34.217 @PLT013 False
16:10:34.219 @PLT001 20180423001
16:10:34.220 @PLT002 20180414001
16:10:34.221 @PLT003 1813
16:10:34.222 @PLT004 61-1.004.03.002
16:10:34.222 @PLT005 1603休闲椅
16:10:34.223 @PLT006 670*955*740
16:10:34.223 @PLT007 2018/4/13 0:00:00
16:10:34.224 @PLT008 
16:10:34.224 @PLT009 2018/4/23 16:10:33
16:10:34.225 @PLT010 系统管理员
16:10:34.225 @PLT011 False
16:10:34.226 @PLT012 30
16:10:34.227 @PLT013 False
16:10:34.230 @PLT001 20180423001
16:10:34.231 @PLT002 20180414001
16:10:34.231 @PLT003 1813
16:10:34.232 @PLT004 61-1.005.12.003
16:10:34.232 @PLT005 1623三人沙发
16:10:34.233 @PLT006 2160*960*750
16:10:34.233 @PLT007 2018/4/13 0:00:00
16:10:34.234 @PLT008 
16:10:34.234 @PLT009 2018/4/23 16:10:33
16:10:34.235 @PLT010 系统管理员
16:10:34.235 @PLT011 False
16:10:34.236 @PLT012 20
16:10:34.237 @PLT013 False
16:10:50.141 @PST001 1813
16:10:50.143 @PST002 61-1.001.03.011
16:10:50.144 @PST030 False
16:10:50.154 @PST001 1813
16:10:50.156 @PST002 61-1.002.09.002
16:10:50.157 @PST030 False
16:10:50.163 @PST001 1813
16:10:50.165 @PST002 61-1.005.12.002
16:10:50.166 @PST030 False
16:10:50.170 @PST001 1813
16:10:50.171 @PST002 61-1.005.13.013
16:10:50.172 @PST030 False
16:10:50.174 @PST001 1813
16:10:50.175 @PST002 61-1.005.11.003
16:10:50.176 @PST030 False
16:10:50.179 @PST001 1813
16:10:50.180 @PST002 61-1.004.02.001
16:10:50.180 @PST030 False
16:10:50.183 @PST001 1813
16:10:50.184 @PST002 61-1.006.02.002
16:10:50.185 @PST030 False
16:10:50.188 @PST001 1813
16:10:50.189 @PST002 61-1.005.08.001
16:10:50.189 @PST030 False
16:10:50.192 @PST001 1813
16:10:50.193 @PST002 61-1.005.08.004
16:10:50.193 @PST030 False
16:10:50.196 @PST001 1813
16:10:50.197 @PST002 61-1.004.03.004
16:10:50.197 @PST030 False
16:10:50.200 @PST001 1813
16:10:50.201 @PST002 61-1.005.12.001
16:10:50.202 @PST030 False
16:10:50.204 @PST001 1813
16:10:50.205 @PST002 61-1.003.03.003
16:10:50.205 @PST030 False
16:10:50.208 @PST001 1813
16:10:50.209 @PST002 61-1.002.07.011
16:10:50.210 @PST030 False
16:10:50.212 @PST001 1813
16:10:50.213 @PST002 61-1.005.11.001
16:10:50.214 @PST030 False
16:10:50.217 @PST001 1813
16:10:50.218 @PST002 61-1.005.11.002
16:10:50.218 @PST030 False
16:10:50.221 @PST001 1813
16:10:50.222 @PST002 61-1.003.03.001-1
16:10:50.222 @PST030 False
16:10:50.225 @PST001 1813
16:10:50.226 @PST002 61-1.005.08.006
16:10:50.227 @PST030 False
16:10:50.229 @PST001 1813
16:10:50.230 @PST002 61-1.004.02.003
16:10:50.231 @PST030 False
16:10:50.233 @PST001 1813
16:10:50.234 @PST002 61-1.004.01.012
16:10:50.235 @PST030 False
16:10:50.237 @PST001 1813
16:10:50.239 @PST002 61-1.004.01.001
16:10:50.239 @PST030 False
16:10:50.242 @PST001 1813
16:10:50.243 @PST002 61-1.003.03.010-2
16:10:50.243 @PST030 False
16:10:50.246 @PST001 1813
16:10:50.247 @PST002 61-1.002.09.004
16:10:50.248 @PST030 False
16:10:50.251 @PST001 1813
16:10:50.252 @PST002 61-1.006.02.022
16:10:50.253 @PST030 False
16:10:50.255 @PST001 1813
16:10:50.256 @PST002 61-1.001.02.005
16:10:50.257 @PST030 False
16:10:50.259 @PST001 1813
16:10:50.260 @PST002 61-1.002.03.001
16:10:50.261 @PST030 False
16:10:50.263 @PST001 1814新增
16:10:50.264 @PST002 62-1.003.03.002
16:10:50.265 @PST030 False
16:10:50.267 @PST001 1813
16:10:50.268 @PST002 61-1.003.03.002
16:10:50.269 @PST030 False
16:10:50.272 @PST001 1813
16:10:50.273 @PST002 61-1.002.09.006-8
16:10:50.273 @PST030 False
16:10:50.276 @PST001 1813
16:10:50.277 @PST002 61-1.005.08.001-1
16:10:50.278 @PST030 False
16:10:50.280 @PST001 1813
16:10:50.281 @PST002 61-1.005.08.005
16:10:50.282 @PST030 False
16:10:50.284 @PST001 1813
16:10:50.285 @PST002 61-1.007.04.001
16:10:50.285 @PST030 False
16:10:50.288 @PST001 1813
16:10:50.289 @PST002 61-1.006.02.001-1
16:10:50.290 @PST030 False
16:10:50.293 @PST001 1813
16:10:50.294 @PST002 61-1.005.08.007
16:10:50.294 @PST030 False
16:10:50.297 @PST001 1813
16:10:50.298 @PST002 61-1.005.12.013
16:10:50.299 @PST030 False
16:10:50.301 @PST001 1813
16:10:50.302 @PST002 61-1.005.12.012
16:10:50.303 @PST030 False
16:10:50.305 @PST001 1813
16:10:50.306 @PST002 61-1.007.01.000
16:10:50.307 @PST030 False
16:10:50.309 @PST001 1813
16:10:50.310 @PST002 61-1.001.03.010
16:10:50.311 @PST030 False
16:10:50.313 @PST001 1813
16:10:50.314 @PST002 61-1.005.11.012
16:10:50.315 @PST030 False
16:10:50.317 @REV001 FormPlanStock
16:10:50.318 @REV002 20180423001
16:10:50.319 @REV003 00001
16:10:50.320 @REV004 2018/4/23 16:10:50
16:10:50.320 @REV005 反审核
16:10:50.321 @REV006 
16:10:50.326 @PST001 1813
16:10:50.327 @PST002 61-1.005.08.004-1
16:10:50.327 @PST030 False
16:10:50.330 @PST001 1813
16:10:50.331 @PST002 61-1.005.12.003
16:10:50.331 @PST030 False
16:10:50.334 @PST001 1813
16:10:50.335 @PST002 61-1.005.11.011
16:10:50.335 @PST030 False
16:10:50.338 @PST001 1813
16:10:50.339 @PST002 61-1.004.02.004
16:10:50.340 @PST030 False
16:10:50.342 @PST001 1813
16:10:50.343 @PST002 61-1.005.13.012
16:10:50.344 @PST030 False
16:10:50.346 @PST001 1813
16:10:50.347 @PST002 61-1.001.02.014
16:10:50.348 @PST030 False
16:10:50.350 @PST001 1813
16:10:50.351 @PST002 61-1.011.01.001
16:10:50.352 @PST030 False
16:10:50.354 @PST001 1813
16:10:50.355 @PST002 61-1.004.03.010
16:10:50.356 @PST030 False
16:10:50.358 @PST001 1813
16:10:50.359 @PST002 61-1.005.13.011
16:10:50.360 @PST030 False
16:10:50.363 @PLS001 20180423001
16:10:50.364 @PLS006 2018/4/23 16:10:50
16:10:50.364 @PLS007 系统管理员
16:10:50.365 @PLS009 True
16:10:50.369 @PST001 1813
16:10:50.370 @PST002 61-1.003.03.001
16:10:50.371 @PST030 False
16:10:50.373 @PST001 1813
16:10:50.374 @PST002 61-1.006.01.021
16:10:50.375 @PST030 False
16:10:50.377 @PST001 1813
16:10:50.378 @PST002 61-1.005.12.011
16:10:50.379 @PST030 False
16:10:50.381 @PST001 1813
16:10:50.382 @PST002 61-1.004.01.003
16:10:50.383 @PST030 False
16:10:50.385 @PST001 1813
16:10:50.387 @PST002 61-1.007.01.003
16:10:50.387 @PST030 False
16:10:50.390 @PST001 1813
16:10:50.391 @PST002 61-1.002.09.008
16:10:50.392 @PST030 False
16:10:50.394 @PST001 1813
16:10:50.395 @PST002 61-1.006.01.001-1
16:10:50.396 @PST030 False
16:10:50.399 @PST001 1813
16:10:50.400 @PST002 61-1.003.03.010-3
16:10:50.400 @PST030 False
16:10:50.403 @PST001 1813
16:10:50.403 @PST002 61-1.005.11.013
16:10:50.404 @PST030 False
16:10:50.407 @PST001 1813
16:10:50.408 @PST002 61-1.005.08.003
16:10:50.408 @PST030 False
16:10:50.410 @PST001 1813
16:10:50.411 @PST002 61-1.002.07.003
16:10:50.412 @PST030 False
16:10:50.415 @PST001 1813
16:10:50.415 @PST002 61-1.004.03.002
16:10:50.417 @PST030 False
16:12:03.127 @PLT001 20180423002
16:12:03.128 @PLT002 20180423001
16:12:03.129 @PLT003 1813
16:12:03.129 @PLT004 61-1.005.08.006
16:12:03.130 @PLT005 1607-B贵妃沙发软包右
16:12:03.131 @PLT006 2070*1040*570
16:12:03.131 @PLT007 2018/4/13 0:00:00
16:12:03.132 @PLT008 
16:12:03.132 @PLT009 2018/4/23 16:12:03
16:12:03.133 @PLT010 系统管理员
16:12:03.134 @PLT011 False
16:12:03.134 @PLT012 15
16:12:03.135 @PLT013 False
16:12:03.151 @PLT001 20180423002
16:12:03.152 @PLT002 20180423001
16:12:03.153 @PLT003 1813
16:12:03.153 @PLT004 61-1.005.11.013
16:12:03.154 @PLT005 1622三人沙发软包架
16:12:03.155 @PLT006 2135*955*600 
16:12:03.155 @PLT007 2018/4/13 0:00:00
16:12:03.156 @PLT008 
16:12:03.156 @PLT009 2018/4/23 16:12:03
16:12:03.157 @PLT010 系统管理员
16:12:03.158 @PLT011 False
16:12:03.158 @PLT012 30
16:12:03.159 @PLT013 False
16:12:03.162 @PLT001 20180423002
16:12:03.163 @PLT002 20180423001
16:12:03.163 @PLT003 1813
16:12:03.164 @PLT004 61-1.001.02.014
16:12:03.165 @PLT005 1623床靠1.8米
16:12:03.165 @PLT006 1945*150*1160
16:12:03.166 @PLT007 2018/4/13 0:00:00
16:12:03.167 @PLT008 
16:12:03.167 @PLT009 2018/4/23 16:12:03
16:12:03.168 @PLT010 系统管理员
16:12:03.168 @PLT011 False
16:12:03.169 @PLT012 40
16:12:03.170 @PLT013 False
16:12:03.172 @PLT001 20180423002
16:12:03.173 @PLT002 20180423001
16:12:03.174 @PLT003 1813
16:12:03.174 @PLT004 61-1.005.12.013
16:12:03.175 @PLT005 1623三人沙发软包架
16:12:03.176 @PLT006 2070*870*520 
16:12:03.176 @PLT007 2018/4/13 0:00:00
16:12:03.177 @PLT008 
16:12:03.178 @PLT009 2018/4/23 16:12:03
16:12:03.178 @PLT010 系统管理员
16:12:03.179 @PLT011 False
16:12:03.180 @PLT012 20
16:12:03.180 @PLT013 False
16:12:03.183 @PLT001 20180423002
16:12:03.183 @PLT002 20180423001
16:12:03.184 @PLT003 1813
16:12:03.185 @PLT004 61-1.004.03.010
16:12:03.185 @PLT005 1601茶凳
16:12:03.186 @PLT006 480*340*390
16:12:03.186 @PLT007 2018/4/13 0:00:00
16:12:03.187 @PLT008 
16:12:03.188 @PLT009 2018/4/23 16:12:03
16:12:03.188 @PLT010 系统管理员
16:12:03.189 @PLT011 False
16:12:03.189 @PLT012 100
16:12:03.190 @PLT013 False
16:12:03.193 @PLT001 20180423002
16:12:03.194 @PLT002 20180423001
16:12:03.195 @PLT003 1813
16:12:03.195 @PLT004 61-1.005.12.001
16:12:03.196 @PLT005 1623单人沙发
16:12:03.196 @PLT006 1100*960*750
16:12:03.197 @PLT007 2018/4/13 0:00:00
16:12:03.198 @PLT008 
16:12:03.198 @PLT009 2018/4/23 16:12:03
16:12:03.199 @PLT010 系统管理员
16:12:03.199 @PLT011 False
16:12:03.200 @PLT012 20
16:12:03.200 @PLT013 False
16:12:03.204 @PLT001 20180423002
16:12:03.205 @PLT002 20180423001
16:12:03.205 @PLT003 1813
16:12:03.206 @PLT004 61-1.003.03.001
16:12:03.206 @PLT005 1601餐桌1.38米
16:12:03.207 @PLT006 1380*800*770
16:12:03.208 @PLT007 2018/4/13 0:00:00
16:12:03.209 @PLT008 
16:12:03.209 @PLT009 2018/4/23 16:12:03
16:12:03.210 @PLT010 系统管理员
16:12:03.210 @PLT011 False
16:12:03.211 @PLT012 40
16:12:03.211 @PLT013 False
16:12:03.214 @PLT001 20180423002
16:12:03.215 @PLT002 20180423001
16:12:03.216 @PLT003 1813
16:12:03.216 @PLT004 61-1.005.11.011
16:12:03.217 @PLT005 1622单人沙发软包架
16:12:03.218 @PLT006 1135*955*600
16:12:03.219 @PLT007 2018/4/13 0:00:00
16:12:03.219 @PLT008 
16:12:03.220 @PLT009 2018/4/23 16:12:03
16:12:03.221 @PLT010 系统管理员
16:12:03.221 @PLT011 False
16:12:03.222 @PLT012 20
16:12:03.222 @PLT013 False
16:12:03.225 @PLT001 20180423002
16:12:03.226 @PLT002 20180423001
16:12:03.227 @PLT003 1813
16:12:03.227 @PLT004 61-1.002.09.004
16:12:03.228 @PLT005 1605低边厅柜
16:12:03.229 @PLT006 1000*400*1460
16:12:03.229 @PLT007 2018/4/13 0:00:00
16:12:03.230 @PLT008 
16:12:03.231 @PLT009 2018/4/23 16:12:03
16:12:03.231 @PLT010 系统管理员
16:12:03.232 @PLT011 False
16:12:03.232 @PLT012 30
16:12:03.233 @PLT013 False
16:12:03.236 @PST001 1814新增
16:12:03.237 @PST002 62-1.003.03.006
16:12:03.237 @PST015 第24周
16:12:03.240 @PLT001 20180423002
16:12:03.241 @PLT002 20180423001
16:12:03.242 @PLT003 1813
16:12:03.242 @PLT004 61-1.002.09.008
16:12:03.243 @PLT005 1622厅地柜2.28米
16:12:03.243 @PLT006 2280*480*500
16:12:03.244 @PLT007 2018/4/13 0:00:00
16:12:03.245 @PLT008 
16:12:03.245 @PLT009 2018/4/23 16:12:03
16:12:03.246 @PLT010 系统管理员
16:12:03.246 @PLT011 False
16:12:03.247 @PLT012 30
16:12:03.248 @PLT013 False
16:12:03.251 @PLT001 20180423002
16:12:03.251 @PLT002 20180423001
16:12:03.252 @PLT003 1813
16:12:03.253 @PLT004 61-1.005.11.002
16:12:03.253 @PLT005 1622双人沙发
16:12:03.254 @PLT006 1750*980*655
16:12:03.254 @PLT007 2018/4/13 0:00:00
16:12:03.255 @PLT008 
16:12:03.255 @PLT009 2018/4/23 16:12:03
16:12:03.256 @PLT010 系统管理员
16:12:03.256 @PLT011 False
16:12:03.257 @PLT012 15
16:12:03.258 @PLT013 False
16:12:03.261 @PLT001 20180423002
16:12:03.261 @PLT002 20180423001
16:12:03.262 @PLT003 1813
16:12:03.263 @PLT004 61-1.006.02.001-1
16:12:03.263 @PLT005 1603长茶几
16:12:03.264 @PLT006 1480*820*450
16:12:03.264 @PLT007 2018/4/13 0:00:00
16:12:03.265 @PLT008 
16:12:03.265 @PLT009 2018/4/23 16:12:03
16:12:03.266 @PLT010 系统管理员
16:12:03.267 @PLT011 False
16:12:03.268 @PLT012 100
16:12:03.268 @PLT013 False
16:12:03.271 @PLT001 20180423002
16:12:03.272 @PLT002 20180423001
16:12:03.273 @PLT003 1813
16:12:03.273 @PLT004 61-1.005.08.001
16:12:03.274 @PLT005 1607-B单人沙发软包
16:12:03.274 @PLT006 930*1000*570
16:12:03.275 @PLT007 2018/4/13 0:00:00
16:12:03.276 @PLT008 
16:12:03.276 @PLT009 2018/4/23 16:12:03
16:12:03.277 @PLT010 系统管理员
16:12:03.278 @PLT011 False
16:12:03.278 @PLT012 30
16:12:03.279 @PLT013 False
16:12:03.282 @PLT001 20180423002
16:12:03.282 @PLT002 20180423001
16:12:03.283 @PLT003 1813
16:12:03.284 @PLT004 61-1.003.03.010-3
16:12:03.284 @PLT005 1601-C茶桌1.38米（右）
16:12:03.285 @PLT006 1380*730*680
16:12:03.286 @PLT007 2018/4/13 0:00:00
16:12:03.286 @PLT008 
16:12:03.287 @PLT009 2018/4/23 16:12:03
16:12:03.288 @PLT010 系统管理员
16:12:03.288 @PLT011 False
16:12:03.289 @PLT012 15
16:12:03.289 @PLT013 False
16:12:03.292 @PLT001 20180423002
16:12:03.293 @PLT002 20180423001
16:12:03.293 @PLT003 1813
16:12:03.294 @PLT004 61-1.005.13.012
16:12:03.294 @PLT005 1625双人沙发软包架
16:12:03.295 @PLT006 1470*805*565 
16:12:03.296 @PLT007 2018/4/13 0:00:00
16:12:03.296 @PLT008 
16:12:03.297 @PLT009 2018/4/23 16:12:03
16:12:03.297 @PLT010 系统管理员
16:12:03.298 @PLT011 False
16:12:03.298 @PLT012 20
16:12:03.299 @PLT013 False
16:12:03.301 @PLT001 20180423002
16:12:03.302 @PLT002 20180423001
16:12:03.303 @PLT003 1813
16:12:03.304 @PLT004 61-1.004.02.003
16:12:03.304 @PLT005 1603书写椅
16:12:03.305 @PLT006 605*610*835
16:12:03.305 @PLT007 2018/4/13 0:00:00
16:12:03.306 @PLT008 靠头490*按模*按模少做1只，3号养生房有配用
16:12:03.307 @PLT009 2018/4/23 16:12:03
16:12:03.307 @PLT010 系统管理员
16:12:03.308 @PLT011 False
16:12:03.309 @PLT012 40
16:12:03.309 @PLT013 False
16:12:03.312 @PLT001 20180423002
16:12:03.313 @PLT002 20180423001
16:12:03.313 @PLT003 1813
16:12:03.314 @PLT004 61-1.003.03.001-1
16:12:03.314 @PLT005 1601餐桌1.6米
16:12:03.315 @PLT006 1600*880*770
16:12:03.316 @PLT007 2018/4/13 0:00:00
16:12:03.317 @PLT008 
16:12:03.318 @PLT009 2018/4/23 16:12:03
16:12:03.319 @PLT010 系统管理员
16:12:03.319 @PLT011 False
16:12:03.320 @PLT012 30
16:12:03.321 @PLT013 False
16:12:03.323 @PLT001 20180423002
16:12:03.324 @PLT002 20180423001
16:12:03.325 @PLT003 1813
16:12:03.325 @PLT004 61-1.005.08.004
16:12:03.326 @PLT005 1607-B三人沙发软包右
16:12:03.327 @PLT006 2070*1000*570
16:12:03.328 @PLT007 2018/4/13 0:00:00
16:12:03.328 @PLT008 
16:12:03.329 @PLT009 2018/4/23 16:12:03
16:12:03.329 @PLT010 系统管理员
16:12:03.330 @PLT011 False
16:12:03.331 @PLT012 15
16:12:03.331 @PLT013 False
16:12:03.334 @PLT001 20180423002
16:12:03.334 @PLT002 20180423001
16:12:03.335 @PLT003 1813
16:12:03.336 @PLT004 61-1.005.13.011
16:12:03.336 @PLT005 1625单人沙发软包架
16:12:03.337 @PLT006 950*805*565
16:12:03.337 @PLT007 2018/4/13 0:00:00
16:12:03.338 @PLT008 
16:12:03.338 @PLT009 2018/4/23 16:12:03
16:12:03.339 @PLT010 系统管理员
16:12:03.340 @PLT011 False
16:12:03.340 @PLT012 20
16:12:03.341 @PLT013 False
16:12:03.343 @PLT001 20180423002
16:12:03.344 @PLT002 20180423001
16:12:03.345 @PLT003 1813
16:12:03.345 @PLT004 61-1.006.02.002
16:12:03.346 @PLT005 1605长茶几1.26米
16:12:03.347 @PLT006 1260*700*450
16:12:03.347 @PLT007 2018/4/13 0:00:00
16:12:03.348 @PLT008 
16:12:03.349 @PLT009 2018/4/23 16:12:03
16:12:03.350 @PLT010 系统管理员
16:12:03.350 @PLT011 False
16:12:03.351 @PLT012 60
16:12:03.351 @PLT013 False
16:12:03.354 @PLT001 20180423002
16:12:03.355 @PLT002 20180423001
16:12:03.355 @PLT003 1813
16:12:03.356 @PLT004 61-1.005.12.011
16:12:03.357 @PLT005 1623单人沙发软包架
16:12:03.357 @PLT006 1010*870*520 
16:12:03.358 @PLT007 2018/4/13 0:00:00
16:12:03.358 @PLT008 
16:12:03.359 @PLT009 2018/4/23 16:12:03
16:12:03.359 @PLT010 系统管理员
16:12:03.360 @PLT011 False
16:12:03.361 @PLT012 20
16:12:03.361 @PLT013 False
16:12:03.364 @PLT001 20180423002
16:12:03.365 @PLT002 20180423001
16:12:03.365 @PLT003 1813
16:12:03.366 @PLT004 61-1.006.01.001-1
16:12:03.366 @PLT005 1603方茶几
16:12:03.367 @PLT006 750*750*560
16:12:03.368 @PLT007 2018/4/13 0:00:00
16:12:03.368 @PLT008 
16:12:03.369 @PLT009 2018/4/23 16:12:03
16:12:03.369 @PLT010 系统管理员
16:12:03.370 @PLT011 False
16:12:03.371 @PLT012 100
16:12:03.371 @PLT013 False
16:12:03.374 @PLT001 20180423002
16:12:03.375 @PLT002 
16:12:03.375 @PLT003 1814新增
16:12:03.376 @PLT004 62-1.003.03.006
16:12:03.376 @PLT005 1808餐桌1.6米
16:12:03.377 @PLT006 1600*880*760
16:12:03.378 @PLT007 2018/4/23 16:12:01
16:12:03.378 @PLT008 
16:12:03.379 @PLT009 2018/4/23 16:12:03
16:12:03.379 @PLT010 系统管理员
16:12:03.380 @PLT011 False
16:12:03.380 @PLT012 10
16:12:03.381 @PLT013 False
16:12:03.384 @PLT001 20180423002
16:12:03.384 @PLT002 20180423001
16:12:03.385 @PLT003 1813
16:12:03.386 @PLT004 61-1.005.08.007
16:12:03.386 @PLT005 1607-B贵妃沙发框架
16:12:03.387 @PLT006 2070*1040*240
16:12:03.388 @PLT007 2018/4/13 0:00:00
16:12:03.388 @PLT008 
16:12:03.389 @PLT009 2018/4/23 16:12:03
16:12:03.389 @PLT010 系统管理员
16:12:03.390 @PLT011 False
16:12:03.391 @PLT012 40
16:12:03.391 @PLT013 False
16:12:03.394 @PLT001 20180423002
16:12:03.394 @PLT002 20180423001
16:12:03.395 @PLT003 1813
16:12:03.396 @PLT004 61-1.006.02.022
16:12:03.396 @PLT005 1622长茶几
16:12:03.397 @PLT006 1500*800*450
16:12:03.397 @PLT007 2018/4/13 0:00:00
16:12:03.398 @PLT008 
16:12:03.398 @PLT009 2018/4/23 16:12:03
16:12:03.399 @PLT010 系统管理员
16:12:03.399 @PLT011 False
16:12:03.400 @PLT012 20
16:12:03.401 @PLT013 False
16:12:03.403 @PLS001 20180423002
16:12:03.404 @PLS002 24
16:12:03.404 @PLS003 2018/4/23 16:12:01
16:12:03.405 @PLS004 2018/4/23 16:12:01
16:12:03.406 @PLS005 2018/4/23 16:12:01
16:12:03.406 @PLS006 2018/4/23 16:12:03
16:12:03.407 @PLS007 系统管理员
16:12:03.407 @PLS008 False
16:12:03.408 @PLS009 False
16:12:03.410 @PLT001 20180423002
16:12:03.411 @PLT002 20180423001
16:12:03.412 @PLT003 1813
16:12:03.413 @PLT004 61-1.005.12.003
16:12:03.413 @PLT005 1623三人沙发
16:12:03.414 @PLT006 2160*960*750
16:12:03.414 @PLT007 2018/4/13 0:00:00
16:12:03.415 @PLT008 
16:12:03.415 @PLT009 2018/4/23 16:12:03
16:12:03.416 @PLT010 系统管理员
16:12:03.416 @PLT011 False
16:12:03.417 @PLT012 20
16:12:03.418 @PLT013 False
16:12:03.420 @PLT001 20180423002
16:12:03.421 @PLT002 20180423001
16:12:03.422 @PLT003 1813
16:12:03.423 @PLT004 61-1.005.11.001
16:12:03.423 @PLT005 1622单人沙发
16:12:03.424 @PLT006 1200*980*655
16:12:03.424 @PLT007 2018/4/13 0:00:00
16:12:03.425 @PLT008 
16:12:03.425 @PLT009 2018/4/23 16:12:03
16:12:03.426 @PLT010 系统管理员
16:12:03.427 @PLT011 False
16:12:03.427 @PLT012 20
16:12:03.428 @PLT013 False
16:12:03.430 @PLT001 20180423002
16:12:03.431 @PLT002 20180423001
16:12:03.432 @PLT003 1813
16:12:03.432 @PLT004 61-1.004.01.012
16:12:03.433 @PLT005 1622餐椅
16:12:03.434 @PLT006 475*540*1045
16:12:03.434 @PLT007 2018/4/13 0:00:00
16:12:03.435 @PLT008 
16:12:03.435 @PLT009 2018/4/23 16:12:03
16:12:03.436 @PLT010 系统管理员
16:12:03.436 @PLT011 False
16:12:03.437 @PLT012 100
16:12:03.438 @PLT013 False
16:12:03.440 @PLT001 20180423002
16:12:03.441 @PLT002 20180423001
16:12:03.442 @PLT003 1813
16:12:03.442 @PLT004 61-1.004.01.001
16:12:03.443 @PLT005 1601餐椅
16:12:03.444 @PLT006 475*565*765
16:12:03.444 @PLT007 2018/4/13 0:00:00
16:12:03.445 @PLT008 
16:12:03.445 @PLT009 2018/4/23 16:12:03
16:12:03.446 @PLT010 系统管理员
16:12:03.446 @PLT011 False
16:12:03.447 @PLT012 200
16:12:03.447 @PLT013 False
16:12:03.450 @PLT001 20180423002
16:12:03.451 @PLT002 20180423001
16:12:03.452 @PLT003 1814新增
16:12:03.452 @PLT004 62-1.003.03.002
16:12:03.453 @PLT005 1802餐桌
16:12:03.454 @PLT006 1600*880*760
16:12:03.454 @PLT007 2018/4/23 0:00:00
16:12:03.455 @PLT008 
16:12:03.455 @PLT009 2018/4/23 16:12:03
16:12:03.456 @PLT010 系统管理员
16:12:03.457 @PLT011 False
16:12:03.457 @PLT012 10
16:12:03.458 @PLT013 False
16:12:03.460 @PLT001 20180423002
16:12:03.461 @PLT002 20180423001
16:12:03.462 @PLT003 1813
16:12:03.462 @PLT004 61-1.003.03.003
16:12:03.463 @PLT005 1603餐桌1.6米
16:12:03.464 @PLT006 1600*880*760
16:12:03.464 @PLT007 2018/4/13 0:00:00
16:12:03.465 @PLT008 
16:12:03.465 @PLT009 2018/4/23 16:12:03
16:12:03.466 @PLT010 系统管理员
16:12:03.467 @PLT011 False
16:12:03.467 @PLT012 100
16:12:03.468 @PLT013 False
16:12:03.471 @PLT001 20180423002
16:12:03.472 @PLT002 20180423001
16:12:03.472 @PLT003 1813
16:12:03.473 @PLT004 61-1.001.03.011
16:12:03.474 @PLT005 1603床架1.8米
16:12:03.474 @PLT006 1980*2100*250
16:12:03.475 @PLT007 2018/4/13 0:00:00
16:12:03.475 @PLT008 
16:12:03.476 @PLT009 2018/4/23 16:12:03
16:12:03.477 @PLT010 系统管理员
16:12:03.477 @PLT011 False
16:12:03.478 @PLT012 200
16:12:03.479 @PLT013 False
16:12:03.481 @PLT001 20180423002
16:12:03.482 @PLT002 20180423001
16:12:03.483 @PLT003 1813
16:12:03.484 @PLT004 61-1.005.08.004-1
16:12:03.485 @PLT005 1607-B三人沙发框架
16:12:03.485 @PLT006 2070*1000*240
16:12:03.486 @PLT007 2018/4/13 0:00:00
16:12:03.486 @PLT008 
16:12:03.487 @PLT009 2018/4/23 16:12:03
16:12:03.488 @PLT010 系统管理员
16:12:03.488 @PLT011 False
16:12:03.489 @PLT012 25
16:12:03.489 @PLT013 False
16:12:03.492 @PLT001 20180423002
16:12:03.493 @PLT002 20180423001
16:12:03.494 @PLT003 1813
16:12:03.494 @PLT004 61-1.001.03.010
16:12:03.495 @PLT005 1601床架1.8米
16:12:03.495 @PLT006 1960*2050*450
16:12:03.496 @PLT007 2018/4/13 0:00:00
16:12:03.496 @PLT008 
16:12:03.497 @PLT009 2018/4/23 16:12:03
16:12:03.498 @PLT010 系统管理员
16:12:03.498 @PLT011 False
16:12:03.499 @PLT012 150
16:12:03.499 @PLT013 False
16:12:03.502 @PLT001 20180423002
16:12:03.503 @PLT002 20180423001
16:12:03.504 @PLT003 1813
16:12:03.504 @PLT004 61-1.011.01.001
16:12:03.505 @PLT005 1607玄关台
16:12:03.505 @PLT006 1230*430*915
16:12:03.506 @PLT007 2018/4/13 0:00:00
16:12:03.507 @PLT008 
16:12:03.507 @PLT009 2018/4/23 16:12:03
16:12:03.508 @PLT010 系统管理员
16:12:03.508 @PLT011 False
16:12:03.509 @PLT012 20
16:12:03.510 @PLT013 False
16:12:03.512 @PLT001 20180423002
16:12:03.513 @PLT002 20180423001
16:12:03.514 @PLT003 1813
16:12:03.514 @PLT004 61-1.005.12.012
16:12:03.515 @PLT005 1623双人沙发软包架
16:12:03.516 @PLT006 1570*870*520  
16:12:03.516 @PLT007 2018/4/13 0:00:00
16:12:03.517 @PLT008 
16:12:03.517 @PLT009 2018/4/23 16:12:03
16:12:03.519 @PLT010 系统管理员
16:12:03.520 @PLT011 False
16:12:03.521 @PLT012 15
16:12:03.521 @PLT013 False
16:12:03.524 @PLT001 20180423002
16:12:03.525 @PLT002 20180423001
16:12:03.526 @PLT003 1813
16:12:03.527 @PLT004 61-1.005.13.013
16:12:03.527 @PLT005 1625三人沙发软包架
16:12:03.528 @PLT006 1970*805*565
16:12:03.529 @PLT007 2018/4/13 0:00:00
16:12:03.529 @PLT008 
16:12:03.530 @PLT009 2018/4/23 16:12:03
16:12:03.531 @PLT010 系统管理员
16:12:03.531 @PLT011 False
16:12:03.532 @PLT012 20
16:12:03.533 @PLT013 False
16:12:03.535 @PLT001 20180423002
16:12:03.536 @PLT002 20180423001
16:12:03.537 @PLT003 1813
16:12:03.537 @PLT004 61-1.004.02.004
16:12:03.538 @PLT005 1605书写椅
16:12:03.538 @PLT006 580*625*765
16:12:03.539 @PLT007 2018/4/13 0:00:00
16:12:03.540 @PLT008 
16:12:03.540 @PLT009 2018/4/23 16:12:03
16:12:03.541 @PLT010 系统管理员
16:12:03.541 @PLT011 False
16:12:03.542 @PLT012 30
16:12:03.542 @PLT013 False
16:12:03.545 @PLT001 20180423002
16:12:03.546 @PLT002 20180423001
16:12:03.547 @PLT003 1813
16:12:03.548 @PLT004 61-1.005.08.005
16:12:03.548 @PLT005 1607-B贵妃沙发软包左
16:12:03.549 @PLT006 2070*1040*570
16:12:03.550 @PLT007 2018/4/13 0:00:00
16:12:03.550 @PLT008 
16:12:03.551 @PLT009 2018/4/23 16:12:03
16:12:03.551 @PLT010 系统管理员
16:12:03.552 @PLT011 False
16:12:03.552 @PLT012 25
16:12:03.553 @PLT013 False
16:12:03.556 @PLT001 20180423002
16:12:03.557 @PLT002 20180423001
16:12:03.557 @PLT003 1813
16:12:03.558 @PLT004 61-1.005.11.003
16:12:03.559 @PLT005 1622三人沙发
16:12:03.559 @PLT006 2200*980*655
16:12:03.560 @PLT007 2018/4/13 0:00:00
16:12:03.560 @PLT008 
16:12:03.561 @PLT009 2018/4/23 16:12:03
16:12:03.562 @PLT010 系统管理员
16:12:03.562 @PLT011 False
16:12:03.563 @PLT012 30
16:12:03.564 @PLT013 False
16:12:03.566 @PLT001 20180423002
16:12:03.567 @PLT002 20180423001
16:12:03.568 @PLT003 1813
16:12:03.569 @PLT004 61-1.005.08.003
16:12:03.569 @PLT005 1607-B三人沙发软包左
16:12:03.570 @PLT006 2070*1000*570
16:12:03.571 @PLT007 2018/4/13 0:00:00
16:12:03.571 @PLT008 
16:12:03.572 @PLT009 2018/4/23 16:12:03
16:12:03.573 @PLT010 系统管理员
16:12:03.573 @PLT011 False
16:12:03.574 @PLT012 10
16:12:03.575 @PLT013 False
16:12:03.577 @PLT001 20180423002
16:12:03.578 @PLT002 20180423001
16:12:03.579 @PLT003 1813
16:12:03.580 @PLT004 61-1.003.03.010-2
16:12:03.580 @PLT005 1601-C茶桌1.38米（左）
16:12:03.581 @PLT006 1380*730*680
16:12:03.582 @PLT007 2018/4/13 0:00:00
16:12:03.583 @PLT008 
16:12:03.584 @PLT009 2018/4/23 16:12:03
16:12:03.585 @PLT010 系统管理员
16:12:03.586 @PLT011 False
16:12:03.586 @PLT012 20
16:12:03.587 @PLT013 False
16:12:03.590 @PLT001 20180423002
16:12:03.591 @PLT002 20180423001
16:12:03.591 @PLT003 1813
16:12:03.592 @PLT004 61-1.006.01.021
16:12:03.593 @PLT005 1625方茶几
16:12:03.593 @PLT006 800*800*560
16:12:03.594 @PLT007 2018/4/13 0:00:00
16:12:03.594 @PLT008 
16:12:03.595 @PLT009 2018/4/23 16:12:03
16:12:03.596 @PLT010 系统管理员
16:12:03.596 @PLT011 False
16:12:03.597 @PLT012 20
16:12:03.597 @PLT013 False
16:12:03.600 @PLT001 20180423002
16:12:03.601 @PLT002 20180423001
16:12:03.601 @PLT003 1813
16:12:03.602 @PLT004 61-1.003.03.002
16:12:03.603 @PLT005 1602圆桌1.38米
16:12:03.603 @PLT006 φ1380*760
16:12:03.604 @PLT007 2018/4/13 0:00:00
16:12:03.604 @PLT008 面板少做2块(无转盘)，配用仓有配用
16:12:03.605 @PLT009 2018/4/23 16:12:03
16:12:03.605 @PLT010 系统管理员
16:12:03.606 @PLT011 False
16:12:03.607 @PLT012 30
16:12:03.607 @PLT013 False
16:12:03.610 @PLT001 20180423002
16:12:03.611 @PLT002 20180423001
16:12:03.612 @PLT003 1813
16:12:03.613 @PLT004 61-1.002.03.001
16:12:03.614 @PLT005 1603带抽裤架
16:12:03.614 @PLT006 890*480*180
16:12:03.615 @PLT007 2018/4/13 0:00:00
16:12:03.616 @PLT008 
16:12:03.617 @PLT009 2018/4/23 16:12:03
16:12:03.618 @PLT010 系统管理员
16:12:03.619 @PLT011 False
16:12:03.620 @PLT012 60
16:12:03.620 @PLT013 False
16:12:03.624 @PLT001 20180423002
16:12:03.625 @PLT002 20180423001
16:12:03.627 @PLT003 1813
16:12:03.628 @PLT004 61-1.004.01.003
16:12:03.628 @PLT005 1603餐椅
16:12:03.629 @PLT006 460*465*820
16:12:03.630 @PLT007 2018/4/13 0:00:00
16:12:03.630 @PLT008 
16:12:03.631 @PLT009 2018/4/23 16:12:03
16:12:03.632 @PLT010 系统管理员
16:12:03.632 @PLT011 False
16:12:03.633 @PLT012 200
16:12:03.634 @PLT013 False
16:12:03.638 @PLT001 20180423002
16:12:03.639 @PLT002 20180423001
16:12:03.639 @PLT003 1813
16:12:03.640 @PLT004 61-1.001.02.005
16:12:03.640 @PLT005 1603床靠1.8米
16:12:03.641 @PLT006 1910*105*1080
16:12:03.641 @PLT007 2018/4/13 0:00:00
16:12:03.642 @PLT008 
16:12:03.643 @PLT009 2018/4/23 16:12:03
16:12:03.643 @PLT010 系统管理员
16:12:03.644 @PLT011 False
16:12:03.644 @PLT012 60
16:12:03.645 @PLT013 False
16:12:03.648 @PLT001 20180423002
16:12:03.649 @PLT002 20180423001
16:12:03.649 @PLT003 1813
16:12:03.650 @PLT004 61-1.007.01.003
16:12:03.650 @PLT005 1607装饰架-B（玻格）
16:12:03.651 @PLT006 1500*400*1980
16:12:03.652 @PLT007 2018/4/13 0:00:00
16:12:03.652 @PLT008 
16:12:03.653 @PLT009 2018/4/23 16:12:03
16:12:03.653 @PLT010 系统管理员
16:12:03.654 @PLT011 False
16:12:03.655 @PLT012 10
16:12:03.656 @PLT013 False
16:12:03.660 @PST001 1814新增
16:12:03.661 @PST002 62-1.003.03.006
16:12:03.661 @PST030 True
16:12:03.664 @PLT001 20180423002
16:12:03.665 @PLT002 20180423001
16:12:03.665 @PLT003 1813
16:12:03.666 @PLT004 61-1.005.12.002
16:12:03.667 @PLT005 1623双人沙发
16:12:03.667 @PLT006 1660*980*655
16:12:03.668 @PLT007 2018/4/13 0:00:00
16:12:03.669 @PLT008 
16:12:03.669 @PLT009 2018/4/23 16:12:03
16:12:03.670 @PLT010 系统管理员
16:12:03.670 @PLT011 False
16:12:03.671 @PLT012 15
16:12:03.672 @PLT013 False
16:12:03.674 @PLT001 20180423002
16:12:03.675 @PLT002 20180423001
16:12:03.676 @PLT003 1813
16:12:03.676 @PLT004 61-1.002.07.003
16:12:03.677 @PLT005 1603餐具柜
16:12:03.678 @PLT006 1280*480*840
16:12:03.678 @PLT007 2018/4/13 0:00:00
16:12:03.679 @PLT008 
16:12:03.679 @PLT009 2018/4/23 16:12:03
16:12:03.680 @PLT010 系统管理员
16:12:03.681 @PLT011 False
16:12:03.681 @PLT012 40
16:12:03.682 @PLT013 False
16:12:03.685 @PLT001 20180423002
16:12:03.686 @PLT002 20180423001
16:12:03.687 @PLT003 1813
16:12:03.688 @PLT004 61-1.007.04.001
16:12:03.689 @PLT005 1603挂衣架
16:12:03.690 @PLT006 406*465*1800
16:12:03.690 @PLT007 2018/4/13 0:00:00
16:12:03.691 @PLT008 
16:12:03.692 @PLT009 2018/4/23 16:12:03
16:12:03.692 @PLT010 系统管理员
16:12:03.693 @PLT011 False
16:12:03.693 @PLT012 60
16:12:03.694 @PLT013 False
16:12:03.696 @PLT001 20180423002
16:12:03.697 @PLT002 20180423001
16:12:03.698 @PLT003 1813
16:12:03.698 @PLT004 61-1.004.03.002
16:12:03.699 @PLT005 1603休闲椅
16:12:03.700 @PLT006 670*955*740
16:12:03.700 @PLT007 2018/4/13 0:00:00
16:12:03.701 @PLT008 
16:12:03.701 @PLT009 2018/4/23 16:12:03
16:12:03.702 @PLT010 系统管理员
16:12:03.702 @PLT011 False
16:12:03.703 @PLT012 30
16:12:03.703 @PLT013 False
16:12:03.706 @PLT001 20180423002
16:12:03.707 @PLT002 20180423001
16:12:03.708 @PLT003 1813
16:12:03.709 @PLT004 61-1.005.08.001-1
16:12:03.709 @PLT005 1607-B单人沙发框架
16:12:03.710 @PLT006 920*1000*240
16:12:03.710 @PLT007 2018/4/13 0:00:00
16:12:03.711 @PLT008 
16:12:03.711 @PLT009 2018/4/23 16:12:03
16:12:03.712 @PLT010 系统管理员
16:12:03.713 @PLT011 False
16:12:03.713 @PLT012 30
16:12:03.714 @PLT013 False
16:12:03.719 @PLT001 20180423002
16:12:03.720 @PLT002 20180423001
16:12:03.721 @PLT003 1813
16:12:03.721 @PLT004 61-1.002.09.006-8
16:12:03.722 @PLT005 1610-B厅地柜
16:12:03.723 @PLT006 2145*480*510
16:12:03.723 @PLT007 2018/4/13 0:00:00
16:12:03.724 @PLT008 斗面皮芯板少做8套，配用仓有配用
16:12:03.724 @PLT009 2018/4/23 16:12:03
16:12:03.725 @PLT010 系统管理员
16:12:03.726 @PLT011 False
16:12:03.726 @PLT012 10
16:12:03.727 @PLT013 False
16:12:03.730 @PLT001 20180423002
16:12:03.731 @PLT002 20180423001
16:12:03.731 @PLT003 1813
16:12:03.732 @PLT004 61-1.004.03.004
16:12:03.732 @PLT005 1608休闲椅
16:12:03.733 @PLT006 720*775*1000
16:12:03.734 @PLT007 2018/4/13 0:00:00
16:12:03.734 @PLT008 
16:12:03.735 @PLT009 2018/4/23 16:12:03
16:12:03.735 @PLT010 系统管理员
16:12:03.736 @PLT011 False
16:12:03.737 @PLT012 40
16:12:03.738 @PLT013 False
16:12:03.741 @PLT001 20180423002
16:12:03.742 @PLT002 20180423001
16:12:03.742 @PLT003 1813
16:12:03.743 @PLT004 61-1.005.11.012
16:12:03.743 @PLT005 1622双人沙发软包架
16:12:03.744 @PLT006 1685*955*600
16:12:03.744 @PLT007 2018/4/13 0:00:00
16:12:03.745 @PLT008 
16:12:03.745 @PLT009 2018/4/23 16:12:03
16:12:03.746 @PLT010 系统管理员
16:12:03.747 @PLT011 False
16:12:03.747 @PLT012 15
16:12:03.748 @PLT013 False
16:12:03.750 @PLT001 20180423002
16:12:03.751 @PLT002 20180423001
16:12:03.752 @PLT003 1813
16:12:03.752 @PLT004 61-1.002.09.002
16:12:03.753 @PLT005 1603厅地柜
16:12:03.754 @PLT006 2000*480*445
16:12:03.754 @PLT007 2018/4/13 0:00:00
16:12:03.755 @PLT008 
16:12:03.755 @PLT009 2018/4/23 16:12:03
16:12:03.756 @PLT010 系统管理员
16:12:03.756 @PLT011 False
16:12:03.757 @PLT012 100
16:12:03.757 @PLT013 False
16:12:03.760 @PLT001 20180423002
16:12:03.761 @PLT002 20180423001
16:12:03.761 @PLT003 1813
16:12:03.762 @PLT004 61-1.004.02.001
16:12:03.762 @PLT005 1601书写椅
16:12:03.763 @PLT006 550*580*750
16:12:03.764 @PLT007 2018/4/13 0:00:00
16:12:03.764 @PLT008 靠弯档多做3只，补单件售后
16:12:03.765 @PLT009 2018/4/23 16:12:03
16:12:03.765 @PLT010 系统管理员
16:12:03.766 @PLT011 False
16:12:03.766 @PLT012 80
16:12:03.767 @PLT013 False
16:12:03.770 @PLT001 20180423002
16:12:03.771 @PLT002 20180423001
16:12:03.771 @PLT003 1813
16:12:03.772 @PLT004 61-1.007.01.000
16:12:03.772 @PLT005 1605旋转饰品架
16:12:03.773 @PLT006 ф660*1800
16:12:03.773 @PLT007 2018/4/13 0:00:00
16:12:03.774 @PLT008 
16:12:03.775 @PLT009 2018/4/23 16:12:03
16:12:03.775 @PLT010 系统管理员
16:12:03.776 @PLT011 False
16:12:03.776 @PLT012 20
16:12:03.777 @PLT013 False
16:12:03.780 @PLT001 20180423002
16:12:03.781 @PLT002 20180423001
16:12:03.781 @PLT003 1813
16:12:03.782 @PLT004 61-1.002.07.011
16:12:03.782 @PLT005 1610-B餐具柜
16:12:03.783 @PLT006 1680*480*890
16:12:03.784 @PLT007 2018/4/13 0:00:00
16:12:03.784 @PLT008 斗面皮芯板少做12块，配用仓及软包处有配用
16:12:03.785 @PLT009 2018/4/23 16:12:03
16:12:03.786 @PLT010 系统管理员
16:12:03.786 @PLT011 False
16:12:03.787 @PLT012 20
16:12:03.787 @PLT013 False
16:12:17.565 @PST001 1813
16:12:17.566 @PST002 61-1.002.09.002
16:12:17.567 @PST030 False
16:12:17.572 @PST001 1813
16:12:17.573 @PST002 61-1.005.11.002
16:12:17.573 @PST030 False
16:12:17.577 @PST001 1813
16:12:17.578 @PST002 61-1.004.03.002
16:12:17.579 @PST030 False
16:12:17.582 @PST001 1813
16:12:17.583 @PST002 61-1.005.08.004
16:12:17.584 @PST030 False
16:12:17.587 @PST001 1813
16:12:17.588 @PST002 61-1.006.02.001-1
16:12:17.589 @PST030 False
16:12:17.592 @PST001 1813
16:12:17.593 @PST002 61-1.005.12.013
16:12:17.594 @PST030 False
16:12:17.597 @PST001 1813
16:12:17.598 @PST002 61-1.003.03.001-1
16:12:17.599 @PST030 False
16:12:17.603 @PST001 1813
16:12:17.604 @PST002 61-1.005.08.004-1
16:12:17.605 @PST030 False
16:12:17.609 @PST001 1813
16:12:17.610 @PST002 61-1.006.01.001-1
16:12:17.611 @PST030 False
16:12:17.615 @PST001 1813
16:12:17.616 @PST002 61-1.005.08.001-1
16:12:17.617 @PST030 False
16:12:17.621 @PST001 1814新增
16:12:17.622 @PST002 62-1.003.03.002
16:12:17.623 @PST030 False
16:12:17.626 @PST001 1813
16:12:17.628 @PST002 61-1.002.03.001
16:12:17.629 @PST030 False
16:12:17.632 @PST001 1813
16:12:17.633 @PST002 61-1.001.03.010
16:12:17.634 @PST030 False
16:12:17.638 @PST001 1813
16:12:17.639 @PST002 61-1.011.01.001
16:12:17.640 @PST030 False
16:12:17.644 @PST001 1813
16:12:17.645 @PST002 61-1.007.01.003
16:12:17.645 @PST030 False
16:12:17.649 @PST001 1813
16:12:17.650 @PST002 61-1.004.01.001
16:12:17.651 @PST030 False
16:12:17.654 @PST001 1813
16:12:17.655 @PST002 61-1.005.11.013
16:12:17.656 @PST030 False
16:12:17.659 @PST001 1813
16:12:17.660 @PST002 61-1.003.03.001
16:12:17.661 @PST030 False
16:12:17.665 @PST001 1813
16:12:17.666 @PST002 61-1.005.08.001
16:12:17.667 @PST030 False
16:12:17.672 @PST001 1813
16:12:17.673 @PST002 61-1.007.04.001
16:12:17.674 @PST030 False
16:12:17.677 @PST001 1813
16:12:17.678 @PST002 61-1.005.12.003
16:12:17.680 @PST030 False
16:12:17.683 @PST001 1813
16:12:17.684 @PST002 61-1.001.02.005
16:12:17.685 @PST030 False
16:12:17.688 @PST001 1814新增
16:12:17.689 @PST002 62-1.003.03.006
16:12:17.690 @PST030 False
16:12:17.693 @PST001 1813
16:12:17.694 @PST002 61-1.005.08.006
16:12:17.695 @PST030 False
16:12:17.699 @PST001 1813
16:12:17.700 @PST002 61-1.005.08.007
16:12:17.701 @PST030 False
16:12:17.704 @PST001 1813
16:12:17.705 @PST002 61-1.005.08.003
16:12:17.706 @PST030 False
16:12:17.710 @PST001 1813
16:12:17.711 @PST002 61-1.003.03.002
16:12:17.712 @PST030 False
16:12:17.715 @PST001 1813
16:12:17.716 @PST002 61-1.007.01.000
16:12:17.717 @PST030 False
16:12:17.720 @PST001 1813
16:12:17.722 @PST002 61-1.004.01.003
16:12:17.722 @PST030 False
16:12:17.726 @PST001 1813
16:12:17.727 @PST002 61-1.002.09.006-8
16:12:17.728 @PST030 False
16:12:17.731 @PST001 1813
16:12:17.732 @PST002 61-1.005.13.011
16:12:17.733 @PST030 False
16:12:17.736 @PST001 1813
16:12:17.737 @PST002 61-1.006.02.022
16:12:17.738 @PST030 False
16:12:17.741 @PST001 1813
16:12:17.742 @PST002 61-1.004.02.001
16:12:17.743 @PST030 False
16:12:17.746 @PST001 1813
16:12:17.747 @PST002 61-1.004.01.012
16:12:17.748 @PST030 False
16:12:17.751 @PST001 1813
16:12:17.752 @PST002 61-1.003.03.003
16:12:17.753 @PST030 False
16:12:17.756 @PST001 1813
16:12:17.757 @PST002 61-1.004.03.004
16:12:17.758 @PST030 False
16:12:17.763 @PST001 1813
16:12:17.764 @PST002 61-1.005.13.012
16:12:17.765 @PST030 False
16:12:17.770 @PST001 1813
16:12:17.771 @PST002 61-1.004.03.010
16:12:17.775 @PST030 False
16:12:17.780 @PLS001 20180423002
16:12:17.782 @PLS006 2018/4/23 16:12:17
16:12:17.783 @PLS007 系统管理员
16:12:17.784 @PLS009 True
16:12:17.787 @PST001 1813
16:12:17.789 @PST002 61-1.006.01.021
16:12:17.790 @PST030 False
16:12:17.793 @PST001 1813
16:12:17.794 @PST002 61-1.005.12.011
16:12:17.795 @PST030 False
16:12:17.799 @PST001 1813
16:12:17.801 @PST002 61-1.006.02.002
16:12:17.801 @PST030 False
16:12:17.805 @PST001 1813
16:12:17.806 @PST002 61-1.005.12.001
16:12:17.807 @PST030 False
16:12:17.811 @PST001 1813
16:12:17.812 @PST002 61-1.001.02.014
16:12:17.813 @PST030 False
16:12:17.816 @REV001 FormPlanStock
16:12:17.817 @REV002 20180423002
16:12:17.817 @REV003 00001
16:12:17.818 @REV004 2018/4/23 16:12:17
16:12:17.819 @REV005 反审核
16:12:17.819 @REV006 
16:12:17.822 @PST001 1813
16:12:17.823 @PST002 61-1.005.11.012
16:12:17.823 @PST030 False
16:12:17.826 @PST001 1813
16:12:17.827 @PST002 61-1.005.12.002
16:12:17.828 @PST030 False
16:12:17.831 @PST001 1813
16:12:17.832 @PST002 61-1.002.09.008
16:12:17.833 @PST030 False
16:12:17.836 @PST001 1813
16:12:17.837 @PST002 61-1.005.11.001
16:12:17.838 @PST030 False
16:12:17.840 @PST001 1813
16:12:17.841 @PST002 61-1.005.13.013
16:12:17.842 @PST030 False
16:12:17.845 @PST001 1813
16:12:17.846 @PST002 61-1.005.11.011
16:12:17.846 @PST030 False
16:12:17.849 @PST001 1813
16:12:17.850 @PST002 61-1.002.09.004
16:12:17.851 @PST030 False
16:12:17.853 @PST001 1813
16:12:17.854 @PST002 61-1.005.12.012
16:12:17.855 @PST030 False
16:12:17.858 @PST001 1813
16:12:17.859 @PST002 61-1.001.03.011
16:12:17.860 @PST030 False
16:12:17.862 @PST001 1813
16:12:17.863 @PST002 61-1.004.02.003
16:12:17.864 @PST030 False
16:12:17.867 @PST001 1813
16:12:17.868 @PST002 61-1.004.02.004
16:12:17.869 @PST030 False
16:12:17.871 @PST001 1813
16:12:17.872 @PST002 61-1.005.11.003
16:12:17.873 @PST030 False
16:12:17.875 @PST001 1813
16:12:17.876 @PST002 61-1.003.03.010-3
16:12:17.877 @PST030 False
16:12:17.880 @PST001 1813
16:12:17.881 @PST002 61-1.003.03.010-2
16:12:17.882 @PST030 False
16:12:17.885 @PST001 1813
16:12:17.886 @PST002 61-1.002.07.003
16:12:17.887 @PST030 False
16:12:17.889 @PST001 1813
16:12:17.890 @PST002 61-1.002.07.011
16:12:17.891 @PST030 False
16:12:17.894 @PST001 1813
16:12:17.895 @PST002 61-1.005.08.005
16:12:17.896 @PST030 False
16:41:57.955  异常信息：由于连接方在一段时间后没有正确答复或连接的主机没有反应，连接尝试失败。 192.168.1.188:80
  堆栈信息:   在 AutoUpdate.AppUpdate.DownloadFile(String url, String localFilePath) 位置 D:\Project data\MoXia\Carpenter\Carpenter\AppUpdate.cs:行号 242
   在 AutoUpdate.AppUpdate.CheckAppVersion(String& msg) 位置 D:\Project data\MoXia\Carpenter\Carpenter\AppUpdate.cs:行号 310
16:43:44.787 @EMP002 系统管理员
16:43:44.788 @EMP009 cebfd1559b68d67688884d7a3d3e8c
