13:51:39.844  异常信息：由于连接方在一段时间后没有正确答复或连接的主机没有反应，连接尝试失败。 192.168.1.188:80
  堆栈信息:   在 AutoUpdate.AppUpdate.DownloadFile(String url, String localFilePath) 位置 D:\Project data\MoXia\Carpenter\Carpenter\AppUpdate.cs:行号 242
   在 AutoUpdate.AppUpdate.CheckAppVersion(String& msg) 位置 D:\Project data\MoXia\Carpenter\Carpenter\AppUpdate.cs:行号 310
13:51:44.956 @EMP002 系统管理员
13:51:44.957 @EMP009 cebfd1559b68d67688884d7a3d3e8c
13:52:05.908 @PWS001 1000
13:52:05.909 @PWS008 2018/5/7 14:57:07
13:52:05.910 @PWS010 106*394*22
13:52:05.918 @PWS001 1000
13:52:05.919 @PWS008 2018/5/7 15:06:04
13:52:05.920 @PWS010 106*394*22
13:52:05.922 @PWS001 1000
13:52:05.923 @PWS008 2018/5/7 16:07:41
13:52:05.924 @PWS010 106*394*21
13:52:05.925 @PWS001 1000
13:52:05.926 @PWS008 2018/5/7 16:07:41
13:52:05.927 @PWS010 106*394*22
13:52:05.929 @PWS001 1000
13:52:05.930 @PWS008 2018/5/7 16:07:41
13:52:05.930 @PWS010 106*394*23
13:52:05.934 @PWS001 1000
13:52:05.935 @PWS002 阳林
13:52:05.935 @PWS003 1746
13:52:05.936 @PWS004 51-1.002.05.004
13:52:05.936 @PWS005 50号电视柜1.68米
13:52:05.937 @PWS006 1680*480*635
13:52:05.938 @PWS007 20
13:52:05.938 @PWS008 2018/5/7 16:07:41
13:52:05.939 @PWS009 面框竖档
13:52:05.939 @PWS010 106*394*21
13:52:05.940 @PWS011 0047
13:52:05.941 @PWS012 压板
13:52:05.941 @PWS013 
13:52:05.942 @PWS014 301.000000
13:52:05.942 @PWS015 4000.000000
13:52:05.943 @PWS016 0.00
13:52:05.944 @PWS017 0.000877044
13:52:05.944 @PWS018 0.041764
13:52:05.945 @PWS019 0.106
13:52:05.945 @PWS021 40.00
13:52:05.946 @PWS022 0.170000
13:52:05.948 @PWS023 1
13:52:05.949 @PWS024 
13:52:05.949 @PWS025 0
13:52:05.950 @PWS026 0
13:52:05.952 @PWS027 
13:52:05.953 @PWS028 201805
13:52:05.953 @PWS029 0.000000
13:52:05.954 @PWS030 0.000000
13:52:05.954 @PWS031 1.000000
13:52:05.955 @PWS032 18.000000
13:52:05.972 @PWS001 1000
13:52:05.973 @PWS002 阳林
13:52:05.974 @PWS003 1746
13:52:05.975 @PWS004 51-1.002.05.004
13:52:05.975 @PWS005 50号电视柜1.68米
13:52:05.976 @PWS006 1680*480*635
13:52:05.977 @PWS007 20
13:52:05.977 @PWS008 2018/5/7 15:06:04
13:52:05.978 @PWS009 面框竖档
13:52:05.979 @PWS010 106*394*22
13:52:05.980 @PWS011 0047
13:52:05.980 @PWS012 压板
13:52:05.981 @PWS013 
13:52:05.982 @PWS014 0
13:52:05.982 @PWS015 0
13:52:05.983 @PWS016 0.00
13:52:05.984 @PWS017 0.000918808
13:52:05.984 @PWS018 0.041764
13:52:05.985 @PWS019 0.106
13:52:05.985 @PWS021 40.00
13:52:05.986 @PWS022 0
13:52:05.986 @PWS023 2
13:52:05.987 @PWS024 
13:52:05.988 @PWS025 0
13:52:05.988 @PWS026 0
13:52:05.989 @PWS027 
13:52:05.989 @PWS028 201805
13:52:05.990 @PWS029 0
13:52:05.991 @PWS030 0
13:52:05.991 @PWS031 0
13:52:05.992 @PWS032 0
13:52:05.996 @PWS001 1000
13:52:05.997 @PWS002 阳林
13:52:05.998 @PWS003 1746
13:52:05.999 @PWS004 51-1.002.05.004
13:52:05.999 @PWS005 50号电视柜1.68米
13:52:06.000 @PWS006 1680*480*635
13:52:06.001 @PWS007 20
13:52:06.001 @PWS008 2018/5/7 14:57:07
13:52:06.002 @PWS009 面框竖档
13:52:06.002 @PWS010 106*394*22
13:52:06.003 @PWS011 0047
13:52:06.003 @PWS012 压板
13:52:06.004 @PWS013 
13:52:06.005 @PWS014 0
13:52:06.005 @PWS015 0
13:52:06.006 @PWS016 0.00
13:52:06.006 @PWS017 0.000918808
13:52:06.007 @PWS018 0.041764
13:52:06.007 @PWS019 0.106
13:52:06.008 @PWS021 20.00
13:52:06.009 @PWS022 0
13:52:06.009 @PWS023 1
13:52:06.010 @PWS024 
13:52:06.011 @PWS025 0
13:52:06.011 @PWS026 0
13:52:06.012 @PWS027 
13:52:06.013 @PWS028 201805
13:52:06.013 @PWS029 0
13:52:06.014 @PWS030 0
13:52:06.014 @PWS031 0
13:52:06.015 @PWS032 0
13:52:06.019 @PWS001 1000
13:52:06.020 @PWS002 阳林
13:52:06.021 @PWS003 1746
13:52:06.021 @PWS004 51-1.002.05.004
13:52:06.022 @PWS005 50号电视柜1.68米
13:52:06.023 @PWS006 1680*480*635
13:52:06.023 @PWS007 20
13:52:06.024 @PWS008 2018/5/7 16:07:41
13:52:06.024 @PWS009 面框竖档
13:52:06.025 @PWS010 106*394*22
13:52:06.025 @PWS011 0047
13:52:06.026 @PWS012 压板
13:52:06.027 @PWS013 
13:52:06.027 @PWS014 301.000000
13:52:06.028 @PWS015 4000.000000
13:52:06.028 @PWS016 0.00
13:52:06.029 @PWS017 0.000918808
13:52:06.029 @PWS018 0.041764
13:52:06.030 @PWS019 0.106
13:52:06.031 @PWS021 40.00
13:52:06.031 @PWS022 0.170000
13:52:06.032 @PWS023 1
13:52:06.033 @PWS024 
13:52:06.033 @PWS025 0
13:52:06.034 @PWS026 0
13:52:06.034 @PWS027 
13:52:06.035 @PWS028 201805
13:52:06.036 @PWS029 0.000000
13:52:06.036 @PWS030 0.000000
13:52:06.037 @PWS031 1.000000
13:52:06.038 @PWS032 18.000000
13:52:06.041 @PWS001 1000
13:52:06.042 @PWS002 阳林
13:52:06.042 @PWS003 1746
13:52:06.043 @PWS004 51-1.002.05.004
13:52:06.044 @PWS005 50号电视柜1.68米
13:52:06.044 @PWS006 1680*480*635
13:52:06.045 @PWS007 20
13:52:06.045 @PWS008 2018/5/7 16:07:41
13:52:06.046 @PWS009 面框竖档
13:52:06.046 @PWS010 106*394*23
13:52:06.048 @PWS011 0047
13:52:06.048 @PWS012 压板
13:52:06.049 @PWS013 
13:52:06.049 @PWS014 301.000000
13:52:06.050 @PWS015 4000.000000
13:52:06.051 @PWS016 0.00
13:52:06.051 @PWS017 0.000960572
13:52:06.052 @PWS018 0.041764
13:52:06.052 @PWS019 0.106
13:52:06.053 @PWS021 10.00
13:52:06.054 @PWS022 0.170000
13:52:06.054 @PWS023 1
13:52:06.055 @PWS024 
13:52:06.056 @PWS025 0
13:52:06.057 @PWS026 0
13:52:06.057 @PWS027 
13:52:06.058 @PWS028 201805
13:52:06.059 @PWS029 0.000000
13:52:06.059 @PWS030 0.000000
13:52:06.060 @PWS031 1.000000
13:52:06.060 @PWS032 18.000000
13:54:39.789  异常信息：由于连接方在一段时间后没有正确答复或连接的主机没有反应，连接尝试失败。 192.168.1.188:80
  堆栈信息:   在 AutoUpdate.AppUpdate.DownloadFile(String url, String localFilePath) 位置 D:\Project data\MoXia\Carpenter\Carpenter\AppUpdate.cs:行号 242
   在 AutoUpdate.AppUpdate.CheckAppVersion(String& msg) 位置 D:\Project data\MoXia\Carpenter\Carpenter\AppUpdate.cs:行号 310
13:54:44.831 @EMP002 系统管理员
13:54:44.831 @EMP009 cebfd1559b68d67688884d7a3d3e8c
