09:10:48.730  异常信息：由于连接方在一段时间后没有正确答复或连接的主机没有反应，连接尝试失败。 192.168.1.188:80
  堆栈信息:   在 AutoUpdate.AppUpdate.DownloadFile(String url, String localFilePath) 位置 D:\Project data\MoXia\Carpenter\Carpenter\AppUpdate.cs:行号 242
   在 AutoUpdate.AppUpdate.CheckAppVersion(String& msg) 位置 D:\Project data\MoXia\Carpenter\Carpenter\AppUpdate.cs:行号 310
09:12:54.936 @EMP002 系统管理员
09:12:54.937 @EMP009 cebfd1559b68d67688884d7a3d3e8c
09:18:03.900  异常信息：由于连接方在一段时间后没有正确答复或连接的主机没有反应，连接尝试失败。 192.168.1.188:80
  堆栈信息:   在 AutoUpdate.AppUpdate.DownloadFile(String url, String localFilePath) 位置 D:\Project data\MoXia\Carpenter\Carpenter\AppUpdate.cs:行号 242
   在 AutoUpdate.AppUpdate.CheckAppVersion(String& msg) 位置 D:\Project data\MoXia\Carpenter\Carpenter\AppUpdate.cs:行号 310
09:21:39.339 @EMP002 系统管理员
09:21:39.340 @EMP009 cebfd1559b68d67688884d7a3d3e8c
09:22:39.729 @PRD001 101012
09:22:39.730 @PRD002 高频斜面拼板组框机
09:22:39.731 @PRD003 制框
09:22:39.732 @PRD004 1000
09:22:39.733 @PRD005 阳林
09:22:39.734 @PRD006 201805090001
09:22:39.735 @PRD007 1818
09:22:39.736 @PRD008 61-1.003.03.002-2
09:22:39.737 @PRD009 1602圆桌1.58米
09:22:39.737 @PRD010 1580*745（含转盘）
09:22:39.738 @PRD011 底框竖档
09:22:39.739 @PRD012 160.0
09:22:39.740 @PRD013 2018/5/11 9:22:39
09:22:39.741 @PRD014 True
09:22:39.742 @PRD015 15
09:22:39.742 @PRD016 
09:22:39.743 @PRD017 2018/5/11 9:22:39
09:22:39.744 @PRD018 系统管理员
09:22:39.745 @PRD019 0
09:22:39.746 @PRD020 False
09:22:39.747 @PRD021 False
09:22:39.748 @PRD022 
09:22:39.748 @PRD023 1
09:22:39.749 @PRD024 
09:22:39.750 @PRD025 0
09:22:39.751 @PRD026 
09:22:39.752 @PRD027 
09:22:39.753 @PRD028 0
09:22:39.754 @PRD029 0
09:22:39.754 @PRD030 0
09:22:39.755 @PRD031 
09:22:39.756 @PRD032 0049
09:22:39.757 @PRD033 
09:22:39.758 @PRD034 515*按模53*28
09:22:39.759 @PRD035 False
09:22:39.760 @PRD036 515*按模53*28
09:22:39.761 @PRD037 160.0
09:22:39.762 @PRD038 
09:22:39.763 @PRD039 0
09:22:39.764 @PRD040 
09:22:39.764 @PRD041 0
09:22:39.765 @PRD042 10
09:22:44.608 @PRD001 101012
09:22:44.611 @PRD002 高频斜面拼板组框机
09:22:44.613 @PRD003 制框
09:22:44.615 @PRD004 1000
09:22:44.617 @PRD005 阳林
09:22:44.618 @PRD006 201805090001
09:22:44.619 @PRD007 1818
09:22:44.620 @PRD008 61-1.003.03.002-2
09:22:44.621 @PRD009 1602圆桌1.58米
09:22:44.622 @PRD010 1580*745（含转盘）
09:22:44.623 @PRD011 底框竖档
09:22:44.624 @PRD012 160.0
09:22:44.625 @PRD013 2018/5/11 9:22:44
09:22:44.631 @PRD014 False
09:22:44.632 @PRD015 16
09:22:44.633 @PRD016 
09:22:44.634 @PRD017 2018/5/11 9:22:44
09:22:44.635 @PRD018 系统管理员
09:22:44.636 @PRD019 0
09:22:44.637 @PRD020 False
09:22:44.638 @PRD021 False
09:22:44.639 @PRD022 
09:22:44.640 @PRD023 1
09:22:44.641 @PRD024 
09:22:44.642 @PRD025 0
09:22:44.643 @PRD026 
09:22:44.644 @PRD027 
09:22:44.645 @PRD028 0
09:22:44.646 @PRD029 0
09:22:44.647 @PRD030 0
09:22:44.648 @PRD031 
09:22:44.649 @PRD032 0049
09:22:44.650 @PRD033 
09:22:44.651 @PRD034 515*按模53*28
09:22:44.652 @PRD035 True
09:22:44.653 @PRD036 515*按模53*28
09:22:44.655 @PRD037 160.0
09:22:44.656 @PRD038 
09:22:44.657 @PRD039 0
09:22:44.658 @PRD040 
09:22:44.660 @PRD041 0
09:22:44.661 @PRD042 10
