19:32:05.019 对象名 'MOXEMP' 无效。
   在 System.Data.SqlClient.SqlConnection.OnError(SqlException exception, Boolean breakConnection, Action`1 wrapCloseInAction)
   在 System.Data.SqlClient.TdsParser.ThrowExceptionAndWarning(TdsParserStateObject stateObj, Boolean callerHasConnectionLock, Boolean asyncClose)
   在 System.Data.SqlClient.TdsParser.TryRun(RunBehavior runBehavior, SqlCommand cmdHandler, SqlDataReader dataStream, BulkCopySimpleResultSet bulkCopyHandler, TdsParserStateObject stateObj, Boolean& dataReady)
   在 System.Data.SqlClient.SqlDataReader.TryConsumeMetaData()
   在 System.Data.SqlClient.SqlDataReader.get_MetaData()
   在 System.Data.SqlClient.SqlCommand.FinishExecuteReader(SqlDataReader ds, RunBehavior runBehavior, String resetOptionsString, Boolean isInternal, Boolean forDescribeParameterEncryption, Boolean shouldCacheForAlwaysEncrypted)
   在 System.Data.SqlClient.SqlCommand.RunExecuteReaderTds(CommandBehavior cmdBehavior, RunBehavior runBehavior, Boolean returnStream, Boolean async, Int32 timeout, Task& task, Boolean asyncWrite, Boolean inRetry, SqlDataReader ds, Boolean describeParameterEncryptionRequest)
   在 System.Data.SqlClient.SqlCommand.RunExecuteReader(CommandBehavior cmdBehavior, RunBehavior runBehavior, Boolean returnStream, String method, TaskCompletionSource`1 completion, Int32 timeout, Task& task, Boolean& usedCache, Boolean asyncWrite, Boolean inRetry)
   在 System.Data.SqlClient.SqlCommand.RunExecuteReader(CommandBehavior cmdBehavior, RunBehavior runBehavior, Boolean returnStream, String method)
   在 System.Data.SqlClient.SqlCommand.ExecuteReader(CommandBehavior behavior, String method)
   在 System.Data.Common.DbDataAdapter.FillInternal(DataSet dataset, DataTable[] datatables, Int32 startRecord, Int32 maxRecords, String srcTable, IDbCommand command, CommandBehavior behavior)
   在 System.Data.Common.DbDataAdapter.Fill(DataTable[] dataTables, Int32 startRecord, Int32 maxRecords, IDbCommand command, CommandBehavior behavior)
   在 System.Data.Common.DbDataAdapter.Fill(DataTable dataTable)
   在 StudentMgr.SqlHelper.ExecuteDataTable(SqlConnection conn, String cmdText, SqlParameter[] parameters) 位置 D:\ProjectData\MoXia\Project\Carpenter\CarpenterBll\SqlHelper.cs:行号 457
19:32:05.024 SELECT EMP001 FROM MOXEMP WHERE EMP002=@EMP002
19:32:06.378    在 StudentMgr.SqlHelper.ExecuteDataTable(SqlConnection conn, String cmdText, SqlParameter[] parameters) 位置 D:\ProjectData\MoXia\Project\Carpenter\CarpenterBll\SqlHelper.cs:行号 473
   在 StudentMgr.SqlHelper.ExecuteDataTable(String cmdText, SqlParameter[] parameters) 位置 D:\ProjectData\MoXia\Project\Carpenter\CarpenterBll\SqlHelper.cs:行号 295
   在 CarpenterBll.Dao.EmployeeDao.GetUserNum(String username) 位置 D:\ProjectData\MoXia\Project\Carpenter\CarpenterBll\Dao\EmployeeDao.cs:行号 241
   在 CarpenterBll.Bll.EmployeeBll.GetUserNum(String username) 位置 D:\ProjectData\MoXia\Project\Carpenter\CarpenterBll\Bll\EmployeeBll.cs:行号 100
   在 Carpenter.FormLogin.readNum() 位置 D:\ProjectData\MoXia\Project\Carpenter\Carpenter\FormLogin.cs:行号 108
   在 Carpenter.FormLogin.btnOk_Click(Object sender, EventArgs e) 位置 D:\ProjectData\MoXia\Project\Carpenter\Carpenter\FormLogin.cs:行号 69
19:32:22.735 @EMP002 系统管理员
19:32:22.735 @EMP009 d2f278e251d1566edd72846d4ad97f
