08:21:25.512 ExecuteScalar: Connection 属性尚未初始化。
   在 System.Data.SqlClient.SqlCommand.ValidateCommand(String method, Boolean async)
   在 System.Data.SqlClient.SqlCommand.RunExecuteReader(CommandBehavior cmdBehavior, RunBehavior runBehavior, Boolean returnStream, String method, TaskCompletionSource`1 completion, Int32 timeout, Task& task, Boolean& usedCache, Boolean asyncWrite, Boolean inRetry)
   在 System.Data.SqlClient.SqlCommand.RunExecuteReader(CommandBehavior cmdBehavior, RunBehavior runBehavior, Boolean returnStream, String method)
   在 System.Data.SqlClient.SqlCommand.ExecuteScalar()
   在 StudentMgr.SqlHelper.GetSingle(String SQLSting, Object[] parameter) 位置 D:\ProjectData\MoXia\Project\Carpenter\CarpenterBll\SqlHelper.cs:行号 940
   在 StudentMgr.SqlHelper.Exists(String sql, Object[] parameter) 位置 D:\ProjectData\MoXia\Project\Carpenter\CarpenterBll\SqlHelper.cs:行号 982
08:21:25.517 SELECT COUNT(1) COUN FROM MOXEMP WHERE EMP002=@EMP002 AND EMP009=@EMP009 AND EMP008=0
08:22:29.918 ExecuteScalar: Connection 属性尚未初始化。
   在 System.Data.SqlClient.SqlCommand.ValidateCommand(String method, Boolean async)
   在 System.Data.SqlClient.SqlCommand.RunExecuteReader(CommandBehavior cmdBehavior, RunBehavior runBehavior, Boolean returnStream, String method, TaskCompletionSource`1 completion, Int32 timeout, Task& task, Boolean& usedCache, Boolean asyncWrite, Boolean inRetry)
   在 System.Data.SqlClient.SqlCommand.RunExecuteReader(CommandBehavior cmdBehavior, RunBehavior runBehavior, Boolean returnStream, String method)
   在 System.Data.SqlClient.SqlCommand.ExecuteScalar()
   在 StudentMgr.SqlHelper.GetSingle(String SQLSting, Object[] parameter) 位置 D:\ProjectData\MoXia\Project\Carpenter\CarpenterBll\SqlHelper.cs:行号 945
   在 StudentMgr.SqlHelper.Exists(String sql, Object[] parameter) 位置 D:\ProjectData\MoXia\Project\Carpenter\CarpenterBll\SqlHelper.cs:行号 987
08:22:29.923 SELECT COUNT(1) COUN FROM MOXEMP WHERE EMP002=@EMP002 AND EMP009=@EMP009 AND EMP008=0
08:22:30.725    在 StudentMgr.SqlHelper.Exists(String sql, Object[] parameter) 位置 D:\ProjectData\MoXia\Project\Carpenter\CarpenterBll\SqlHelper.cs:行号 998
   在 CarpenterBll.Dao.EmployeeDao.yesOrNoLogin(String userName, String pwdMD5) 位置 D:\ProjectData\MoXia\Project\Carpenter\CarpenterBll\Dao\EmployeeDao.cs:行号 223
   在 CarpenterBll.Bll.EmployeeBll.yesOrNoLogin(String userName, String pwdMD5) 位置 D:\ProjectData\MoXia\Project\Carpenter\CarpenterBll\Bll\EmployeeBll.cs:行号 90
   在 Carpenter.FormLogin.btnOk_Click(Object sender, EventArgs e) 位置 D:\ProjectData\MoXia\Project\Carpenter\Carpenter\FormLogin.cs:行号 84
08:33:16.961 @EMP002 系统管理员
08:33:16.966 @EMP009 cebfd1559b68d67688884d7a3d3e8c
08:33:20.194 @EMP002 系统管理员
08:33:20.195 @EMP009 d2f278e251d1566edd72846d4ad97f
