10:39:11.365  异常信息：由于连接方在一段时间后没有正确答复或连接的主机没有反应，连接尝试失败。 192.168.1.188:80
  堆栈信息:   在 AutoUpdate.AppUpdate.DownloadFile(String url, String localFilePath) 位置 D:\Project data\MoXia\Carpenter\Carpenter\AppUpdate.cs:行号 242
   在 AutoUpdate.AppUpdate.CheckAppVersion(String& msg) 位置 D:\Project data\MoXia\Carpenter\Carpenter\AppUpdate.cs:行号 310
10:44:22.500 @EMP002 系统管理员
10:44:22.501 @EMP009 cebfd1559b68d67688884d7a3d3e8c
10:58:36.193  异常信息：由于连接方在一段时间后没有正确答复或连接的主机没有反应，连接尝试失败。 192.168.1.188:80
  堆栈信息:   在 AutoUpdate.AppUpdate.DownloadFile(String url, String localFilePath) 位置 D:\Project data\MoXia\Carpenter\Carpenter\AppUpdate.cs:行号 242
   在 AutoUpdate.AppUpdate.CheckAppVersion(String& msg) 位置 D:\Project data\MoXia\Carpenter\Carpenter\AppUpdate.cs:行号 310
10:59:52.280 @EMP002 系统管理员
10:59:52.281 @EMP009 cebfd1559b68d67688884d7a3d3e8c
11:02:24.824 @PWF001 20180416001
11:02:24.825 @PWF002 1617
11:02:24.826 @PWF003 56-1.006.01.004
11:02:24.827 @PWF004 655方茶几
11:02:24.827 @PWF005 780*780*590
11:02:24.828 @PWF006 10
11:02:24.828 @PWF007 0
11:02:24.829 @PWF008 0
11:02:24.829 @PWF009 0
11:02:24.830 @PWF010 0
11:02:24.831 @PWF011 0
11:02:24.831 @PWF012 2018/4/16 11:01:46
11:02:24.832 @PWF013 2018/4/16 11:02:05
11:02:24.833 @PWF014 系统管理员
11:02:24.834 @PWF015 False
11:02:24.834 @PWF016 1
11:02:24.835 @PWF017 
11:02:24.866 @PWF001 20180416001
11:02:24.867 @PWF002 1617
11:02:24.867 @PWF003 56-1.006.02.004
11:02:24.868 @PWF004 655长茶几
11:02:24.869 @PWF005 1500*800*440
11:02:24.869 @PWF006 10
11:02:24.870 @PWF007 0
11:02:24.870 @PWF008 0
11:02:24.871 @PWF009 0
11:02:24.872 @PWF010 0
11:02:24.873 @PWF011 0
11:02:24.874 @PWF012 2018/4/16 11:01:46
11:02:24.875 @PWF013 2018/4/16 11:02:05
11:02:24.875 @PWF014 系统管理员
11:02:24.876 @PWF015 False
11:02:24.876 @PWF016 1
11:02:24.877 @PWF017 
11:02:24.883 @PWF001 20180416001
11:02:24.884 @PWF002 1617
11:02:24.885 @PWF003 56-1.004.01.001
11:02:24.885 @PWF004 601餐椅
11:02:24.886 @PWF005 480*530*1025
11:02:24.887 @PWF006 60
11:02:24.887 @PWF007 0
11:02:24.888 @PWF008 0
11:02:24.889 @PWF009 0
11:02:24.890 @PWF010 0
11:02:24.891 @PWF011 0
11:02:24.892 @PWF012 2018/4/16 11:01:46
11:02:24.892 @PWF013 2018/4/16 11:02:05
11:02:24.893 @PWF014 系统管理员
11:02:24.894 @PWF015 False
11:02:24.894 @PWF016 6
11:02:24.895 @PWF017 
11:13:23.357  异常信息：由于连接方在一段时间后没有正确答复或连接的主机没有反应，连接尝试失败。 192.168.1.188:80
  堆栈信息:   在 AutoUpdate.AppUpdate.DownloadFile(String url, String localFilePath) 位置 D:\Project data\MoXia\Carpenter\Carpenter\AppUpdate.cs:行号 242
   在 AutoUpdate.AppUpdate.CheckAppVersion(String& msg) 位置 D:\Project data\MoXia\Carpenter\Carpenter\AppUpdate.cs:行号 310
11:13:27.846 @EMP002 系统管理员
11:13:27.847 @EMP009 cebfd1559b68d67688884d7a3d3e8c
11:26:58.571  异常信息：由于连接方在一段时间后没有正确答复或连接的主机没有反应，连接尝试失败。 192.168.1.188:80
  堆栈信息:   在 AutoUpdate.AppUpdate.DownloadFile(String url, String localFilePath) 位置 D:\Project data\MoXia\Carpenter\Carpenter\AppUpdate.cs:行号 242
   在 AutoUpdate.AppUpdate.CheckAppVersion(String& msg) 位置 D:\Project data\MoXia\Carpenter\Carpenter\AppUpdate.cs:行号 310
11:27:03.464 @EMP002 系统管理员
11:27:03.465 @EMP009 cebfd1559b68d67688884d7a3d3e8c
13:11:28.357  异常信息：由于连接方在一段时间后没有正确答复或连接的主机没有反应，连接尝试失败。 192.168.1.188:80
  堆栈信息:   在 AutoUpdate.AppUpdate.DownloadFile(String url, String localFilePath) 位置 D:\Project data\MoXia\Carpenter\Carpenter\AppUpdate.cs:行号 242
   在 AutoUpdate.AppUpdate.CheckAppVersion(String& msg) 位置 D:\Project data\MoXia\Carpenter\Carpenter\AppUpdate.cs:行号 310
13:13:23.421 @EMP002 系统管理员
13:13:23.422 @EMP009 cebfd1559b68d67688884d7a3d3e8c
13:20:02.357 @DATE 2018/4/13 0:00:00
13:20:02.358 @PDP001 1810
13:20:02.358 @PDP002 61-1.001.02.014
13:24:44.830 @PWD001 20180416009
13:24:44.831 @PWD002 底漆
13:24:44.832 @PWD003 2018/4/16 13:24:37
13:24:44.833 @PWD004 2018/4/17 13:24:37
13:24:44.833 @PWD005 False
13:24:44.834 @PWD006 False
13:24:44.835 @PWD007 2018/4/16 13:24:44
13:24:44.835 @PWD008 系统管理员
13:24:44.836 @PWD009 100.00
13:24:44.837 @PWD010 2018/4/15 0:00:00
13:24:44.841 @PWE001 20180416009
13:24:44.842 @PWE002 完工
13:24:44.842 @PWE003 1810
13:24:44.843 @PWE004 61-1.001.02.014
13:24:44.844 @PWE005 1623床靠1.8米
13:24:44.845 @PWE006 30
13:24:44.845 @PWE007 30
13:24:44.846 @PWE008 
13:24:44.846 @PWE009 2018/4/16 13:24:44
13:24:44.847 @PWE010 系统管理员
13:24:44.848 @PWE011 False
13:24:44.848 @PWE012 False
13:25:06.444 @PWE001 20180416010
13:25:06.444 @PWE002 完工
13:25:06.445 @PWE003 1810
13:25:06.446 @PWE004 61-1.001.02.014
13:25:06.446 @PWE005 1623床靠1.8米
13:25:06.447 @PWE006 30
13:25:06.447 @PWE007 30
13:25:06.448 @PWE008 
13:25:06.449 @PWE009 2018/4/16 13:25:06
13:25:06.449 @PWE010 系统管理员
13:25:06.450 @PWE011 False
13:25:06.450 @PWE012 False
13:25:06.453 @PWD001 20180416010
13:25:06.454 @PWD002 油磨
13:25:06.454 @PWD003 2018/4/16 13:25:03
13:25:06.455 @PWD004 2018/4/17 13:25:03
13:25:06.456 @PWD005 False
13:25:06.456 @PWD006 False
13:25:06.457 @PWD007 2018/4/16 13:25:06
13:25:06.457 @PWD008 系统管理员
13:25:06.458 @PWD009 0
13:25:06.458 @PWD010 
13:25:20.553 @PWD001 20180416011
13:25:20.554 @PWD002 修色
13:25:20.555 @PWD003 2018/4/16 13:25:17
13:25:20.556 @PWD004 2018/4/17 13:25:17
13:25:20.556 @PWD005 False
13:25:20.557 @PWD006 False
13:25:20.558 @PWD007 2018/4/16 13:25:20
13:25:20.558 @PWD008 系统管理员
13:25:20.559 @PWD009 0
13:25:20.559 @PWD010 
13:25:20.570 @PWE001 20180416011
13:25:20.571 @PWE002 完工
13:25:20.572 @PWE003 1810
13:25:20.572 @PWE004 61-1.001.02.014
13:25:20.573 @PWE005 1623床靠1.8米
13:25:20.574 @PWE006 30
13:25:20.574 @PWE007 30
13:25:20.575 @PWE008 
13:25:20.576 @PWE009 2018/4/16 13:25:20
13:25:20.576 @PWE010 系统管理员
13:25:20.577 @PWE011 False
13:25:20.578 @PWE012 False
13:25:33.526 @PWE001 20180416012
13:25:33.527 @PWE002 完工
13:25:33.528 @PWE003 1810
13:25:33.528 @PWE004 61-1.001.02.014
13:25:33.529 @PWE005 1623床靠1.8米
13:25:33.530 @PWE006 30
13:25:33.530 @PWE007 30
13:25:33.531 @PWE008 
13:25:33.531 @PWE009 2018/4/16 13:25:33
13:25:33.532 @PWE010 系统管理员
13:25:33.533 @PWE011 False
13:25:33.533 @PWE012 False
13:25:33.536 @PWD001 20180416012
13:25:33.537 @PWD002 面漆
13:25:33.538 @PWD003 2018/4/16 13:25:30
13:25:33.539 @PWD004 2018/4/17 13:25:30
13:25:33.539 @PWD005 False
13:25:33.540 @PWD006 False
13:25:33.540 @PWD007 2018/4/16 13:25:33
13:25:33.541 @PWD008 系统管理员
13:25:33.541 @PWD009 0
13:25:33.542 @PWD010 
13:25:58.196 @PWD001 20180416013
13:25:58.197 @PWD002 修色
13:25:58.198 @PWD003 2018/4/17 13:25:51
13:25:58.199 @PWD004 2018/4/18 13:25:51
13:25:58.199 @PWD005 False
13:25:58.200 @PWD006 False
13:25:58.200 @PWD007 2018/4/16 13:25:58
13:25:58.201 @PWD008 系统管理员
13:25:58.201 @PWD009 0
13:25:58.202 @PWD010 
13:26:42.707 @PWD001 20180416014
13:26:42.708 @PWD002 修色
13:26:42.708 @PWD003 2018/4/19 13:26:36
13:26:42.709 @PWD004 2018/4/20 13:26:36
13:26:42.709 @PWD005 False
13:26:42.710 @PWD006 False
13:26:42.711 @PWD007 2018/4/16 13:26:42
13:26:42.711 @PWD008 系统管理员
13:26:42.712 @PWD009 0
13:26:42.712 @PWD010 
13:33:40.668  异常信息：由于连接方在一段时间后没有正确答复或连接的主机没有反应，连接尝试失败。 192.168.1.188:80
  堆栈信息:   在 AutoUpdate.AppUpdate.DownloadFile(String url, String localFilePath) 位置 D:\Project data\MoXia\Carpenter\Carpenter\AppUpdate.cs:行号 242
   在 AutoUpdate.AppUpdate.CheckAppVersion(String& msg) 位置 D:\Project data\MoXia\Carpenter\Carpenter\AppUpdate.cs:行号 310
13:36:20.506 @EMP002 系统管理员
13:36:20.507 @EMP009 e51e6c4ea698bc872c5f2e504383ac59
13:36:23.811 @EMP002 系统管理员
13:36:23.811 @EMP009 cebfd1559b68d67688884d7a3d3e8c
13:48:32.696  异常信息：由于连接方在一段时间后没有正确答复或连接的主机没有反应，连接尝试失败。 192.168.1.188:80
  堆栈信息:   在 AutoUpdate.AppUpdate.DownloadFile(String url, String localFilePath) 位置 D:\Project data\MoXia\Carpenter\Carpenter\AppUpdate.cs:行号 242
   在 AutoUpdate.AppUpdate.CheckAppVersion(String& msg) 位置 D:\Project data\MoXia\Carpenter\Carpenter\AppUpdate.cs:行号 310
13:48:36.578 @EMP002 系统管理员
13:48:36.579 @EMP009 cebfd1559b68d67688884d7a3d3e8c
