08:35:57.966  异常信息：由于连接方在一段时间后没有正确答复或连接的主机没有反应，连接尝试失败。 192.168.1.188:80
  堆栈信息:   在 AutoUpdate.AppUpdate.DownloadFile(String url, String localFilePath) 位置 D:\ProjectData\MoXia\Carpenter\Carpenter\AppUpdate.cs:行号 242
   在 AutoUpdate.AppUpdate.CheckAppVersion(String& msg) 位置 D:\ProjectData\MoXia\Carpenter\Carpenter\AppUpdate.cs:行号 310
08:36:02.622 @EMP002 系统管理员
08:36:02.624 @EMP009 d2f278e251d1566edd72846d4ad97f
10:44:07.760  异常信息：由于连接方在一段时间后没有正确答复或连接的主机没有反应，连接尝试失败。 192.168.1.188:80
  堆栈信息:   在 AutoUpdate.AppUpdate.DownloadFile(String url, String localFilePath) 位置 D:\ProjectData\MoXia\Carpenter\Carpenter\AppUpdate.cs:行号 242
   在 AutoUpdate.AppUpdate.CheckAppVersion(String& msg) 位置 D:\ProjectData\MoXia\Carpenter\Carpenter\AppUpdate.cs:行号 310
10:45:03.118 @EMP002 系统管理员
10:45:03.119 @EMP009 cebfd1559b68d67688884d7a3d3e8c
10:45:06.327 @EMP002 系统管理员
10:45:06.330 @EMP009 d2f278e251d1566edd72846d4ad97f
10:49:09.004 @PDK001 20180910001
10:49:09.005 @PDK002 定制1835
10:49:09.006 @PDK003 1835.08.28.017
10:49:09.007 @PDK004 定制黑胡桃层板架
10:49:09.008 @PDK005 850*650*230
10:49:09.009 @PDK006 1
10:49:09.010 @PDK007 1
10:49:09.012 @PDK008 False
10:49:09.013 @PDK012 2018/9/9 10:48:55
10:49:09.014 @PDK013 2018/9/10 10:49:08
10:49:09.015 @PDK014 系统管理员
10:49:09.016 @PDK009 
10:49:09.020 @PDK001 20180910001
10:49:09.021 @PDK002 定制1835
10:49:09.022 @PDK003 1835.08.28.001
10:49:09.023 @PDK004 定制1605三门衣柜小格板
10:49:09.024 @PDK005 浅胡桃
10:49:09.025 @PDK006 2
10:49:09.027 @PDK007 2
10:49:09.028 @PDK008 False
10:49:09.029 @PDK012 2018/9/9 10:48:55
10:49:09.030 @PDK013 2018/9/10 10:49:08
10:49:09.031 @PDK014 系统管理员
10:49:09.032 @PDK009 
10:49:09.035 @PDK001 20180910001
10:49:09.036 @PDK002 定制1835
10:49:09.038 @PDK003 1835.08.28.012
10:49:09.039 @PDK004 定制32号玄关台
10:49:09.040 @PDK005 1200*380*910
10:49:09.041 @PDK006 1
10:49:09.042 @PDK007 1
10:49:09.043 @PDK008 False
10:49:09.044 @PDK012 2018/9/9 10:48:55
10:49:09.045 @PDK013 2018/9/10 10:49:08
10:49:09.046 @PDK014 系统管理员
10:49:09.047 @PDK009 
10:49:09.050 @PDK001 20180910001
10:49:09.051 @PDK002 定制1835
10:49:09.052 @PDK003 1835.08.28.014
10:49:09.053 @PDK004 定制102-AC双人沙发坐垫软包
10:49:09.055 @PDK005 
10:49:09.056 @PDK006 1
10:49:09.057 @PDK007 1
10:49:09.058 @PDK008 False
10:49:09.059 @PDK012 2018/9/9 10:48:55
10:49:09.060 @PDK013 2018/9/10 10:49:08
10:49:09.061 @PDK014 系统管理员
10:49:09.062 @PDK009 
10:49:09.065 @PDK001 20180910001
10:49:09.067 @PDK002 定制1835
10:49:09.068 @PDK003 1835.08.28.006
10:49:09.069 @PDK004 定制12号-C贵妃沙发
10:49:09.070 @PDK005 990*1850*690
10:49:09.071 @PDK006 1
10:49:09.072 @PDK007 1
10:49:09.074 @PDK008 False
10:49:09.075 @PDK012 2018/9/9 10:48:55
10:49:09.076 @PDK013 2018/9/10 10:49:08
10:49:09.077 @PDK014 系统管理员
10:49:09.078 @PDK009 
10:49:09.080 @PDK001 20180910001
10:49:09.082 @PDK002 定制1835
10:49:09.083 @PDK003 1835.08.28.016
10:49:09.084 @PDK004 定制821玄关台-S
10:49:09.085 @PDK005 1500*400*900
10:49:09.086 @PDK006 1
10:49:09.087 @PDK007 1
10:49:09.088 @PDK008 False
10:49:09.090 @PDK012 2018/9/9 10:48:55
10:49:09.091 @PDK013 2018/9/10 10:49:08
10:49:09.093 @PDK014 系统管理员
10:49:09.094 @PDK009 
10:51:13.742  异常信息：由于连接方在一段时间后没有正确答复或连接的主机没有反应，连接尝试失败。 192.168.1.188:80
  堆栈信息:   在 AutoUpdate.AppUpdate.DownloadFile(String url, String localFilePath) 位置 D:\ProjectData\MoXia\Carpenter\Carpenter\AppUpdate.cs:行号 242
   在 AutoUpdate.AppUpdate.CheckAppVersion(String& msg) 位置 D:\ProjectData\MoXia\Carpenter\Carpenter\AppUpdate.cs:行号 310
10:52:34.236 @EMP002 系统管理员
10:52:34.238 @EMP009 d2f278e251d1566edd72846d4ad97f
10:55:36.925  异常信息：由于连接方在一段时间后没有正确答复或连接的主机没有反应，连接尝试失败。 192.168.1.188:80
  堆栈信息:   在 AutoUpdate.AppUpdate.DownloadFile(String url, String localFilePath) 位置 D:\ProjectData\MoXia\Carpenter\Carpenter\AppUpdate.cs:行号 242
   在 AutoUpdate.AppUpdate.CheckAppVersion(String& msg) 位置 D:\ProjectData\MoXia\Carpenter\Carpenter\AppUpdate.cs:行号 310
10:57:57.552 @EMP002 系统管理员
10:57:57.553 @EMP009 bf49eb94c9b8888355970b66c228fcf
10:58:02.263 @EMP002 系统管理员
10:58:02.266 @EMP009 d2f278e251d1566edd72846d4ad97f
11:00:38.186  异常信息：由于连接方在一段时间后没有正确答复或连接的主机没有反应，连接尝试失败。 192.168.1.188:80
  堆栈信息:   在 AutoUpdate.AppUpdate.DownloadFile(String url, String localFilePath) 位置 D:\ProjectData\MoXia\Carpenter\Carpenter\AppUpdate.cs:行号 242
   在 AutoUpdate.AppUpdate.CheckAppVersion(String& msg) 位置 D:\ProjectData\MoXia\Carpenter\Carpenter\AppUpdate.cs:行号 310
11:00:53.672 @EMP002 系统管理员
11:00:53.673 @EMP009 d2f278e251d1566edd72846d4ad97f
11:13:50.118  异常信息：由于连接方在一段时间后没有正确答复或连接的主机没有反应，连接尝试失败。 192.168.1.188:80
  堆栈信息:   在 AutoUpdate.AppUpdate.DownloadFile(String url, String localFilePath) 位置 D:\ProjectData\MoXia\Carpenter\Carpenter\AppUpdate.cs:行号 242
   在 AutoUpdate.AppUpdate.CheckAppVersion(String& msg) 位置 D:\ProjectData\MoXia\Carpenter\Carpenter\AppUpdate.cs:行号 310
11:17:45.750 @EMP002 系统管理员
11:17:45.753 @EMP009 d2f278e251d1566edd72846d4ad97f
11:18:25.538 @PME001 20180910001
11:18:25.539 @PME002 定制1825
11:18:25.540 @PME003 1825.6.20.003
11:18:25.543 @PME004 定制1610-B餐具柜
11:18:25.544 @PME005 
11:18:25.545 @PME006 1
11:18:25.546 @PME007 1
11:18:25.547 @PME008 False
11:18:25.548 @PME012 2018/9/9 11:18:23
11:18:25.550 @PME013 2018/9/10 11:18:25
11:18:25.551 @PME014 系统管理员
11:18:25.552 @PME009 
11:18:25.555 @PME001 20180910001
11:18:25.556 @PME002 定制1825
11:18:25.557 @PME003 1825.6.20.002
11:18:25.558 @PME004 定制1605三门衣柜小格板
11:18:25.560 @PME005 
11:18:25.561 @PME006 1
11:18:25.562 @PME007 1
11:18:25.563 @PME008 False
11:18:25.564 @PME012 2018/9/9 11:18:23
11:18:25.565 @PME013 2018/9/10 11:18:25
11:18:25.566 @PME014 系统管理员
11:18:25.567 @PME009 
11:18:25.569 @PME001 20180910001
11:18:25.570 @PME002 定制1826
11:18:25.571 @PME003 1826.6.29.010
11:18:25.572 @PME004 定制1610梳妆台-B
11:18:25.573 @PME005 
11:18:25.574 @PME006 1
11:18:25.576 @PME007 1
11:18:25.577 @PME008 False
11:18:25.578 @PME012 2018/9/9 11:18:23
11:18:25.579 @PME013 2018/9/10 11:18:25
11:18:25.580 @PME014 系统管理员
11:18:25.581 @PME009 
11:18:25.583 @PME001 20180910001
11:18:25.584 @PME002 定制1826
11:18:25.585 @PME003 1826.6.29.009
11:18:25.586 @PME004 定制1603床头柜
11:18:25.587 @PME005 460*425*455
11:18:25.589 @PME006 2
11:18:25.590 @PME007 2
11:18:25.591 @PME008 False
11:18:25.592 @PME012 2018/9/9 11:18:23
11:18:25.593 @PME013 2018/9/10 11:18:25
11:18:25.594 @PME014 系统管理员
11:18:25.595 @PME009 
11:18:25.597 @PME001 20180910001
11:18:25.598 @PME002 定制1825
11:18:25.599 @PME003 1825.6.20.012
11:18:25.600 @PME004 定制1610梳妆台-B
11:18:25.602 @PME005 
11:18:25.603 @PME006 1
11:18:25.604 @PME007 1
11:18:25.605 @PME008 False
11:18:25.606 @PME012 2018/9/9 11:18:23
11:18:25.607 @PME013 2018/9/10 11:18:25
11:18:25.608 @PME014 系统管理员
11:18:25.609 @PME009 
11:18:25.611 @PME001 20180910001
11:18:25.612 @PME002 定制1825
11:18:25.613 @PME003 1825.6.20.008
11:18:25.614 @PME004 定制1607床头柜
11:18:25.615 @PME005 
11:18:25.616 @PME006 4
11:18:25.617 @PME007 4
11:18:25.618 @PME008 False
11:18:25.619 @PME012 2018/9/9 11:18:23
11:18:25.620 @PME013 2018/9/10 11:18:25
11:18:25.621 @PME014 系统管理员
11:18:25.622 @PME009 
11:19:52.488  异常信息：由于连接方在一段时间后没有正确答复或连接的主机没有反应，连接尝试失败。 192.168.1.188:80
  堆栈信息:   在 AutoUpdate.AppUpdate.DownloadFile(String url, String localFilePath) 位置 D:\ProjectData\MoXia\Carpenter\Carpenter\AppUpdate.cs:行号 242
   在 AutoUpdate.AppUpdate.CheckAppVersion(String& msg) 位置 D:\ProjectData\MoXia\Carpenter\Carpenter\AppUpdate.cs:行号 310
11:23:13.571 @EMP002 系统管理员
11:23:13.573 @EMP009 d2f278e251d1566edd72846d4ad97f
11:36:08.356  异常信息：由于连接方在一段时间后没有正确答复或连接的主机没有反应，连接尝试失败。 192.168.1.188:80
  堆栈信息:   在 AutoUpdate.AppUpdate.DownloadFile(String url, String localFilePath) 位置 D:\ProjectData\MoXia\Carpenter\Carpenter\AppUpdate.cs:行号 242
   在 AutoUpdate.AppUpdate.CheckAppVersion(String& msg) 位置 D:\ProjectData\MoXia\Carpenter\Carpenter\AppUpdate.cs:行号 310
11:36:14.326 @EMP002 系统管理员
11:36:14.327 @EMP009 d2f278e251d1566edd72846d4ad97f
13:35:59.928  异常信息：由于连接方在一段时间后没有正确答复或连接的主机没有反应，连接尝试失败。 192.168.1.188:80
  堆栈信息:   在 AutoUpdate.AppUpdate.DownloadFile(String url, String localFilePath) 位置 D:\ProjectData\MoXia\Carpenter\Carpenter\AppUpdate.cs:行号 242
   在 AutoUpdate.AppUpdate.CheckAppVersion(String& msg) 位置 D:\ProjectData\MoXia\Carpenter\Carpenter\AppUpdate.cs:行号 310
13:36:09.947 @EMP002 系统管理员
13:36:09.949 @EMP009 cebfd1559b68d67688884d7a3d3e8c
13:36:11.620 @EMP002 系统管理员
13:36:11.623 @EMP009 d2f278e251d1566edd72846d4ad97f
13:37:00.384 @PDW001 20180910001
13:37:00.386 @PDW002 定制1835
13:37:00.388 @PDW003 1835.08.28.001
13:37:00.389 @PDW004 定制1605三门衣柜小格板
13:37:00.390 @PDW005 浅胡桃
13:37:00.392 @PDW006 2
13:37:00.393 @PDW007 2
13:37:00.394 @PDW008 0
13:37:00.395 @PDW009 0
13:37:00.396 @PDW010 0
13:37:00.398 @PDW011 0
13:37:00.399 @PDW012 2018/9/9 13:36:57
13:37:00.400 @PDW013 2018/9/10 13:37:00
13:37:00.401 @PDW014 系统管理员
13:37:00.402 @PDW015 False
13:37:00.403 @PDW016 
13:37:00.405 @PDW017 
13:37:00.409 @PDW001 20180910001
13:37:00.411 @PDW002 定制1835
13:37:00.412 @PDW003 1835.08.28.014
13:37:00.413 @PDW004 定制102-AC双人沙发坐垫软包
13:37:00.414 @PDW005 
13:37:00.415 @PDW006 1
13:37:00.416 @PDW007 1
13:37:00.417 @PDW008 0
13:37:00.418 @PDW009 0
13:37:00.419 @PDW010 0
13:37:00.421 @PDW011 0
13:37:00.422 @PDW012 2018/9/9 13:36:57
13:37:00.424 @PDW013 2018/9/10 13:37:00
13:37:00.425 @PDW014 系统管理员
13:37:00.426 @PDW015 False
13:37:00.427 @PDW016 
13:37:00.428 @PDW017 
13:40:53.841 @PST001 定制1835
13:40:53.843 @PST002 1835.08.28.016
13:40:53.845 @PST016 
13:40:53.854 @PST001 定制1835
13:40:53.856 @PST002 1835.08.28.014
13:40:53.857 @PST016 
13:40:53.859 @PLT003 定制1835
13:40:53.861 @PLT004 1835.08.28.012
13:40:53.863 @PLT013 False
13:40:53.864 @PLT011 
13:40:53.872 @PLT003 定制1835
13:40:53.873 @PLT004 1835.08.28.006
13:40:53.874 @PLT013 False
13:40:53.875 @PLT011 
13:40:53.879 @PST001 定制1835
13:40:53.880 @PST002 1835.08.28.017
13:40:53.881 @PST016 
13:40:53.883 @PST001 定制1835
13:40:53.885 @PST002 1835.08.28.006
13:40:53.886 @PST016 
13:40:53.888 @PST001 定制1835
13:40:53.889 @PST002 1835.08.28.012
13:40:53.893 @PST016 
13:40:53.896 @PLT003 定制1835
13:40:53.897 @PLT004 1835.08.28.016
13:40:53.898 @PLT013 False
13:40:53.900 @PLT011 
13:40:53.910 @PLT003 定制1835
13:40:53.912 @PLT004 1835.08.28.017
13:40:53.913 @PLT013 False
13:40:53.914 @PLT011 
13:40:53.918 @PLT003 定制1835
13:40:53.919 @PLT004 1835.08.28.001
13:40:53.920 @PLT013 False
13:40:53.922 @PLT011 
13:40:53.927 @PLT003 定制1835
13:40:53.928 @PLT004 1835.08.28.014
13:40:53.929 @PLT013 False
13:40:53.930 @PLT011 
13:40:53.935 @PST001 定制1835
13:40:53.937 @PST002 1835.08.28.001
13:40:53.938 @PST016 
14:25:18.336  异常信息：由于连接方在一段时间后没有正确答复或连接的主机没有反应，连接尝试失败。 192.168.1.188:80
  堆栈信息:   在 AutoUpdate.AppUpdate.DownloadFile(String url, String localFilePath) 位置 D:\ProjectData\MoXia\Carpenter\Carpenter\AppUpdate.cs:行号 242
   在 AutoUpdate.AppUpdate.CheckAppVersion(String& msg) 位置 D:\ProjectData\MoXia\Carpenter\Carpenter\AppUpdate.cs:行号 310
14:25:24.311 @EMP002 系统管理员
14:25:24.313 @EMP009 d2f278e251d1566edd72846d4ad97f
14:28:08.165  异常信息：由于连接方在一段时间后没有正确答复或连接的主机没有反应，连接尝试失败。 192.168.1.188:80
  堆栈信息:   在 AutoUpdate.AppUpdate.DownloadFile(String url, String localFilePath) 位置 D:\ProjectData\MoXia\Carpenter\Carpenter\AppUpdate.cs:行号 242
   在 AutoUpdate.AppUpdate.CheckAppVersion(String& msg) 位置 D:\ProjectData\MoXia\Carpenter\Carpenter\AppUpdate.cs:行号 310
14:30:33.773 @EMP002 系统管理员
14:30:33.774 @EMP009 d2f278e251d1566edd72846d4ad97f
14:31:26.663 @PST001 定制1835
14:31:26.664 @PST002 1835.08.28.001
14:31:26.666 @PST016 2018/9/9 14:31:22
14:31:26.668 @PDK001 20180910001
14:31:26.670 @PDK002 定制1835
14:31:26.671 @PDK003 1835.08.28.014
14:31:26.673 @PDK004 定制102-AC双人沙发坐垫软包
14:31:26.674 @PDK005 
14:31:26.675 @PDK006 1
14:31:26.676 @PDK007 1
14:31:26.677 @PDK008 False
14:31:26.678 @PDK012 2018/9/9 14:31:22
14:31:26.679 @PDK013 2018/9/10 14:31:26
14:31:26.680 @PDK014 系统管理员
14:31:26.681 @PDK009 
14:31:26.684 @PDK001 20180910001
14:31:26.685 @PDK002 定制1835
14:31:26.686 @PDK003 1835.08.28.001
14:31:26.687 @PDK004 定制1605三门衣柜小格板
14:31:26.688 @PDK005 浅胡桃
14:31:26.689 @PDK006 2
14:31:26.690 @PDK007 2
14:31:26.691 @PDK008 False
14:31:26.692 @PDK012 2018/9/9 14:31:22
14:31:26.693 @PDK013 2018/9/10 14:31:26
14:31:26.694 @PDK014 系统管理员
14:31:26.695 @PDK009 
14:31:26.698 @PST001 定制1835
14:31:26.699 @PST002 1835.08.28.016
14:31:26.701 @PST016 2018/9/9 14:31:22
14:31:26.703 @PDK001 20180910001
14:31:26.704 @PDK002 定制1835
14:31:26.706 @PDK003 1835.08.28.012
14:31:26.707 @PDK004 定制32号玄关台
14:31:26.708 @PDK005 1200*380*910
14:31:26.709 @PDK006 1
14:31:26.710 @PDK007 1
14:31:26.711 @PDK008 False
14:31:26.712 @PDK012 2018/9/9 14:31:22
14:31:26.713 @PDK013 2018/9/10 14:31:26
14:31:26.714 @PDK014 系统管理员
14:31:26.715 @PDK009 
14:31:26.717 @PDK001 20180910001
14:31:26.719 @PDK002 定制1835
14:31:26.720 @PDK003 1835.08.28.017
14:31:26.721 @PDK004 定制黑胡桃层板架
14:31:26.722 @PDK005 850*650*230
14:31:26.723 @PDK006 1
14:31:26.724 @PDK007 1
14:31:26.725 @PDK008 False
14:31:26.726 @PDK012 2018/9/9 14:31:22
14:31:26.727 @PDK013 2018/9/10 14:31:26
14:31:26.728 @PDK014 系统管理员
14:31:26.730 @PDK009 
14:31:26.732 @PDK001 20180910001
14:31:26.733 @PDK002 定制1835
14:31:26.734 @PDK003 1835.08.28.006
14:31:26.735 @PDK004 定制12号-C贵妃沙发
14:31:26.736 @PDK005 990*1850*690
14:31:26.737 @PDK006 1
14:31:26.738 @PDK007 1
14:31:26.739 @PDK008 False
14:31:26.741 @PDK012 2018/9/9 14:31:22
14:31:26.742 @PDK013 2018/9/10 14:31:26
14:31:26.743 @PDK014 系统管理员
14:31:26.744 @PDK009 
14:31:26.746 @PDK001 20180910001
14:31:26.747 @PDK002 定制1835
14:31:26.748 @PDK003 1835.08.28.016
14:31:26.749 @PDK004 定制821玄关台-S
14:31:26.750 @PDK005 1500*400*900
14:31:26.752 @PDK006 1
14:31:26.753 @PDK007 1
14:31:26.754 @PDK008 False
14:31:26.755 @PDK012 2018/9/9 14:31:22
14:31:26.756 @PDK013 2018/9/10 14:31:26
14:31:26.757 @PDK014 系统管理员
14:31:26.759 @PDK009 
14:31:26.761 @PST001 定制1835
14:31:26.762 @PST002 1835.08.28.006
14:31:26.763 @PST016 2018/9/9 14:31:22
14:31:26.766 @PST001 定制1835
14:31:26.768 @PST002 1835.08.28.014
14:31:26.769 @PST016 2018/9/9 14:31:22
14:31:26.772 @PST001 定制1835
14:31:26.773 @PST002 1835.08.28.012
14:31:26.774 @PST016 2018/9/9 14:31:22
14:31:26.776 @PST001 定制1835
14:31:26.778 @PST002 1835.08.28.017
14:31:26.779 @PST016 2018/9/9 14:31:22
14:47:55.959  异常信息：由于连接方在一段时间后没有正确答复或连接的主机没有反应，连接尝试失败。 192.168.1.188:80
  堆栈信息:   在 AutoUpdate.AppUpdate.DownloadFile(String url, String localFilePath) 位置 D:\ProjectData\MoXia\Carpenter\Carpenter\AppUpdate.cs:行号 242
   在 AutoUpdate.AppUpdate.CheckAppVersion(String& msg) 位置 D:\ProjectData\MoXia\Carpenter\Carpenter\AppUpdate.cs:行号 310
14:48:03.791 @EMP002 系统管理员
14:48:03.792 @EMP009 d2f278e251d1566edd72846d4ad97f
14:49:32.932 @PME001 20180910001
14:49:32.934 @PME002 定制1835
14:49:32.935 @PME003 1835.08.28.011
14:49:32.936 @PME004 定制1605六斗电视柜
14:49:32.937 @PME005 2000*500*900
14:49:32.938 @PME006 1
14:49:32.939 @PME007 1
14:49:32.940 @PME008 False
14:49:32.941 @PME012 2018/9/9 14:49:31
14:49:32.942 @PME013 2018/9/10 14:49:32
14:49:32.944 @PME014 系统管理员
14:49:32.945 @PME009 
14:49:32.949 @PME001 20180910001
14:49:32.951 @PME002 定制1835
14:49:32.952 @PME003 1835.08.28.008
14:49:32.953 @PME004 定制1602三门衣柜
14:49:32.954 @PME005 1390*610*2180
14:49:32.955 @PME006 1
14:49:32.956 @PME007 1
14:49:32.958 @PME008 False
14:49:32.959 @PME012 2018/9/9 14:49:31
14:49:32.960 @PME013 2018/9/10 14:49:32
14:49:32.961 @PME014 系统管理员
14:49:32.962 @PME009 
14:49:32.964 @PME001 20180910001
14:49:32.965 @PME002 定制1835
14:49:32.967 @PME003 1835.08.28.009
14:49:32.968 @PME004 定制1610中双无门书柜
14:49:32.969 @PME005 820*400*2100
14:49:32.970 @PME006 1
14:49:32.971 @PME007 1
14:49:32.972 @PME008 False
14:49:32.973 @PME012 2018/9/9 14:49:31
14:49:32.974 @PME013 2018/9/10 14:49:32
14:49:32.975 @PME014 系统管理员
14:49:32.978 @PME009 
14:49:32.981 @PME001 20180910001
14:49:32.982 @PME002 定制1835
14:49:32.983 @PME003 1835.08.28.007
14:49:32.984 @PME004 定制脚垫块
14:49:32.986 @PME005 75*47*40
14:49:32.987 @PME006 4
14:49:32.988 @PME007 4
14:49:32.989 @PME008 False
14:49:32.990 @PME012 2018/9/9 14:49:31
14:49:32.991 @PME013 2018/9/10 14:49:32
14:49:32.992 @PME014 系统管理员
14:49:32.993 @PME009 
14:49:32.995 @PME001 20180910001
14:49:32.997 @PME002 定制1835
14:49:32.998 @PME003 1835.08.28.010
14:49:32.999 @PME004 定制1610鞋柜
14:49:33.000 @PME005 1200*450*900
14:49:33.001 @PME006 1
14:49:33.002 @PME007 1
14:49:33.003 @PME008 False
14:49:33.004 @PME012 2018/9/9 14:49:31
14:49:33.005 @PME013 2018/9/10 14:49:32
14:49:33.006 @PME014 系统管理员
14:49:33.007 @PME009 
14:49:33.010 @PME001 20180910001
14:49:33.011 @PME002 定制1835
14:49:33.013 @PME003 1835.08.28.004
14:49:33.014 @PME004 定制1603书柜边格板
14:49:33.015 @PME005 
14:49:33.016 @PME006 1
14:49:33.017 @PME007 1
14:49:33.019 @PME008 False
14:49:33.020 @PME012 2018/9/9 14:49:31
14:49:33.021 @PME013 2018/9/10 14:49:32
14:49:33.022 @PME014 系统管理员
14:49:33.023 @PME009 
14:49:54.495 @PMY001 20180910001
14:49:54.497 @PMY002 定制1835
14:49:54.498 @PMY003 1835.08.28.009
14:49:54.499 @PMY004 定制1610中双无门书柜
14:49:54.500 @PMY005 820*400*2100
14:49:54.501 @PMY006 1
14:49:54.503 @PMY007 0
14:49:54.504 @PMY008 1
14:49:54.505 @PMY009 0
14:49:54.506 @PMY012 2018/9/9 0:00:00
14:49:54.507 @PMY013 2018/9/10 14:49:54
14:49:54.508 @PMY014 系统管理员
14:49:54.509 @PMY015 False
14:49:54.510 @PMY016 
14:49:54.511 @PMY017 
14:49:54.515 @PMY001 20180910001
14:49:54.516 @PMY002 定制1835
14:49:54.518 @PMY003 1835.08.28.008
14:49:54.519 @PMY004 定制1602三门衣柜
14:49:54.520 @PMY005 1390*610*2180
14:49:54.521 @PMY006 1
14:49:54.522 @PMY007 0
14:49:54.523 @PMY008 1
14:49:54.524 @PMY009 0
14:49:54.525 @PMY012 2018/9/9 0:00:00
14:49:54.526 @PMY013 2018/9/10 14:49:54
14:49:54.528 @PMY014 系统管理员
14:49:54.529 @PMY015 False
14:49:54.530 @PMY016 
14:49:54.531 @PMY017 
14:49:54.537 @PMY001 20180910001
14:49:54.539 @PMY002 定制1835
14:49:54.540 @PMY003 1835.08.28.007
14:49:54.541 @PMY004 定制脚垫块
14:49:54.542 @PMY005 75*47*40
14:49:54.543 @PMY006 4
14:49:54.545 @PMY007 0
14:49:54.546 @PMY008 4
14:49:54.547 @PMY009 0
14:49:54.548 @PMY012 2018/9/9 0:00:00
14:49:54.549 @PMY013 2018/9/10 14:49:54
14:49:54.550 @PMY014 系统管理员
14:49:54.551 @PMY015 False
14:49:54.553 @PMY016 
14:49:54.554 @PMY017 
14:49:54.556 @PMY001 20180910001
14:49:54.557 @PMY002 定制1835
14:49:54.559 @PMY003 1835.08.28.010
14:49:54.560 @PMY004 定制1610鞋柜
14:49:54.561 @PMY005 1200*450*900
14:49:54.563 @PMY006 1
14:49:54.564 @PMY007 0
14:49:54.565 @PMY008 1
14:49:54.566 @PMY009 0
14:49:54.567 @PMY012 2018/9/9 0:00:00
14:49:54.568 @PMY013 2018/9/10 14:49:54
14:49:54.569 @PMY014 系统管理员
14:49:54.570 @PMY015 False
14:49:54.572 @PMY016 
14:49:54.573 @PMY017 
14:49:54.577 @PMY001 20180910001
14:49:54.578 @PMY002 定制1835
14:49:54.579 @PMY003 1835.08.28.011
14:49:54.581 @PMY004 定制1605六斗电视柜
14:49:54.582 @PMY005 2000*500*900
14:49:54.583 @PMY006 1
14:49:54.584 @PMY007 0
14:49:54.585 @PMY008 1
14:49:54.586 @PMY009 0
14:49:54.587 @PMY012 2018/9/9 0:00:00
14:49:54.588 @PMY013 2018/9/10 14:49:54
14:49:54.589 @PMY014 系统管理员
14:49:54.590 @PMY015 False
14:49:54.591 @PMY016 
14:49:54.593 @PMY017 
14:49:54.595 @PMY001 20180910001
14:49:54.596 @PMY002 定制1835
14:49:54.597 @PMY003 1835.08.28.004
14:49:54.598 @PMY004 定制1603书柜边格板
14:49:54.600 @PMY005 
14:49:54.601 @PMY006 1
14:49:54.602 @PMY007 0
14:49:54.603 @PMY008 1
14:49:54.604 @PMY009 0
14:49:54.605 @PMY012 2018/9/9 0:00:00
14:49:54.607 @PMY013 2018/9/10 14:49:54
14:49:54.608 @PMY014 系统管理员
14:49:54.609 @PMY015 False
14:49:54.610 @PMY016 
14:49:54.612 @PMY017 
