08:15:47.072  异常信息：由于连接方在一段时间后没有正确答复或连接的主机没有反应，连接尝试失败。 192.168.1.188:80
  堆栈信息:   在 AutoUpdate.AppUpdate.DownloadFile(String url, String localFilePath) 位置 D:\ProjectData\MoXia\Carpenter\Carpenter\AppUpdate.cs:行号 242
   在 AutoUpdate.AppUpdate.CheckAppVersion(String& msg) 位置 D:\ProjectData\MoXia\Carpenter\Carpenter\AppUpdate.cs:行号 310
08:18:52.298 @EMP002 系统管理员
08:18:52.299 @EMP009 cebfd1559b68d67688884d7a3d3e8c
08:18:53.461 @EMP002 系统管理员
08:18:53.464 @EMP009 d2f278e251d1566edd72846d4ad97f
08:19:04.773 @EPA001 201807
08:19:04.774 @EPA002 底得宝HX-30
08:19:04.776 @EPA006 75.248500
08:19:04.781 @EPA001 201807
08:19:04.782 @EPA002 HX-9029-3水性面漆
08:19:04.783 @EPA006 27.875000
08:19:04.786 @EPA001 201807
08:19:04.787 @EPA002 高光518固化剂
08:19:04.788 @EPA006 948.510986
08:19:04.792 @EPA001 201807
08:19:04.793 @EPA002 大宝稀释剂
08:19:04.794 @EPA006 22.299840
08:19:04.797 @EPA001 201807
08:19:04.798 @EPA002 HX-15修色金油
08:19:04.799 @EPA006 990.026508
08:19:04.801 @EPA001 201807
08:19:04.803 @EPA002 907-2面漆
08:19:04.804 @EPA006 1274.315900
08:19:04.807 @EPA001 201807
08:19:04.808 @EPA002 HX-8207水性底漆
08:19:04.809 @EPA006 2166.772500
08:19:04.812 @EPA001 201807
08:19:04.813 @EPA002 HX-T底用稀释剂
08:19:04.814 @EPA006 4471.490944
08:19:04.816 @EPA001 201807
08:19:04.818 @EPA002 500固化剂
08:19:04.819 @EPA006 121.542250
08:19:04.821 @EPA001 201807
08:19:04.822 @EPA002 松香水
08:19:04.823 @EPA006 0.389200
08:19:04.826 @EPA001 201807
08:19:04.828 @EPA002 HX-502水性修色漆
08:19:04.829 @EPA006 536.712800
08:19:04.831 @EPA001 201807
08:19:04.833 @EPA002 HX803修色稀释剂
08:19:04.834 @EPA006 2970.079524
08:19:04.836 @EPA001 201807
08:19:04.837 @EPA002 63YA6面漆
08:19:04.838 @EPA006 37.166400
08:19:04.840 @EPA001 201807
08:19:04.841 @EPA002 底得宝固化剂533
08:19:04.842 @EPA006 22.539800
08:19:04.845 @EPA001 201807
08:19:04.846 @EPA002 HX-G擦色基料
08:19:04.847 @EPA006 241.045700
08:19:04.849 @EPA001 201807
08:19:04.850 @EPA002 HX17-3固化剂
08:19:04.851 @EPA006 180.290269
08:19:04.853 @EPA001 201807
08:19:04.855 @EPA002 HX-T固化剂
08:19:04.856 @EPA006 1173.800755
08:19:04.858 @EPA001 201807
08:19:04.859 @EPA002 HX-906水性封闭底漆
08:19:04.860 @EPA006 961.552500
08:19:04.862 @EPA001 201807
08:19:04.864 @EPA002 907-2固化剂 
08:19:04.865 @EPA006 263.014440
08:19:04.868 @EPA001 201807
08:19:04.869 @EPA002 HX-9029-2水性面漆
08:19:04.870 @EPA006 759.986000
08:19:04.872 @EPA001 201807
08:19:04.874 @EPA002 63YB固化剂
08:19:04.875 @EPA006 18.583200
08:19:04.877 @EPA001 201807
08:19:04.879 @EPA002 838面用稀释剂
08:19:04.880 @EPA006 1156.802505
08:19:04.882 @EPA001 201807
08:19:04.883 @EPA002 HX17-3面漆
08:19:04.884 @EPA006 360.580536
08:19:04.886 @EPA001 201807
08:19:04.887 @EPA002 HX-T底漆
08:19:04.888 @EPA006 2347.601510
08:19:04.890 @EPA001 201807
08:19:04.892 @EPA002 调好格丽斯
08:19:04.893 @EPA006 15.377609
08:19:04.896 @EPA001 201807
08:19:04.897 @EPA002 HX-8208水性面漆
08:19:04.898 @EPA006 902.179000
08:19:04.901 @EPA001 201807
08:19:04.903 @EPA002 3958底漆
08:19:04.904 @EPA006 243.084500
08:21:34.952  异常信息：由于连接方在一段时间后没有正确答复或连接的主机没有反应，连接尝试失败。 192.168.1.188:80
  堆栈信息:   在 AutoUpdate.AppUpdate.DownloadFile(String url, String localFilePath) 位置 D:\ProjectData\MoXia\Carpenter\Carpenter\AppUpdate.cs:行号 242
   在 AutoUpdate.AppUpdate.CheckAppVersion(String& msg) 位置 D:\ProjectData\MoXia\Carpenter\Carpenter\AppUpdate.cs:行号 310
08:22:48.582 @EMP002 系统管理员
08:22:48.583 @EMP009 d2f278e251d1566edd72846d4ad97f
08:23:00.678 @EPA001 201808
08:23:00.679 @EPA002 3958底漆
08:23:00.681 @EPA008 2
08:23:00.682 @EPA003 1
08:23:00.687 @EPA001 201808
08:23:00.689 @EPA002 63YA6面漆
08:23:00.690 @EPA008 7
08:23:00.691 @EPA003 5
08:23:00.801 @EPA001 201808
08:23:00.802 @EPA002 调好格丽斯
08:23:00.804 @EPA006 1.272495
08:23:00.807 @EPA001 201808
08:23:00.809 @EPA002 838面用稀释剂
08:23:00.810 @EPA006 50.763860
08:23:00.812 @EPA001 201808
08:23:00.813 @EPA002 HX17-3面漆
08:23:00.815 @EPA006 10.720000
08:23:00.817 @EPA001 201808
08:23:00.818 @EPA002 HX803修色稀释剂
08:23:00.819 @EPA006 113.229600
08:23:00.822 @EPA001 201808
08:23:00.823 @EPA002 HX-T固化剂
08:23:00.825 @EPA006 102.239980
08:23:00.827 @EPA001 201808
08:23:00.828 @EPA002 907-2面漆
08:23:00.830 @EPA006 61.799800
08:23:00.832 @EPA001 201808
08:23:00.833 @EPA002 3958底漆
08:23:00.834 @EPA006 64.190000
08:23:00.837 @EPA001 201808
08:23:00.838 @EPA002 HX-9029-2水性面漆
08:23:00.839 @EPA006 31.080000
08:23:00.841 @EPA001 201808
08:23:00.842 @EPA002 HX-502水性修色漆
08:23:00.843 @EPA006 0.000000
08:23:00.845 @EPA001 201808
08:23:00.847 @EPA002 高光518固化剂
08:23:00.848 @EPA006 34.854560
08:23:00.850 @EPA001 201808
08:23:00.851 @EPA002 HX-8207水性底漆
08:23:00.852 @EPA006 323.557000
08:23:00.854 @EPA001 201808
08:23:00.855 @EPA002 500固化剂
08:23:00.857 @EPA006 32.095000
08:23:00.859 @EPA001 201808
08:23:00.860 @EPA002 底得宝HX-30
08:23:00.861 @EPA006 6.347500
08:23:00.863 @EPA001 201808
08:23:00.864 @EPA002 HX17-3固化剂
08:23:00.865 @EPA006 5.360000
08:23:00.867 @EPA001 201808
08:23:00.869 @EPA002 松香水
08:23:00.870 @EPA006 7.109200
08:23:00.872 @EPA001 201808
08:23:00.873 @EPA002 HX-T底漆
08:23:00.874 @EPA006 204.479960
08:23:00.877 @EPA001 201808
08:23:00.878 @EPA002 HX-G擦色基料
08:23:00.879 @EPA006 15.943625
08:23:00.881 @EPA001 201808
08:23:00.882 @EPA002 907-2固化剂
08:23:00.883 @EPA006 12.694210
08:23:00.885 @EPA001 201808
08:23:00.887 @EPA002 HX-906水性封闭底漆
08:23:00.888 @EPA006 274.150000
08:23:00.890 @EPA001 201808
08:23:00.891 @EPA002 底得宝固化剂533
08:23:00.892 @EPA006 1.269500
08:23:00.894 @EPA001 201808
08:23:00.896 @EPA002 HX-8208水性面漆
08:23:00.897 @EPA006 6.082000
08:23:00.899 @EPA001 201808
08:23:00.900 @EPA002 HX-9029-3水性面漆
08:23:00.901 @EPA006 0
08:23:00.905 @EPA001 201808
08:23:00.907 @EPA002 HX-15修色金油
08:23:00.908 @EPA006 37.743200
08:23:00.910 @EPA001 201808
08:23:00.911 @EPA002 HX-T底用稀释剂
08:23:00.912 @EPA006 422.601424
