09:44:21.436  异常信息：由于连接方在一段时间后没有正确答复或连接的主机没有反应，连接尝试失败。 192.168.1.188:80
  堆栈信息:   在 AutoUpdate.AppUpdate.DownloadFile(String url, String localFilePath) 位置 D:\Project data\MoXia\Carpenter\Carpenter\AppUpdate.cs:行号 242
   在 AutoUpdate.AppUpdate.CheckAppVersion(String& msg) 位置 D:\Project data\MoXia\Carpenter\Carpenter\AppUpdate.cs:行号 310
09:44:27.439 @EMP002 系统管理员
09:44:27.440 @EMP009 d2f278e251d1566edd72846d4ad97f
09:44:43.574 @PWD001 20180705001
09:44:43.576 @PWD006 False
09:44:43.577 @PWD007 2018/7/7 9:44:43
09:44:43.579 @PWD008 系统管理员
09:44:43.584 @REV001 FormProductionPaintDay
09:44:43.585 @REV002 20180705001
09:44:43.587 @REV003 系统管理员
09:44:43.588 @REV004 2018/7/7 9:44:43
09:44:43.590 @REV005 审核
09:44:43.591 @REV006 
09:44:49.665 ',' 附近有语法错误。
   在 System.Data.SqlClient.SqlConnection.OnError(SqlException exception, Boolean breakConnection, Action`1 wrapCloseInAction)
   在 System.Data.SqlClient.TdsParser.ThrowExceptionAndWarning(TdsParserStateObject stateObj, Boolean callerHasConnectionLock, Boolean asyncClose)
   在 System.Data.SqlClient.TdsParser.TryRun(RunBehavior runBehavior, SqlCommand cmdHandler, SqlDataReader dataStream, BulkCopySimpleResultSet bulkCopyHandler, TdsParserStateObject stateObj, Boolean& dataReady)
   在 System.Data.SqlClient.SqlDataReader.TryConsumeMetaData()
   在 System.Data.SqlClient.SqlDataReader.get_MetaData()
   在 System.Data.SqlClient.SqlCommand.FinishExecuteReader(SqlDataReader ds, RunBehavior runBehavior, String resetOptionsString, Boolean isInternal, Boolean forDescribeParameterEncryption)
   在 System.Data.SqlClient.SqlCommand.RunExecuteReaderTds(CommandBehavior cmdBehavior, RunBehavior runBehavior, Boolean returnStream, Boolean async, Int32 timeout, Task& task, Boolean asyncWrite, Boolean inRetry, SqlDataReader ds, Boolean describeParameterEncryptionRequest)
   在 System.Data.SqlClient.SqlCommand.RunExecuteReader(CommandBehavior cmdBehavior, RunBehavior runBehavior, Boolean returnStream, String method, TaskCompletionSource`1 completion, Int32 timeout, Task& task, Boolean& usedCache, Boolean asyncWrite, Boolean inRetry)
   在 System.Data.SqlClient.SqlCommand.RunExecuteReader(CommandBehavior cmdBehavior, RunBehavior runBehavior, Boolean returnStream, String method)
   在 System.Data.SqlClient.SqlCommand.ExecuteReader(CommandBehavior behavior, String method)
   在 System.Data.Common.DbDataAdapter.FillInternal(DataSet dataset, DataTable[] datatables, Int32 startRecord, Int32 maxRecords, String srcTable, IDbCommand command, CommandBehavior behavior)
   在 System.Data.Common.DbDataAdapter.Fill(DataTable[] dataTables, Int32 startRecord, Int32 maxRecords, IDbCommand command, CommandBehavior behavior)
   在 System.Data.Common.DbDataAdapter.Fill(DataTable dataTable)
   在 StudentMgr.SqlHelper.ExecuteDataTable(SqlConnection conn, String cmdText, SqlParameter[] parameters) 位置 D:\Project data\MoXia\Carpenter\CarpenterBll\SqlHelper.cs:行号 344
09:44:49.666 SELECT SUM(ISNULL(,0)) PW FROM MOXPWF WHERE PWF002='1810-1' AND PWF003='51-1.005.01.002'
09:46:53.407  异常信息：由于连接方在一段时间后没有正确答复或连接的主机没有反应，连接尝试失败。 192.168.1.188:80
  堆栈信息:   在 AutoUpdate.AppUpdate.DownloadFile(String url, String localFilePath) 位置 D:\Project data\MoXia\Carpenter\Carpenter\AppUpdate.cs:行号 242
   在 AutoUpdate.AppUpdate.CheckAppVersion(String& msg) 位置 D:\Project data\MoXia\Carpenter\Carpenter\AppUpdate.cs:行号 310
09:47:16.564 @EMP002 系统管理员
09:47:16.567 @EMP009 cebfd1559b68d67688884d7a3d3e8c
09:47:18.785 @EMP002 系统管理员
09:47:18.788 @EMP009 d2f278e251d1566edd72846d4ad97f
09:47:28.967 @PWE002 完工
09:47:28.968 @PWE007 40
09:47:28.969 @PWE008 
09:47:28.970 @PWE009 2018/7/7 9:47:28
09:47:28.971 @PWE010 系统管理员
09:47:28.972 @idx 5630
09:47:28.985 @PWD003 2018/7/5 0:00:00
09:47:28.986 @PWD004 2018/7/6 0:00:00
09:47:28.987 @PWD007 2018/7/7 9:47:28
09:47:28.988 @PWD008 系统管理员
09:47:28.989 @PWD009 0.00
09:47:28.990 @PWD010 
09:47:28.991 @PWD001 20180705001
09:47:28.996 @PWE002 完工
09:47:28.997 @PWE007 60
09:47:28.998 @PWE008 
09:47:28.999 @PWE009 2018/7/7 9:47:28
09:47:29.000 @PWE010 系统管理员
09:47:29.002 @idx 5632
09:47:29.007 @PWE002 完工
09:47:29.008 @PWE007 60
09:47:29.009 @PWE008 
09:47:29.011 @PWE009 2018/7/7 9:47:28
09:47:29.011 @PWE010 系统管理员
09:47:29.012 @idx 5629
09:47:29.017 @PWE002 完工
09:47:29.018 @PWE007 20
09:47:29.019 @PWE008 
09:47:29.020 @PWE009 2018/7/7 9:47:28
09:47:29.021 @PWE010 系统管理员
09:47:29.022 @idx 5631
09:47:29.027 @PWE002 完工
09:47:29.028 @PWE007 60
09:47:29.029 @PWE008 
09:47:29.030 @PWE009 2018/7/7 9:47:28
09:47:29.031 @PWE010 系统管理员
09:47:29.032 @idx 5633
09:47:35.155 @PWE002 完工
09:47:35.156 @PWE007 50
09:47:35.157 @PWE008 
09:47:35.159 @PWE009 2018/7/7 9:47:35
09:47:35.160 @PWE010 系统管理员
09:47:35.161 @idx 5629
09:47:35.166 @PWE002 完工
09:47:35.167 @PWE007 60
09:47:35.168 @PWE008 
09:47:35.170 @PWE009 2018/7/7 9:47:35
09:47:35.171 @PWE010 系统管理员
09:47:35.172 @idx 5633
09:47:35.176 @PWD003 2018/7/5 0:00:00
09:47:35.178 @PWD004 2018/7/6 0:00:00
09:47:35.179 @PWD007 2018/7/7 9:47:35
09:47:35.180 @PWD008 系统管理员
09:47:35.182 @PWD009 0.00
09:47:35.183 @PWD010 
09:47:35.185 @PWD001 20180705001
09:47:35.187 @PWE002 完工
09:47:35.189 @PWE007 40
09:47:35.190 @PWE008 
09:47:35.191 @PWE009 2018/7/7 9:47:35
09:47:35.193 @PWE010 系统管理员
09:47:35.197 @idx 5630
09:47:35.202 @PWE002 完工
09:47:35.204 @PWE007 20
09:47:35.205 @PWE008 
09:47:35.207 @PWE009 2018/7/7 9:47:35
09:47:35.208 @PWE010 系统管理员
09:47:35.210 @idx 5631
09:47:35.217 @PWE002 完工
09:47:35.219 @PWE007 60
09:47:35.220 @PWE008 
09:47:35.222 @PWE009 2018/7/7 9:47:35
09:47:35.223 @PWE010 系统管理员
09:47:35.224 @idx 5632
09:51:51.043  异常信息：由于连接方在一段时间后没有正确答复或连接的主机没有反应，连接尝试失败。 192.168.1.188:80
  堆栈信息:   在 AutoUpdate.AppUpdate.DownloadFile(String url, String localFilePath) 位置 D:\Project data\MoXia\Carpenter\Carpenter\AppUpdate.cs:行号 242
   在 AutoUpdate.AppUpdate.CheckAppVersion(String& msg) 位置 D:\Project data\MoXia\Carpenter\Carpenter\AppUpdate.cs:行号 310
09:51:56.115 @EMP002 系统管理员
09:51:56.116 @EMP009 d2f278e251d1566edd72846d4ad97f
09:57:00.337  异常信息：由于连接方在一段时间后没有正确答复或连接的主机没有反应，连接尝试失败。 192.168.1.188:80
  堆栈信息:   在 AutoUpdate.AppUpdate.DownloadFile(String url, String localFilePath) 位置 D:\Project data\MoXia\Carpenter\Carpenter\AppUpdate.cs:行号 242
   在 AutoUpdate.AppUpdate.CheckAppVersion(String& msg) 位置 D:\Project data\MoXia\Carpenter\Carpenter\AppUpdate.cs:行号 310
09:57:06.666 @EMP002 系统管理员
09:57:06.667 @EMP009 12e04bc965a72d649cad4f52a056fe78
09:57:11.146 @EMP002 系统管理员
09:57:11.148 @EMP009 d2f278e251d1566edd72846d4ad97f
11:23:07.909  异常信息：由于连接方在一段时间后没有正确答复或连接的主机没有反应，连接尝试失败。 192.168.1.188:80
  堆栈信息:   在 AutoUpdate.AppUpdate.DownloadFile(String url, String localFilePath) 位置 D:\Project data\MoXia\Carpenter\Carpenter\AppUpdate.cs:行号 242
   在 AutoUpdate.AppUpdate.CheckAppVersion(String& msg) 位置 D:\Project data\MoXia\Carpenter\Carpenter\AppUpdate.cs:行号 310
11:23:14.168 @EMP002 系统管理员
11:23:14.169 @EMP009 d2f278e251d1566edd72846d4ad97f
11:32:36.613 @idx 3453
11:32:36.614 @WOR005 007
11:32:36.616 @WOR006 下脚
11:32:36.617 @WOR007 450
11:32:36.618 @WOR008 
11:32:36.619 @WOR009 
11:32:36.620 @WOR010 75
11:32:36.621 @WOR011 
11:32:36.622 @WOR012 
11:32:36.623 @WOR013 55
11:32:36.624 @WOR014 
11:32:36.625 @WOR015 
11:32:36.626 @WOR016 实木包拼
11:32:36.627 @WOR017 2
11:32:36.629 @WOR018 金丝柚AB 包拼
11:32:36.630 @WOR019 0
11:32:36.631 @WOR020 
11:32:36.632 @WOR021 
11:32:36.634 @WOR022 
11:32:36.635 @WOR023 2018/7/7 11:32:36
11:32:36.636 @WOR024 系统管理员
11:32:36.637 @WOR025 
11:32:36.638 @WOR026 
11:32:36.639 @WOR027 
11:32:36.640 @WOR028 0
11:32:36.641 @WOR029 0
11:32:36.642 @WOR030 2
11:32:36.644 @WOR034 System.Byte[]
11:32:36.645 @WOR035 System.Byte[]
11:32:36.646 @WOR036 System.Byte[]
11:32:36.648 @WOR037 System.Byte[]
11:32:36.649 @WOR002 1
11:32:36.677 @idx 3464
11:32:36.679 @WOR005 019
11:32:36.680 @WOR006 床挺
11:32:36.681 @WOR007 2015
11:32:36.682 @WOR008 
11:32:36.683 @WOR009 
11:32:36.684 @WOR010 235
11:32:36.685 @WOR011 
11:32:36.686 @WOR012 
11:32:36.687 @WOR013 19.5
11:32:36.688 @WOR014 
11:32:36.689 @WOR015 
11:32:36.691 @WOR016 板材
11:32:36.692 @WOR017 2
11:32:36.694 @WOR018 双金（多层板）
11:32:36.695 @WOR019 0
11:32:36.696 @WOR020 
11:32:36.697 @WOR021 
11:32:36.699 @WOR022 
11:32:36.700 @WOR023 2018/7/7 11:32:36
11:32:36.701 @WOR024 系统管理员
11:32:36.703 @WOR025 
11:32:36.704 @WOR026 上裁口5mm
11:32:36.705 @WOR027 
11:32:36.706 @WOR028 0
11:32:36.707 @WOR029 0
11:32:36.708 @WOR030 1
11:32:36.709 @WOR034 System.Byte[]
11:32:36.710 @WOR035 System.Byte[]
11:32:36.711 @WOR036 System.Byte[]
11:32:36.713 @WOR037 System.Byte[]
11:32:36.714 @WOR002 1
11:32:36.722 @idx 3449
11:32:36.724 @WOR005 003
11:32:36.725 @WOR006 床靠头
11:32:36.726 @WOR007 1280
11:32:36.728 @WOR008 
11:32:36.729 @WOR009 
11:32:36.731 @WOR010 55
11:32:36.732 @WOR011 
11:32:36.734 @WOR012 
11:32:36.735 @WOR013 40
11:32:36.737 @WOR014 
11:32:36.738 @WOR015 
11:32:36.739 @WOR016 实木
11:32:36.740 @WOR017 1
11:32:36.741 @WOR018 金丝柚
11:32:36.742 @WOR019 0
11:32:36.743 @WOR020 
11:32:36.744 @WOR021 
11:32:36.746 @WOR022 
11:32:36.747 @WOR023 2018/7/7 11:32:36
11:32:36.748 @WOR024 系统管理员
11:32:36.750 @WOR025 
11:32:36.752 @WOR026 开榫净1220
11:32:36.753 @WOR027 
11:32:36.754 @WOR028 0
11:32:36.755 @WOR029 0
11:32:36.756 @WOR030 1
11:32:36.757 @WOR034 System.Byte[]
11:32:36.758 @WOR035 System.Byte[]
11:32:36.759 @WOR036 System.Byte[]
11:32:36.760 @WOR037 System.Byte[]
11:32:36.761 @WOR002 1
11:32:36.768 @idx 3447
11:32:36.769 @WOR005 001
11:32:36.770 @WOR006 2号1.2米床靠-B
11:32:36.772 @WOR007 1325
11:32:36.773 @WOR008 
11:32:36.774 @WOR009 
11:32:36.775 @WOR010 2200
11:32:36.776 @WOR011 
11:32:36.777 @WOR012 
11:32:36.778 @WOR013 1000
11:32:36.779 @WOR014 
11:32:36.781 @WOR015 
11:32:36.782 @WOR016 
11:32:36.784 @WOR017 0
11:32:36.785 @WOR018 
11:32:36.786 @WOR019 0
11:32:36.787 @WOR020 
11:32:36.788 @WOR021 
11:32:36.789 @WOR022 
11:32:36.790 @WOR023 2018/7/7 11:32:36
11:32:36.791 @WOR024 系统管理员
11:32:36.792 @WOR025 
11:32:36.793 @WOR026 
11:32:36.795 @WOR027 
11:32:36.796 @WOR028 0
11:32:36.797 @WOR029 0
11:32:36.799 @WOR030 
11:32:36.800 @WOR034 System.Byte[]
11:32:36.802 @WOR035 System.Byte[]
11:32:36.803 @WOR036 System.Byte[]
11:32:36.804 @WOR037 System.Byte[]
11:32:36.805 @WOR002 1
11:32:36.810 @idx 3463
11:32:36.811 @WOR005 018
11:32:36.812 @WOR006 2号1.2米床架-B1-1
11:32:36.814 @WOR007 1325
11:32:36.816 @WOR008 
11:32:36.818 @WOR009 
11:32:36.819 @WOR010 2200
11:32:36.820 @WOR011 
11:32:36.821 @WOR012 
11:32:36.822 @WOR013 1000
11:32:36.823 @WOR014 
11:32:36.824 @WOR015 
11:32:36.825 @WOR016 
11:32:36.826 @WOR017 0
11:32:36.827 @WOR018 
11:32:36.829 @WOR019 0
11:32:36.830 @WOR020 
11:32:36.832 @WOR021 
11:32:36.833 @WOR022 
11:32:36.835 @WOR023 2018/7/7 11:32:36
11:32:36.836 @WOR024 系统管理员
11:32:36.837 @WOR025 
11:32:36.838 @WOR026 
11:32:36.840 @WOR027 
11:32:36.841 @WOR028 0
11:32:36.842 @WOR029 0
11:32:36.843 @WOR030 
11:32:36.845 @WOR034 System.Byte[]
11:32:36.847 @WOR035 System.Byte[]
11:32:36.848 @WOR036 System.Byte[]
11:32:36.849 @WOR037 System.Byte[]
11:32:36.851 @WOR002 1
11:32:36.856 @idx 3470
11:32:36.858 @WOR005 025
11:32:36.859 @WOR006 低下饰条
11:32:36.860 @WOR007 1220
11:32:36.861 @WOR008 
11:32:36.863 @WOR009 
11:32:36.864 @WOR010 35
11:32:36.865 @WOR011 
11:32:36.867 @WOR012 
11:32:36.868 @WOR013 8
11:32:36.869 @WOR014 
11:32:36.871 @WOR015 
11:32:36.872 @WOR016 实木
11:32:36.873 @WOR017 1
11:32:36.874 @WOR018 金丝柚
11:32:36.875 @WOR019 0
11:32:36.876 @WOR020 
11:32:36.878 @WOR021 
11:32:36.879 @WOR022 
11:32:36.881 @WOR023 2018/7/7 11:32:36
11:32:36.882 @WOR024 系统管理员
11:32:36.883 @WOR025 
11:32:36.884 @WOR026 外2边导圆R4按模锯斜
11:32:36.886 @WOR027 
11:32:36.887 @WOR028 0
11:32:36.888 @WOR029 0
11:32:36.889 @WOR030 5
11:32:36.890 @WOR034 System.Byte[]
11:32:36.891 @WOR035 System.Byte[]
11:32:36.892 @WOR036 System.Byte[]
11:32:36.893 @WOR037 System.Byte[]
11:32:36.894 @WOR002 1
11:32:36.900 @WOQ001 51-1.001.01.002
11:32:36.901 @WOQ004 1015
11:32:36.903 @WOQ005 2018/7/7 11:32:36
11:32:36.904 @WOQ006 系统管理员
11:32:36.908 @idx 3458
11:32:36.909 @WOR005 012
11:32:36.910 @WOR006 中档
11:32:36.912 @WOR007 1280
11:32:36.913 @WOR008 
11:32:36.914 @WOR009 
11:32:36.915 @WOR010 30
11:32:36.917 @WOR011 
11:32:36.918 @WOR012 
11:32:36.919 @WOR013 45
11:32:36.920 @WOR014 
11:32:36.921 @WOR015 
11:32:36.923 @WOR016 实木
11:32:36.924 @WOR017 1
11:32:36.925 @WOR018 金丝柚 指接料
11:32:36.926 @WOR019 0
11:32:36.927 @WOR020 
11:32:36.928 @WOR021 
11:32:36.929 @WOR022 
11:32:36.930 @WOR023 2018/7/7 11:32:36
11:32:36.931 @WOR024 系统管理员
11:32:36.933 @WOR025 
11:32:36.934 @WOR026 开榫净1220
11:32:36.935 @WOR027 
11:32:36.936 @WOR028 0
11:32:36.938 @WOR029 0
11:32:36.939 @WOR030 4
11:32:36.940 @WOR034 System.Byte[]
11:32:36.941 @WOR035 System.Byte[]
11:32:36.942 @WOR036 System.Byte[]
11:32:36.943 @WOR037 System.Byte[]
11:32:36.944 @WOR002 1
11:32:36.950 @idx 9512
11:32:36.951 @WOR005 010
11:32:36.953 @WOR006 下脚内芯
11:32:36.954 @WOR007 毛415
11:32:36.955 @WOR008 
11:32:36.956 @WOR009 
11:32:36.957 @WOR010 毛69
11:32:36.960 @WOR011 
11:32:36.961 @WOR012 
11:32:36.962 @WOR013 净45
11:32:36.963 @WOR014 
11:32:36.965 @WOR015 
11:32:36.966 @WOR016 包拼
11:32:36.967 @WOR017 2
11:32:36.969 @WOR018 金丝柚
11:32:36.970 @WOR019 0
11:32:36.971 @WOR020 
11:32:36.972 @WOR021 
11:32:36.973 @WOR022 下脚450*75*55
11:32:36.974 @WOR023 2018/7/7 11:32:36
11:32:36.975 @WOR024 系统管理员
11:32:36.976 @WOR025 杂拼
11:32:36.977 @WOR026 一头指接   修边尺寸：毛415*毛69*毛49
11:32:36.978 @WOR027 
11:32:36.979 @WOR028 0
11:32:36.981 @WOR029 0
11:32:36.982 @WOR030 
11:32:36.984 @WOR034 System.Byte[]
11:32:36.985 @WOR035 System.Byte[]
11:32:36.986 @WOR036 System.Byte[]
11:32:36.987 @WOR037 System.Byte[]
11:32:36.988 @WOR002 1
11:32:36.993 @idx 3454
11:32:36.994 @WOR005 008
11:32:36.996 @WOR006 下脚侧封边
11:32:36.997 @WOR007 毛465
11:32:36.998 @WOR008 
11:32:37.000 @WOR009 
11:32:37.001 @WOR010 毛69
11:32:37.002 @WOR011 
11:32:37.003 @WOR012 
11:32:37.004 @WOR013 净6
11:32:37.006 @WOR014 
11:32:37.007 @WOR015 
11:32:37.008 @WOR016 包拼
11:32:37.009 @WOR017 4
11:32:37.010 @WOR018 金丝柚
11:32:37.011 @WOR019 0
11:32:37.012 @WOR020 
11:32:37.013 @WOR021 
11:32:37.014 @WOR022 第一次包拼下脚450*75*55
11:32:37.016 @WOR023 2018/7/7 11:32:36
11:32:37.017 @WOR024 系统管理员
11:32:37.019 @WOR025 拼大板
11:32:37.020 @WOR026 
11:32:37.021 @WOR027 
11:32:37.022 @WOR028 0
11:32:37.023 @WOR029 0
11:32:37.025 @WOR030 
11:32:37.025 @WOR034 System.Byte[]
11:32:37.026 @WOR035 System.Byte[]
11:32:37.027 @WOR036 System.Byte[]
11:32:37.029 @WOR037 System.Byte[]
11:32:37.030 @WOR002 1
11:32:37.036 @idx 3452
11:32:37.037 @WOR005 006
11:32:37.038 @WOR006 上脚
11:32:37.039 @WOR007 640
11:32:37.040 @WOR008 
11:32:37.041 @WOR009 
11:32:37.042 @WOR010 按模
11:32:37.043 @WOR011 
11:32:37.045 @WOR012 
11:32:37.046 @WOR013 55
11:32:37.047 @WOR014 
11:32:37.048 @WOR015 
11:32:37.050 @WOR016 实木
11:32:37.051 @WOR017 2
11:32:37.052 @WOR018 金丝柚AB
11:32:37.054 @WOR019 0
11:32:37.055 @WOR020 
11:32:37.056 @WOR021 
11:32:37.057 @WOR022 
11:32:37.058 @WOR023 2018/7/7 11:32:36
11:32:37.059 @WOR024 系统管理员
11:32:37.060 @WOR025 
11:32:37.061 @WOR026 
11:32:37.062 @WOR027 
11:32:37.064 @WOR028 0
11:32:37.065 @WOR029 0
11:32:37.066 @WOR030 3
11:32:37.067 @WOR034 System.Byte[]
11:32:37.069 @WOR035 System.Byte[]
11:32:37.070 @WOR036 System.Byte[]
11:32:37.071 @WOR037 System.Byte[]
11:32:37.072 @WOR002 1
11:32:37.078 @idx 3466
11:32:37.079 @WOR005 021
11:32:37.080 @WOR006 床挺下
11:32:37.082 @WOR007 2015
11:32:37.083 @WOR008 
11:32:37.084 @WOR009 
11:32:37.086 @WOR010 35
11:32:37.087 @WOR011 
11:32:37.088 @WOR012 
11:32:37.089 @WOR013 8
11:32:37.090 @WOR014 
11:32:37.091 @WOR015 
11:32:37.092 @WOR016 实木
11:32:37.093 @WOR017 2
11:32:37.094 @WOR018 金丝柚
11:32:37.096 @WOR019 0
11:32:37.097 @WOR020 
11:32:37.098 @WOR021 
11:32:37.099 @WOR022 
11:32:37.101 @WOR023 2018/7/7 11:32:36
11:32:37.102 @WOR024 系统管理员
11:32:37.103 @WOR025 
11:32:37.105 @WOR026 外两边导圆R4
11:32:37.106 @WOR027 2025
11:32:37.107 @WOR028 0
11:32:37.109 @WOR029 0
11:32:37.110 @WOR030 2
11:32:37.112 @WOR034 System.Byte[]
11:32:37.113 @WOR035 System.Byte[]
11:32:37.115 @WOR036 System.Byte[]
11:32:37.117 @WOR037 System.Byte[]
11:32:37.118 @WOR002 1
11:32:37.127 @idx 9513
11:32:37.128 @WOR005 011
11:32:37.130 @WOR006 下脚搭头
11:32:37.132 @WOR007 毛65
11:32:37.133 @WOR008 
11:32:37.135 @WOR009 
11:32:37.136 @WOR010 毛69
11:32:37.138 @WOR011 
11:32:37.139 @WOR012 
11:32:37.140 @WOR013 净45
11:32:37.142 @WOR014 
11:32:37.143 @WOR015 
11:32:37.144 @WOR016 包拼
11:32:37.146 @WOR017 2
11:32:37.147 @WOR018 金丝柚
11:32:37.148 @WOR019 0
11:32:37.150 @WOR020 
11:32:37.151 @WOR021 
11:32:37.153 @WOR022 下脚450*75*55
11:32:37.154 @WOR023 2018/7/7 11:32:36
11:32:37.155 @WOR024 系统管理员
11:32:37.157 @WOR025 
11:32:37.158 @WOR026 1头指接  修边尺寸：毛65*毛69*毛49
11:32:37.160 @WOR027 
11:32:37.161 @WOR028 0
11:32:37.163 @WOR029 0
11:32:37.164 @WOR030 
11:32:37.166 @WOR034 System.Byte[]
11:32:37.167 @WOR035 System.Byte[]
11:32:37.168 @WOR036 System.Byte[]
11:32:37.170 @WOR037 System.Byte[]
11:32:37.171 @WOR002 1
11:32:37.178 @idx 3461
11:32:37.179 @WOR005 015
11:32:37.181 @WOR006 靠后上下
11:32:37.183 @WOR007 1219
11:32:37.184 @WOR008 
11:32:37.185 @WOR009 
11:32:37.187 @WOR010 25
11:32:37.188 @WOR011 
11:32:37.189 @WOR012 
11:32:37.191 @WOR013 15
11:32:37.192 @WOR014 
11:32:37.193 @WOR015 
11:32:37.195 @WOR016 实木
11:32:37.196 @WOR017 2
11:32:37.198 @WOR018 金丝柚C
11:32:37.199 @WOR019 0
11:32:37.201 @WOR020 
11:32:37.202 @WOR021 
11:32:37.203 @WOR022 
11:32:37.205 @WOR023 2018/7/7 11:32:36
11:32:37.206 @WOR024 系统管理员
11:32:37.207 @WOR025 
11:32:37.208 @WOR026 
11:32:37.210 @WOR027 
11:32:37.211 @WOR028 0
11:32:37.212 @WOR029 0
11:32:37.214 @WOR030 5
11:32:37.215 @WOR034 System.Byte[]
11:32:37.217 @WOR035 System.Byte[]
11:32:37.218 @WOR036 System.Byte[]
11:32:37.220 @WOR037 System.Byte[]
11:32:37.221 @WOR002 1
11:32:37.227 @WOR001 51-1.001.01.002
11:32:37.228 @WOR005 028
11:32:37.229 @WOR006 
11:32:37.231 @WOR007 
11:32:37.232 @WOR008 
11:32:37.234 @WOR009 
11:32:37.235 @WOR010 
11:32:37.237 @WOR011 
11:32:37.238 @WOR012 
11:32:37.239 @WOR013 
11:32:37.241 @WOR014 
11:32:37.242 @WOR015 
11:32:37.243 @WOR016 
11:32:37.244 @WOR017 0
11:32:37.245 @WOR018 
11:32:37.247 @WOR019 0
11:32:37.248 @WOR020 
11:32:37.250 @WOR021 
11:32:37.252 @WOR022 
11:32:37.253 @WOR023 2018/7/7 11:32:36
11:32:37.254 @WOR024 系统管理员
11:32:37.256 @WOR025 
11:32:37.257 @WOR026 
11:32:37.258 @WOR027 
11:32:37.259 @WOR028 0
11:32:37.260 @WOR029 0
11:32:37.262 @WOR030 
11:32:37.263 @WOR034 System.Byte[]
11:32:37.265 @WOR035 System.Byte[]
11:32:37.267 @WOR036 System.Byte[]
11:32:37.268 @WOR037 System.Byte[]
11:32:37.270 @WOR002 1
11:32:37.275 @WOR001 51-1.001.01.002
11:32:37.276 @WOR005 027
11:32:37.277 @WOR006 
11:32:37.279 @WOR007 
11:32:37.280 @WOR008 
11:32:37.281 @WOR009 
11:32:37.283 @WOR010 
11:32:37.285 @WOR011 
11:32:37.286 @WOR012 
11:32:37.287 @WOR013 
11:32:37.288 @WOR014 
11:32:37.289 @WOR015 
11:32:37.290 @WOR016 
11:32:37.292 @WOR017 0
11:32:37.293 @WOR018 
11:32:37.294 @WOR019 0
11:32:37.295 @WOR020 
11:32:37.297 @WOR021 
11:32:37.298 @WOR022 
11:32:37.300 @WOR023 2018/7/7 11:32:36
11:32:37.301 @WOR024 系统管理员
11:32:37.303 @WOR025 
11:32:37.304 @WOR026 
11:32:37.305 @WOR027 
11:32:37.306 @WOR028 0
11:32:37.308 @WOR029 0
11:32:37.309 @WOR030 
11:32:37.310 @WOR034 System.Byte[]
11:32:37.312 @WOR035 System.Byte[]
11:32:37.313 @WOR036 System.Byte[]
11:32:37.315 @WOR037 System.Byte[]
11:32:37.316 @WOR002 1
11:32:37.319 @idx 3467
11:32:37.321 @WOR005 022
11:32:37.322 @WOR006 低片
11:32:37.323 @WOR007 1220
11:32:37.325 @WOR008 
11:32:37.326 @WOR009 
11:32:37.327 @WOR010 300
11:32:37.328 @WOR011 
11:32:37.330 @WOR012 
11:32:37.331 @WOR013 19.5
11:32:37.333 @WOR014 
11:32:37.334 @WOR015 
11:32:37.336 @WOR016 板材
11:32:37.337 @WOR017 1
11:32:37.338 @WOR018 双金（多层板）
11:32:37.340 @WOR019 0
11:32:37.341 @WOR020 
11:32:37.342 @WOR021 
11:32:37.343 @WOR022 
11:32:37.345 @WOR023 2018/7/7 11:32:36
11:32:37.346 @WOR024 系统管理员
11:32:37.348 @WOR025 
11:32:37.349 @WOR026 双金(多层板)裁口按模
11:32:37.351 @WOR027 
11:32:37.352 @WOR028 0
11:32:37.353 @WOR029 0
11:32:37.354 @WOR030 2
11:32:37.355 @WOR034 System.Byte[]
11:32:37.357 @WOR035 System.Byte[]
11:32:37.358 @WOR036 System.Byte[]
11:32:37.360 @WOR037 System.Byte[]
11:32:37.361 @WOR002 1
11:32:37.368 @idx 3471
11:32:37.369 @WOR005 026
11:32:37.370 @WOR006 低屏上补块
11:32:37.371 @WOR007 80
11:32:37.373 @WOR008 
11:32:37.374 @WOR009 
11:32:37.375 @WOR010 25
11:32:37.376 @WOR011 
11:32:37.377 @WOR012 
11:32:37.379 @WOR013 20
11:32:37.380 @WOR014 
11:32:37.381 @WOR015 
11:32:37.382 @WOR016 实木
11:32:37.383 @WOR017 2
11:32:37.385 @WOR018 金四清
11:32:37.386 @WOR019 0
11:32:37.387 @WOR020 
11:32:37.388 @WOR021 
11:32:37.389 @WOR022 
11:32:37.390 @WOR023 2018/7/7 11:32:36
11:32:37.391 @WOR024 系统管理员
11:32:37.392 @WOR025 
11:32:37.393 @WOR026 
11:32:37.394 @WOR027 
11:32:37.395 @WOR028 0
11:32:37.396 @WOR029 0
11:32:37.398 @WOR030 6
11:32:37.399 @WOR034 System.Byte[]
11:32:37.400 @WOR035 System.Byte[]
11:32:37.402 @WOR036 System.Byte[]
11:32:37.403 @WOR037 System.Byte[]
11:32:37.404 @WOR002 1
11:32:37.409 @idx 3459
11:32:37.410 @WOR005 013
11:32:37.411 @WOR006 靠板
11:32:37.412 @WOR007 1240
11:32:37.414 @WOR008 
11:32:37.415 @WOR009 
11:32:37.416 @WOR010 575
11:32:37.418 @WOR011 
11:32:37.419 @WOR012 
11:32:37.420 @WOR013 10
11:32:37.421 @WOR014 
11:32:37.422 @WOR015 
11:32:37.423 @WOR016 板材
11:32:37.425 @WOR017 1
11:32:37.426 @WOR018 三夹板
11:32:37.427 @WOR019 0
11:32:37.428 @WOR020 
11:32:37.429 @WOR021 
11:32:37.430 @WOR022 
11:32:37.431 @WOR023 2018/7/7 11:32:36
11:32:37.432 @WOR024 系统管理员
11:32:37.434 @WOR025 
11:32:37.435 @WOR026 4层其中后内一层零料夹板胶压自贴金拼两边进槽10mm
11:32:37.436 @WOR027 
11:32:37.437 @WOR028 0
11:32:37.438 @WOR029 0
11:32:37.439 @WOR030 1
11:32:37.440 @WOR034 System.Byte[]
11:32:37.441 @WOR035 System.Byte[]
11:32:37.442 @WOR036 System.Byte[]
11:32:37.443 @WOR037 System.Byte[]
11:32:37.444 @WOR002 1
11:32:37.450 @idx 3450
11:32:37.451 @WOR005 004
11:32:37.453 @WOR006 高屏线条
11:32:37.454 @WOR007 1220
11:32:37.455 @WOR008 
11:32:37.457 @WOR009 
11:32:37.458 @WOR010 15
11:32:37.459 @WOR011 
11:32:37.460 @WOR012 
11:32:37.461 @WOR013 按摸
11:32:37.462 @WOR014 
11:32:37.463 @WOR015 
11:32:37.464 @WOR016 实木
11:32:37.466 @WOR017 4
11:32:37.467 @WOR018 金丝柚外购
11:32:37.468 @WOR019 0
11:32:37.470 @WOR020 
11:32:37.471 @WOR021 
11:32:37.472 @WOR022 
11:32:37.473 @WOR023 2018/7/7 11:32:36
11:32:37.474 @WOR024 系统管理员
11:32:37.475 @WOR025 
11:32:37.476 @WOR026 
11:32:37.477 @WOR027 
11:32:37.478 @WOR028 0
11:32:37.479 @WOR029 0
11:32:37.480 @WOR030 7
11:32:37.482 @WOR034 System.Byte[]
11:32:37.483 @WOR035 System.Byte[]
11:32:37.484 @WOR036 System.Byte[]
11:32:37.486 @WOR037 System.Byte[]
11:32:37.487 @WOR002 1
11:32:37.492 @idx 3465
11:32:37.493 @WOR005 020
11:32:37.494 @WOR006 床挺封边
11:32:37.496 @WOR007 2015
11:32:37.497 @WOR008 
11:32:37.498 @WOR009 
11:32:37.500 @WOR010 45
11:32:37.501 @WOR011 
11:32:37.502 @WOR012 
11:32:37.503 @WOR013 45
11:32:37.504 @WOR014 
11:32:37.505 @WOR015 
11:32:37.506 @WOR016 实木
11:32:37.508 @WOR017 2
11:32:37.508 @WOR018 金丝柚
11:32:37.509 @WOR019 0
11:32:37.510 @WOR020 
11:32:37.512 @WOR021 
11:32:37.513 @WOR022 
11:32:37.514 @WOR023 2018/7/7 11:32:36
11:32:37.515 @WOR024 系统管理员
11:32:37.517 @WOR025 
11:32:37.519 @WOR026 
11:32:37.520 @WOR027 2025
11:32:37.521 @WOR028 0
11:32:37.522 @WOR029 0
11:32:37.524 @WOR030 1
11:32:37.525 @WOR034 System.Byte[]
11:32:37.526 @WOR035 System.Byte[]
11:32:37.527 @WOR036 System.Byte[]
11:32:37.529 @WOR037 System.Byte[]
11:32:37.530 @WOR002 1
11:32:37.536 @idx 3468
11:32:37.537 @WOR005 023
11:32:37.538 @WOR006 低片上
11:32:37.540 @WOR007 1320
11:32:37.541 @WOR008 
11:32:37.542 @WOR009 
11:32:37.543 @WOR010 55
11:32:37.544 @WOR011 
11:32:37.545 @WOR012 
11:32:37.546 @WOR013 45
11:32:37.548 @WOR014 
11:32:37.549 @WOR015 
11:32:37.550 @WOR016 实木
11:32:37.552 @WOR017 1
11:32:37.553 @WOR018 金丝柚
11:32:37.554 @WOR019 0
11:32:37.555 @WOR020 
11:32:37.556 @WOR021 
11:32:37.557 @WOR022 
11:32:37.558 @WOR023 2018/7/7 11:32:36
11:32:37.559 @WOR024 系统管理员
11:32:37.560 @WOR025 
11:32:37.561 @WOR026 搭角可二拼
11:32:37.562 @WOR027 1325
11:32:37.564 @WOR028 0
11:32:37.565 @WOR029 0
11:32:37.567 @WOR030 3
11:32:37.568 @WOR034 System.Byte[]
11:32:37.569 @WOR035 System.Byte[]
11:32:37.570 @WOR036 System.Byte[]
11:32:37.571 @WOR037 System.Byte[]
11:32:37.572 @WOR002 1
11:32:37.577 @idx 3460
11:32:37.579 @WOR005 014
11:32:37.580 @WOR006 下板
11:32:37.581 @WOR007 1220
11:32:37.583 @WOR008 
11:32:37.584 @WOR009 
11:32:37.585 @WOR010 300
11:32:37.586 @WOR011 
11:32:37.587 @WOR012 
11:32:37.588 @WOR013 19.5
11:32:37.590 @WOR014 
11:32:37.591 @WOR015 
11:32:37.592 @WOR016 板材
11:32:37.593 @WOR017 1
11:32:37.594 @WOR018 双金
11:32:37.595 @WOR019 0
11:32:37.596 @WOR020 
11:32:37.597 @WOR021 
11:32:37.598 @WOR022 
11:32:37.600 @WOR023 2018/7/7 11:32:36
11:32:37.601 @WOR024 系统管理员
11:32:37.602 @WOR025 
11:32:37.603 @WOR026 双金（多层板19.5）
11:32:37.604 @WOR027 
11:32:37.605 @WOR028 0
11:32:37.606 @WOR029 0
11:32:37.607 @WOR030 2
11:32:37.608 @WOR034 System.Byte[]
11:32:37.609 @WOR035 System.Byte[]
11:32:37.610 @WOR036 System.Byte[]
11:32:37.612 @WOR037 System.Byte[]
11:32:37.613 @WOR002 1
11:32:37.618 @idx 3462
11:32:37.620 @WOR005 016
11:32:37.621 @WOR006 下板条子
11:32:37.622 @WOR007 295
11:32:37.623 @WOR008 
11:32:37.624 @WOR009 
11:32:37.625 @WOR010 20
11:32:37.626 @WOR011 
11:32:37.627 @WOR012 
11:32:37.628 @WOR013 20
11:32:37.630 @WOR014 
11:32:37.631 @WOR015 
11:32:37.632 @WOR016 实木
11:32:37.634 @WOR017 2
11:32:37.635 @WOR018 金丝柚C
11:32:37.636 @WOR019 0
11:32:37.637 @WOR020 
11:32:37.638 @WOR021 
11:32:37.639 @WOR022 
11:32:37.640 @WOR023 2018/7/7 11:32:36
11:32:37.641 @WOR024 系统管理员
11:32:37.642 @WOR025 
11:32:37.643 @WOR026 
11:32:37.645 @WOR027 305
11:32:37.646 @WOR028 0
11:32:37.647 @WOR029 0
11:32:37.648 @WOR030 6
11:32:37.650 @WOR034 System.Byte[]
11:32:37.651 @WOR035 System.Byte[]
11:32:37.652 @WOR036 System.Byte[]
11:32:37.653 @WOR037 System.Byte[]
11:32:37.654 @WOR002 1
11:32:37.660 @idx 9511
11:32:37.661 @WOR005 009
11:32:37.662 @WOR006 下脚前后封边
11:32:37.664 @WOR007 毛465
11:32:37.665 @WOR008 
11:32:37.667 @WOR009 
11:32:37.668 @WOR010 毛57
11:32:37.669 @WOR011 
11:32:37.670 @WOR012 
11:32:37.671 @WOR013 净6
11:32:37.672 @WOR014 
11:32:37.673 @WOR015 
11:32:37.674 @WOR016 包拼
11:32:37.676 @WOR017 4
11:32:37.677 @WOR018 金丝柚
11:32:37.678 @WOR019 0
11:32:37.680 @WOR020 
11:32:37.681 @WOR021 
11:32:37.683 @WOR022 第二次包拼下脚450*75*55
11:32:37.684 @WOR023 2018/7/7 11:32:36
11:32:37.685 @WOR024 系统管理员
11:32:37.686 @WOR025 拼大板
11:32:37.688 @WOR026 
11:32:37.689 @WOR027 
11:32:37.690 @WOR028 0
11:32:37.691 @WOR029 0
11:32:37.692 @WOR030 
11:32:37.693 @WOR034 System.Byte[]
11:32:37.694 @WOR035 System.Byte[]
11:32:37.695 @WOR036 System.Byte[]
11:32:37.696 @WOR037 System.Byte[]
11:32:37.697 @WOR002 1
11:32:37.703 @idx 3469
11:32:37.704 @WOR005 024
11:32:37.706 @WOR006 床架边脚
11:32:37.707 @WOR007 450
11:32:37.708 @WOR008 
11:32:37.709 @WOR009 
11:32:37.710 @WOR010 80
11:32:37.711 @WOR011 
11:32:37.712 @WOR012 
11:32:37.714 @WOR013 45
11:32:37.715 @WOR014 
11:32:37.716 @WOR015 
11:32:37.718 @WOR016 实木
11:32:37.719 @WOR017 2
11:32:37.720 @WOR018 金丝柚
11:32:37.721 @WOR019 0
11:32:37.723 @WOR020 
11:32:37.724 @WOR021 
11:32:37.725 @WOR022 
11:32:37.726 @WOR023 2018/7/7 11:32:36
11:32:37.727 @WOR024 系统管理员
11:32:37.728 @WOR025 
11:32:37.730 @WOR026 搭角可二三拼
11:32:37.731 @WOR027 460
11:32:37.732 @WOR028 0
11:32:37.733 @WOR029 0
11:32:37.734 @WOR030 4
11:32:37.735 @WOR034 System.Byte[]
11:32:37.737 @WOR035 System.Byte[]
11:32:37.738 @WOR036 System.Byte[]
11:32:37.739 @WOR037 System.Byte[]
11:32:37.740 @WOR002 1
11:32:37.745 @idx 3448
11:32:37.746 @WOR005 002
11:32:37.747 @WOR006 2号1.2米床靠-B 1-1
11:32:37.748 @WOR007 1325
11:32:37.749 @WOR008 
11:32:37.751 @WOR009 
11:32:37.752 @WOR010 2200
11:32:37.753 @WOR011 
11:32:37.754 @WOR012 
11:32:37.755 @WOR013 1000
11:32:37.756 @WOR014 
11:32:37.757 @WOR015 
11:32:37.758 @WOR016 
11:32:37.759 @WOR017 0
11:32:37.760 @WOR018 
11:32:37.762 @WOR019 0
11:32:37.763 @WOR020 
11:32:37.764 @WOR021 
11:32:37.766 @WOR022 
11:32:37.767 @WOR023 2018/7/7 11:32:36
11:32:37.768 @WOR024 系统管理员
11:32:37.769 @WOR025 
11:32:37.770 @WOR026 
11:32:37.771 @WOR027 
11:32:37.772 @WOR028 0
11:32:37.773 @WOR029 0
11:32:37.774 @WOR030 
11:32:37.775 @WOR034 System.Byte[]
11:32:37.776 @WOR035 System.Byte[]
11:32:37.777 @WOR036 System.Byte[]
11:32:37.778 @WOR037 System.Byte[]
11:32:37.780 @WOR002 1
11:32:37.785 @idx 3451
11:32:37.787 @WOR005 005
11:32:37.788 @WOR006 脚
11:32:37.789 @WOR007 1060
11:32:37.790 @WOR008 
11:32:37.791 @WOR009 
11:32:37.792 @WOR010 按摸
11:32:37.793 @WOR011 
11:32:37.794 @WOR012 
11:32:37.795 @WOR013 55
11:32:37.796 @WOR014 
11:32:37.798 @WOR015 
11:32:37.799 @WOR016 
11:32:37.800 @WOR017 2
11:32:37.801 @WOR018 
11:32:37.802 @WOR019 0
11:32:37.803 @WOR020 
11:32:37.804 @WOR021 
11:32:37.805 @WOR022 
11:32:37.806 @WOR023 2018/7/7 11:32:36
11:32:37.807 @WOR024 系统管理员
11:32:37.808 @WOR025 
11:32:37.809 @WOR026 
11:32:37.810 @WOR027 
11:32:37.811 @WOR028 0
11:32:37.812 @WOR029 0
11:32:37.814 @WOR030 
11:32:37.815 @WOR034 System.Byte[]
11:32:37.817 @WOR035 System.Byte[]
11:32:37.818 @WOR036 System.Byte[]
11:32:37.819 @WOR037 System.Byte[]
11:32:37.820 @WOR002 1
11:32:43.079 @idx 3454
11:32:43.082 @WOR005 008
11:32:43.084 @WOR006 下脚侧封边
11:32:43.085 @WOR007 毛465
11:32:43.087 @WOR008 
11:32:43.090 @WOR009 
11:32:43.091 @WOR010 毛69
11:32:43.092 @WOR011 
11:32:43.093 @WOR012 
11:32:43.094 @WOR013 净6
11:32:43.095 @WOR014 
11:32:43.096 @WOR015 
11:32:43.097 @WOR016 包拼
11:32:43.098 @WOR017 4
11:32:43.099 @WOR018 金丝柚
11:32:43.100 @WOR019 0
11:32:43.101 @WOR020 
11:32:43.102 @WOR021 
11:32:43.102 @WOR022 第一次包拼下脚450*75*55
11:32:43.103 @WOR023 2018/7/7 11:32:43
11:32:43.104 @WOR024 系统管理员
11:32:43.105 @WOR025 拼大板
11:32:43.106 @WOR026 
11:32:43.107 @WOR027 
11:32:43.108 @WOR028 0
11:32:43.109 @WOR029 0
11:32:43.110 @WOR030 
11:32:43.111 @WOR034 System.Byte[]
11:32:43.111 @WOR035 System.Byte[]
11:32:43.112 @WOR036 System.Byte[]
11:32:43.113 @WOR037 System.Byte[]
11:32:43.114 @WOR002 1
11:32:43.120 @idx 3463
11:32:43.122 @WOR005 018
11:32:43.123 @WOR006 2号1.2米床架-B1-1
11:32:43.124 @WOR007 1325
11:32:43.125 @WOR008 
11:32:43.126 @WOR009 
11:32:43.127 @WOR010 2200
11:32:43.128 @WOR011 
11:32:43.130 @WOR012 
11:32:43.132 @WOR013 1000
11:32:43.133 @WOR014 
11:32:43.135 @WOR015 
11:32:43.136 @WOR016 
11:32:43.137 @WOR017 0
11:32:43.138 @WOR018 
11:32:43.139 @WOR019 0
11:32:43.140 @WOR020 
11:32:43.141 @WOR021 
11:32:43.142 @WOR022 
11:32:43.143 @WOR023 2018/7/7 11:32:43
11:32:43.144 @WOR024 系统管理员
11:32:43.145 @WOR025 
11:32:43.146 @WOR026 
11:32:43.148 @WOR027 
11:32:43.149 @WOR028 0
11:32:43.150 @WOR029 0
11:32:43.152 @WOR030 
11:32:43.153 @WOR034 System.Byte[]
11:32:43.154 @WOR035 System.Byte[]
11:32:43.155 @WOR036 System.Byte[]
11:32:43.156 @WOR037 System.Byte[]
11:32:43.157 @WOR002 1
11:32:43.163 @WOR001 51-1.001.01.002
11:32:43.165 @WOR005 027
11:32:43.166 @WOR006 
11:32:43.167 @WOR007 
11:32:43.168 @WOR008 
11:32:43.170 @WOR009 
11:32:43.171 @WOR010 
11:32:43.172 @WOR011 
11:32:43.173 @WOR012 
11:32:43.174 @WOR013 
11:32:43.175 @WOR014 
11:32:43.176 @WOR015 
11:32:43.177 @WOR016 
11:32:43.178 @WOR017 0
11:32:43.180 @WOR018 
11:32:43.181 @WOR019 0
11:32:43.183 @WOR020 
11:32:43.184 @WOR021 
11:32:43.185 @WOR022 
11:32:43.187 @WOR023 2018/7/7 11:32:43
11:32:43.188 @WOR024 系统管理员
11:32:43.189 @WOR025 
11:32:43.190 @WOR026 
11:32:43.191 @WOR027 
11:32:43.192 @WOR028 0
11:32:43.193 @WOR029 0
11:32:43.194 @WOR030 
11:32:43.195 @WOR034 System.Byte[]
11:32:43.197 @WOR035 System.Byte[]
11:32:43.198 @WOR036 System.Byte[]
11:32:43.199 @WOR037 System.Byte[]
11:32:43.201 @WOR002 1
11:32:43.253 违反了 PRIMARY KEY 约束 'PK_MOXWOR_1'。不能在对象 'dbo.MOXWOR' 中插入重复键。
语句已终止。
   在 System.Data.SqlClient.SqlConnection.OnError(SqlException exception, Boolean breakConnection, Action`1 wrapCloseInAction)
   在 System.Data.SqlClient.TdsParser.ThrowExceptionAndWarning(TdsParserStateObject stateObj, Boolean callerHasConnectionLock, Boolean asyncClose)
   在 System.Data.SqlClient.TdsParser.TryRun(RunBehavior runBehavior, SqlCommand cmdHandler, SqlDataReader dataStream, BulkCopySimpleResultSet bulkCopyHandler, TdsParserStateObject stateObj, Boolean& dataReady)
   在 System.Data.SqlClient.SqlCommand.FinishExecuteReader(SqlDataReader ds, RunBehavior runBehavior, String resetOptionsString, Boolean isInternal, Boolean forDescribeParameterEncryption)
   在 System.Data.SqlClient.SqlCommand.RunExecuteReaderTds(CommandBehavior cmdBehavior, RunBehavior runBehavior, Boolean returnStream, Boolean async, Int32 timeout, Task& task, Boolean asyncWrite, Boolean inRetry, SqlDataReader ds, Boolean describeParameterEncryptionRequest)
   在 System.Data.SqlClient.SqlCommand.RunExecuteReader(CommandBehavior cmdBehavior, RunBehavior runBehavior, Boolean returnStream, String method, TaskCompletionSource`1 completion, Int32 timeout, Task& task, Boolean& usedCache, Boolean asyncWrite, Boolean inRetry)
   在 System.Data.SqlClient.SqlCommand.InternalExecuteNonQuery(TaskCompletionSource`1 completion, String methodName, Boolean sendToPipe, Int32 timeout, Boolean& usedCache, Boolean asyncWrite, Boolean inRetry)
   在 System.Data.SqlClient.SqlCommand.ExecuteNonQuery()
   在 StudentMgr.SqlHelper.ExecuteSqlTran(Hashtable SQLStringList) 位置 D:\Project data\MoXia\Carpenter\CarpenterBll\SqlHelper.cs:行号 973
11:32:43.255 INSERT INTO MOXWOR (WOR001,WOR005,WOR006,WOR007,WOR008,WOR009,WOR010,WOR011,WOR012,WOR013,WOR014,WOR015,WOR016,WOR017,WOR018,WOR019,WOR020,WOR021,WOR022,WOR023,WOR024,WOR025,WOR026,WOR027,WOR028,WOR029,WOR030,WOR034,WOR035,WOR036,WOR037,WOR002) VALUES (@WOR001,@WOR005,@WOR006,@WOR007,@WOR008,@WOR009,@WOR010,@WOR011,@WOR012,@WOR013,@WOR014,@WOR015,@WOR016,@WOR017,@WOR018,@WOR019,@WOR020,@WOR021,@WOR022,@WOR023,@WOR024,@WOR025,@WOR026,@WOR027,@WOR028,@WOR029,@WOR030,@WOR034,@WOR035,@WOR036,@WOR037,@WOR002)
11:34:59.850  异常信息：由于连接方在一段时间后没有正确答复或连接的主机没有反应，连接尝试失败。 192.168.1.188:80
  堆栈信息:   在 AutoUpdate.AppUpdate.DownloadFile(String url, String localFilePath) 位置 D:\Project data\MoXia\Carpenter\Carpenter\AppUpdate.cs:行号 242
   在 AutoUpdate.AppUpdate.CheckAppVersion(String& msg) 位置 D:\Project data\MoXia\Carpenter\Carpenter\AppUpdate.cs:行号 310
11:37:18.730 @EMP002 系统管理员
11:37:18.731 @EMP009 d2f278e251d1566edd72846d4ad97f
11:38:47.107 @idx 1577
11:38:47.108 @WOR005 009
11:38:47.110 @WOR006 床头上档
11:38:47.111 @WOR007 1500
11:38:47.112 @WOR008 
11:38:47.113 @WOR009 
11:38:47.114 @WOR010 70
11:38:47.116 @WOR011 
11:38:47.117 @WOR012 
11:38:47.118 @WOR013 35
11:38:47.119 @WOR014 
11:38:47.120 @WOR015 
11:38:47.121 @WOR016 实木
11:38:47.122 @WOR017 1
11:38:47.123 @WOR018 金丝柚C指接料
11:38:47.124 @WOR019 0
11:38:47.125 @WOR020 
11:38:47.126 @WOR021 
11:38:47.127 @WOR022 
11:38:47.128 @WOR023 2018/7/7 11:38:47
11:38:47.129 @WOR024 系统管理员
11:38:47.130 @WOR025 
11:38:47.131 @WOR026 榫净1440mm
11:38:47.133 @WOR027 
11:38:47.134 @WOR028 0
11:38:47.135 @WOR029 0
11:38:47.136 @WOR030 3
11:38:47.137 @WOR034 System.Byte[]
11:38:47.138 @WOR035 System.Byte[]
11:38:47.139 @WOR036 System.Byte[]
11:38:47.140 @WOR037 System.Byte[]
11:38:47.141 @WOR002 1
11:38:47.148 @WOQ001 51-1.001.02.004
11:38:47.149 @WOQ004 1010
11:38:47.150 @WOQ005 2018/7/7 11:38:47
11:38:47.151 @WOQ006 系统管理员
11:38:47.157 @idx 1581
11:38:47.158 @WOR005 013
11:38:47.159 @WOR006 床头板
11:38:47.161 @WOR007 650
11:38:47.162 @WOR008 
11:38:47.163 @WOR009 
11:38:47.164 @WOR010 158.5
11:38:47.165 @WOR011 
11:38:47.166 @WOR012 
11:38:47.167 @WOR013 35
11:38:47.168 @WOR014 
11:38:47.169 @WOR015 
11:38:47.170 @WOR016 拼板
11:38:47.171 @WOR017 9
11:38:47.172 @WOR018 金丝柚四清
11:38:47.173 @WOR019 0
11:38:47.174 @WOR020 
11:38:47.175 @WOR021 
11:38:47.176 @WOR022 床头上脚与床头板颜色一致
11:38:47.177 @WOR023 2018/7/7 11:38:47
11:38:47.178 @WOR024 系统管理员
11:38:47.180 @WOR025 
11:38:47.181 @WOR026 一头锯下65对号胶压  可二三拼
11:38:47.183 @WOR027 660
11:38:47.184 @WOR028 0
11:38:47.185 @WOR029 0
11:38:47.186 @WOR030 6
11:38:47.187 @WOR034 System.Byte[]
11:38:47.188 @WOR035 System.Byte[]
11:38:47.189 @WOR036 System.Byte[]
11:38:47.190 @WOR037 System.Byte[]
11:38:47.192 @WOR002 1
11:38:47.197 @idx 9577
11:38:47.199 @WOR005 008
11:38:47.200 @WOR006 下脚下接头
11:38:47.201 @WOR007 毛65
11:38:47.202 @WOR008 
11:38:47.204 @WOR009 
11:38:47.205 @WOR010 毛94
11:38:47.206 @WOR011 
11:38:47.208 @WOR012 
11:38:47.209 @WOR013 净61
11:38:47.210 @WOR014 
11:38:47.212 @WOR015 
11:38:47.213 @WOR016 包拼
11:38:47.215 @WOR017 2
11:38:47.216 @WOR018 金B
11:38:47.217 @WOR019 0
11:38:47.219 @WOR020 
11:38:47.220 @WOR021 
11:38:47.221 @WOR022 下脚450*100*75
11:38:47.223 @WOR023 2018/7/7 11:38:47
11:38:47.224 @WOR024 系统管理员
11:38:47.225 @WOR025 
11:38:47.226 @WOR026 一头指接可拼大板   修边尺寸：毛65*毛94*毛65
11:38:47.227 @WOR027 
11:38:47.228 @WOR028 0
11:38:47.229 @WOR029 0
11:38:47.230 @WOR030 
11:38:47.231 @WOR034 System.Byte[]
11:38:47.232 @WOR035 System.Byte[]
11:38:47.233 @WOR036 System.Byte[]
11:38:47.234 @WOR037 System.Byte[]
11:38:47.235 @WOR002 1
11:38:47.240 @WOR001 51-1.001.02.004
11:38:47.242 @WOR005 018
11:38:47.243 @WOR006 
11:38:47.244 @WOR007 
11:38:47.245 @WOR008 
11:38:47.246 @WOR009 
11:38:47.247 @WOR010 
11:38:47.248 @WOR011 
11:38:47.249 @WOR012 
11:38:47.250 @WOR013 
11:38:47.251 @WOR014 
11:38:47.252 @WOR015 
11:38:47.253 @WOR016 
11:38:47.254 @WOR017 0
11:38:47.255 @WOR018 
11:38:47.256 @WOR019 0
11:38:47.257 @WOR020 
11:38:47.258 @WOR021 
11:38:47.259 @WOR022 
11:38:47.260 @WOR023 2018/7/7 11:38:47
11:38:47.261 @WOR024 系统管理员
11:38:47.262 @WOR025 
11:38:47.263 @WOR026 
11:38:47.264 @WOR027 
11:38:47.265 @WOR028 0
11:38:47.266 @WOR029 0
11:38:47.267 @WOR030 
11:38:47.268 @WOR034 System.Byte[]
11:38:47.269 @WOR035 System.Byte[]
11:38:47.270 @WOR036 System.Byte[]
11:38:47.271 @WOR037 System.Byte[]
11:38:47.272 @WOR002 1
11:38:47.274 @idx 9576
11:38:47.276 @WOR005 007
11:38:47.277 @WOR006 下脚内芯
11:38:47.278 @WOR007 毛415
11:38:47.279 @WOR008 
11:38:47.280 @WOR009 
11:38:47.281 @WOR010 毛94
11:38:47.282 @WOR011 
11:38:47.283 @WOR012 
11:38:47.284 @WOR013 净61
11:38:47.285 @WOR014 
11:38:47.286 @WOR015 
11:38:47.288 @WOR016 包拼
11:38:47.289 @WOR017 2
11:38:47.290 @WOR018 金杂拼
11:38:47.290 @WOR019 0
11:38:47.291 @WOR020 
11:38:47.292 @WOR021 
11:38:47.293 @WOR022 下脚450*100*75
11:38:47.294 @WOR023 2018/7/7 11:38:47
11:38:47.295 @WOR024 系统管理员
11:38:47.296 @WOR025 
11:38:47.297 @WOR026 一头指接   修边尺寸：毛415*毛94*毛65
11:38:47.298 @WOR027 
11:38:47.299 @WOR028 0
11:38:47.300 @WOR029 0
11:38:47.301 @WOR030 
11:38:47.302 @WOR034 System.Byte[]
11:38:47.303 @WOR035 System.Byte[]
11:38:47.304 @WOR036 System.Byte[]
11:38:47.305 @WOR037 System.Byte[]
11:38:47.306 @WOR002 1
11:38:47.311 @WOR001 51-1.001.02.004
11:38:47.312 @WOR005 017
11:38:47.313 @WOR006 
11:38:47.314 @WOR007 
11:38:47.315 @WOR008 
11:38:47.316 @WOR009 
11:38:47.317 @WOR010 
11:38:47.318 @WOR011 
11:38:47.319 @WOR012 
11:38:47.320 @WOR013 
11:38:47.321 @WOR014 
11:38:47.322 @WOR015 
11:38:47.323 @WOR016 
11:38:47.324 @WOR017 0
11:38:47.326 @WOR018 
11:38:47.326 @WOR019 0
11:38:47.327 @WOR020 
11:38:47.328 @WOR021 
11:38:47.329 @WOR022 
11:38:47.330 @WOR023 2018/7/7 11:38:47
11:38:47.332 @WOR024 系统管理员
11:38:47.333 @WOR025 
11:38:47.334 @WOR026 
11:38:47.335 @WOR027 
11:38:47.336 @WOR028 0
11:38:47.337 @WOR029 0
11:38:47.338 @WOR030 
11:38:47.339 @WOR034 System.Byte[]
11:38:47.340 @WOR035 System.Byte[]
11:38:47.341 @WOR036 System.Byte[]
11:38:47.342 @WOR037 System.Byte[]
11:38:47.343 @WOR002 1
11:38:47.345 @idx 1579
11:38:47.346 @WOR005 011
11:38:47.347 @WOR006 床头下板
11:38:47.349 @WOR007 1440
11:38:47.350 @WOR008 
11:38:47.351 @WOR009 
11:38:47.352 @WOR010 285
11:38:47.353 @WOR011 
11:38:47.354 @WOR012 
11:38:47.355 @WOR013 18
11:38:47.356 @WOR014 
11:38:47.356 @WOR015 
11:38:47.357 @WOR016 板材
11:38:47.358 @WOR017 1
11:38:47.359 @WOR018 橡木指接板
11:38:47.360 @WOR019 0
11:38:47.361 @WOR020 
11:38:47.362 @WOR021 
11:38:47.363 @WOR022 
11:38:47.364 @WOR023 2018/7/7 11:38:47
11:38:47.365 @WOR024 系统管理员
11:38:47.366 @WOR025 
11:38:47.367 @WOR026 
11:38:47.368 @WOR027 
11:38:47.369 @WOR028 0
11:38:47.370 @WOR029 0
11:38:47.371 @WOR030 1
11:38:47.373 @WOR034 System.Byte[]
11:38:47.374 @WOR035 System.Byte[]
11:38:47.375 @WOR036 System.Byte[]
11:38:47.377 @WOR037 System.Byte[]
11:38:47.378 @WOR002 1
11:38:47.383 @idx 9573
11:38:47.384 @WOR005 004
11:38:47.386 @WOR006 下脚前封边
11:38:47.387 @WOR007 毛465
11:38:47.388 @WOR008 
11:38:47.389 @WOR009 
11:38:47.390 @WOR010 毛94
11:38:47.391 @WOR011 
11:38:47.392 @WOR012 
11:38:47.393 @WOR013 净10
11:38:47.394 @WOR014 
11:38:47.395 @WOR015 
11:38:47.396 @WOR016 包拼
11:38:47.397 @WOR017 2
11:38:47.398 @WOR018 金A
11:38:47.399 @WOR019 0
11:38:47.400 @WOR020 
11:38:47.401 @WOR021 
11:38:47.402 @WOR022 第一包拼下脚450*100*75
11:38:47.403 @WOR023 2018/7/7 11:38:47
11:38:47.404 @WOR024 系统管理员
11:38:47.405 @WOR025 
11:38:47.405 @WOR026 拼大板
11:38:47.406 @WOR027 
11:38:47.407 @WOR028 0
11:38:47.408 @WOR029 0
11:38:47.409 @WOR030 
11:38:47.410 @WOR034 System.Byte[]
11:38:47.411 @WOR035 System.Byte[]
11:38:47.412 @WOR036 System.Byte[]
11:38:47.413 @WOR037 System.Byte[]
11:38:47.414 @WOR002 1
11:38:47.419 @idx 9575
11:38:47.420 @WOR005 006
11:38:47.422 @WOR006 下脚侧封边
11:38:47.423 @WOR007 毛465
11:38:47.424 @WOR008 
11:38:47.425 @WOR009 
11:38:47.426 @WOR010 毛77
11:38:47.427 @WOR011 
11:38:47.428 @WOR012 
11:38:47.429 @WOR013 净6
11:38:47.430 @WOR014 
11:38:47.431 @WOR015 
11:38:47.432 @WOR016 包拼
11:38:47.433 @WOR017 4
11:38:47.434 @WOR018 金A
11:38:47.435 @WOR019 0
11:38:47.435 @WOR020 
11:38:47.436 @WOR021 
11:38:47.437 @WOR022 第二包拼下脚450*100*75
11:38:47.438 @WOR023 2018/7/7 11:38:47
11:38:47.440 @WOR024 系统管理员
11:38:47.441 @WOR025 
11:38:47.442 @WOR026 拼大板
11:38:47.442 @WOR027 
11:38:47.443 @WOR028 0
11:38:47.445 @WOR029 0
11:38:47.446 @WOR030 
11:38:47.447 @WOR034 System.Byte[]
11:38:47.448 @WOR035 System.Byte[]
11:38:47.448 @WOR036 System.Byte[]
11:38:47.449 @WOR037 System.Byte[]
11:38:47.450 @WOR002 1
11:38:47.456 @idx 1578
11:38:47.457 @WOR005 010
11:38:47.458 @WOR006 床头下档
11:38:47.459 @WOR007 1500
11:38:47.460 @WOR008 
11:38:47.461 @WOR009 
11:38:47.462 @WOR010 45
11:38:47.463 @WOR011 
11:38:47.464 @WOR012 
11:38:47.465 @WOR013 45
11:38:47.466 @WOR014 
11:38:47.467 @WOR015 
11:38:47.468 @WOR016 实木
11:38:47.469 @WOR017 1
11:38:47.469 @WOR018 金丝柚A指接料
11:38:47.470 @WOR019 0
11:38:47.471 @WOR020 
11:38:47.472 @WOR021 
11:38:47.473 @WOR022 
11:38:47.474 @WOR023 2018/7/7 11:38:47
11:38:47.475 @WOR024 系统管理员
11:38:47.476 @WOR025 
11:38:47.477 @WOR026 榫净1440mm
11:38:47.478 @WOR027 
11:38:47.479 @WOR028 0
11:38:47.480 @WOR029 0
11:38:47.481 @WOR030 4
11:38:47.482 @WOR034 System.Byte[]
11:38:47.483 @WOR035 System.Byte[]
11:38:47.484 @WOR036 System.Byte[]
11:38:47.485 @WOR037 System.Byte[]
11:38:47.486 @WOR002 1
11:38:47.491 @idx 1580
11:38:47.492 @WOR005 012
11:38:47.494 @WOR006 床头后条
11:38:47.495 @WOR007 280
11:38:47.496 @WOR008 
11:38:47.497 @WOR009 
11:38:47.498 @WOR010 25
11:38:47.499 @WOR011 
11:38:47.500 @WOR012 
11:38:47.501 @WOR013 18
11:38:47.502 @WOR014 
11:38:47.503 @WOR015 
11:38:47.504 @WOR016 板材
11:38:47.504 @WOR017 2
11:38:47.505 @WOR018 橡木指接板
11:38:47.506 @WOR019 0
11:38:47.507 @WOR020 
11:38:47.508 @WOR021 
11:38:47.509 @WOR022 
11:38:47.510 @WOR023 2018/7/7 11:38:47
11:38:47.511 @WOR024 系统管理员
11:38:47.512 @WOR025 
11:38:47.513 @WOR026 
11:38:47.514 @WOR027 
11:38:47.515 @WOR028 0
11:38:47.516 @WOR029 0
11:38:47.516 @WOR030 2
11:38:47.517 @WOR034 System.Byte[]
11:38:47.518 @WOR035 System.Byte[]
11:38:47.519 @WOR036 System.Byte[]
11:38:47.520 @WOR037 System.Byte[]
11:38:47.521 @WOR002 1
11:38:47.526 @idx 1583
11:38:47.527 @WOR005 015
11:38:47.528 @WOR006 床头缝条
11:38:47.530 @WOR007 413
11:38:47.531 @WOR008 
11:38:47.532 @WOR009 
11:38:47.533 @WOR010 25
11:38:47.534 @WOR011 
11:38:47.535 @WOR012 
11:38:47.536 @WOR013 5
11:38:47.537 @WOR014 
11:38:47.538 @WOR015 
11:38:47.540 @WOR016 实木
11:38:47.541 @WOR017 8
11:38:47.542 @WOR018 金丝柚C
11:38:47.543 @WOR019 0
11:38:47.544 @WOR020 
11:38:47.545 @WOR021 
11:38:47.546 @WOR022 
11:38:47.547 @WOR023 2018/7/7 11:38:47
11:38:47.548 @WOR024 系统管理员
11:38:47.549 @WOR025 
11:38:47.550 @WOR026 按实锯
11:38:47.551 @WOR027 
11:38:47.552 @WOR028 0
11:38:47.553 @WOR029 0
11:38:47.554 @WOR030 8
11:38:47.555 @WOR034 System.Byte[]
11:38:47.556 @WOR035 System.Byte[]
11:38:47.557 @WOR036 System.Byte[]
11:38:47.558 @WOR037 System.Byte[]
11:38:47.559 @WOR002 1
11:38:47.564 @idx 1571
11:38:47.565 @WOR005 003
11:38:47.566 @WOR006 床头下脚
11:38:47.567 @WOR007 450
11:38:47.568 @WOR008 
11:38:47.569 @WOR009 
11:38:47.571 @WOR010 100
11:38:47.572 @WOR011 
11:38:47.573 @WOR012 
11:38:47.574 @WOR013 75
11:38:47.575 @WOR014 
11:38:47.576 @WOR015 
11:38:47.576 @WOR016 实木包拼
11:38:47.577 @WOR017 2
11:38:47.578 @WOR018 金丝柚AB包拼
11:38:47.580 @WOR019 0
11:38:47.581 @WOR020 
11:38:47.582 @WOR021 
11:38:47.583 @WOR022 
11:38:47.584 @WOR023 2018/7/7 11:38:47
11:38:47.585 @WOR024 系统管理员
11:38:47.586 @WOR025 
11:38:47.587 @WOR026 指接
11:38:47.588 @WOR027 
11:38:47.589 @WOR028 0
11:38:47.591 @WOR029 0
11:38:47.592 @WOR030 2
11:38:47.593 @WOR034 System.Byte[]
11:38:47.594 @WOR035 System.Byte[]
11:38:47.595 @WOR036 System.Byte[]
11:38:47.596 @WOR037 System.Byte[]
11:38:47.597 @WOR002 1
11:38:47.602 @idx 1570
11:38:47.604 @WOR005 002
11:38:47.605 @WOR006 床头上脚
11:38:47.606 @WOR007 650
11:38:47.607 @WOR008 
11:38:47.608 @WOR009 
11:38:47.609 @WOR010 100
11:38:47.610 @WOR011 
11:38:47.611 @WOR012 
11:38:47.612 @WOR013 按模
11:38:47.613 @WOR014 
11:38:47.614 @WOR015 
11:38:47.615 @WOR016 实木
11:38:47.616 @WOR017 2
11:38:47.617 @WOR018 金丝柚AB
11:38:47.618 @WOR019 0
11:38:47.619 @WOR020 
11:38:47.620 @WOR021 
11:38:47.621 @WOR022 用两面光料35+35+35砂拼
床头上脚与床头板颜色一致  断好  直接画线
11:38:47.622 @WOR023 2018/7/7 11:38:47
11:38:47.622 @WOR024 系统管理员
11:38:47.623 @WOR025 
11:38:47.624 @WOR026 指接
11:38:47.625 @WOR027 650
11:38:47.626 @WOR028 0
11:38:47.627 @WOR029 0
11:38:47.628 @WOR030 1
11:38:47.629 @WOR034 System.Byte[]
11:38:47.630 @WOR035 System.Byte[]
11:38:47.631 @WOR036 System.Byte[]
11:38:47.632 @WOR037 System.Byte[]
11:38:47.633 @WOR002 1
11:38:47.638 @idx 9574
11:38:47.639 @WOR005 005
11:38:47.640 @WOR006 下脚后封边
11:38:47.641 @WOR007 毛465
11:38:47.642 @WOR008 
11:38:47.643 @WOR009 
11:38:47.644 @WOR010 毛94
11:38:47.645 @WOR011 
11:38:47.646 @WOR012 
11:38:47.647 @WOR013 净6
11:38:47.648 @WOR014 
11:38:47.649 @WOR015 
11:38:47.650 @WOR016 包拼
11:38:47.651 @WOR017 2
11:38:47.652 @WOR018 金A
11:38:47.653 @WOR019 0
11:38:47.654 @WOR020 
11:38:47.655 @WOR021 
11:38:47.656 @WOR022 第一包拼下脚450*100*75
11:38:47.657 @WOR023 2018/7/7 11:38:47
11:38:47.658 @WOR024 系统管理员
11:38:47.659 @WOR025 
11:38:47.660 @WOR026 拼大板
11:38:47.661 @WOR027 
11:38:47.662 @WOR028 0
11:38:47.663 @WOR029 0
11:38:47.664 @WOR030 
11:38:47.665 @WOR034 System.Byte[]
11:38:47.666 @WOR035 System.Byte[]
11:38:47.667 @WOR036 System.Byte[]
11:38:47.668 @WOR037 System.Byte[]
11:38:47.669 @WOR002 1
11:38:47.674 @idx 1584
11:38:47.676 @WOR005 016
11:38:47.677 @WOR006 床头边缝条
11:38:47.678 @WOR007 415
11:38:47.679 @WOR008 
11:38:47.680 @WOR009 
11:38:47.681 @WOR010 20
11:38:47.682 @WOR011 
11:38:47.683 @WOR012 
11:38:47.684 @WOR013 10
11:38:47.685 @WOR014 
11:38:47.686 @WOR015 
11:38:47.687 @WOR016 实木
11:38:47.688 @WOR017 2
11:38:47.689 @WOR018 金丝柚C
11:38:47.690 @WOR019 0
11:38:47.692 @WOR020 
11:38:47.693 @WOR021 
11:38:47.694 @WOR022 
11:38:47.695 @WOR023 2018/7/7 11:38:47
11:38:47.696 @WOR024 系统管理员
11:38:47.697 @WOR025 
11:38:47.698 @WOR026 按实锯
11:38:47.699 @WOR027 
11:38:47.700 @WOR028 0
11:38:47.700 @WOR029 0
11:38:47.701 @WOR030 5
11:38:47.702 @WOR034 System.Byte[]
11:38:47.703 @WOR035 System.Byte[]
11:38:47.704 @WOR036 System.Byte[]
11:38:47.705 @WOR037 System.Byte[]
11:38:47.706 @WOR002 1
11:38:47.711 @idx 1582
11:38:47.713 @WOR005 014
11:38:47.714 @WOR006 床头角条
11:38:47.715 @WOR007 1439
11:38:47.716 @WOR008 
11:38:47.717 @WOR009 
11:38:47.718 @WOR010 25
11:38:47.719 @WOR011 
11:38:47.720 @WOR012 
11:38:47.721 @WOR013 18
11:38:47.722 @WOR014 
11:38:47.723 @WOR015 
11:38:47.724 @WOR016 实木
11:38:47.725 @WOR017 1
11:38:47.726 @WOR018 橡木指接板
11:38:47.727 @WOR019 0
11:38:47.728 @WOR020 
11:38:47.729 @WOR021 
11:38:47.730 @WOR022 
11:38:47.731 @WOR023 2018/7/7 11:38:47
11:38:47.732 @WOR024 系统管理员
11:38:47.733 @WOR025 
11:38:47.733 @WOR026 
11:38:47.734 @WOR027 
11:38:47.735 @WOR028 0
11:38:47.736 @WOR029 0
11:38:47.737 @WOR030 7
11:38:47.738 @WOR034 System.Byte[]
11:38:47.739 @WOR035 System.Byte[]
11:38:47.740 @WOR036 System.Byte[]
11:38:47.741 @WOR037 System.Byte[]
11:38:47.742 @WOR002 1
11:38:47.747 @idx 1569
11:38:47.748 @WOR005 001
11:38:47.749 @WOR006 床头脚
11:38:47.750 @WOR007 1085
11:38:47.752 @WOR008 
11:38:47.753 @WOR009 
11:38:47.754 @WOR010 100
11:38:47.755 @WOR011 
11:38:47.756 @WOR012 
11:38:47.757 @WOR013 按模
11:38:47.758 @WOR014 
11:38:47.759 @WOR015 
11:38:47.759 @WOR016 
11:38:47.760 @WOR017 2
11:38:47.761 @WOR018 
11:38:47.762 @WOR019 0
11:38:47.763 @WOR020 
11:38:47.764 @WOR021 
11:38:47.765 @WOR022 
11:38:47.766 @WOR023 2018/7/7 11:38:47
11:38:47.767 @WOR024 系统管理员
11:38:47.768 @WOR025 
11:38:47.769 @WOR026 
11:38:47.770 @WOR027 
11:38:47.771 @WOR028 0
11:38:47.772 @WOR029 0
11:38:47.772 @WOR030 
11:38:47.773 @WOR034 System.Byte[]
11:38:47.774 @WOR035 System.Byte[]
11:38:47.775 @WOR036 System.Byte[]
11:38:47.776 @WOR037 System.Byte[]
11:38:47.777 @WOR002 1
11:41:11.107  异常信息：由于连接方在一段时间后没有正确答复或连接的主机没有反应，连接尝试失败。 192.168.1.188:80
  堆栈信息:   在 AutoUpdate.AppUpdate.DownloadFile(String url, String localFilePath) 位置 D:\Project data\MoXia\Carpenter\Carpenter\AppUpdate.cs:行号 242
   在 AutoUpdate.AppUpdate.CheckAppVersion(String& msg) 位置 D:\Project data\MoXia\Carpenter\Carpenter\AppUpdate.cs:行号 310
11:41:38.057 @EMP002 系统管理员
11:41:38.058 @EMP009 d2f278e251d1566edd72846d4ad97f
11:42:17.013 @idx 8756
11:42:17.014 @WOR005 002
11:42:17.015 @WOR006 床靠上脚
11:42:17.017 @WOR007 570
11:42:17.018 @WOR008 
11:42:17.019 @WOR009 
11:42:17.021 @WOR010 40/63
11:42:17.021 @WOR011 
11:42:17.022 @WOR012 
11:42:17.023 @WOR013 55
11:42:17.024 @WOR014 
11:42:17.025 @WOR015 
11:42:17.026 @WOR016 实木
11:42:17.027 @WOR017 2
11:42:17.028 @WOR018 金指接料
11:42:17.029 @WOR019 0
11:42:17.030 @WOR020 
11:42:17.031 @WOR021 
11:42:17.032 @WOR022 
11:42:17.033 @WOR023 2018/7/7 11:42:16
11:42:17.034 @WOR024 系统管理员
11:42:17.035 @WOR025 
11:42:17.036 @WOR026 
11:42:17.037 @WOR027 570
11:42:17.038 @WOR028 0
11:42:17.039 @WOR029 0
11:42:17.040 @WOR030 1
11:42:17.043 @WOR034 System.Byte[]
11:42:17.044 @WOR035 System.Byte[]
11:42:17.046 @WOR036 System.Byte[]
11:42:17.047 @WOR037 System.Byte[]
11:42:17.048 @WOR002 1
11:42:17.053 @WOR001 51-1.001.02.005-1
11:42:17.055 @WOR005 022
11:42:17.056 @WOR006 
11:42:17.057 @WOR007 
11:42:17.058 @WOR008 
11:42:17.059 @WOR009 
11:42:17.060 @WOR010 
11:42:17.061 @WOR011 
11:42:17.062 @WOR012 
11:42:17.063 @WOR013 
11:42:17.064 @WOR014 
11:42:17.065 @WOR015 
11:42:17.067 @WOR016 
11:42:17.068 @WOR017 0
11:42:17.069 @WOR018 
11:42:17.070 @WOR019 0
11:42:17.071 @WOR020 
11:42:17.072 @WOR021 
11:42:17.073 @WOR022 
11:42:17.074 @WOR023 2018/7/7 11:42:16
11:42:17.075 @WOR024 系统管理员
11:42:17.076 @WOR025 
11:42:17.077 @WOR026 
11:42:17.078 @WOR027 
11:42:17.079 @WOR028 0
11:42:17.080 @WOR029 0
11:42:17.081 @WOR030 
11:42:17.082 @WOR034 System.Byte[]
11:42:17.083 @WOR035 System.Byte[]
11:42:17.084 @WOR036 System.Byte[]
11:42:17.085 @WOR037 System.Byte[]
11:42:17.086 @WOR002 1
11:42:17.088 @idx 8757
11:42:17.089 @WOR005 003
11:42:17.091 @WOR006 床靠下脚
11:42:17.092 @WOR007 540
11:42:17.093 @WOR008 
11:42:17.094 @WOR009 
11:42:17.095 @WOR010 70
11:42:17.096 @WOR011 
11:42:17.097 @WOR012 
11:42:17.099 @WOR013 55
11:42:17.100 @WOR014 
11:42:17.101 @WOR015 
11:42:17.102 @WOR016 实木包拼
11:42:17.103 @WOR017 2
11:42:17.104 @WOR018 金AB包拼
11:42:17.105 @WOR019 0
11:42:17.106 @WOR020 
11:42:17.107 @WOR021 
11:42:17.108 @WOR022 
11:42:17.109 @WOR023 2018/7/7 11:42:16
11:42:17.110 @WOR024 系统管理员
11:42:17.111 @WOR025 
11:42:17.112 @WOR026 
11:42:17.113 @WOR027 
11:42:17.115 @WOR028 0
11:42:17.116 @WOR029 0
11:42:17.117 @WOR030 2
11:42:17.118 @WOR034 System.Byte[]
11:42:17.119 @WOR035 System.Byte[]
11:42:17.121 @WOR036 System.Byte[]
11:42:17.122 @WOR037 System.Byte[]
11:42:17.123 @WOR002 1
11:42:17.128 @idx 8768
11:42:17.129 @WOR005 016
11:42:17.130 @WOR006 靠板后隐条
11:42:17.132 @WOR007 733
11:42:17.133 @WOR008 
11:42:17.134 @WOR009 
11:42:17.135 @WOR010 40
11:42:17.136 @WOR011 
11:42:17.137 @WOR012 
11:42:17.138 @WOR013 10
11:42:17.139 @WOR014 
11:42:17.140 @WOR015 
11:42:17.141 @WOR016 实木
11:42:17.142 @WOR017 4
11:42:17.143 @WOR018 金丝柚C
11:42:17.144 @WOR019 0
11:42:17.145 @WOR020 
11:42:17.146 @WOR021 
11:42:17.147 @WOR022 
11:42:17.148 @WOR023 2018/7/7 11:42:16
11:42:17.149 @WOR024 系统管理员
11:42:17.150 @WOR025 
11:42:17.151 @WOR026 
11:42:17.151 @WOR027 
11:42:17.152 @WOR028 0
11:42:17.153 @WOR029 0
11:42:17.154 @WOR030 10
11:42:17.156 @WOR034 System.Byte[]
11:42:17.157 @WOR035 System.Byte[]
11:42:17.158 @WOR036 System.Byte[]
11:42:17.159 @WOR037 System.Byte[]
11:42:17.160 @WOR002 1
11:42:17.165 @WOQ001 51-1.001.02.005-1
11:42:17.166 @WOQ004 1015
11:42:17.167 @WOQ005 2018/7/7 11:42:16
11:42:17.169 @WOQ006 系统管理员
11:42:17.173 @idx 8761
11:42:17.174 @WOR005 007
11:42:17.175 @WOR006 下脚下接头
11:42:17.176 @WOR007 毛65
11:42:17.177 @WOR008 
11:42:17.178 @WOR009 
11:42:17.179 @WOR010 毛64
11:42:17.180 @WOR011 
11:42:17.181 @WOR012 
11:42:17.182 @WOR013 净45
11:42:17.183 @WOR014 
11:42:17.184 @WOR015 
11:42:17.185 @WOR016 包芯
11:42:17.186 @WOR017 2
11:42:17.187 @WOR018 金B
11:42:17.189 @WOR019 0
11:42:17.190 @WOR020 
11:42:17.191 @WOR021 
11:42:17.192 @WOR022 下脚540*70*55
11:42:17.193 @WOR023 2018/7/7 11:42:16
11:42:17.194 @WOR024 系统管理员
11:42:17.195 @WOR025 
11:42:17.196 @WOR026 修边尺寸：毛65*毛64*毛49   一头指接可拼大板
11:42:17.197 @WOR027 
11:42:17.198 @WOR028 0
11:42:17.199 @WOR029 0
11:42:17.200 @WOR030 
11:42:17.201 @WOR034 System.Byte[]
11:42:17.202 @WOR035 System.Byte[]
11:42:17.203 @WOR036 System.Byte[]
11:42:17.204 @WOR037 System.Byte[]
11:42:17.205 @WOR002 1
11:42:17.210 @idx 8762
11:42:17.212 @WOR005 008
11:42:17.213 @WOR006 床靠后上档
11:42:17.214 @WOR007 1570
11:42:17.215 @WOR008 
11:42:17.217 @WOR009 
11:42:17.218 @WOR010 45
11:42:17.219 @WOR011 
11:42:17.220 @WOR012 
11:42:17.221 @WOR013 40
11:42:17.222 @WOR014 
11:42:17.223 @WOR015 
11:42:17.224 @WOR016 实木
11:42:17.225 @WOR017 1
11:42:17.225 @WOR018 金丝柚指接料
11:42:17.226 @WOR019 0
11:42:17.227 @WOR020 
11:42:17.228 @WOR021 
11:42:17.229 @WOR022 
11:42:17.230 @WOR023 2018/7/7 11:42:16
11:42:17.231 @WOR024 系统管理员
11:42:17.232 @WOR025 
11:42:17.234 @WOR026 榫净1520mm
11:42:17.235 @WOR027 
11:42:17.236 @WOR028 0
11:42:17.237 @WOR029 0
11:42:17.238 @WOR030 3
11:42:17.239 @WOR034 System.Byte[]
11:42:17.240 @WOR035 System.Byte[]
11:42:17.241 @WOR036 System.Byte[]
11:42:17.241 @WOR037 System.Byte[]
11:42:17.242 @WOR002 1
11:42:17.248 @WOR001 51-1.001.02.005-1
11:42:17.249 @WOR005 021
11:42:17.250 @WOR006 
11:42:17.251 @WOR007 
11:42:17.253 @WOR008 
11:42:17.254 @WOR009 
11:42:17.255 @WOR010 
11:42:17.256 @WOR011 
11:42:17.257 @WOR012 
11:42:17.258 @WOR013 
11:42:17.259 @WOR014 
11:42:17.260 @WOR015 
11:42:17.261 @WOR016 
11:42:17.262 @WOR017 0
11:42:17.263 @WOR018 
11:42:17.264 @WOR019 0
11:42:17.265 @WOR020 
11:42:17.266 @WOR021 
11:42:17.267 @WOR022 
11:42:17.268 @WOR023 2018/7/7 11:42:16
11:42:17.269 @WOR024 系统管理员
11:42:17.270 @WOR025 
11:42:17.271 @WOR026 
11:42:17.272 @WOR027 
11:42:17.273 @WOR028 0
11:42:17.274 @WOR029 0
11:42:17.275 @WOR030 
11:42:17.276 @WOR034 System.Byte[]
11:42:17.277 @WOR035 System.Byte[]
11:42:17.278 @WOR036 System.Byte[]
11:42:17.279 @WOR037 System.Byte[]
11:42:17.280 @WOR002 1
11:42:17.283 @idx 8758
11:42:17.284 @WOR005 004
11:42:17.285 @WOR006 下脚前后封边
11:42:17.287 @WOR007 毛555
11:42:17.288 @WOR008 
11:42:17.289 @WOR009 
11:42:17.290 @WOR010 毛57
11:42:17.291 @WOR011 
11:42:17.292 @WOR012 
11:42:17.293 @WOR013 净6
11:42:17.294 @WOR014 
11:42:17.295 @WOR015 
11:42:17.296 @WOR016 包拼
11:42:17.297 @WOR017 4
11:42:17.298 @WOR018 金A
11:42:17.300 @WOR019 0
11:42:17.301 @WOR020 
11:42:17.302 @WOR021 
11:42:17.303 @WOR022 第二包拼下脚540*70*55
11:42:17.304 @WOR023 2018/7/7 11:42:16
11:42:17.305 @WOR024 系统管理员
11:42:17.306 @WOR025 
11:42:17.307 @WOR026 拼大板
11:42:17.309 @WOR027 
11:42:17.310 @WOR028 0
11:42:17.311 @WOR029 0
11:42:17.312 @WOR030 
11:42:17.313 @WOR034 System.Byte[]
11:42:17.314 @WOR035 System.Byte[]
11:42:17.315 @WOR036 System.Byte[]
11:42:17.316 @WOR037 System.Byte[]
11:42:17.317 @WOR002 1
11:42:17.322 @idx 8770
11:42:17.323 @WOR005 018
11:42:17.324 @WOR006 床头下档
11:42:17.325 @WOR007 1570
11:42:17.327 @WOR008 
11:42:17.328 @WOR009 
11:42:17.329 @WOR010 45
11:42:17.330 @WOR011 
11:42:17.331 @WOR012 
11:42:17.332 @WOR013 45
11:42:17.333 @WOR014 
11:42:17.334 @WOR015 
11:42:17.335 @WOR016 实木
11:42:17.336 @WOR017 1
11:42:17.337 @WOR018 金指接A料
11:42:17.338 @WOR019 0
11:42:17.339 @WOR020 
11:42:17.340 @WOR021 
11:42:17.341 @WOR022 
11:42:17.342 @WOR023 2018/7/7 11:42:16
11:42:17.343 @WOR024 系统管理员
11:42:17.344 @WOR025 
11:42:17.345 @WOR026 榫净1520mm
11:42:17.346 @WOR027 
11:42:17.347 @WOR028 0
11:42:17.348 @WOR029 0
11:42:17.349 @WOR030 11
11:42:17.350 @WOR034 System.Byte[]
11:42:17.351 @WOR035 System.Byte[]
11:42:17.352 @WOR036 System.Byte[]
11:42:17.353 @WOR037 System.Byte[]
11:42:17.354 @WOR002 1
11:42:17.359 @idx 8772
11:42:17.361 @WOR005 020
11:42:17.362 @WOR006 床头后条
11:42:17.363 @WOR007 330
11:42:17.364 @WOR008 
11:42:17.365 @WOR009 
11:42:17.366 @WOR010 25
11:42:17.367 @WOR011 
11:42:17.368 @WOR012 
11:42:17.369 @WOR013 18
11:42:17.370 @WOR014 
11:42:17.371 @WOR015 
11:42:17.372 @WOR016 板材
11:42:17.373 @WOR017 2
11:42:17.374 @WOR018 橡木指接板
11:42:17.375 @WOR019 0
11:42:17.376 @WOR020 
11:42:17.377 @WOR021 
11:42:17.378 @WOR022 
11:42:17.379 @WOR023 2018/7/7 11:42:16
11:42:17.380 @WOR024 系统管理员
11:42:17.381 @WOR025 
11:42:17.382 @WOR026 
11:42:17.383 @WOR027 
11:42:17.384 @WOR028 0
11:42:17.385 @WOR029 0
11:42:17.386 @WOR030 3
11:42:17.387 @WOR034 System.Byte[]
11:42:17.388 @WOR035 System.Byte[]
11:42:17.389 @WOR036 System.Byte[]
11:42:17.390 @WOR037 System.Byte[]
11:42:17.391 @WOR002 1
11:42:17.397 @idx 8764
11:42:17.398 @WOR005 011
11:42:17.399 @WOR006 床靠板
11:42:17.400 @WOR007 1750
11:42:17.401 @WOR008 
11:42:17.402 @WOR009 
11:42:17.403 @WOR010 毛585
11:42:17.405 @WOR011 
11:42:17.406 @WOR012 
11:42:17.406 @WOR013 20
11:42:17.407 @WOR014 
11:42:17.408 @WOR015 
11:42:17.409 @WOR016 实木
11:42:17.410 @WOR017 1
11:42:17.411 @WOR018 金丝柚A
11:42:17.412 @WOR019 0
11:42:17.413 @WOR020 
11:42:17.414 @WOR021 
11:42:17.415 @WOR022 按模选板  一分三锯路   地方放宽板  锯板编号
11:42:17.416 @WOR023 2018/7/7 11:42:16
11:42:17.417 @WOR024 系统管理员
11:42:17.418 @WOR025 
11:42:17.419 @WOR026 床靠上板1750*毛175*20=1    床靠板1750*毛200*20=2
11:42:17.420 @WOR027 1765
11:42:17.421 @WOR028 0
11:42:17.422 @WOR029 0
11:42:17.423 @WOR030 5
11:42:17.424 @WOR034 System.Byte[]
11:42:17.425 @WOR035 System.Byte[]
11:42:17.425 @WOR036 System.Byte[]
11:42:17.426 @WOR037 System.Byte[]
11:42:17.427 @WOR002 1
11:42:17.432 @idx 8769
11:42:17.434 @WOR005 017
11:42:17.435 @WOR006 靠板下后条
11:42:17.436 @WOR007 733
11:42:17.437 @WOR008 
11:42:17.438 @WOR009 
11:42:17.439 @WOR010 18
11:42:17.440 @WOR011 
11:42:17.441 @WOR012 
11:42:17.442 @WOR013 18
11:42:17.443 @WOR014 
11:42:17.444 @WOR015 
11:42:17.445 @WOR016 板材
11:42:17.446 @WOR017 2
11:42:17.447 @WOR018 橡木指接板
11:42:17.448 @WOR019 0
11:42:17.449 @WOR020 
11:42:17.450 @WOR021 
11:42:17.451 @WOR022 
11:42:17.452 @WOR023 2018/7/7 11:42:16
11:42:17.452 @WOR024 系统管理员
11:42:17.453 @WOR025 
11:42:17.454 @WOR026 
11:42:17.455 @WOR027 
11:42:17.456 @WOR028 0
11:42:17.457 @WOR029 0
11:42:17.458 @WOR030 1
11:42:17.459 @WOR034 System.Byte[]
11:42:17.460 @WOR035 System.Byte[]
11:42:17.461 @WOR036 System.Byte[]
11:42:17.462 @WOR037 System.Byte[]
11:42:17.463 @WOR002 1
11:42:17.468 @idx 8759
11:42:17.469 @WOR005 005
11:42:17.470 @WOR006 下脚侧封边
11:42:17.471 @WOR007 毛555
11:42:17.472 @WOR008 
11:42:17.473 @WOR009 
11:42:17.474 @WOR010 毛64
11:42:17.475 @WOR011 
11:42:17.476 @WOR012 
11:42:17.477 @WOR013 净6
11:42:17.478 @WOR014 
11:42:17.479 @WOR015 
11:42:17.480 @WOR016 包拼
11:42:17.481 @WOR017 4
11:42:17.482 @WOR018 金A
11:42:17.483 @WOR019 0
11:42:17.484 @WOR020 
11:42:17.485 @WOR021 
11:42:17.486 @WOR022 第一包拼下脚540*70*55
11:42:17.487 @WOR023 2018/7/7 11:42:16
11:42:17.488 @WOR024 系统管理员
11:42:17.489 @WOR025 
11:42:17.490 @WOR026 拼大板
11:42:17.491 @WOR027 
11:42:17.493 @WOR028 0
11:42:17.494 @WOR029 0
11:42:17.495 @WOR030 
11:42:17.496 @WOR034 System.Byte[]
11:42:17.497 @WOR035 System.Byte[]
11:42:17.498 @WOR036 System.Byte[]
11:42:17.499 @WOR037 System.Byte[]
11:42:17.500 @WOR002 1
11:42:17.504 @idx 8755
11:42:17.506 @WOR005 001
11:42:17.507 @WOR006 床靠边脚
11:42:17.508 @WOR007 1101
11:42:17.509 @WOR008 
11:42:17.510 @WOR009 
11:42:17.511 @WOR010 55
11:42:17.512 @WOR011 
11:42:17.513 @WOR012 
11:42:17.514 @WOR013 按模
11:42:17.515 @WOR014 
11:42:17.516 @WOR015 
11:42:17.517 @WOR016 
11:42:17.518 @WOR017 2
11:42:17.519 @WOR018 
11:42:17.520 @WOR019 0
11:42:17.521 @WOR020 
11:42:17.522 @WOR021 
11:42:17.523 @WOR022 
11:42:17.524 @WOR023 2018/7/7 11:42:16
11:42:17.525 @WOR024 系统管理员
11:42:17.526 @WOR025 
11:42:17.527 @WOR026 
11:42:17.527 @WOR027 
11:42:17.528 @WOR028 0
11:42:17.529 @WOR029 0
11:42:17.530 @WOR030 
11:42:17.531 @WOR034 System.Byte[]
11:42:17.532 @WOR035 System.Byte[]
11:42:17.533 @WOR036 System.Byte[]
11:42:17.534 @WOR037 System.Byte[]
11:42:17.535 @WOR002 1
11:42:17.540 @idx 8765
11:42:17.542 @WOR005 012
11:42:17.543 @WOR006 靠背后复条
11:42:17.544 @WOR007 毛265
11:42:17.545 @WOR008 
11:42:17.546 @WOR009 
11:42:17.547 @WOR010 毛200
11:42:17.548 @WOR011 
11:42:17.549 @WOR012 
11:42:17.550 @WOR013 40
11:42:17.551 @WOR014 
11:42:17.552 @WOR015 
11:42:17.553 @WOR016 实木
11:42:17.554 @WOR017 1
11:42:17.555 @WOR018 金丝柚AB
11:42:17.556 @WOR019 0
11:42:17.557 @WOR020 
11:42:17.558 @WOR021 
11:42:17.559 @WOR022 拼砂后一分四
11:42:17.560 @WOR023 2018/7/7 11:42:16
11:42:17.561 @WOR024 系统管理员
11:42:17.562 @WOR025 
11:42:17.563 @WOR026 265 -锯四净60*193*40
11:42:17.564 @WOR027 265
11:42:17.565 @WOR028 0
11:42:17.566 @WOR029 0
11:42:17.567 @WOR030 6
11:42:17.568 @WOR034 System.Byte[]
11:42:17.569 @WOR035 System.Byte[]
11:42:17.570 @WOR036 System.Byte[]
11:42:17.571 @WOR037 System.Byte[]
11:42:17.572 @WOR002 1
11:42:17.577 @idx 8763
11:42:17.579 @WOR005 009
11:42:17.580 @WOR006 床靠后中档
11:42:17.581 @WOR007 555
11:42:17.582 @WOR008 
11:42:17.583 @WOR009 
11:42:17.584 @WOR010 45
11:42:17.585 @WOR011 
11:42:17.586 @WOR012 
11:42:17.587 @WOR013 30
11:42:17.588 @WOR014 
11:42:17.590 @WOR015 
11:42:17.591 @WOR016 实木
11:42:17.592 @WOR017 1
11:42:17.592 @WOR018 金丝柚指接料
11:42:17.594 @WOR019 0
11:42:17.595 @WOR020 
11:42:17.596 @WOR021 
11:42:17.596 @WOR022 
11:42:17.597 @WOR023 2018/7/7 11:42:16
11:42:17.598 @WOR024 系统管理员
11:42:17.599 @WOR025 
11:42:17.600 @WOR026 按模开榫
11:42:17.601 @WOR027 
11:42:17.602 @WOR028 0
11:42:17.603 @WOR029 0
11:42:17.604 @WOR030 4
11:42:17.605 @WOR034 System.Byte[]
11:42:17.606 @WOR035 System.Byte[]
11:42:17.607 @WOR036 System.Byte[]
11:42:17.608 @WOR037 System.Byte[]
11:42:17.609 @WOR002 1
11:42:17.614 @idx 8767
11:42:17.616 @WOR005 015
11:42:17.617 @WOR006 床靠板上压
11:42:17.618 @WOR007 毛1768
11:42:17.619 @WOR008 
11:42:17.620 @WOR009 
11:42:17.621 @WOR010 60
11:42:17.622 @WOR011 
11:42:17.623 @WOR012 
11:42:17.624 @WOR013 25
11:42:17.626 @WOR014 
11:42:17.627 @WOR015 
11:42:17.628 @WOR016 实木
11:42:17.629 @WOR017 1
11:42:17.630 @WOR018 金丝柚AB
11:42:17.631 @WOR019 0
11:42:17.632 @WOR020 
11:42:17.633 @WOR021 
11:42:17.634 @WOR022 25面直纹
11:42:17.635 @WOR023 2018/7/7 11:42:16
11:42:17.636 @WOR024 系统管理员
11:42:17.637 @WOR025 
11:42:17.638 @WOR026 
11:42:17.639 @WOR027 
11:42:17.640 @WOR028 0
11:42:17.641 @WOR029 0
11:42:17.642 @WOR030 9
11:42:17.643 @WOR034 System.Byte[]
11:42:17.643 @WOR035 System.Byte[]
11:42:17.644 @WOR036 System.Byte[]
11:42:17.645 @WOR037 System.Byte[]
11:42:17.646 @WOR002 1
11:42:17.651 @idx 8766
11:42:17.652 @WOR005 014
11:42:17.654 @WOR006 靠背后复条
11:42:17.655 @WOR007 毛265
11:42:17.656 @WOR008 
11:42:17.657 @WOR009 
11:42:17.658 @WOR010 毛175
11:42:17.659 @WOR011 
11:42:17.660 @WOR012 
11:42:17.661 @WOR013 40
11:42:17.662 @WOR014 
11:42:17.663 @WOR015 
11:42:17.663 @WOR016 实木
11:42:17.664 @WOR017 0.5
11:42:17.665 @WOR018 金丝柚AB
11:42:17.666 @WOR019 0
11:42:17.667 @WOR020 
11:42:17.668 @WOR021 
11:42:17.669 @WOR022 拼砂后一分四
11:42:17.670 @WOR023 2018/7/7 11:42:16
11:42:17.671 @WOR024 系统管理员
11:42:17.672 @WOR025 
11:42:17.673 @WOR026 265 -锯四净60*168*40
11:42:17.673 @WOR027 265
11:42:17.674 @WOR028 0
11:42:17.675 @WOR029 0
11:42:17.676 @WOR030 8
11:42:17.677 @WOR034 System.Byte[]
11:42:17.678 @WOR035 System.Byte[]
11:42:17.679 @WOR036 System.Byte[]
11:42:17.680 @WOR037 System.Byte[]
11:42:17.681 @WOR002 1
11:42:17.690 @idx 8771
11:42:17.692 @WOR005 019
11:42:17.693 @WOR006 床头下板
11:42:17.694 @WOR007 1520
11:42:17.695 @WOR008 
11:42:17.696 @WOR009 
11:42:17.697 @WOR010 335
11:42:17.698 @WOR011 
11:42:17.699 @WOR012 
11:42:17.700 @WOR013 18
11:42:17.701 @WOR014 
11:42:17.702 @WOR015 
11:42:17.703 @WOR016 板材
11:42:17.704 @WOR017 1
11:42:17.705 @WOR018 橡木指接板
11:42:17.706 @WOR019 0
11:42:17.707 @WOR020 
11:42:17.708 @WOR021 
11:42:17.709 @WOR022 
11:42:17.710 @WOR023 2018/7/7 11:42:16
11:42:17.711 @WOR024 系统管理员
11:42:17.711 @WOR025 
11:42:17.712 @WOR026 
11:42:17.713 @WOR027 
11:42:17.714 @WOR028 0
11:42:17.715 @WOR029 0
11:42:17.716 @WOR030 2
11:42:17.717 @WOR034 System.Byte[]
11:42:17.718 @WOR035 System.Byte[]
11:42:17.719 @WOR036 System.Byte[]
11:42:17.720 @WOR037 System.Byte[]
11:42:17.721 @WOR002 1
11:42:17.725 @idx 8760
11:42:17.727 @WOR005 006
11:42:17.728 @WOR006 下脚内芯
11:42:17.729 @WOR007 毛505
11:42:17.731 @WOR008 
11:42:17.732 @WOR009 
11:42:17.733 @WOR010 毛64
11:42:17.734 @WOR011 
11:42:17.735 @WOR012 
11:42:17.736 @WOR013 净45
11:42:17.737 @WOR014 
11:42:17.738 @WOR015 
11:42:17.739 @WOR016 包芯
11:42:17.740 @WOR017 2
11:42:17.741 @WOR018 金杂拼
11:42:17.742 @WOR019 0
11:42:17.743 @WOR020 
11:42:17.744 @WOR021 
11:42:17.745 @WOR022 内芯断料不加长下脚540*70*55
11:42:17.745 @WOR023 2018/7/7 11:42:16
11:42:17.746 @WOR024 系统管理员
11:42:17.747 @WOR025 
11:42:17.748 @WOR026 修边尺寸：毛505*毛64*毛49  一头指接
11:42:17.749 @WOR027 550
11:42:17.750 @WOR028 0
11:42:17.751 @WOR029 0
11:42:17.752 @WOR030 
11:42:17.753 @WOR034 System.Byte[]
11:42:17.754 @WOR035 System.Byte[]
11:42:17.755 @WOR036 System.Byte[]
11:42:17.756 @WOR037 System.Byte[]
11:42:17.757 @WOR002 1
11:44:40.250  异常信息：由于连接方在一段时间后没有正确答复或连接的主机没有反应，连接尝试失败。 192.168.1.188:80
  堆栈信息:   在 AutoUpdate.AppUpdate.DownloadFile(String url, String localFilePath) 位置 D:\Project data\MoXia\Carpenter\Carpenter\AppUpdate.cs:行号 242
   在 AutoUpdate.AppUpdate.CheckAppVersion(String& msg) 位置 D:\Project data\MoXia\Carpenter\Carpenter\AppUpdate.cs:行号 310
11:44:48.405 @EMP002 系统管理员
11:44:48.406 @EMP009 d2f278e251d1566edd72846d4ad97f
11:45:10.094 @idx 2514
11:45:10.096 @WOR005 009
11:45:10.097 @WOR006 下饰条
11:45:10.099 @WOR007 1820
11:45:10.100 @WOR008 
11:45:10.101 @WOR009 
11:45:10.102 @WOR010 35
11:45:10.104 @WOR011 
11:45:10.105 @WOR012 
11:45:10.106 @WOR013 8
11:45:10.107 @WOR014 
11:45:10.109 @WOR015 
11:45:10.110 @WOR016 实木
11:45:10.114 @WOR017 1
11:45:10.116 @WOR018 金丝柚
11:45:10.117 @WOR019 0
11:45:10.118 @WOR020 
11:45:10.120 @WOR021 
11:45:10.121 @WOR022 
11:45:10.122 @WOR023 2018/7/7 11:45:10
11:45:10.123 @WOR024 系统管理员
11:45:10.124 @WOR025 
11:45:10.125 @WOR026 外二边导圆R4   按模锯斜
11:45:10.126 @WOR027 
11:45:10.127 @WOR028 0
11:45:10.128 @WOR029 0
11:45:10.129 @WOR030 5
11:45:10.130 @WOR034 System.Byte[]
11:45:10.131 @WOR035 System.Byte[]
11:45:10.132 @WOR036 System.Byte[]
11:45:10.133 @WOR037 System.Byte[]
11:45:10.134 @WOR002 1
11:45:10.141 @idx 2512
11:45:10.142 @WOR005 007
11:45:10.143 @WOR006 低屏上
11:45:10.144 @WOR007 1920
11:45:10.146 @WOR008 
11:45:10.147 @WOR009 
11:45:10.148 @WOR010 55
11:45:10.148 @WOR011 
11:45:10.149 @WOR012 
11:45:10.151 @WOR013 45
11:45:10.152 @WOR014 
11:45:10.153 @WOR015 
11:45:10.154 @WOR016 实木
11:45:10.155 @WOR017 1
11:45:10.156 @WOR018 金丝柚
11:45:10.157 @WOR019 0
11:45:10.158 @WOR020 
11:45:10.159 @WOR021 
11:45:10.160 @WOR022 裁口后搭头
11:45:10.161 @WOR023 2018/7/7 11:45:10
11:45:10.162 @WOR024 系统管理员
11:45:10.163 @WOR025 
11:45:10.164 @WOR026 搭角可二拼
11:45:10.165 @WOR027 1930
11:45:10.166 @WOR028 0
11:45:10.167 @WOR029 0
11:45:10.168 @WOR030 3
11:45:10.169 @WOR034 System.Byte[]
11:45:10.170 @WOR035 System.Byte[]
11:45:10.171 @WOR036 System.Byte[]
11:45:10.171 @WOR037 System.Byte[]
11:45:10.172 @WOR002 1
11:45:10.177 @idx 3435
11:45:10.179 @WOR005 003
11:45:10.180 @WOR006 床挺
11:45:10.181 @WOR007 2015
11:45:10.182 @WOR008 
11:45:10.183 @WOR009 
11:45:10.185 @WOR010 235
11:45:10.186 @WOR011 
11:45:10.187 @WOR012 
11:45:10.188 @WOR013 19.5
11:45:10.189 @WOR014 
11:45:10.190 @WOR015 
11:45:10.191 @WOR016 板材
11:45:10.192 @WOR017 2
11:45:10.193 @WOR018 双金(多层板)
11:45:10.194 @WOR019 0
11:45:10.195 @WOR020 
11:45:10.196 @WOR021 
11:45:10.197 @WOR022 
11:45:10.198 @WOR023 2018/7/7 11:45:10
11:45:10.199 @WOR024 系统管理员
11:45:10.201 @WOR025 
11:45:10.202 @WOR026 上裁口5mm
11:45:10.203 @WOR027 
11:45:10.204 @WOR028 0
11:45:10.206 @WOR029 0
11:45:10.207 @WOR030 1
11:45:10.208 @WOR034 System.Byte[]
11:45:10.209 @WOR035 System.Byte[]
11:45:10.210 @WOR036 System.Byte[]
11:45:10.211 @WOR037 System.Byte[]
11:45:10.212 @WOR002 1
11:45:10.217 @WOQ001 51-1.001.03.004-1
11:45:10.218 @WOQ004 1010
11:45:10.220 @WOQ005 2018/7/7 11:45:10
11:45:10.221 @WOQ006 系统管理员
11:45:10.223 @idx 3436
11:45:10.224 @WOR005 004
11:45:10.225 @WOR006 床挺封边
11:45:10.227 @WOR007 2015
11:45:10.228 @WOR008 
11:45:10.229 @WOR009 
11:45:10.230 @WOR010 45
11:45:10.231 @WOR011 
11:45:10.232 @WOR012 
11:45:10.233 @WOR013 45
11:45:10.234 @WOR014 
11:45:10.235 @WOR015 
11:45:10.236 @WOR016 实木
11:45:10.238 @WOR017 2
11:45:10.239 @WOR018 金丝柚
11:45:10.240 @WOR019 0
11:45:10.241 @WOR020 
11:45:10.242 @WOR021 
11:45:10.243 @WOR022 红黑料贴皮
11:45:10.244 @WOR023 2018/7/7 11:45:10
11:45:10.244 @WOR024 系统管理员
11:45:10.245 @WOR025 
11:45:10.247 @WOR026 
11:45:10.248 @WOR027 2025
11:45:10.249 @WOR028 0
11:45:10.249 @WOR029 0
11:45:10.251 @WOR030 1
11:45:10.252 @WOR034 System.Byte[]
11:45:10.253 @WOR035 System.Byte[]
11:45:10.254 @WOR036 System.Byte[]
11:45:10.255 @WOR037 System.Byte[]
11:45:10.256 @WOR002 1
11:45:10.261 @idx 3437
11:45:10.262 @WOR005 005
11:45:10.263 @WOR006 床挺下
11:45:10.264 @WOR007 2015
11:45:10.265 @WOR008 
11:45:10.266 @WOR009 
11:45:10.267 @WOR010 35
11:45:10.269 @WOR011 
11:45:10.270 @WOR012 
11:45:10.271 @WOR013 8
11:45:10.272 @WOR014 
11:45:10.273 @WOR015 
11:45:10.274 @WOR016 实木
11:45:10.275 @WOR017 2
11:45:10.276 @WOR018 金丝柚
11:45:10.277 @WOR019 0
11:45:10.278 @WOR020 
11:45:10.279 @WOR021 
11:45:10.280 @WOR022 
11:45:10.281 @WOR023 2018/7/7 11:45:10
11:45:10.282 @WOR024 系统管理员
11:45:10.283 @WOR025 
11:45:10.284 @WOR026 外2边导圆R4
11:45:10.285 @WOR027 
11:45:10.286 @WOR028 0
11:45:10.287 @WOR029 0
11:45:10.288 @WOR030 2
11:45:10.289 @WOR034 System.Byte[]
11:45:10.290 @WOR035 System.Byte[]
11:45:10.291 @WOR036 System.Byte[]
11:45:10.292 @WOR037 System.Byte[]
11:45:10.293 @WOR002 1
11:45:10.298 @idx 2515
11:45:10.299 @WOR005 010
11:45:10.300 @WOR006 低屏上补块
11:45:10.302 @WOR007 80
11:45:10.303 @WOR008 
11:45:10.304 @WOR009 
11:45:10.305 @WOR010 25
11:45:10.306 @WOR011 
11:45:10.307 @WOR012 
11:45:10.308 @WOR013 20
11:45:10.309 @WOR014 
11:45:10.310 @WOR015 
11:45:10.311 @WOR016 实木
11:45:10.312 @WOR017 2
11:45:10.313 @WOR018 金四清
11:45:10.314 @WOR019 0
11:45:10.315 @WOR020 
11:45:10.316 @WOR021 
11:45:10.317 @WOR022 
11:45:10.318 @WOR023 2018/7/7 11:45:10
11:45:10.319 @WOR024 系统管理员
11:45:10.320 @WOR025 
11:45:10.321 @WOR026 
11:45:10.322 @WOR027 
11:45:10.323 @WOR028 0
11:45:10.324 @WOR029 0
11:45:10.325 @WOR030 6
11:45:10.326 @WOR034 System.Byte[]
11:45:10.327 @WOR035 System.Byte[]
11:45:10.328 @WOR036 System.Byte[]
11:45:10.329 @WOR037 System.Byte[]
11:45:10.330 @WOR002 1
11:45:10.335 @idx 3438
11:45:10.336 @WOR005 008
11:45:10.338 @WOR006 边脚
11:45:10.339 @WOR007 450
11:45:10.340 @WOR008 
11:45:10.341 @WOR009 
11:45:10.342 @WOR010 80
11:45:10.343 @WOR011 
11:45:10.344 @WOR012 
11:45:10.345 @WOR013 45
11:45:10.346 @WOR014 
11:45:10.347 @WOR015 
11:45:10.348 @WOR016 实木
11:45:10.349 @WOR017 2
11:45:10.350 @WOR018 金丝柚
11:45:10.351 @WOR019 0
11:45:10.352 @WOR020 
11:45:10.353 @WOR021 
11:45:10.354 @WOR022 
11:45:10.355 @WOR023 2018/7/7 11:45:10
11:45:10.356 @WOR024 系统管理员
11:45:10.357 @WOR025 
11:45:10.358 @WOR026 搭角可二三拼
11:45:10.359 @WOR027 460
11:45:10.360 @WOR028 0
11:45:10.361 @WOR029 0
11:45:10.362 @WOR030 4
11:45:10.362 @WOR034 System.Byte[]
11:45:10.363 @WOR035 System.Byte[]
11:45:10.364 @WOR036 System.Byte[]
11:45:10.365 @WOR037 System.Byte[]
11:45:10.366 @WOR002 1
11:45:10.371 @idx 2511
11:45:10.373 @WOR005 006
11:45:10.374 @WOR006 低屏
11:45:10.375 @WOR007 1820
11:45:10.376 @WOR008 
11:45:10.377 @WOR009 
11:45:10.378 @WOR010 300
11:45:10.379 @WOR011 
11:45:10.380 @WOR012 
11:45:10.381 @WOR013 19.5
11:45:10.382 @WOR014 
11:45:10.383 @WOR015 
11:45:10.384 @WOR016 板材
11:45:10.385 @WOR017 1
11:45:10.386 @WOR018 双金(多层板)
11:45:10.387 @WOR019 0
11:45:10.388 @WOR020 
11:45:10.389 @WOR021 
11:45:10.390 @WOR022 
11:45:10.391 @WOR023 2018/7/7 11:45:10
11:45:10.392 @WOR024 系统管理员
11:45:10.393 @WOR025 
11:45:10.394 @WOR026 裁口按模
11:45:10.396 @WOR027 
11:45:10.397 @WOR028 0
11:45:10.398 @WOR029 0
11:45:10.399 @WOR030 2
11:45:10.400 @WOR034 System.Byte[]
11:45:10.401 @WOR035 System.Byte[]
11:45:10.402 @WOR036 System.Byte[]
11:45:10.403 @WOR037 System.Byte[]
11:45:10.404 @WOR002 1
11:52:25.150  异常信息：由于连接方在一段时间后没有正确答复或连接的主机没有反应，连接尝试失败。 192.168.1.188:80
  堆栈信息:   在 AutoUpdate.AppUpdate.DownloadFile(String url, String localFilePath) 位置 D:\Project data\MoXia\Carpenter\Carpenter\AppUpdate.cs:行号 242
   在 AutoUpdate.AppUpdate.CheckAppVersion(String& msg) 位置 D:\Project data\MoXia\Carpenter\Carpenter\AppUpdate.cs:行号 310
11:52:30.681 @EMP002 系统管理员
11:52:30.682 @EMP009 d2f278e251d1566edd72846d4ad97f
