14:32:33.569 @EMP002 系统管理员
14:32:33.610 @EMP009 cebfd1559b68d67688884d7a3d3e8c
14:32:37.490 @EMP002 系统管理员
14:32:37.492 @EMP009 d2f278e251d1566edd72846d4ad97f
14:32:53.234 @EPA001 201810
14:32:53.236 @EPA002 907-2面漆
14:32:53.238 @EPA006 132.304300
14:32:53.242 @EPA001 201810
14:32:53.244 @EPA002 HX-8208水性面漆
14:32:53.246 @EPA006 95.860000
14:32:53.251 @EPA001 201810
14:32:53.253 @EPA002 底得宝HX-30
14:32:53.255 @EPA006 2.520000
14:32:53.260 @EPA001 201810
14:32:53.262 @EPA002 HX-502水性修色漆
14:32:53.264 @EPA006 0.000000
14:32:53.268 @EPA001 201810
14:32:53.270 @EPA002 838面用稀释剂
14:32:53.272 @EPA006 142.073394
14:32:53.275 @EPA001 201810
14:32:53.277 @EPA002 3958底漆
14:32:53.279 @EPA006 2.375000
14:32:53.284 @EPA001 201810
14:32:53.286 @EPA002 HX-T底用稀释剂
14:32:53.289 @EPA006 221.299000
14:32:53.293 @EPA001 201810
14:32:53.295 @EPA002 HX-8207水性底漆
14:32:53.297 @EPA006 64.482000
14:32:53.302 @EPA001 201810
14:32:53.304 @EPA002 HX17-3面漆
14:32:53.306 @EPA006 70.657692
14:32:53.310 @EPA001 201810
14:32:53.312 @EPA002 底得宝固化剂533
14:32:53.315 @EPA006 0.756000
14:32:53.320 @EPA001 201810
14:32:53.321 @EPA002 HX-906水性封闭底漆
14:32:53.323 @EPA006 0.000000
14:32:53.329 @EPA001 201810
14:32:53.331 @EPA002 HX-T固化剂
14:32:53.333 @EPA006 60.407500
14:32:53.336 @EPA001 201810
14:32:53.338 @EPA002 高光518固化剂
14:32:53.339 @EPA006 113.236717
14:32:53.342 @EPA001 201810
14:32:53.344 @EPA002 500固化剂
14:32:53.346 @EPA006 1.187500
14:32:53.350 @EPA001 201810
14:32:53.352 @EPA002 调好格丽斯
14:32:53.354 @EPA006 0.494615
14:32:53.357 @EPA001 201810
14:32:53.359 @EPA002 907-2固化剂
14:32:53.361 @EPA006 28.253360
14:32:53.365 @EPA001 201810
14:32:53.367 @EPA002 HX-9029-2水性面漆
14:32:53.369 @EPA006 0.000000
14:32:53.373 @EPA001 201810
14:32:53.375 @EPA002 HX-9029-3水性面漆
14:32:53.377 @EPA006 0.000000
14:32:53.379 @EPA001 201810
14:32:53.381 @EPA002 HX803修色稀释剂
14:32:53.382 @EPA006 364.830588
14:32:53.386 @EPA001 201810
14:32:53.388 @EPA002 HX-15修色金油
14:32:53.390 @EPA006 121.610196
14:32:53.394 @EPA001 201810
14:32:53.396 @EPA002 HX-G擦色基料
14:32:53.397 @EPA006 9.694175
14:32:53.401 @EPA001 201810
14:32:53.403 @EPA002 HX17-3固化剂
14:32:53.404 @EPA006 35.328846
14:32:53.409 @EPA001 201810
14:32:53.411 @EPA002 HX-T底漆
14:32:53.412 @EPA006 120.815000
14:32:53.458 @EPA001 201810
14:32:53.460 @EPA002 HX-502水性修色漆
14:32:53.461 @EPA004 0
14:32:53.467 @EPA001 201810
14:32:53.469 @EPA002 3958底漆
14:32:53.471 @EPA004 0
14:32:53.474 @EPA001 201810
14:32:53.476 @EPA002 HX-T固化剂
14:32:53.477 @EPA004 0
14:32:53.480 @EPA001 201810
14:32:53.482 @EPA002 HX-906水性封闭底漆
14:32:53.483 @EPA004 0
14:32:53.486 @EPA001 201810
14:32:53.489 @EPA002 高光518固化剂
14:32:53.491 @EPA004 0
14:32:53.493 @EPA001 201810
14:32:53.495 @EPA002 底得宝固化剂533
14:32:53.497 @EPA004 0
14:32:53.500 @EPA001 201810
14:32:53.501 @EPA002 HX-8208水性面漆
14:32:53.503 @EPA004 0
14:32:53.507 @EPA001 201810
14:32:53.509 @EPA002 HX17-3面漆
14:32:53.511 @EPA004 0
14:32:53.515 @EPA001 201810
14:32:53.517 @EPA002 HX803修色稀释剂
14:32:53.519 @EPA004 0
14:32:53.522 @EPA001 201810
14:32:53.524 @EPA002 838面用稀释剂
14:32:53.526 @EPA004 0
14:32:53.531 @EPA001 201810
14:32:53.533 @EPA002 HX-9029-3水性面漆
14:32:53.535 @EPA004 0
14:32:53.538 @EPA001 201810
14:32:53.540 @EPA002 底得宝HX-30
14:32:53.542 @EPA004 0
14:32:53.545 @EPA001 201810
14:32:53.547 @EPA002 HX-G擦色基料
14:32:53.549 @EPA004 0
14:32:53.553 @EPA001 201810
14:32:53.555 @EPA002 907-2面漆
14:32:53.557 @EPA004 0
14:32:53.560 @EPA001 201810
14:32:53.562 @EPA002 500固化剂
14:32:53.564 @EPA004 0
14:32:53.567 @EPA001 201810
14:32:53.569 @EPA002 HX-9029-2水性面漆
14:32:53.571 @EPA004 0
14:32:53.574 @EPA001 201810
14:32:53.576 @EPA002 HX-8207水性底漆
14:32:53.578 @EPA004 0
14:32:53.581 @EPA001 201810
14:32:53.583 @EPA002 HX-T底用稀释剂
14:32:53.585 @EPA004 0
14:32:53.589 @EPA001 201810
14:32:53.591 @EPA002 HX-T底漆
14:32:53.593 @EPA004 0
14:32:53.596 @EPA001 201810
14:32:53.597 @EPA002 907-2固化剂
14:32:53.599 @EPA004 0
14:32:53.601 @EPA001 201810
14:32:53.603 @EPA002 调好格丽斯
14:32:53.605 @EPA004 0
14:32:53.608 @EPA001 201810
14:32:53.610 @EPA002 HX17-3固化剂
14:32:53.612 @EPA004 0
14:32:53.615 @EPA001 201810
14:32:53.616 @EPA002 HX-15修色金油
14:32:53.618 @EPA004 0
