08:16:38.961 @EMP002 系统管理员
08:16:38.971 @EMP009 d2f278e251d1566edd72846d4ad97f
08:35:20.888 @EMP002 系统管理员
08:35:20.893 @EMP009 d2f278e251d1566edd72846d4ad97f
08:36:37.917 @EMP002 系统管理员
08:36:37.923 @EMP009 d2f278e251d1566edd72846d4ad97f
08:39:20.179 @EMP002 系统管理员
08:39:20.185 @EMP009 d2f278e251d1566edd72846d4ad97f
08:42:22.431 @EMP002 系统管理员
08:42:22.436 @EMP009 d2f278e251d1566edd72846d4ad97f
08:43:48.389 @EMP002 系统管理员
08:43:48.397 @EMP009 d2f278e251d1566edd72846d4ad97f
08:45:08.286 @EMP002 系统管理员
08:45:08.293 @EMP009 d2f278e251d1566edd72846d4ad97f
08:46:47.707 @EMP002 系统管理员
08:46:47.713 @EMP009 d2f278e251d1566edd72846d4ad97f
08:47:42.828 @EMP002 系统管理员
08:47:42.834 @EMP009 d2f278e251d1566edd72846d4ad97f
08:48:52.445 @EMP002 系统管理员
08:48:52.451 @EMP009 d95d626a63fb3d8a3caf4ff337e0088
08:48:52.899 @EMP002 系统管理员
08:48:52.900 @EMP009 d95d626a63fb3d8a3caf4ff337e0088
08:48:53.950 @EMP002 系统管理员
08:48:53.951 @EMP009 2727b5bd84d1e11159c34b5d52caaa8
08:48:57.706 @EMP002 系统管理员
08:48:57.706 @EMP009 d2f278e251d1566edd72846d4ad97f
08:49:28.019 @EPP001 木各X
08:49:28.019 @EPP002 主面
08:49:28.019 @EPP003 修色
08:49:28.019 @EPP004 修色
08:49:28.019 @EPP005 高光518固化剂
08:49:28.020 @EPP006 0.04
08:49:28.020 @EPP007 2018/1/1 0:00:00
08:49:28.023 @EPP001 木各X
08:49:28.023 @EPP002 水性
08:49:28.023 @EPP003 水性面漆一次
08:49:28.023 @EPP004 面漆
08:49:28.024 @EPP005 HX-9029-2水性面漆
08:49:28.024 @EPP006 0.1
08:49:28.024 @EPP007 2018/1/1 0:00:00
08:49:28.026 @EPP001 木各X
08:49:28.027 @EPP002 主面
08:49:28.027 @EPP003 底漆
08:49:28.027 @EPP004 底漆
08:49:28.027 @EPP005 HX-T固化剂
08:49:28.027 @EPP006 0.05
08:49:28.027 @EPP007 2018/1/1 0:00:00
08:49:28.028 @EPP001 木各X
08:49:28.029 @EPP002 水性
08:49:28.029 @EPP003 水性底漆一次
08:49:28.029 @EPP004 底漆
08:49:28.029 @EPP005 HX-906水性封闭底漆
08:49:28.029 @EPP006 0.25
08:49:28.029 @EPP007 2018/1/1 0:00:00
08:49:28.031 @EPP001 木各X
08:49:28.032 @EPP002 水性
08:49:28.032 @EPP003 擦色
08:49:28.032 @EPP004 底漆
08:49:28.032 @EPP005 调好格丽斯
08:49:28.032 @EPP006 0.004
08:49:28.033 @EPP007 2018/1/1 0:00:00
08:49:28.036 @EPP001 木各X
08:49:28.036 @EPP002 次面
08:49:28.036 @EPP003 底得宝
08:49:28.037 @EPP004 底漆
08:49:28.037 @EPP005 底得宝HX-30
08:49:28.037 @EPP006 0.025
08:49:28.037 @EPP007 2018/1/1 0:00:00
08:49:28.039 @EPP001 木各X
08:49:28.039 @EPP002 次面
08:49:28.040 @EPP003 底漆
08:49:28.040 @EPP004 底漆
08:49:28.040 @EPP005 HX-T底漆
08:49:28.040 @EPP006 0.1
08:49:28.040 @EPP007 2018/1/1 0:00:00
08:49:28.042 @EPP001 木各X
08:49:28.042 @EPP002 次面
08:49:28.042 @EPP003 底得宝
08:49:28.042 @EPP004 底漆
08:49:28.043 @EPP005 HX-G擦色基料
08:49:28.043 @EPP006 0.0375
08:49:28.043 @EPP007 2018/1/1 0:00:00
08:49:28.046 @EPP001 木各X
08:49:28.047 @EPP002 次面
08:49:28.047 @EPP003 修色
08:49:28.047 @EPP004 修色
08:49:28.047 @EPP005 高光518固化剂
08:49:28.047 @EPP006 0.04
08:49:28.047 @EPP007 2018/1/1 0:00:00
08:49:28.049 @EPP001 木各X
08:49:28.050 @EPP002 主面
08:49:28.050 @EPP003 擦色
08:49:28.050 @EPP004 底漆
08:49:28.050 @EPP005 松香水
08:49:28.050 @EPP006 0.028
08:49:28.051 @EPP007 2018/1/1 0:00:00
08:49:28.052 @EPP001 木各X
08:49:28.053 @EPP002 水性
08:49:28.053 @EPP003 底得宝
08:49:28.053 @EPP004 底漆
08:49:28.053 @EPP005 HX-G擦色基料
08:49:28.053 @EPP006 0.0375
08:49:28.054 @EPP007 2018/1/1 0:00:00
08:49:28.056 @EPP001 木各X
08:49:28.056 @EPP002 次面
08:49:28.056 @EPP003 次面面漆
08:49:28.056 @EPP004 面漆
08:49:28.056 @EPP005 907-2面漆
08:49:28.057 @EPP006 0.05
08:49:28.057 @EPP007 2018/1/1 0:00:00
08:49:28.058 @EPP001 木各X
08:49:28.059 @EPP002 主面
08:49:28.059 @EPP003 底漆
08:49:28.059 @EPP004 底漆
08:49:28.059 @EPP005 HX-T底用稀释剂
08:49:28.059 @EPP006 0.18
08:49:28.060 @EPP007 2018/1/1 0:00:00
08:49:28.061 @EPP001 木各X
08:49:28.061 @EPP002 水性
08:49:28.062 @EPP003 底得宝
08:49:28.062 @EPP004 底漆
08:49:28.062 @EPP005 底得宝HX-30
08:49:28.062 @EPP006 0.025
08:49:28.062 @EPP007 2018/1/1 0:00:00
08:49:28.065 @EPP001 木各X
08:49:28.065 @EPP002 主面
08:49:28.065 @EPP003 底得宝
08:49:28.065 @EPP004 底漆
08:49:28.065 @EPP005 HX-G擦色基料
08:49:28.066 @EPP006 0.0375
08:49:28.066 @EPP007 2018/1/1 0:00:00
08:49:28.068 @EPP001 木各X
08:49:28.068 @EPP002 主面
08:49:28.068 @EPP003 底得宝
08:49:28.068 @EPP004 底漆
08:49:28.068 @EPP005 底得宝固化剂533
08:49:28.069 @EPP006 0.005
08:49:28.069 @EPP007 2018/1/1 0:00:00
08:49:28.071 @EPP001 木各X
08:49:28.071 @EPP002 水性
08:49:28.071 @EPP003 水性修色
08:49:28.071 @EPP004 修色
08:49:28.071 @EPP005 HX-502水性修色漆
08:49:28.072 @EPP006 0.13
08:49:28.072 @EPP007 2018/1/1 0:00:00
08:49:28.073 @EPP001 木各X
08:49:28.074 @EPP002 水性
08:49:28.074 @EPP003 底得宝
08:49:28.074 @EPP004 底漆
08:49:28.074 @EPP005 底得宝固化剂533
08:49:28.074 @EPP006 0.005
08:49:28.075 @EPP007 2018/1/1 0:00:00
08:49:28.077 @EPP001 木各X
08:49:28.077 @EPP002 斗盒
08:49:28.077 @EPP003 斗盒面漆
08:49:28.077 @EPP004 面漆
08:49:28.077 @EPP005 HX-8208水性面漆
08:49:28.078 @EPP006 0.2
08:49:28.078 @EPP007 2018/1/1 0:00:00
08:49:28.080 @EPP001 木各X
08:49:28.080 @EPP002 主面
08:49:28.080 @EPP003 主面面漆
08:49:28.080 @EPP004 面漆
08:49:28.080 @EPP005 838面用稀释剂
08:49:28.081 @EPP006 0.056
08:49:28.081 @EPP007 2018/1/1 0:00:00
08:49:28.083 @EPP001 木各X
08:49:28.084 @EPP002 次面
08:49:28.084 @EPP003 修色
08:49:28.084 @EPP004 修色
08:49:28.084 @EPP005 HX-15修色金油
08:49:28.084 @EPP006 0.04
08:49:28.085 @EPP007 2018/1/1 0:00:00
08:49:28.086 @EPP001 木各X
08:49:28.086 @EPP002 主面
08:49:28.087 @EPP003 主面面漆
08:49:28.087 @EPP004 面漆
08:49:28.087 @EPP005 907-2固化剂
08:49:28.087 @EPP006 0.02
08:49:28.087 @EPP007 2018/1/1 0:00:00
08:49:28.089 @EPP001 木各X
08:49:28.090 @EPP002 主面
08:49:28.090 @EPP003 底得宝
08:49:28.090 @EPP004 底漆
08:49:28.090 @EPP005 底得宝HX-30
08:49:28.090 @EPP006 0.025
08:49:28.091 @EPP007 2018/1/1 0:00:00
08:49:28.093 @EPP001 木各X
08:49:28.093 @EPP002 次面
08:49:28.093 @EPP003 次面面漆
08:49:28.093 @EPP004 面漆
08:49:28.094 @EPP005 907-2固化剂
08:49:28.094 @EPP006 0.0125
08:49:28.094 @EPP007 2018/1/1 0:00:00
08:49:28.097 @EPP001 木各X
08:49:28.097 @EPP002 次面
08:49:28.098 @EPP003 底得宝
08:49:28.098 @EPP004 底漆
08:49:28.098 @EPP005 底得宝固化剂533
08:49:28.098 @EPP006 0.005
08:49:28.098 @EPP007 2018/1/1 0:00:00
08:49:28.100 @EPP001 木各X
08:49:28.100 @EPP002 次面
08:49:28.101 @EPP003 擦色
08:49:28.101 @EPP004 底漆
08:49:28.101 @EPP005 调好格丽斯
08:49:28.101 @EPP006 0.004
08:49:28.101 @EPP007 2018/1/1 0:00:00
08:49:28.103 @EPP001 木各X
08:49:28.104 @EPP002 次面
08:49:28.104 @EPP003 底漆
08:49:28.104 @EPP004 底漆
08:49:28.104 @EPP005 HX-T底用稀释剂
08:49:28.104 @EPP006 0.18
08:49:28.105 @EPP007 2018/1/1 0:00:00
08:49:28.107 @EPP001 木各X
08:49:28.107 @EPP002 水性
08:49:28.107 @EPP003 擦色
08:49:28.107 @EPP004 底漆
08:49:28.107 @EPP005 松香水
08:49:28.108 @EPP006 0.028
08:49:28.108 @EPP007 2018/1/1 0:00:00
08:49:28.109 @EPP001 木各X
08:49:28.110 @EPP002 次面
08:49:28.110 @EPP003 底漆
08:49:28.110 @EPP004 底漆
08:49:28.110 @EPP005 HX-T固化剂
08:49:28.111 @EPP006 0.05
08:49:28.111 @EPP007 2018/1/1 0:00:00
08:49:28.113 @EPP001 木各X
08:49:28.113 @EPP002 次面
08:49:28.113 @EPP003 擦色
08:49:28.113 @EPP004 底漆
08:49:28.114 @EPP005 松香水
08:49:28.114 @EPP006 0.028
08:49:28.114 @EPP007 2018/1/1 0:00:00
08:49:28.116 @EPP001 木各X
08:49:28.116 @EPP002 主面
08:49:28.116 @EPP003 底漆
08:49:28.116 @EPP004 底漆
08:49:28.116 @EPP005 HX-T底漆
08:49:28.117 @EPP006 0.1
08:49:28.117 @EPP007 2018/1/1 0:00:00
08:49:28.118 @EPP001 木各X
08:49:28.119 @EPP002 水性
08:49:28.119 @EPP003 水性面漆二次
08:49:28.119 @EPP004 面漆
08:49:28.119 @EPP005 HX-9029-2水性面漆
08:49:28.119 @EPP006 0.1
08:49:28.119 @EPP007 2018/1/1 0:00:00
08:49:28.121 @EPP001 木各X
08:49:28.121 @EPP002 主面
08:49:28.121 @EPP003 修色
08:49:28.122 @EPP004 修色
08:49:28.122 @EPP005 HX803修色稀释剂
08:49:28.122 @EPP006 0.12
08:49:28.122 @EPP007 2018/1/1 0:00:00
08:49:28.124 @EPP001 木各X
08:49:28.124 @EPP002 主面
08:49:28.124 @EPP003 修色
08:49:28.124 @EPP004 修色
08:49:28.125 @EPP005 HX-15修色金油
08:49:28.125 @EPP006 0.04
08:49:28.125 @EPP007 2018/1/1 0:00:00
08:49:28.127 @EPP001 木各X
08:49:28.127 @EPP002 斗盒
08:49:28.127 @EPP003 斗盒底漆
08:49:28.127 @EPP004 底漆
08:49:28.128 @EPP005 HX-8207水性底漆
08:49:28.128 @EPP006 0.3
08:49:28.128 @EPP007 2018/1/1 0:00:00
08:49:28.129 @EPP001 木各X
08:49:28.130 @EPP002 主面
08:49:28.130 @EPP003 擦色
08:49:28.130 @EPP004 底漆
08:49:28.130 @EPP005 调好格丽斯
08:49:28.131 @EPP006 0.004
08:49:28.131 @EPP007 2018/1/1 0:00:00
08:49:28.132 @EPP001 木各X
08:49:28.132 @EPP002 主面
08:49:28.133 @EPP003 主面面漆
08:49:28.133 @EPP004 面漆
08:49:28.134 @EPP005 907-2面漆
08:49:28.134 @EPP006 0.08
08:49:28.134 @EPP007 2018/1/1 0:00:00
08:49:28.136 @EPP001 木各X
08:49:28.137 @EPP002 次面
08:49:28.137 @EPP003 修色
08:49:28.137 @EPP004 修色
08:49:28.137 @EPP005 HX803修色稀释剂
08:49:28.137 @EPP006 0.12
08:49:28.138 @EPP007 2018/1/1 0:00:00
08:49:28.143 @EPP001 木各X
08:49:28.144 @EPP002 水性
08:49:28.144 @EPP003 水性底漆二次
08:49:28.144 @EPP004 底漆
08:49:28.144 @EPP005 HX-8207水性底漆
08:49:28.144 @EPP006 0.25
08:49:28.144 @EPP007 2018/1/1 0:00:00
08:49:28.146 @EPP001 木各X
08:49:28.146 @EPP002 次面
08:49:28.147 @EPP003 次面面漆
08:49:28.147 @EPP004 面漆
08:49:28.147 @EPP005 838面用稀释剂
08:49:28.147 @EPP006 0.035
08:49:28.147 @EPP007 2018/1/1 0:00:00
09:11:56.145 @EMP002 系统管理员
09:11:56.152 @EMP009 d2f278e251d1566edd72846d4ad97f
09:16:22.368 @EMP002 系统管理员
09:16:22.373 @EMP009 cebfd1559b68d67688884d7a3d3e8c
09:16:23.843 @EMP002 系统管理员
09:16:23.843 @EMP009 48556d14f781e981ce1ffe7f47491b
09:16:28.348 @EMP002 系统管理员
09:16:28.348 @EMP009 d2f278e251d1566edd72846d4ad97f
09:16:40.624 @PBA001 2018.08.14.001
09:16:40.624 @PBA002 迪欧沙发脚
09:16:40.624 @PBA003 主面
09:16:40.624 @PBA004 0.01
09:16:40.625 @PBA005 致简X
09:16:40.627 @PBA001 2018.08.14.001
09:16:40.628 @PBA002 迪欧沙发脚
09:16:40.628 @PBA003 斗盒
09:16:40.628 @PBA004 0
09:16:40.628 @PBA005 致简X
09:16:40.630 @PBA001 2018.08.14.001
09:16:40.630 @PBA002 迪欧沙发脚
09:16:40.631 @PBA003 次面
09:16:40.631 @PBA004 0
09:16:40.631 @PBA005 致简X
09:16:40.632 @PBA001 2018.08.14.001
09:16:40.633 @PBA002 迪欧沙发脚
09:16:40.633 @PBA003 水性
09:16:40.633 @PBA004 0
09:16:40.633 @PBA005 致简X
09:16:40.634 @PBA001 1826.6.29.008
09:16:40.635 @PBA002 定制1605厅地柜脚
09:16:40.635 @PBA003 面板
09:16:40.635 @PBA004 0
09:16:40.635 @PBA005 致简X
09:16:40.637 @PBA001 2018.08.14.001
09:16:40.637 @PBA002 迪欧沙发脚
09:16:40.637 @PBA003 面板
09:16:40.637 @PBA004 0
09:16:40.638 @PBA005 致简X
09:16:40.639 @PBA001 1826.6.29.008
09:16:40.639 @PBA002 定制1605厅地柜脚
09:16:40.639 @PBA003 次面
09:16:40.639 @PBA004 1.52
09:16:40.640 @PBA005 致简X
09:16:40.642 @PBA001 1826.6.29.008
09:16:40.642 @PBA002 定制1605厅地柜脚
09:16:40.642 @PBA003 主面
09:16:40.643 @PBA004 1.79
09:16:40.643 @PBA005 致简X
09:16:40.644 @PBA001 1826.6.29.008
09:16:40.644 @PBA002 定制1605厅地柜脚
09:16:40.644 @PBA003 水性
09:16:40.645 @PBA004 0
09:16:40.645 @PBA005 致简X
