09:44:11.907  异常信息：由于连接方在一段时间后没有正确答复或连接的主机没有反应，连接尝试失败。 192.168.1.188:80
  堆栈信息:   在 AutoUpdate.AppUpdate.DownloadFile(String url, String localFilePath) 位置 D:\ProjectData\MoXia\Carpenter\Carpenter\AppUpdate.cs:行号 242
   在 AutoUpdate.AppUpdate.CheckAppVersion(String& msg) 位置 D:\ProjectData\MoXia\Carpenter\Carpenter\AppUpdate.cs:行号 310
09:45:31.835 @EMP002 系统管理员
09:45:31.837 @EMP009 d2f278e251d1566edd72846d4ad97f
10:01:01.369  异常信息：由于连接方在一段时间后没有正确答复或连接的主机没有反应，连接尝试失败。 192.168.1.188:80
  堆栈信息:   在 AutoUpdate.AppUpdate.DownloadFile(String url, String localFilePath) 位置 D:\ProjectData\MoXia\Carpenter\Carpenter\AppUpdate.cs:行号 242
   在 AutoUpdate.AppUpdate.CheckAppVersion(String& msg) 位置 D:\ProjectData\MoXia\Carpenter\Carpenter\AppUpdate.cs:行号 310
10:02:21.175 @EMP002 系统管理员
10:02:21.176 @EMP009 d2f278e251d1566edd72846d4ad97f
10:03:58.202  异常信息：由于连接方在一段时间后没有正确答复或连接的主机没有反应，连接尝试失败。 192.168.1.188:80
  堆栈信息:   在 AutoUpdate.AppUpdate.DownloadFile(String url, String localFilePath) 位置 D:\ProjectData\MoXia\Carpenter\Carpenter\AppUpdate.cs:行号 242
   在 AutoUpdate.AppUpdate.CheckAppVersion(String& msg) 位置 D:\ProjectData\MoXia\Carpenter\Carpenter\AppUpdate.cs:行号 310
10:04:02.719 @EMP002 系统管理员
10:04:02.721 @EMP009 d2f278e251d1566edd72846d4ad97f
10:06:27.025  异常信息：由于连接方在一段时间后没有正确答复或连接的主机没有反应，连接尝试失败。 192.168.1.188:80
  堆栈信息:   在 AutoUpdate.AppUpdate.DownloadFile(String url, String localFilePath) 位置 D:\ProjectData\MoXia\Carpenter\Carpenter\AppUpdate.cs:行号 242
   在 AutoUpdate.AppUpdate.CheckAppVersion(String& msg) 位置 D:\ProjectData\MoXia\Carpenter\Carpenter\AppUpdate.cs:行号 310
10:06:59.519 @EMP002 系统管理员
10:06:59.521 @EMP009 d2f278e251d1566edd72846d4ad97f
10:08:55.100  异常信息：由于连接方在一段时间后没有正确答复或连接的主机没有反应，连接尝试失败。 192.168.1.188:80
  堆栈信息:   在 AutoUpdate.AppUpdate.DownloadFile(String url, String localFilePath) 位置 D:\ProjectData\MoXia\Carpenter\Carpenter\AppUpdate.cs:行号 242
   在 AutoUpdate.AppUpdate.CheckAppVersion(String& msg) 位置 D:\ProjectData\MoXia\Carpenter\Carpenter\AppUpdate.cs:行号 310
10:10:07.907 @EMP002 系统管理员
10:10:07.908 @EMP009 cebfd1559b68d67688884d7a3d3e8c
10:10:09.686 @EMP002 系统管理员
10:10:09.688 @EMP009 d2f278e251d1566edd72846d4ad97f
10:16:19.577  异常信息：由于连接方在一段时间后没有正确答复或连接的主机没有反应，连接尝试失败。 192.168.1.188:80
  堆栈信息:   在 AutoUpdate.AppUpdate.DownloadFile(String url, String localFilePath) 位置 D:\ProjectData\MoXia\Carpenter\Carpenter\AppUpdate.cs:行号 242
   在 AutoUpdate.AppUpdate.CheckAppVersion(String& msg) 位置 D:\ProjectData\MoXia\Carpenter\Carpenter\AppUpdate.cs:行号 310
10:16:24.649 @EMP002 系统管理员
10:16:24.650 @EMP009 cebfd1559b68d67688884d7a3d3e8c
10:16:26.914 @EMP002 系统管理员
10:16:26.916 @EMP009 d2f278e251d1566edd72846d4ad97f
10:18:28.258  异常信息：由于连接方在一段时间后没有正确答复或连接的主机没有反应，连接尝试失败。 192.168.1.188:80
  堆栈信息:   在 AutoUpdate.AppUpdate.DownloadFile(String url, String localFilePath) 位置 D:\ProjectData\MoXia\Carpenter\Carpenter\AppUpdate.cs:行号 242
   在 AutoUpdate.AppUpdate.CheckAppVersion(String& msg) 位置 D:\ProjectData\MoXia\Carpenter\Carpenter\AppUpdate.cs:行号 310
10:18:34.830 @EMP002 系统管理员
10:18:34.831 @EMP009 d2f278e251d1566edd72846d4ad97f
10:20:22.735  异常信息：由于连接方在一段时间后没有正确答复或连接的主机没有反应，连接尝试失败。 192.168.1.188:80
  堆栈信息:   在 AutoUpdate.AppUpdate.DownloadFile(String url, String localFilePath) 位置 D:\ProjectData\MoXia\Carpenter\Carpenter\AppUpdate.cs:行号 242
   在 AutoUpdate.AppUpdate.CheckAppVersion(String& msg) 位置 D:\ProjectData\MoXia\Carpenter\Carpenter\AppUpdate.cs:行号 310
10:21:16.023 @EMP002 系统管理员
10:21:16.024 @EMP009 cebfd1559b68d67688884d7a3d3e8c
10:21:17.266 @EMP002 系统管理员
10:21:17.267 @EMP009 d2f278e251d1566edd72846d4ad97f
10:22:54.275  异常信息：由于连接方在一段时间后没有正确答复或连接的主机没有反应，连接尝试失败。 192.168.1.188:80
  堆栈信息:   在 AutoUpdate.AppUpdate.DownloadFile(String url, String localFilePath) 位置 D:\ProjectData\MoXia\Carpenter\Carpenter\AppUpdate.cs:行号 242
   在 AutoUpdate.AppUpdate.CheckAppVersion(String& msg) 位置 D:\ProjectData\MoXia\Carpenter\Carpenter\AppUpdate.cs:行号 310
10:23:15.683 @EMP002 系统管理员
10:23:15.685 @EMP009 d2f278e251d1566edd72846d4ad97f
10:26:24.269  异常信息：由于连接方在一段时间后没有正确答复或连接的主机没有反应，连接尝试失败。 192.168.1.188:80
  堆栈信息:   在 AutoUpdate.AppUpdate.DownloadFile(String url, String localFilePath) 位置 D:\ProjectData\MoXia\Carpenter\Carpenter\AppUpdate.cs:行号 242
   在 AutoUpdate.AppUpdate.CheckAppVersion(String& msg) 位置 D:\ProjectData\MoXia\Carpenter\Carpenter\AppUpdate.cs:行号 310
10:26:34.511 @EMP002 系统管理员
10:26:34.512 @EMP009 d2f278e251d1566edd72846d4ad97f
10:28:32.132  异常信息：由于连接方在一段时间后没有正确答复或连接的主机没有反应，连接尝试失败。 192.168.1.188:80
  堆栈信息:   在 AutoUpdate.AppUpdate.DownloadFile(String url, String localFilePath) 位置 D:\ProjectData\MoXia\Carpenter\Carpenter\AppUpdate.cs:行号 242
   在 AutoUpdate.AppUpdate.CheckAppVersion(String& msg) 位置 D:\ProjectData\MoXia\Carpenter\Carpenter\AppUpdate.cs:行号 310
10:31:04.383 @EMP002 系统管理员
10:31:04.384 @EMP009 cebfd1559b68d67688884d7a3d3e8c
10:31:06.282 @EMP002 系统管理员
10:31:06.283 @EMP009 d2f278e251d1566edd72846d4ad97f
10:33:33.850  异常信息：由于连接方在一段时间后没有正确答复或连接的主机没有反应，连接尝试失败。 192.168.1.188:80
  堆栈信息:   在 AutoUpdate.AppUpdate.DownloadFile(String url, String localFilePath) 位置 D:\ProjectData\MoXia\Carpenter\Carpenter\AppUpdate.cs:行号 242
   在 AutoUpdate.AppUpdate.CheckAppVersion(String& msg) 位置 D:\ProjectData\MoXia\Carpenter\Carpenter\AppUpdate.cs:行号 310
10:34:00.391 @EMP002 系统管理员
10:34:00.393 @EMP009 cebfd1559b68d67688884d7a3d3e8c
10:34:02.970 @EMP002 系统管理员
10:34:02.972 @EMP009 d2f278e251d1566edd72846d4ad97f
10:35:56.465  异常信息：由于连接方在一段时间后没有正确答复或连接的主机没有反应，连接尝试失败。 192.168.1.188:80
  堆栈信息:   在 AutoUpdate.AppUpdate.DownloadFile(String url, String localFilePath) 位置 D:\ProjectData\MoXia\Carpenter\Carpenter\AppUpdate.cs:行号 242
   在 AutoUpdate.AppUpdate.CheckAppVersion(String& msg) 位置 D:\ProjectData\MoXia\Carpenter\Carpenter\AppUpdate.cs:行号 310
10:36:00.405 @EMP002 系统管理员
10:36:00.406 @EMP009 cebfd1559b68d67688884d7a3d3e8c
10:36:05.252 @EMP002 系统管理员
10:36:05.255 @EMP009 d2f278e251d1566edd72846d4ad97f
10:37:16.286  异常信息：由于连接方在一段时间后没有正确答复或连接的主机没有反应，连接尝试失败。 192.168.1.188:80
  堆栈信息:   在 AutoUpdate.AppUpdate.DownloadFile(String url, String localFilePath) 位置 D:\ProjectData\MoXia\Carpenter\Carpenter\AppUpdate.cs:行号 242
   在 AutoUpdate.AppUpdate.CheckAppVersion(String& msg) 位置 D:\ProjectData\MoXia\Carpenter\Carpenter\AppUpdate.cs:行号 310
10:38:03.430 @EMP002 系统管理员
10:38:03.431 @EMP009 d2f278e251d1566edd72846d4ad97f
10:39:22.841  异常信息：由于连接方在一段时间后没有正确答复或连接的主机没有反应，连接尝试失败。 192.168.1.188:80
  堆栈信息:   在 AutoUpdate.AppUpdate.DownloadFile(String url, String localFilePath) 位置 D:\ProjectData\MoXia\Carpenter\Carpenter\AppUpdate.cs:行号 242
   在 AutoUpdate.AppUpdate.CheckAppVersion(String& msg) 位置 D:\ProjectData\MoXia\Carpenter\Carpenter\AppUpdate.cs:行号 310
10:39:27.777 @EMP002 系统管理员
10:39:27.778 @EMP009 d2f278e251d1566edd72846d4ad97f
16:02:43.801  异常信息：由于连接方在一段时间后没有正确答复或连接的主机没有反应，连接尝试失败。 192.168.1.188:80
  堆栈信息:   在 AutoUpdate.AppUpdate.DownloadFile(String url, String localFilePath) 位置 D:\ProjectData\MoXia\Carpenter\Carpenter\AppUpdate.cs:行号 242
   在 AutoUpdate.AppUpdate.CheckAppVersion(String& msg) 位置 D:\ProjectData\MoXia\Carpenter\Carpenter\AppUpdate.cs:行号 310
16:03:30.517 @EMP002 系统管理员
16:03:30.517 @EMP009 cebfd1559b68d67688884d7a3d3e8c
16:03:31.687 @EMP002 系统管理员
16:03:31.687 @EMP009 d2f278e251d1566edd72846d4ad97f
16:04:38.863 @WAC001 103003
16:04:38.879 @WAC003 3
16:04:38.879 @WAC004 809
16:04:38.879 @WAC008 201807
16:04:38.879 @WAC001 103004
16:04:38.879 @WAC003 39
16:04:38.879 @WAC004 1698
16:04:38.879 @WAC008 201807
16:04:38.894 @WAC001 103006
16:04:38.894 @WAC003 1
16:04:38.894 @WAC004 763
16:04:38.894 @WAC008 201807
16:04:38.894 @WAC001 103007
16:04:38.894 @WAC003 37
16:04:38.894 @WAC004 1718
16:04:38.894 @WAC008 201807
16:04:38.910 @WAC001 103007
16:04:38.910 @WAC003 21
16:04:38.910 @WAC004 758
16:04:38.910 @WAC008 201807
16:04:38.910 @WAC001 103011
16:04:38.910 @WAC003 33
16:04:38.910 @WAC004 1129
16:04:38.910 @WAC008 201807
16:04:38.910 @WAC001 103011
16:04:38.910 @WAC003 33
16:04:38.910 @WAC004 767
16:04:38.910 @WAC008 201807
16:04:38.926 @WAC001 103013
16:04:38.926 @WAC003 55
16:04:38.926 @WAC004 775
16:04:38.926 @WAC008 201807
16:04:38.926 @WAC001 103014
16:04:38.926 @WAC003 54
16:04:38.926 @WAC004 1515
16:04:38.926 @WAC008 201807
16:04:38.926 @WAC001 103014
16:04:38.941 @WAC003 27
16:04:38.941 @WAC004 869
16:04:38.941 @WAC008 201807
16:04:38.941 @WAC001 103014
16:04:38.941 @WAC003 54
16:04:38.941 @WAC004 869
16:04:38.941 @WAC008 201807
16:04:38.941 @WAC001 103015
16:04:38.941 @WAC003 32
16:04:38.941 @WAC004 754
16:04:38.941 @WAC008 201807
16:04:38.957 @WAC001 103015
16:04:38.957 @WAC003 56
16:04:38.957 @WAC004 754
16:04:38.957 @WAC008 201807
16:04:38.957 @WAC001 103015
16:04:38.957 @WAC003 32
16:04:38.957 @WAC004 846
16:04:38.957 @WAC008 201807
16:04:38.957 @WAC001 103016
16:04:38.972 @WAC003 5
16:04:38.972 @WAC004 672
16:04:38.972 @WAC008 201807
16:04:38.972 @WAC001 103016
16:04:38.972 @WAC003 5
16:04:38.972 @WAC004 761
16:04:38.972 @WAC008 201807
16:04:38.972 @WAC001 103017
16:04:38.972 @WAC003 34
16:04:38.972 @WAC004 1209
16:04:38.972 @WAC008 201807
16:04:38.988 @WAC001 103017
16:04:38.988 @WAC003 22
16:04:38.988 @WAC004 1714
16:04:38.988 @WAC008 201807
16:04:38.988 @WAC001 103017
16:04:38.988 @WAC003 34
16:04:38.988 @WAC004 1714
16:04:38.988 @WAC008 201807
16:04:38.988 @WAC001 103017
16:04:39.004 @WAC003 22
16:04:39.004 @WAC004 794
16:04:39.004 @WAC008 201807
16:04:39.004 @WAC001 103018
16:04:39.004 @WAC003 12
16:04:39.004 @WAC004 782
16:04:39.004 @WAC008 201807
16:04:39.004 @WAC001 103018
16:04:39.004 @WAC003 12
16:04:39.004 @WAC004 796
16:04:39.004 @WAC008 201807
16:04:39.019 @WAC001 103019
16:04:39.019 @WAC003 49
16:04:39.019 @WAC004 720
16:04:39.019 @WAC008 201807
16:04:39.019 @WAC001 103019
16:04:39.019 @WAC003 51
16:04:39.019 @WAC004 720
16:04:39.019 @WAC008 201807
16:04:39.019 @WAC001 103019
16:04:39.035 @WAC003 49
16:04:39.035 @WAC004 764
16:04:39.035 @WAC008 201807
16:04:39.035 @WAC001 103020
16:04:39.035 @WAC003 17
16:04:39.035 @WAC004 779
16:04:39.035 @WAC008 201807
16:04:39.035 @WAC001 103020
16:04:39.035 @WAC003 17
16:04:39.035 @WAC004 824
16:04:39.035 @WAC008 201807
16:04:39.050 @WAC001 103021
16:04:39.050 @WAC003 8
16:04:39.050 @WAC004 727
16:04:39.050 @WAC008 201807
16:04:39.050 @WAC001 103022
16:04:39.050 @WAC003 14
16:04:39.050 @WAC004 787
16:04:39.050 @WAC008 201807
16:04:39.050 @WAC001 103022
16:04:39.050 @WAC003 50
16:04:39.066 @WAC004 787
16:04:39.066 @WAC008 201807
16:04:39.066 @WAC001 103022
16:04:39.066 @WAC003 50
16:04:39.066 @WAC004 835
16:04:39.066 @WAC008 201807
16:04:39.066 @WAC001 103024
16:04:39.066 @WAC003 13
16:04:39.066 @WAC004 1254
16:04:39.066 @WAC008 201807
16:04:39.082 @WAC001 103024
16:04:39.082 @WAC003 13
16:04:39.082 @WAC004 1260
16:04:39.082 @WAC008 201807
16:04:39.082 @WAC001 103027
16:04:39.082 @WAC003 21
16:04:39.082 @WAC004 758
16:04:39.082 @WAC008 201807
16:04:39.082 @WAC001 103028
16:04:39.097 @WAC003 9
16:04:39.097 @WAC004 766
16:04:39.097 @WAC008 201807
16:04:39.097 @WAC001 103029
16:04:39.097 @WAC003 11
16:04:39.097 @WAC004 798
16:04:39.097 @WAC008 201807
16:04:39.097 @WAC001 103030
16:04:39.097 @WAC003 15
16:04:39.097 @WAC004 1473
16:04:39.097 @WAC008 201807
16:04:39.113 @WAC001 103031
16:04:39.113 @WAC003 19
16:04:39.113 @WAC004 945
16:04:39.113 @WAC008 201807
16:04:39.113 @WAC001 103032
16:04:39.113 @WAC003 20
16:04:39.113 @WAC004 930
16:04:39.113 @WAC008 201807
16:04:39.113 @WAC001 103033
16:04:39.113 @WAC003 18
16:04:39.128 @WAC004 1207
16:04:39.128 @WAC008 201807
16:04:39.128 @WAC001 103033
16:04:39.128 @WAC003 18
16:04:39.128 @WAC004 689
16:04:39.128 @WAC008 201807
16:04:39.128 @WAC001 103033
16:04:39.128 @WAC003 16
16:04:39.128 @WAC004 949
16:04:39.128 @WAC008 201807
16:04:39.144 @WAC001 103033
16:04:39.144 @WAC003 16
16:04:39.144 @WAC004 995
16:04:39.144 @WAC008 201807
16:04:39.144 @WAC001 103034
16:04:39.144 @WAC003 18
16:04:39.144 @WAC004 1207
16:04:39.144 @WAC008 201807
16:04:39.144 @WAC001 103034
16:04:39.144 @WAC003 18
16:04:39.144 @WAC004 689
16:04:39.160 @WAC008 201807
16:04:39.160 @WAC001 103034
16:04:39.160 @WAC003 16
16:04:39.160 @WAC004 949
16:04:39.160 @WAC008 201807
16:04:39.160 @WAC001 103034
16:04:39.160 @WAC003 16
16:04:39.160 @WAC004 995
16:04:39.160 @WAC008 201807
16:04:39.160 @WAC001 103035
16:04:39.175 @WAC003 22
16:04:39.175 @WAC004 1714
16:04:39.175 @WAC008 201807
16:04:39.175 @WAC001 103035
16:04:39.175 @WAC003 10
16:04:39.175 @WAC004 779
16:04:39.175 @WAC008 201807
16:04:39.175 @WAC001 103035
16:04:39.175 @WAC003 17
16:04:39.175 @WAC004 779
16:04:39.175 @WAC008 201807
16:04:39.191 @WAC001 103035
16:04:39.191 @WAC003 22
16:04:39.191 @WAC004 794
16:04:39.191 @WAC008 201807
16:04:39.191 @WAC001 103035
16:04:39.191 @WAC003 17
16:04:39.191 @WAC004 824
16:04:39.191 @WAC008 201807
16:04:39.191 @WAC001 103038
16:04:39.191 @WAC003 21
16:04:39.206 @WAC004 758
16:04:39.206 @WAC008 201807
16:04:39.206 @WAC001 103040
16:04:39.206 @WAC003 40
16:04:39.206 @WAC004 1657
16:04:39.206 @WAC008 201807
16:04:39.206 @WAC001 103041
16:04:39.206 @WAC003 21
16:04:39.206 @WAC004 758
16:04:39.206 @WAC008 201807
16:04:39.222 @WAC001 103043
16:04:39.222 @WAC003 52
16:04:39.222 @WAC004 1501
16:04:39.222 @WAC008 201807
16:04:39.222 @WAC001 103043
16:04:39.222 @WAC003 52
16:04:39.222 @WAC004 668
16:04:39.222 @WAC008 201807
16:04:39.222 @WAC001 103043
16:04:39.222 @WAC003 52
16:04:39.222 @WAC004 695
16:04:39.222 @WAC008 201807
16:04:39.238 @WAC001 103045
16:04:39.238 @WAC003 46
16:04:39.238 @WAC004 1501
16:04:39.238 @WAC008 201807
16:04:39.238 @WAC001 103045
16:04:39.238 @WAC003 52
16:04:39.238 @WAC004 1501
16:04:39.238 @WAC008 201807
16:04:39.238 @WAC001 103045
16:04:39.238 @WAC003 29
16:04:39.253 @WAC004 668
16:04:39.253 @WAC008 201807
16:04:39.253 @WAC001 103045
16:04:39.253 @WAC003 52
16:04:39.253 @WAC004 668
16:04:39.253 @WAC008 201807
16:04:39.253 @WAC001 103045
16:04:39.253 @WAC003 29
16:04:39.253 @WAC004 695
16:04:39.253 @WAC008 201807
16:04:39.269 @WAC001 103045
16:04:39.269 @WAC003 46
16:04:39.269 @WAC004 695
16:04:39.269 @WAC008 201807
16:04:39.269 @WAC001 103045
16:04:39.269 @WAC003 52
16:04:39.269 @WAC004 695
16:04:39.269 @WAC008 201807
16:04:39.269 @WAC001 103046
16:04:39.269 @WAC003 47
16:04:39.284 @WAC004 718
16:04:39.284 @WAC008 201807
16:04:39.284 @WAC001 103046
16:04:39.284 @WAC003 47
16:04:39.284 @WAC004 790
16:04:39.284 @WAC008 201807
16:04:39.284 @WAC001 103047
16:04:39.284 @WAC003 31
16:04:39.284 @WAC004 1462
16:04:39.284 @WAC008 201807
16:04:39.300 @WAC001 103047
16:04:39.300 @WAC003 53
16:04:39.300 @WAC004 1462
16:04:39.300 @WAC008 201807
16:04:39.300 @WAC001 103047
16:04:39.300 @WAC003 31
16:04:39.300 @WAC004 1728
16:04:39.300 @WAC008 201807
16:04:39.300 @WAC001 103048
16:04:39.300 @WAC003 26
16:04:39.300 @WAC004 1424
16:04:39.316 @WAC008 201807
16:04:39.316 @WAC001 103048
16:04:39.316 @WAC003 26
16:04:39.316 @WAC004 735
16:04:39.316 @WAC008 201807
16:04:39.316 @WAC001 103049
16:04:39.316 @WAC003 30
16:04:39.316 @WAC004 1115
16:04:39.316 @WAC008 201807
16:04:39.316 @WAC001 103049
16:04:39.331 @WAC003 48
16:04:39.331 @WAC004 1115
16:04:39.331 @WAC008 201807
16:04:39.331 @WAC001 103049
16:04:39.331 @WAC003 30
16:04:39.331 @WAC004 1414
16:04:39.331 @WAC008 201807
16:04:39.331 @WAC001 103050
16:04:39.331 @WAC003 24
16:04:39.331 @WAC004 681
16:04:39.331 @WAC008 201807
16:04:39.347 @WAC001 103050
16:04:39.347 @WAC003 25
16:04:39.347 @WAC004 835
16:04:39.347 @WAC008 201807
16:04:39.347 @WAC001 103050
16:04:39.347 @WAC003 28
16:04:39.347 @WAC004 872
16:04:39.347 @WAC008 201807
16:04:39.347 @WAC001 103050
16:04:39.347 @WAC003 23
16:04:39.347 @WAC004 880
16:04:39.362 @WAC008 201807
16:04:39.362 @WAC001 103050
16:04:39.362 @WAC003 6
16:04:39.362 @WAC004 943
16:04:39.362 @WAC008 201807
16:04:39.362 @WAC001 103051
16:04:39.362 @WAC003 7
16:04:39.362 @WAC004 749
16:04:39.362 @WAC008 201807
16:04:39.362 @WAC001 103052
16:04:39.362 @WAC003 7
16:04:39.378 @WAC004 749
16:04:39.378 @WAC008 201807
16:04:39.378 @WAC001 103052
16:04:39.378 @WAC003 41
16:04:39.378 @WAC004 794
16:04:39.378 @WAC008 201807
16:04:39.378 @WAC001 103052
16:04:39.378 @WAC003 25
16:04:39.378 @WAC004 835
16:04:39.378 @WAC008 201807
16:04:39.378 @WAC001 103052
16:04:39.394 @WAC003 28
16:04:39.394 @WAC004 872
16:04:39.394 @WAC008 201807
16:04:39.394 @WAC001 103052
16:04:39.394 @WAC003 23
16:04:39.394 @WAC004 880
16:04:39.394 @WAC008 201807
16:04:39.394 @WAC001 104004
16:04:39.394 @WAC003 38
16:04:39.394 @WAC004 852
16:04:39.394 @WAC008 201807
16:04:39.409 @WAC001 104005
16:04:39.409 @WAC003 36
16:04:39.409 @WAC004 1486
16:04:39.409 @WAC008 201807
16:04:39.409 @WAC001 104006
16:04:39.409 @WAC003 44
16:04:39.409 @WAC004 1695
16:04:39.409 @WAC008 201807
16:04:39.409 @WAC001 104007
16:04:39.409 @WAC003 4
16:04:39.409 @WAC004 1480
16:04:39.409 @WAC008 201807
16:04:39.425 @WAC001 104013
16:04:39.425 @WAC003 42
16:04:39.425 @WAC004 1254
16:04:39.425 @WAC008 201807
16:04:39.425 @WAC001 104014
16:04:39.425 @WAC003 35
16:04:39.425 @WAC004 1310
16:04:39.425 @WAC008 201807
16:04:39.425 @WAC001 104014
16:04:39.425 @WAC003 45
16:04:39.425 @WAC004 770
16:04:39.440 @WAC008 201807
16:04:39.440 @WAC001 104015
16:04:39.440 @WAC003 43
16:04:39.440 @WAC004 1709
16:04:39.440 @WAC008 201807
16:04:39.440 @WAC001 104025
16:04:39.440 @WAC003 2
16:04:39.440 @WAC004 722
16:04:39.440 @WAC008 201807
17:03:07.541  异常信息：由于连接方在一段时间后没有正确答复或连接的主机没有反应，连接尝试失败。 192.168.1.188:80
  堆栈信息:   在 AutoUpdate.AppUpdate.DownloadFile(String url, String localFilePath) 位置 D:\ProjectData\MoXia\Carpenter\Carpenter\AppUpdate.cs:行号 242
   在 AutoUpdate.AppUpdate.CheckAppVersion(String& msg) 位置 D:\ProjectData\MoXia\Carpenter\Carpenter\AppUpdate.cs:行号 310
17:03:11.634 @EMP002 系统管理员
17:03:11.635 @EMP009 cebfd1559b68d67688884d7a3d3e8c
17:03:14.268 @EMP002 系统管理员
17:03:14.271 @EMP009 d2f278e251d1566edd72846d4ad97f
17:06:19.018  异常信息：由于连接方在一段时间后没有正确答复或连接的主机没有反应，连接尝试失败。 192.168.1.188:80
  堆栈信息:   在 AutoUpdate.AppUpdate.DownloadFile(String url, String localFilePath) 位置 D:\ProjectData\MoXia\Carpenter\Carpenter\AppUpdate.cs:行号 242
   在 AutoUpdate.AppUpdate.CheckAppVersion(String& msg) 位置 D:\ProjectData\MoXia\Carpenter\Carpenter\AppUpdate.cs:行号 310
17:06:22.882 @EMP002 系统管理员
17:06:22.884 @EMP009 cebfd1559b68d67688884d7a3d3e8c
17:06:24.966 @EMP002 系统管理员
17:06:24.969 @EMP009 d2f278e251d1566edd72846d4ad97f
17:08:32.944  异常信息：由于连接方在一段时间后没有正确答复或连接的主机没有反应，连接尝试失败。 192.168.1.188:80
  堆栈信息:   在 AutoUpdate.AppUpdate.DownloadFile(String url, String localFilePath) 位置 D:\ProjectData\MoXia\Carpenter\Carpenter\AppUpdate.cs:行号 242
   在 AutoUpdate.AppUpdate.CheckAppVersion(String& msg) 位置 D:\ProjectData\MoXia\Carpenter\Carpenter\AppUpdate.cs:行号 310
17:08:37.060 @EMP002 系统管理员
17:08:37.062 @EMP009 d2f278e251d1566edd72846d4ad97f
17:09:07.617 @PRD001 103007
17:09:07.619 @PRD002 气动截料锯
17:09:07.620 @PRD003 断大板
17:09:07.622 @PRD004 763
17:09:07.624 @PRD005 俞有良
17:09:07.625 @PRD006 201804010945
17:09:07.627 @PRD007 1814
17:09:07.628 @PRD008 51-1.005.02-1.001
17:09:07.630 @PRD009 9号-C单人沙发软包
17:09:07.631 @PRD010 
17:09:07.632 @PRD011 下中档
17:09:07.633 @PRD012 60.0
17:09:07.635 @PRD013 2018/8/9 17:09:07
17:09:07.636 @PRD014 True
17:09:07.637 @PRD015 3134
17:09:07.638 @PRD016 
17:09:07.639 @PRD017 2018/8/9 17:09:07
17:09:07.641 @PRD018 系统管理员
17:09:07.642 @PRD019 60.0
17:09:07.644 @PRD020 False
17:09:07.645 @PRD021 False
17:09:07.647 @PRD022 
17:09:07.649 @PRD023 1
17:09:07.650 @PRD024 
17:09:07.652 @PRD025 0
17:09:07.654 @PRD026 
17:09:07.655 @PRD027 
17:09:07.657 @PRD028 0
17:09:07.658 @PRD029 0
17:09:07.659 @PRD030 0
17:09:07.660 @PRD031 
17:09:07.661 @PRD032 0054
17:09:07.663 @PRD033 立方
17:09:07.664 @PRD034 834*45*30
17:09:07.665 @PRD035 False
17:09:07.666 @PRD036 
17:09:07.668 @PRD037 0
17:09:07.669 @PRD038 
17:09:07.670 @PRD039 0
17:09:07.672 @PRD040 
17:09:07.673 @PRD041 0
17:09:07.675 @PRD042 60
17:09:07.676 @PRD043 57
17:09:07.684 @PRE001 3134
17:09:07.685 @PRE002 标准
17:09:07.687 @PRE003 1200.000000
17:09:07.688 @PRE004 40000.000000
17:09:07.690 @PRE005 190.000000
17:09:07.691 @PRE006 
17:09:07.692 @PRE007 
17:09:07.694 @PRE008 0.000000
17:09:07.696 @PRE009 10000.000000
17:09:07.697 @PRE010 0.000000
17:09:07.699 @PRE011 37.000000
17:09:07.705 @PRE001 3134
17:09:07.706 @PRE002 标准
17:09:07.708 @PRE003 601.000000
17:09:07.712 @PRE004 1200.000000
17:09:07.713 @PRE005 250.000000
17:09:07.715 @PRE006 
17:09:07.716 @PRE007 
17:09:07.717 @PRE008 0.000000
17:09:07.719 @PRE009 10000.000000
17:09:07.720 @PRE010 0.000000
17:09:07.721 @PRE011 37.000000
17:09:07.724 @PRE001 3134
17:09:07.725 @PRE002 标准
17:09:07.726 @PRE003 601.000000
17:09:07.728 @PRE004 1200.000000
17:09:07.729 @PRE005 190.000000
17:09:07.730 @PRE006 
17:09:07.731 @PRE007 
17:09:07.732 @PRE008 0.000000
17:09:07.734 @PRE009 10000.000000
17:09:07.735 @PRE010 37.100000
17:09:07.736 @PRE011 1000.000000
17:09:07.739 @PRE001 3134
17:09:07.740 @PRE002 标准
17:09:07.742 @PRE003 1201.000000
17:09:07.743 @PRE004 40000.000000
17:09:07.745 @PRE005 150.000000
17:09:07.746 @PRE006 
17:09:07.747 @PRE007 
17:09:07.748 @PRE008 0.000000
17:09:07.749 @PRE009 10000.000000
17:09:07.750 @PRE010 37.100000
17:09:07.751 @PRE011 1000.000000
17:09:07.755 @PRD001 103007
17:09:07.756 @PRD002 气动截料锯
17:09:07.757 @PRD003 断大板
17:09:07.758 @PRD004 767
17:09:07.758 @PRD005 吴梅武
17:09:07.759 @PRD006 201804010945
17:09:07.760 @PRD007 1814
17:09:07.761 @PRD008 51-1.005.02-1.001
17:09:07.763 @PRD009 9号-C单人沙发软包
17:09:07.765 @PRD010 
17:09:07.766 @PRD011 下中档
17:09:07.767 @PRD012 60.0
17:09:07.768 @PRD013 2018/8/9 17:09:07
17:09:07.769 @PRD014 True
17:09:07.771 @PRD015 3134
17:09:07.772 @PRD016 
17:09:07.773 @PRD017 2018/8/9 17:09:07
17:09:07.774 @PRD018 系统管理员
17:09:07.775 @PRD019 60.0
17:09:07.776 @PRD020 False
17:09:07.777 @PRD021 False
17:09:07.778 @PRD022 
17:09:07.779 @PRD023 1
17:09:07.780 @PRD024 
17:09:07.781 @PRD025 0
17:09:07.783 @PRD026 
17:09:07.784 @PRD027 
17:09:07.785 @PRD028 0
17:09:07.786 @PRD029 0
17:09:07.787 @PRD030 0
17:09:07.788 @PRD031 
17:09:07.789 @PRD032 0054
17:09:07.790 @PRD033 立方
17:09:07.792 @PRD034 834*45*30
17:09:07.793 @PRD035 False
17:09:07.794 @PRD036 
17:09:07.795 @PRD037 0
17:09:07.796 @PRD038 
17:09:07.797 @PRD039 0
17:09:07.798 @PRD040 
17:09:07.800 @PRD041 0
17:09:07.801 @PRD042 60
17:09:07.802 @PRD043 57
17:09:07.804 @PRE001 3134
17:09:07.806 @PRE002 标准
17:09:07.807 @PRE003 0.000000
17:09:07.808 @PRE004 600.000000
17:09:07.809 @PRE005 320.000000
17:09:07.810 @PRE006 
17:09:07.810 @PRE007 
17:09:07.812 @PRE008 0.000000
17:09:07.813 @PRE009 10000.000000
17:09:07.814 @PRE010 0.000000
17:09:07.815 @PRE011 37.000000
17:09:07.818 @PRE001 3134
17:09:07.819 @PRE002 标准
17:09:07.820 @PRE003 0.000000
17:09:07.821 @PRE004 600.000000
17:09:07.823 @PRE005 250.000000
17:09:07.824 @PRE006 
17:09:07.825 @PRE007 
17:09:07.826 @PRE008 0.000000
17:09:07.828 @PRE009 10000.000000
17:09:07.829 @PRE010 37.100000
17:09:07.830 @PRE011 1000.000000
17:09:12.209 @PRE001 3135
17:09:12.211 @PRE002 标准
17:09:12.212 @PRE003 1201.000000
17:09:12.213 @PRE004 40000.000000
17:09:12.214 @PRE005 150.000000
17:09:12.215 @PRE006 
17:09:12.216 @PRE007 
17:09:12.217 @PRE008 0.000000
17:09:12.218 @PRE009 10000.000000
17:09:12.219 @PRE010 37.100000
17:09:12.220 @PRE011 1000.000000
17:09:12.222 @PRD001 103007
17:09:12.224 @PRD002 气动截料锯
17:09:12.225 @PRD003 断大板
17:09:12.226 @PRD004 763
17:09:12.227 @PRD005 俞有良
17:09:12.228 @PRD006 201804010945
17:09:12.229 @PRD007 1814
17:09:12.230 @PRD008 51-1.005.02-1.001
17:09:12.231 @PRD009 9号-C单人沙发软包
17:09:12.233 @PRD010 
17:09:12.234 @PRD011 下中档
17:09:12.235 @PRD012 60.0
17:09:12.237 @PRD013 2018/8/9 17:09:12
17:09:12.238 @PRD014 False
17:09:12.239 @PRD015 3135
17:09:12.240 @PRD016 
17:09:12.241 @PRD017 2018/8/9 17:09:12
17:09:12.243 @PRD018 系统管理员
17:09:12.244 @PRD019 60.0
17:09:12.245 @PRD020 False
17:09:12.246 @PRD021 False
17:09:12.247 @PRD022 
17:09:12.248 @PRD023 1
17:09:12.249 @PRD024 
17:09:12.250 @PRD025 0
17:09:12.252 @PRD026 
17:09:12.253 @PRD027 
17:09:12.254 @PRD028 0
17:09:12.255 @PRD029 0
17:09:12.256 @PRD030 0
17:09:12.257 @PRD031 
17:09:12.258 @PRD032 0054
17:09:12.260 @PRD033 立方
17:09:12.261 @PRD034 834*45*30
17:09:12.262 @PRD035 False
17:09:12.263 @PRD036 
17:09:12.264 @PRD037 0
17:09:12.265 @PRD038 
17:09:12.266 @PRD039 0
17:09:12.267 @PRD040 
17:09:12.268 @PRD041 0
17:09:12.269 @PRD042 60
17:09:12.270 @PRD043 58
17:09:12.273 @PRE001 3135
17:09:12.274 @PRE002 标准
17:09:12.275 @PRE003 601.000000
17:09:12.276 @PRE004 1200.000000
17:09:12.277 @PRE005 250.000000
17:09:12.278 @PRE006 
17:09:12.279 @PRE007 
17:09:12.280 @PRE008 0.000000
17:09:12.281 @PRE009 10000.000000
17:09:12.283 @PRE010 0.000000
17:09:12.284 @PRE011 37.000000
17:09:12.286 @PRE001 3135
17:09:12.287 @PRE002 标准
17:09:12.288 @PRE003 0.000000
17:09:12.289 @PRE004 600.000000
17:09:12.290 @PRE005 250.000000
17:09:12.291 @PRE006 
17:09:12.292 @PRE007 
17:09:12.293 @PRE008 0.000000
17:09:12.294 @PRE009 10000.000000
17:09:12.295 @PRE010 37.100000
17:09:12.296 @PRE011 1000.000000
17:09:12.298 @PRE001 3135
17:09:12.300 @PRE002 标准
17:09:12.301 @PRE003 0.000000
17:09:12.302 @PRE004 600.000000
17:09:12.303 @PRE005 320.000000
17:09:12.304 @PRE006 
17:09:12.305 @PRE007 
17:09:12.306 @PRE008 0.000000
17:09:12.307 @PRE009 10000.000000
17:09:12.308 @PRE010 0.000000
17:09:12.309 @PRE011 37.000000
17:09:12.311 @PRE001 3135
17:09:12.313 @PRE002 标准
17:09:12.314 @PRE003 1200.000000
17:09:12.315 @PRE004 40000.000000
17:09:12.316 @PRE005 190.000000
17:09:12.317 @PRE006 
17:09:12.318 @PRE007 
17:09:12.320 @PRE008 0.000000
17:09:12.321 @PRE009 10000.000000
17:09:12.322 @PRE010 0.000000
17:09:12.323 @PRE011 37.000000
17:09:12.325 @PRE001 3135
17:09:12.326 @PRE002 标准
17:09:12.328 @PRE003 601.000000
17:09:12.329 @PRE004 1200.000000
17:09:12.330 @PRE005 190.000000
17:09:12.331 @PRE006 
17:09:12.333 @PRE007 
17:09:12.334 @PRE008 0.000000
17:09:12.335 @PRE009 10000.000000
17:09:12.336 @PRE010 37.100000
17:09:12.337 @PRE011 1000.000000
17:10:16.317 @PRE001 3136
17:10:16.318 @PRE002 标准
17:10:16.319 @PRE003 0.000000
17:10:16.320 @PRE004 600.000000
17:10:16.321 @PRE005 320.000000
17:10:16.322 @PRE006 
17:10:16.323 @PRE007 
17:10:16.324 @PRE008 0.000000
17:10:16.325 @PRE009 10000.000000
17:10:16.326 @PRE010 0.000000
17:10:16.327 @PRE011 37.000000
17:10:16.329 @PRE001 3136
17:10:16.330 @PRE002 标准
17:10:16.331 @PRE003 601.000000
17:10:16.333 @PRE004 1200.000000
17:10:16.334 @PRE005 190.000000
17:10:16.335 @PRE006 
17:10:16.336 @PRE007 
17:10:16.337 @PRE008 0.000000
17:10:16.338 @PRE009 10000.000000
17:10:16.339 @PRE010 37.100000
17:10:16.340 @PRE011 1000.000000
17:10:16.343 @PRE001 3136
17:10:16.344 @PRE002 标准
17:10:16.345 @PRE003 0.000000
17:10:16.346 @PRE004 600.000000
17:10:16.348 @PRE005 250.000000
17:10:16.349 @PRE006 
17:10:16.350 @PRE007 
17:10:16.352 @PRE008 0.000000
17:10:16.353 @PRE009 10000.000000
17:10:16.354 @PRE010 37.100000
17:10:16.356 @PRE011 1000.000000
17:10:16.358 @PRE001 3136
17:10:16.359 @PRE002 标准
17:10:16.360 @PRE003 1200.000000
17:10:16.361 @PRE004 40000.000000
17:10:16.362 @PRE005 190.000000
17:10:16.364 @PRE006 
17:10:16.365 @PRE007 
17:10:16.366 @PRE008 0.000000
17:10:16.367 @PRE009 10000.000000
17:10:16.368 @PRE010 0.000000
17:10:16.369 @PRE011 37.000000
17:10:16.371 @PRE001 3136
17:10:16.373 @PRE002 标准
17:10:16.374 @PRE003 1201.000000
17:10:16.376 @PRE004 40000.000000
17:10:16.377 @PRE005 150.000000
17:10:16.377 @PRE006 
17:10:16.378 @PRE007 
17:10:16.379 @PRE008 0.000000
17:10:16.381 @PRE009 10000.000000
17:10:16.382 @PRE010 37.100000
17:10:16.383 @PRE011 1000.000000
17:10:16.386 @PRE001 3136
17:10:16.387 @PRE002 标准
17:10:16.388 @PRE003 601.000000
17:10:16.389 @PRE004 1200.000000
17:10:16.390 @PRE005 250.000000
17:10:16.392 @PRE006 
17:10:16.393 @PRE007 
17:10:16.394 @PRE008 0.000000
17:10:16.395 @PRE009 10000.000000
17:10:16.396 @PRE010 0.000000
17:10:16.398 @PRE011 37.000000
17:10:16.400 @PRD001 103007
17:10:16.401 @PRD002 气动截料锯
17:10:16.403 @PRD003 断大板
17:10:16.404 @PRD004 763
17:10:16.405 @PRD005 俞有良
17:10:16.407 @PRD006 201804170496
17:10:16.408 @PRD007 1815
17:10:16.409 @PRD008 51-1.007.04.001
17:10:16.410 @PRD009 1号衣架
17:10:16.411 @PRD010 450*380*1800
17:10:16.411 @PRD011 中柱
17:10:16.412 @PRD012 150.0
17:10:16.414 @PRD013 2018/8/9 17:10:16
17:10:16.415 @PRD014 True
17:10:16.417 @PRD015 3136
17:10:16.418 @PRD016 
17:10:16.419 @PRD017 2018/8/9 17:10:16
17:10:16.420 @PRD018 系统管理员
17:10:16.421 @PRD019 150.0
17:10:16.422 @PRD020 False
17:10:16.423 @PRD021 False
17:10:16.423 @PRD022 
17:10:16.424 @PRD023 1
17:10:16.425 @PRD024 
17:10:16.426 @PRD025 0
17:10:16.427 @PRD026 
17:10:16.428 @PRD027 
17:10:16.429 @PRD028 0
17:10:16.430 @PRD029 0
17:10:16.432 @PRD030 0
17:10:16.433 @PRD031 
17:10:16.434 @PRD032 0054
17:10:16.435 @PRD033 立方
17:10:16.436 @PRD034 1540*35/25*35/25
17:10:16.437 @PRD035 False
17:10:16.438 @PRD036 
17:10:16.439 @PRD037 0
17:10:16.440 @PRD038 
17:10:16.441 @PRD039 0
17:10:16.442 @PRD040 
17:10:16.443 @PRD041 0
17:10:16.444 @PRD042 150
17:10:16.445 @PRD043 59
17:10:16.450 @PRD001 103007
17:10:16.452 @PRD002 气动截料锯
17:10:16.453 @PRD003 断大板
17:10:16.454 @PRD004 1129
17:10:16.455 @PRD005 余艳莲
17:10:16.456 @PRD006 201804170496
17:10:16.457 @PRD007 1815
17:10:16.458 @PRD008 51-1.007.04.001
17:10:16.459 @PRD009 1号衣架
17:10:16.460 @PRD010 450*380*1800
17:10:16.461 @PRD011 中柱
17:10:16.462 @PRD012 150.0
17:10:16.463 @PRD013 2018/8/9 17:10:16
17:10:16.465 @PRD014 True
17:10:16.466 @PRD015 3136
17:10:16.468 @PRD016 
17:10:16.469 @PRD017 2018/8/9 17:10:16
17:10:16.470 @PRD018 系统管理员
17:10:16.471 @PRD019 150.0
17:10:16.472 @PRD020 False
17:10:16.474 @PRD021 False
17:10:16.475 @PRD022 
17:10:16.476 @PRD023 1
17:10:16.477 @PRD024 
17:10:16.477 @PRD025 0
17:10:16.478 @PRD026 
17:10:16.479 @PRD027 
17:10:16.481 @PRD028 0
17:10:16.482 @PRD029 0
17:10:16.484 @PRD030 0
17:10:16.485 @PRD031 
17:10:16.486 @PRD032 0054
17:10:16.487 @PRD033 立方
17:10:16.488 @PRD034 1540*35/25*35/25
17:10:16.489 @PRD035 False
17:10:16.490 @PRD036 
17:10:16.491 @PRD037 0
17:10:16.492 @PRD038 
17:10:16.494 @PRD039 0
17:10:16.495 @PRD040 
17:10:16.496 @PRD041 0
17:10:16.498 @PRD042 150
17:10:16.500 @PRD043 59
17:13:13.184  异常信息：由于连接方在一段时间后没有正确答复或连接的主机没有反应，连接尝试失败。 192.168.1.188:80
  堆栈信息:   在 AutoUpdate.AppUpdate.DownloadFile(String url, String localFilePath) 位置 D:\ProjectData\MoXia\Carpenter\Carpenter\AppUpdate.cs:行号 242
   在 AutoUpdate.AppUpdate.CheckAppVersion(String& msg) 位置 D:\ProjectData\MoXia\Carpenter\Carpenter\AppUpdate.cs:行号 310
17:15:09.713 @EMP002 系统管理员
17:15:09.714 @EMP009 d2f278e251d1566edd72846d4ad97f
17:16:07.910 @PRE001 3137
17:16:07.912 @PRE002 标准
17:16:07.915 @PRE003 0.000000
17:16:07.916 @PRE004 600.000000
17:16:07.917 @PRE005 320.000000
17:16:07.919 @PRE006 
17:16:07.920 @PRE007 
17:16:07.921 @PRE008 0.000000
17:16:07.922 @PRE009 10000.000000
17:16:07.923 @PRE010 0.000000
17:16:07.924 @PRE011 37.000000
17:16:07.926 @PRE001 3137
17:16:07.928 @PRE002 标准
17:16:07.929 @PRE003 601.000000
17:16:07.930 @PRE004 1200.000000
17:16:07.931 @PRE005 190.000000
17:16:07.932 @PRE006 
17:16:07.934 @PRE007 
17:16:07.935 @PRE008 0.000000
17:16:07.936 @PRE009 10000.000000
17:16:07.937 @PRE010 37.100000
17:16:07.938 @PRE011 1000.000000
17:16:07.940 @PRD001 103007
17:16:07.941 @PRD002 气动截料锯
17:16:07.943 @PRD003 断大板
17:16:07.944 @PRD004 1129
17:16:07.945 @PRD005 余艳莲
17:16:07.946 @PRD006 201804170496
17:16:07.947 @PRD007 1815
17:16:07.948 @PRD008 51-1.007.04.001
17:16:07.949 @PRD009 1号衣架
17:16:07.950 @PRD010 450*380*1800
17:16:07.951 @PRD011 中柱
17:16:07.952 @PRD012 150.0
17:16:07.953 @PRD013 2018/8/9 17:16:07
17:16:07.954 @PRD014 False
17:16:07.955 @PRD015 3137
17:16:07.956 @PRD016 
17:16:07.957 @PRD017 2018/8/9 17:16:07
17:16:07.958 @PRD018 系统管理员
17:16:07.959 @PRD019 150.0
17:16:07.959 @PRD020 False
17:16:07.960 @PRD021 False
17:16:07.961 @PRD022 
17:16:07.962 @PRD023 1
17:16:07.963 @PRD024 
17:16:07.964 @PRD025 0
17:16:07.965 @PRD026 
17:16:07.966 @PRD027 
17:16:07.967 @PRD028 0
17:16:07.968 @PRD029 0
17:16:07.969 @PRD030 0
17:16:07.970 @PRD031 
17:16:07.971 @PRD032 0054
17:16:07.972 @PRD033 立方
17:16:07.973 @PRD034 1540*35/25*35/25
17:16:07.974 @PRD035 False
17:16:07.975 @PRD036 
17:16:07.976 @PRD037 0
17:16:07.977 @PRD038 
17:16:07.978 @PRD039 0
17:16:07.978 @PRD040 
17:16:07.979 @PRD041 0
17:16:07.980 @PRD042 150
17:16:07.981 @PRD043 59
17:16:07.985 @PRD001 103007
17:16:07.986 @PRD002 气动截料锯
17:16:07.987 @PRD003 断大板
17:16:07.988 @PRD004 763
17:16:07.990 @PRD005 俞有良
17:16:07.990 @PRD006 201804170496
17:16:07.991 @PRD007 1815
17:16:07.992 @PRD008 51-1.007.04.001
17:16:07.993 @PRD009 1号衣架
17:16:07.994 @PRD010 450*380*1800
17:16:07.995 @PRD011 中柱
17:16:07.996 @PRD012 150.0
17:16:07.997 @PRD013 2018/8/9 17:16:07
17:16:07.998 @PRD014 False
17:16:08.000 @PRD015 3137
17:16:08.001 @PRD016 
17:16:08.002 @PRD017 2018/8/9 17:16:07
17:16:08.003 @PRD018 系统管理员
17:16:08.004 @PRD019 150.0
17:16:08.005 @PRD020 False
17:16:08.006 @PRD021 False
17:16:08.007 @PRD022 
17:16:08.008 @PRD023 1
17:16:08.009 @PRD024 
17:16:08.010 @PRD025 0
17:16:08.010 @PRD026 
17:16:08.011 @PRD027 
17:16:08.012 @PRD028 0
17:16:08.014 @PRD029 0
17:16:08.015 @PRD030 0
17:16:08.016 @PRD031 
17:16:08.017 @PRD032 0054
17:16:08.018 @PRD033 立方
17:16:08.019 @PRD034 1540*35/25*35/25
17:16:08.020 @PRD035 False
17:16:08.022 @PRD036 
17:16:08.023 @PRD037 0
17:16:08.023 @PRD038 
17:16:08.024 @PRD039 0
17:16:08.025 @PRD040 
17:16:08.026 @PRD041 0
17:16:08.027 @PRD042 150
17:16:08.028 @PRD043 59
17:16:08.030 @PRE001 3137
17:16:08.031 @PRE002 标准
17:16:08.033 @PRE003 1201.000000
17:16:08.034 @PRE004 40000.000000
17:16:08.035 @PRE005 150.000000
17:16:08.036 @PRE006 
17:16:08.037 @PRE007 
17:16:08.038 @PRE008 0.000000
17:16:08.039 @PRE009 10000.000000
17:16:08.040 @PRE010 37.100000
17:16:08.041 @PRE011 1000.000000
17:16:08.043 @PRE001 3137
17:16:08.044 @PRE002 标准
17:16:08.045 @PRE003 1200.000000
17:16:08.046 @PRE004 40000.000000
17:16:08.047 @PRE005 190.000000
17:16:08.048 @PRE006 
17:16:08.049 @PRE007 
17:16:08.050 @PRE008 0.000000
17:16:08.051 @PRE009 10000.000000
17:16:08.052 @PRE010 0.000000
17:16:08.053 @PRE011 37.000000
17:16:08.057 @PRE001 3137
17:16:08.058 @PRE002 标准
17:16:08.059 @PRE003 601.000000
17:16:08.060 @PRE004 1200.000000
17:16:08.061 @PRE005 250.000000
17:16:08.062 @PRE006 
17:16:08.063 @PRE007 
17:16:08.064 @PRE008 0.000000
17:16:08.065 @PRE009 10000.000000
17:16:08.067 @PRE010 0.000000
17:16:08.068 @PRE011 37.000000
17:16:08.070 @PRE001 3137
17:16:08.071 @PRE002 标准
17:16:08.072 @PRE003 0.000000
17:16:08.073 @PRE004 600.000000
17:16:08.074 @PRE005 250.000000
17:16:08.075 @PRE006 
17:16:08.076 @PRE007 
17:16:08.077 @PRE008 0.000000
17:16:08.079 @PRE009 10000.000000
17:16:08.080 @PRE010 37.100000
17:16:08.080 @PRE011 1000.000000
