14:40:23.984 @EMP002 系统管理员
14:40:24.040 @EMP009 cebfd1559b68d67688884d7a3d3e8c
14:40:27.087 @EMP002 系统管理员
14:40:27.089 @EMP009 d2f278e251d1566edd72846d4ad97f
14:41:32.433 @WXP001 201811
14:41:32.435 @WXP002 HX-9029-3水性面漆
14:41:32.437 @WXP003 
14:41:32.438 @WXP004 公斤
14:41:32.439 @WXP005 0
14:41:32.441 @WXP006 48
14:41:32.448 @WXP001 201811
14:41:32.450 @WXP002 底得宝HX-30
14:41:32.451 @WXP003 
14:41:32.453 @WXP004 公斤
14:41:32.454 @WXP005 0
14:41:32.455 @WXP006 14
14:41:32.459 @WXP001 201811
14:41:32.461 @WXP002 3958底漆
14:41:32.462 @WXP003 
14:41:32.464 @WXP004 公斤
14:41:32.466 @WXP005 0
14:41:32.467 @WXP006 14
14:41:32.470 @WXP001 201811
14:41:32.472 @WXP002 HX17-3固化剂
14:41:32.473 @WXP003 
14:41:32.475 @WXP004 公斤
14:41:32.476 @WXP005 0
14:41:32.478 @WXP006 28
14:41:32.481 @WXP001 201811
14:41:32.482 @WXP002 HX-906水性封闭底漆
14:41:32.484 @WXP003 
14:41:32.486 @WXP004 公斤
14:41:32.487 @WXP005 0
14:41:32.489 @WXP006 43
14:41:32.491 @WXP001 201811
14:41:32.493 @WXP002 HX-502水性修色漆
14:41:32.494 @WXP003 
14:41:32.496 @WXP004 公斤
14:41:32.497 @WXP005 0
14:41:32.499 @WXP006 25
14:41:32.502 @WXP001 201811
14:41:32.505 @WXP002 底得宝固化剂533
14:41:32.506 @WXP003 
14:41:32.507 @WXP004 公斤
14:41:32.509 @WXP005 0
14:41:32.510 @WXP006 26
14:41:32.513 @WXP001 201811
14:41:32.514 @WXP002 HX-T底用稀释剂
14:41:32.516 @WXP003 
14:41:32.518 @WXP004 公斤
14:41:32.519 @WXP005 0
14:41:32.521 @WXP006 12
14:41:32.524 @WXP001 201811
14:41:32.526 @WXP002 907-2面漆
14:41:32.527 @WXP003 
14:41:32.528 @WXP004 公斤
14:41:32.530 @WXP005 0
14:41:32.531 @WXP006 23.5
14:41:32.535 @WXP001 201811
14:41:32.537 @WXP002 HX-9029-2水性面漆
14:41:32.539 @WXP003 
14:41:32.541 @WXP004 公斤
14:41:32.542 @WXP005 0
14:41:32.544 @WXP006 48
14:41:32.547 @WXP001 201811
14:41:32.549 @WXP002 松香水
14:41:32.550 @WXP003 
14:41:32.552 @WXP004 公斤
14:41:32.553 @WXP005 0
14:41:32.555 @WXP006 0
14:41:32.559 @WXP001 201811
14:41:32.560 @WXP002 HX-T固化剂
14:41:32.562 @WXP003 
14:41:32.564 @WXP004 公斤
14:41:32.565 @WXP005 0
14:41:32.567 @WXP006 28
14:41:32.570 @WXP001 201811
14:41:32.572 @WXP002 HX17-3面漆
14:41:32.573 @WXP003 
14:41:32.574 @WXP004 公斤
14:41:32.576 @WXP005 0
14:41:32.577 @WXP006 28
14:41:32.579 @WXP001 201811
14:41:32.581 @WXP002 HX-8208水性面漆
14:41:32.583 @WXP003 
14:41:32.585 @WXP004 公斤
14:41:32.586 @WXP005 0
14:41:32.588 @WXP006 48
14:41:32.591 @WXP001 201811
14:41:32.592 @WXP002 HX-T底漆
14:41:32.594 @WXP003 
14:41:32.595 @WXP004 公斤
14:41:32.596 @WXP005 0
14:41:32.598 @WXP006 15
14:41:32.601 @WXP001 201811
14:41:32.603 @WXP002 500固化剂
14:41:32.604 @WXP003 
14:41:32.606 @WXP004 公斤
14:41:32.607 @WXP005 0
14:41:32.608 @WXP006 30
14:41:32.611 @WXP001 201811
14:41:32.613 @WXP002 HX-G擦色基料
14:41:32.614 @WXP003 
14:41:32.616 @WXP004 公斤
14:41:32.617 @WXP005 0
14:41:32.618 @WXP006 12
14:41:32.622 @WXP001 201811
14:41:32.624 @WXP002 63YA6面漆
14:41:32.625 @WXP003 
14:41:32.627 @WXP004 公斤
14:41:32.628 @WXP005 0
14:41:32.630 @WXP006 37.5
14:41:32.632 @WXP001 201811
14:41:32.634 @WXP002 907-2固化剂
14:41:32.636 @WXP003 
14:41:32.637 @WXP004 公斤
14:41:32.638 @WXP005 0
14:41:32.640 @WXP006 28
14:41:32.642 @WXP001 201811
14:41:32.644 @WXP002 HX-8207水性底漆
14:41:32.646 @WXP003 
14:41:32.648 @WXP004 公斤
14:41:32.649 @WXP005 0
14:41:32.650 @WXP006 43
14:41:32.652 @WXP001 201811
14:41:32.654 @WXP002 838面用稀释剂
14:41:32.656 @WXP003 
14:41:32.657 @WXP004 公斤
14:41:32.659 @WXP005 0
14:41:32.660 @WXP006 12
14:41:32.663 @WXP001 201811
14:41:32.665 @WXP002 HX803修色稀释剂
14:41:32.666 @WXP003 
14:41:32.668 @WXP004 公斤
14:41:32.669 @WXP005 0
14:41:32.671 @WXP006 12
14:41:32.673 @WXP001 201811
14:41:32.675 @WXP002 高光518固化剂
14:41:32.676 @WXP003 
14:41:32.677 @WXP004 公斤
14:41:32.679 @WXP005 0
14:41:32.680 @WXP006 28
14:41:32.683 @WXP001 201811
14:41:32.685 @WXP002 HX-15修色金油
14:41:32.686 @WXP003 
14:41:32.687 @WXP004 公斤
14:41:32.689 @WXP005 0
14:41:32.690 @WXP006 19
14:41:32.693 @WXP001 201811
14:41:32.694 @WXP002 63YB固化剂
14:41:32.696 @WXP003 
14:41:32.697 @WXP004 公斤
14:41:32.699 @WXP005 0
14:41:32.700 @WXP006 56
14:41:32.703 @WXP001 201811
14:41:32.705 @WXP002 大宝稀释剂
14:41:32.706 @WXP003 
14:41:32.708 @WXP004 公斤
14:41:32.709 @WXP005 0
14:41:32.710 @WXP006 15.5
