08:27:59.837  异常信息：由于连接方在一段时间后没有正确答复或连接的主机没有反应，连接尝试失败。 192.168.1.188:80
  堆栈信息:   在 AutoUpdate.AppUpdate.DownloadFile(String url, String localFilePath) 位置 D:\Project data\MoXia\Carpenter\Carpenter\AppUpdate.cs:行号 242
   在 AutoUpdate.AppUpdate.CheckAppVersion(String& msg) 位置 D:\Project data\MoXia\Carpenter\Carpenter\AppUpdate.cs:行号 310
08:28:48.207  异常信息：由于连接方在一段时间后没有正确答复或连接的主机没有反应，连接尝试失败。 192.168.1.188:80
  堆栈信息:   在 AutoUpdate.AppUpdate.DownloadFile(String url, String localFilePath) 位置 D:\Project data\MoXia\Carpenter\Carpenter\AppUpdate.cs:行号 242
   在 AutoUpdate.AppUpdate.CheckAppVersion(String& msg) 位置 D:\Project data\MoXia\Carpenter\Carpenter\AppUpdate.cs:行号 310
08:28:53.202 @EMP002 系统管理员
08:28:53.203 @EMP009 cebfd1559b68d67688884d7a3d3e8c
08:29:04.805 @EMP002 沈振兴
08:29:04.808 @EMP009 cebfd1559b68d67688884d7a3d3e8c
08:57:27.845  异常信息：由于连接方在一段时间后没有正确答复或连接的主机没有反应，连接尝试失败。 192.168.1.188:80
  堆栈信息:   在 AutoUpdate.AppUpdate.DownloadFile(String url, String localFilePath) 位置 D:\Project data\MoXia\Carpenter\Carpenter\AppUpdate.cs:行号 242
   在 AutoUpdate.AppUpdate.CheckAppVersion(String& msg) 位置 D:\Project data\MoXia\Carpenter\Carpenter\AppUpdate.cs:行号 310
08:57:38.438 @EMP002 沈振兴
08:57:38.439 @EMP009 cebfd1559b68d67688884d7a3d3e8c
08:59:41.479  异常信息：由于连接方在一段时间后没有正确答复或连接的主机没有反应，连接尝试失败。 192.168.1.188:80
  堆栈信息:   在 AutoUpdate.AppUpdate.DownloadFile(String url, String localFilePath) 位置 D:\Project data\MoXia\Carpenter\Carpenter\AppUpdate.cs:行号 242
   在 AutoUpdate.AppUpdate.CheckAppVersion(String& msg) 位置 D:\Project data\MoXia\Carpenter\Carpenter\AppUpdate.cs:行号 310
09:00:15.420 @EMP002 系统管理员
09:00:15.421 @EMP009 d2f278e251d1566edd72846d4ad97f
09:04:29.656  异常信息：由于连接方在一段时间后没有正确答复或连接的主机没有反应，连接尝试失败。 192.168.1.188:80
  堆栈信息:   在 AutoUpdate.AppUpdate.DownloadFile(String url, String localFilePath) 位置 D:\Project data\MoXia\Carpenter\Carpenter\AppUpdate.cs:行号 242
   在 AutoUpdate.AppUpdate.CheckAppVersion(String& msg) 位置 D:\Project data\MoXia\Carpenter\Carpenter\AppUpdate.cs:行号 310
09:04:35.591 @EMP002 系统管理员
09:04:35.593 @EMP009 cebfd1559b68d67688884d7a3d3e8c
09:04:38.394 @EMP002 系统管理员
09:04:38.396 @EMP009 d2f278e251d1566edd72846d4ad97f
09:23:33.974  异常信息：由于连接方在一段时间后没有正确答复或连接的主机没有反应，连接尝试失败。 192.168.1.188:80
  堆栈信息:   在 AutoUpdate.AppUpdate.DownloadFile(String url, String localFilePath) 位置 D:\Project data\MoXia\Carpenter\Carpenter\AppUpdate.cs:行号 242
   在 AutoUpdate.AppUpdate.CheckAppVersion(String& msg) 位置 D:\Project data\MoXia\Carpenter\Carpenter\AppUpdate.cs:行号 310
09:55:39.495 @EMP002 系统管理员
09:55:39.497 @EMP009 cebfd1559b68d67688884d7a3d3e8c
09:55:41.676 @EMP002 系统管理员
09:55:41.677 @EMP009 d2f278e251d1566edd72846d4ad97f
09:56:00.181 @PWE002 完工
09:56:00.182 @PWE007 20
09:56:00.184 @PWE008 
09:56:00.185 @PWE009 2018/7/9 9:56:00
09:56:00.186 @PWE010 系统管理员
09:56:00.187 @idx 5631
09:56:00.198 @PWE002 完工
09:56:00.200 @PWE007 50
09:56:00.201 @PWE008 
09:56:00.202 @PWE009 2018/7/9 9:56:00
09:56:00.203 @PWE010 系统管理员
09:56:00.204 @idx 5629
09:56:00.214 @PWD003 2018/7/5 0:00:00
09:56:00.215 @PWD004 2018/7/6 0:00:00
09:56:00.216 @PWD007 2018/7/9 9:56:00
09:56:00.217 @PWD008 系统管理员
09:56:00.218 @PWD009 0.00
09:56:00.220 @PWD010 
09:56:00.221 @PWD001 20180705001
09:56:00.226 @PWE002 完工
09:56:00.228 @PWE007 60
09:56:00.229 @PWE008 
09:56:00.230 @PWE009 2018/7/9 9:56:00
09:56:00.231 @PWE010 系统管理员
09:56:00.232 @idx 5633
09:56:00.236 @PWE002 完工
09:56:00.238 @PWE007 40
09:56:00.239 @PWE008 
09:56:00.241 @PWE009 2018/7/9 9:56:00
09:56:00.243 @PWE010 系统管理员
09:56:00.244 @idx 5630
09:56:00.253 @PWE002 完工
09:56:00.254 @PWE007 60
09:56:00.255 @PWE008 
09:56:00.256 @PWE009 2018/7/9 9:56:00
09:56:00.257 @PWE010 系统管理员
09:56:00.258 @idx 5632
09:56:02.112 @PWD001 20180705001
09:56:02.113 @PWD006 True
09:56:02.116 @PWD007 2018/7/9 9:56:02
09:56:02.117 @PWD008 系统管理员
09:56:02.121 @REV001 FormProductionPaintDay
09:56:02.123 @REV002 20180705001
09:56:02.124 @REV003 系统管理员
09:56:02.125 @REV004 2018/7/9 9:56:02
09:56:02.127 @REV005 反审核
09:56:02.128 @REV006 
09:56:32.868 @PWD001 20180705001
09:56:32.870 @PWD006 False
09:56:32.871 @PWD007 2018/7/9 9:56:32
09:56:32.872 @PWD008 系统管理员
09:56:32.874 @REV001 FormProductionPaintDay
09:56:32.875 @REV002 20180705001
09:56:32.876 @REV003 系统管理员
09:56:32.877 @REV004 2018/7/9 9:56:32
09:56:32.879 @REV005 审核
09:56:32.880 @REV006 
09:56:35.458 @PWE002 完工
09:56:35.460 @PWE007 60
09:56:35.461 @PWE008 
09:56:35.463 @PWE009 2018/7/9 9:56:35
09:56:35.464 @PWE010 系统管理员
09:56:35.465 @idx 5633
09:56:35.473 @PWE002 完工
09:56:35.474 @PWE007 40
09:56:35.476 @PWE008 
09:56:35.477 @PWE009 2018/7/9 9:56:35
09:56:35.478 @PWE010 系统管理员
09:56:35.479 @idx 5630
09:56:35.493 @PWE002 完工
09:56:35.495 @PWE007 60
09:56:35.496 @PWE008 
09:56:35.497 @PWE009 2018/7/9 9:56:35
09:56:35.498 @PWE010 系统管理员
09:56:35.499 @idx 5632
09:56:35.507 @PWE002 完工
09:56:35.508 @PWE007 50
09:56:35.510 @PWE008 
09:56:35.511 @PWE009 2018/7/9 9:56:35
09:56:35.512 @PWE010 系统管理员
09:56:35.514 @idx 5629
09:56:35.526 @PWD003 2018/7/5 0:00:00
09:56:35.528 @PWD004 2018/7/6 0:00:00
09:56:35.530 @PWD007 2018/7/9 9:56:35
09:56:35.531 @PWD008 系统管理员
09:56:35.532 @PWD009 0.00
09:56:35.533 @PWD010 
09:56:35.535 @PWD001 20180705001
09:56:35.537 @PWE002 完工
09:56:35.538 @PWE007 20
09:56:35.540 @PWE008 
09:56:35.541 @PWE009 2018/7/9 9:56:35
09:56:35.542 @PWE010 系统管理员
09:56:35.543 @idx 5631
09:57:47.206 @PWE001 20180709001
09:57:47.208 @PWE002 完工
09:57:47.209 @PWE003 1811
09:57:47.210 @PWE004 61-1.005.05.002
09:57:47.211 @PWE005 1605双人沙发
09:57:47.212 @PWE006 20
09:57:47.213 @PWE007 20
09:57:47.214 @PWE008 
09:57:47.215 @PWE009 2018/7/9 9:57:47
09:57:47.216 @PWE010 系统管理员
09:57:47.217 @PWE011 False
09:57:47.218 @PWE012 False
09:57:47.224 @PWE001 20180709001
09:57:47.225 @PWE002 完工
09:57:47.227 @PWE003 1811
09:57:47.228 @PWE004 61-1.005.05.001
09:57:47.229 @PWE005 1605单人沙发
09:57:47.230 @PWE006 40
09:57:47.231 @PWE007 40
09:57:47.232 @PWE008 
09:57:47.233 @PWE009 2018/7/9 9:57:47
09:57:47.234 @PWE010 系统管理员
09:57:47.235 @PWE011 False
09:57:47.236 @PWE012 False
09:57:47.242 @PWE001 20180709001
09:57:47.244 @PWE002 完工
09:57:47.245 @PWE003 1810-1
09:57:47.246 @PWE004 51-1.005.01.002
09:57:47.247 @PWE005 3号双人沙发（不含活动柜）
09:57:47.248 @PWE006 60
09:57:47.249 @PWE007 60
09:57:47.250 @PWE008 
09:57:47.252 @PWE009 2018/7/9 9:57:47
09:57:47.253 @PWE010 系统管理员
09:57:47.254 @PWE011 False
09:57:47.255 @PWE012 False
09:57:47.257 @PWE001 20180709001
09:57:47.259 @PWE002 完工
09:57:47.260 @PWE003 1810-1
09:57:47.261 @PWE004 51-1.005.01.001
09:57:47.262 @PWE005 3号单人沙发
09:57:47.263 @PWE006 60
09:57:47.264 @PWE007 60
09:57:47.265 @PWE008 
09:57:47.267 @PWE009 2018/7/9 9:57:47
09:57:47.268 @PWE010 系统管理员
09:57:47.270 @PWE011 False
09:57:47.271 @PWE012 False
09:57:47.273 @PWE001 20180709001
09:57:47.274 @PWE002 完工
09:57:47.275 @PWE003 1810-1
09:57:47.276 @PWE004 51-1.005.01.003
09:57:47.277 @PWE005 3号双人沙发活动柜
09:57:47.278 @PWE006 60
09:57:47.280 @PWE007 60
09:57:47.281 @PWE008 
09:57:47.282 @PWE009 2018/7/9 9:57:47
09:57:47.284 @PWE010 系统管理员
09:57:47.291 @PWE011 False
09:57:47.292 @PWE012 False
09:57:47.315 @PWD001 20180709001
09:57:47.317 @PWD002 包装
09:57:47.318 @PWD003 2018/7/9 9:57:44
09:57:47.320 @PWD004 2018/7/10 9:57:44
09:57:47.321 @PWD005 False
09:57:47.322 @PWD006 False
09:57:47.323 @PWD007 2018/7/9 9:57:47
09:57:47.324 @PWD008 系统管理员
09:57:47.326 @PWD009 0
09:57:47.327 @PWD010 
09:58:05.425 @PWE002 完工
09:58:05.426 @PWE007 40
09:58:05.427 @PWE008 
09:58:05.428 @PWE009 2018/7/9 9:58:05
09:58:05.429 @PWE010 系统管理员
09:58:05.430 @idx 5635
09:58:05.442 @PWE002 完工
09:58:05.443 @PWE007 60
09:58:05.444 @PWE008 
09:58:05.445 @PWE009 2018/7/9 9:58:05
09:58:05.446 @PWE010 系统管理员
09:58:05.447 @idx 5636
09:58:05.452 @PWD003 2018/7/9 0:00:00
09:58:05.453 @PWD004 2018/7/10 0:00:00
09:58:05.454 @PWD007 2018/7/9 9:58:05
09:58:05.455 @PWD008 系统管理员
09:58:05.456 @PWD009 0.00
09:58:05.457 @PWD010 
09:58:05.458 @PWD001 20180709001
09:58:05.468 @PWE002 完工
09:58:05.470 @PWE007 20
09:58:05.471 @PWE008 
09:58:05.473 @PWE009 2018/7/9 9:58:05
09:58:05.474 @PWE010 系统管理员
09:58:05.475 @idx 5634
09:58:05.480 @PWE002 完工
09:58:05.481 @PWE007 60
09:58:05.483 @PWE008 
09:58:05.484 @PWE009 2018/7/9 9:58:05
09:58:05.486 @PWE010 系统管理员
09:58:05.487 @idx 5637
09:58:05.495 @PWE002 完工
09:58:05.496 @PWE007 60
09:58:05.497 @PWE008 
09:58:05.498 @PWE009 2018/7/9 9:58:05
09:58:05.499 @PWE010 系统管理员
09:58:05.501 @idx 5638
09:59:16.442 @PWD001 20180709002
09:59:16.443 @PWD002 面漆
09:59:16.444 @PWD003 2018/7/9 9:59:13
09:59:16.445 @PWD004 2018/7/10 9:59:13
09:59:16.446 @PWD005 False
09:59:16.447 @PWD006 False
09:59:16.448 @PWD007 2018/7/9 9:59:16
09:59:16.450 @PWD008 系统管理员
09:59:16.452 @PWD009 0
09:59:16.453 @PWD010 
09:59:16.464 @PWE001 20180709002
09:59:16.466 @PWE002 完工
09:59:16.467 @PWE003 1810-1
09:59:16.468 @PWE004 51-1.005.01.001
09:59:16.470 @PWE005 3号单人沙发
09:59:16.471 @PWE006 60
09:59:16.472 @PWE007 60
09:59:16.474 @PWE008 
09:59:16.475 @PWE009 2018/7/9 9:59:16
09:59:16.476 @PWE010 系统管理员
09:59:16.477 @PWE011 False
09:59:16.478 @PWE012 False
09:59:16.485 @PWE001 20180709002
09:59:16.487 @PWE002 完工
09:59:16.489 @PWE003 1810-1
09:59:16.490 @PWE004 51-1.005.01.002
09:59:16.492 @PWE005 3号双人沙发（不含活动柜）
09:59:16.493 @PWE006 60
09:59:16.495 @PWE007 60
09:59:16.496 @PWE008 
09:59:16.498 @PWE009 2018/7/9 9:59:16
09:59:16.500 @PWE010 系统管理员
09:59:16.501 @PWE011 False
09:59:16.502 @PWE012 False
09:59:16.505 @PWE001 20180709002
09:59:16.506 @PWE002 完工
09:59:16.507 @PWE003 1810-1
09:59:16.508 @PWE004 51-1.005.01.003
09:59:16.510 @PWE005 3号双人沙发活动柜
09:59:16.511 @PWE006 60
09:59:16.512 @PWE007 60
09:59:16.513 @PWE008 
09:59:16.514 @PWE009 2018/7/9 9:59:16
09:59:16.515 @PWE010 系统管理员
09:59:16.516 @PWE011 False
09:59:16.517 @PWE012 False
09:59:41.240 @PWD001 20180709002
09:59:41.241 @PWD006 True
09:59:41.242 @PWD007 2018/7/9 9:59:41
09:59:41.243 @PWD008 系统管理员
09:59:41.245 @REV001 FormProductionPaintDay
09:59:41.247 @REV002 20180709002
09:59:41.248 @REV003 系统管理员
09:59:41.250 @REV004 2018/7/9 9:59:41
09:59:41.251 @REV005 反审核
09:59:41.252 @REV006 
09:59:56.017 @PWF001 20180709001
09:59:56.018 @PWF002 1810-1
09:59:56.020 @PWF003 51-1.005.01.002
09:59:56.021 @PWF004 3号双人沙发（不含活动柜）
09:59:56.022 @PWF005 1880*860*570
09:59:56.023 @PWF006 60
09:59:56.024 @PWF007 0
09:59:56.025 @PWF008 0
09:59:56.026 @PWF009 0
09:59:56.027 @PWF010 30
09:59:56.028 @PWF011 0
09:59:56.029 @PWF012 2018/7/8 9:59:48
09:59:56.030 @PWF013 2018/7/9 9:59:55
09:59:56.031 @PWF014 系统管理员
09:59:56.032 @PWF015 False
09:59:56.033 @PWF016 0
09:59:56.034 @PWF017 20180709002
09:59:56.055 @PWF001 20180709001
09:59:56.057 @PWF002 1810-1
09:59:56.058 @PWF003 51-1.005.01.003
09:59:56.059 @PWF004 3号双人沙发活动柜
09:59:56.060 @PWF005 380*785*390
09:59:56.061 @PWF006 60
09:59:56.062 @PWF007 0
09:59:56.064 @PWF008 0
09:59:56.065 @PWF009 0
09:59:56.066 @PWF010 40
09:59:56.068 @PWF011 0
09:59:56.069 @PWF012 2018/7/8 9:59:48
09:59:56.073 @PWF013 2018/7/9 9:59:55
09:59:56.074 @PWF014 系统管理员
09:59:56.075 @PWF015 False
09:59:56.077 @PWF016 0
09:59:56.078 @PWF017 20180709002
09:59:56.080 @PWF001 20180709001
09:59:56.082 @PWF002 1810-1
09:59:56.084 @PWF003 51-1.005.01.001
09:59:56.085 @PWF004 3号单人沙发
09:59:56.087 @PWF005 1100*860*570
09:59:56.088 @PWF006 60
09:59:56.090 @PWF007 0
09:59:56.091 @PWF008 0
09:59:56.092 @PWF009 0
09:59:56.093 @PWF010 50
09:59:56.094 @PWF011 0
09:59:56.096 @PWF012 2018/7/8 9:59:48
09:59:56.098 @PWF013 2018/7/9 9:59:55
09:59:56.099 @PWF014 系统管理员
09:59:56.100 @PWF015 False
09:59:56.101 @PWF016 0
09:59:56.102 @PWF017 20180709002
10:00:08.280 @PWD001 20180709003
10:00:08.282 @PWD002 面漆
10:00:08.283 @PWD003 2018/7/10 10:00:02
10:00:08.284 @PWD004 2018/7/11 10:00:02
10:00:08.287 @PWD005 False
10:00:08.288 @PWD006 False
10:00:08.289 @PWD007 2018/7/9 10:00:08
10:00:08.290 @PWD008 系统管理员
10:00:08.291 @PWD009 66.67
10:00:08.292 @PWD010 2018/7/9 0:00:00
10:00:58.541 @PWD001 20180709003
10:00:58.542 @PWD002 包装
10:00:58.543 @PWD003 2018/7/10 10:00:53
10:00:58.544 @PWD004 2018/7/11 10:00:53
10:00:58.545 @PWD005 False
10:00:58.546 @PWD006 False
10:00:58.547 @PWD007 2018/7/9 10:00:58
10:00:58.548 @PWD008 系统管理员
10:00:58.548 @PWD009 0
10:00:58.549 @PWD010 
10:01:25.569 @PWD001 20180709001
10:01:25.571 @PWD006 True
10:01:25.572 @PWD007 2018/7/9 10:01:25
10:01:25.572 @PWD008 系统管理员
10:01:25.575 @REV001 FormProductionPaintDay
10:01:25.576 @REV002 20180709001
10:01:25.577 @REV003 系统管理员
10:01:25.579 @REV004 2018/7/9 10:01:25
10:01:25.580 @REV005 反审核
10:01:25.581 @REV006 
10:02:33.995 @PWF001 20180709002
10:02:33.996 @PWF002 1810-1
10:02:33.997 @PWF003 51-1.005.01.001
10:02:33.998 @PWF004 3号单人沙发
10:02:34.000 @PWF005 1100*860*570
10:02:34.001 @PWF006 60
10:02:34.002 @PWF007 0
10:02:34.003 @PWF008 0
10:02:34.004 @PWF009 0
10:02:34.005 @PWF010 10
10:02:34.006 @PWF011 0
10:02:34.007 @PWF012 2018/7/8 10:02:30
10:02:34.008 @PWF013 2018/7/9 10:02:33
10:02:34.009 @PWF014 系统管理员
10:02:34.010 @PWF015 False
10:02:34.011 @PWF016 0
10:02:34.012 @PWF017 20180709002
10:02:34.016 @PWF001 20180709002
10:02:34.017 @PWF002 1810-1
10:02:34.018 @PWF003 51-1.005.01.003
10:02:34.020 @PWF004 3号双人沙发活动柜
10:02:34.021 @PWF005 380*785*390
10:02:34.022 @PWF006 60
10:02:34.023 @PWF007 0
10:02:34.024 @PWF008 0
10:02:34.025 @PWF009 0
10:02:34.027 @PWF010 20
10:02:34.028 @PWF011 0
10:02:34.029 @PWF012 2018/7/8 10:02:30
10:02:34.031 @PWF013 2018/7/9 10:02:33
10:02:34.032 @PWF014 系统管理员
10:02:34.033 @PWF015 False
10:02:34.034 @PWF016 0
10:02:34.035 @PWF017 20180709002
10:02:34.038 @PWF001 20180709002
10:02:34.040 @PWF002 1810-1
10:02:34.041 @PWF003 51-1.005.01.002
10:02:34.042 @PWF004 3号双人沙发（不含活动柜）
10:02:34.044 @PWF005 1880*860*570
10:02:34.045 @PWF006 60
10:02:34.046 @PWF007 0
10:02:34.047 @PWF008 0
10:02:34.049 @PWF009 0
10:02:34.050 @PWF010 30
10:02:34.051 @PWF011 0
10:02:34.052 @PWF012 2018/7/8 10:02:30
10:02:34.053 @PWF013 2018/7/9 10:02:33
10:02:34.055 @PWF014 系统管理员
10:02:34.056 @PWF015 False
10:02:34.058 @PWF016 0
10:02:34.059 @PWF017 20180709002
10:03:17.307 @DATE 2018/7/8 0:00:00
10:03:17.310 @PDP001 1810-1
10:03:17.312 @PDP002 51-1.005.01.002
10:03:17.318 @DATE 2018/7/8 0:00:00
10:03:17.320 @PDP001 1810-1
10:03:17.321 @PDP002 51-1.005.01.001
10:03:17.326 @DATE 2018/7/8 0:00:00
10:03:17.327 @PDP001 1810-1
10:03:17.328 @PDP002 51-1.005.01.003
10:04:39.136 @PWF001 20180709002
10:04:39.139 @PWF002 1810-1
10:04:39.142 @PWF003 51-1.005.01.002
10:04:39.143 @PWF004 3号双人沙发（不含活动柜）
10:04:39.145 @PWF005 1880*860*570
10:04:39.146 @PWF006 60
10:04:39.147 @PWF007 0
10:04:39.148 @PWF008 0
10:04:39.149 @PWF009 0
10:04:39.151 @PWF010 30
10:04:39.152 @PWF011 0
10:04:39.153 @PWF012 2018/7/8 10:03:29
10:04:39.153 @PWF013 2018/7/9 10:03:50
10:04:39.155 @PWF014 系统管理员
10:04:39.156 @PWF015 False
10:04:39.157 @PWF016 0
10:04:39.158 @PWF017 20180709002
10:04:39.161 @PWF001 20180709002
10:04:39.162 @PWF002 1810-1
10:04:39.163 @PWF003 51-1.005.01.003
10:04:39.165 @PWF004 3号双人沙发活动柜
10:04:39.166 @PWF005 380*785*390
10:04:39.167 @PWF006 60
10:04:39.168 @PWF007 0
10:04:39.169 @PWF008 0
10:04:39.170 @PWF009 0
10:04:39.171 @PWF010 20
10:04:39.172 @PWF011 0
10:04:39.174 @PWF012 2018/7/8 10:03:29
10:04:39.175 @PWF013 2018/7/9 10:03:50
10:04:39.177 @PWF014 系统管理员
10:04:39.179 @PWF015 False
10:04:39.180 @PWF016 0
10:04:39.181 @PWF017 20180709002
10:04:39.194 @PWF001 20180709002
10:04:39.195 @PWF002 1810-1
10:04:39.197 @PWF003 51-1.005.01.001
10:04:39.198 @PWF004 3号单人沙发
10:04:39.199 @PWF005 1100*860*570
10:04:39.201 @PWF006 60
10:04:39.202 @PWF007 0
10:04:39.203 @PWF008 0
10:04:39.205 @PWF009 0
10:04:39.206 @PWF010 10
10:04:39.207 @PWF011 0
10:04:39.208 @PWF012 2018/7/8 10:03:29
10:04:39.209 @PWF013 2018/7/9 10:03:50
10:04:39.211 @PWF014 系统管理员
10:04:39.212 @PWF015 False
10:04:39.213 @PWF016 0
10:04:39.214 @PWF017 20180709002
10:04:57.269 @DATE 2018/7/8 0:00:00
10:04:57.270 @PDP001 1810-1
10:04:57.271 @PDP002 51-1.005.01.002
10:04:57.275 @DATE 2018/7/8 0:00:00
10:04:57.276 @PDP001 1810-1
10:04:57.277 @PDP002 51-1.005.01.003
10:04:57.283 @DATE 2018/7/8 0:00:00
10:04:57.285 @PDP001 1810-1
10:04:57.286 @PDP002 51-1.005.01.001
10:05:11.542 @PWF001 20180709002
10:05:11.543 @PWF002 1810-1
10:05:11.544 @PWF003 51-1.005.01.003
10:05:11.545 @PWF004 3号双人沙发活动柜
10:05:11.546 @PWF005 380*785*390
10:05:11.547 @PWF006 60
10:05:11.548 @PWF007 0
10:05:11.549 @PWF008 0
10:05:11.550 @PWF009 0
10:05:11.550 @PWF010 20
10:05:11.551 @PWF011 0
10:05:11.552 @PWF012 2018/7/9 10:05:06
10:05:11.553 @PWF013 2018/7/9 10:05:11
10:05:11.554 @PWF014 系统管理员
10:05:11.555 @PWF015 False
10:05:11.556 @PWF016 0
10:05:11.557 @PWF017 20180709002
10:05:11.568 @PWF001 20180709002
10:05:11.569 @PWF002 1810-1
10:05:11.570 @PWF003 51-1.005.01.002
10:05:11.571 @PWF004 3号双人沙发（不含活动柜）
10:05:11.572 @PWF005 1880*860*570
10:05:11.573 @PWF006 60
10:05:11.574 @PWF007 0
10:05:11.575 @PWF008 0
10:05:11.576 @PWF009 0
10:05:11.578 @PWF010 30
10:05:11.580 @PWF011 0
10:05:11.581 @PWF012 2018/7/9 10:05:06
10:05:11.582 @PWF013 2018/7/9 10:05:11
10:05:11.583 @PWF014 系统管理员
10:05:11.584 @PWF015 False
10:05:11.585 @PWF016 0
10:05:11.587 @PWF017 20180709002
10:05:11.589 @PWF001 20180709002
10:05:11.591 @PWF002 1810-1
10:05:11.592 @PWF003 51-1.005.01.001
10:05:11.593 @PWF004 3号单人沙发
10:05:11.594 @PWF005 1100*860*570
10:05:11.595 @PWF006 60
10:05:11.597 @PWF007 0
10:05:11.598 @PWF008 0
10:05:11.600 @PWF009 0
10:05:11.601 @PWF010 10
10:05:11.602 @PWF011 0
10:05:11.603 @PWF012 2018/7/9 10:05:06
10:05:11.605 @PWF013 2018/7/9 10:05:11
10:05:11.606 @PWF014 系统管理员
10:05:11.607 @PWF015 False
10:05:11.608 @PWF016 0
10:05:11.609 @PWF017 20180709002
10:05:27.738 @PWD001 20180709001
10:05:27.739 @PWD006 False
10:05:27.740 @PWD007 2018/7/9 10:05:27
10:05:27.741 @PWD008 系统管理员
10:05:27.743 @REV001 FormProductionPaintDay
10:05:27.744 @REV002 20180709001
10:05:27.745 @REV003 系统管理员
10:05:27.746 @REV004 2018/7/9 10:05:27
10:05:27.747 @REV005 审核
10:05:27.748 @REV006 
10:13:45.036  异常信息：由于连接方在一段时间后没有正确答复或连接的主机没有反应，连接尝试失败。 192.168.1.188:80
  堆栈信息:   在 AutoUpdate.AppUpdate.DownloadFile(String url, String localFilePath) 位置 D:\Project data\MoXia\Carpenter\Carpenter\AppUpdate.cs:行号 242
   在 AutoUpdate.AppUpdate.CheckAppVersion(String& msg) 位置 D:\Project data\MoXia\Carpenter\Carpenter\AppUpdate.cs:行号 310
10:16:56.545 @EMP002 系统管理员
10:16:56.546 @EMP009 d2f278e251d1566edd72846d4ad97f
10:19:05.812 @PWE001 20180709003
10:19:05.813 @PWE002 完工
10:19:05.815 @PWE003 1821-1
10:19:05.816 @PWE004 61-1.005.03.002
10:19:05.817 @PWE005 1603双人沙发
10:19:05.818 @PWE006 80
10:19:05.819 @PWE007 80
10:19:05.820 @PWE008 
10:19:05.821 @PWE009 2018/7/9 10:19:05
10:19:05.822 @PWE010 系统管理员
10:19:05.823 @PWE011 False
10:19:05.824 @PWE012 False
10:19:05.827 @PWE001 20180709003
10:19:05.828 @PWE002 完工
10:19:05.829 @PWE003 1821-1
10:19:05.830 @PWE004 61-1.005.05.012
10:19:05.831 @PWE005 1605双人沙发软包架
10:19:05.833 @PWE006 40
10:19:05.834 @PWE007 40
10:19:05.835 @PWE008 
10:19:05.836 @PWE009 2018/7/9 10:19:05
10:19:05.837 @PWE010 系统管理员
10:19:05.838 @PWE011 False
10:19:05.838 @PWE012 False
10:19:05.857 @PWE001 20180709003
10:19:05.858 @PWE002 完工
10:19:05.859 @PWE003 1821-1
10:19:05.861 @PWE004 61-1.004.03.010
10:19:05.862 @PWE005 1601茶凳
10:19:05.863 @PWE006 100
10:19:05.864 @PWE007 100
10:19:05.865 @PWE008 
10:19:05.866 @PWE009 2018/7/9 10:19:05
10:19:05.867 @PWE010 系统管理员
10:19:05.868 @PWE011 False
10:19:05.869 @PWE012 False
10:19:05.891 @PWE001 20180709003
10:19:05.892 @PWE002 完工
10:19:05.893 @PWE003 1821-1
10:19:05.894 @PWE004 61-1.005.03.003
10:19:05.895 @PWE005 1603三人沙发
10:19:05.896 @PWE006 100
10:19:05.897 @PWE007 100
10:19:05.898 @PWE008 
10:19:05.899 @PWE009 2018/7/9 10:19:05
10:19:05.900 @PWE010 系统管理员
10:19:05.901 @PWE011 False
10:19:05.902 @PWE012 False
10:19:05.906 @PWE001 20180709003
10:19:05.907 @PWE002 完工
10:19:05.908 @PWE003 1821-1
10:19:05.909 @PWE004 61-1.006.03.001-1
10:19:05.910 @PWE005 1603休闲茶几小
10:19:05.911 @PWE006 20
10:19:05.912 @PWE007 20
10:19:05.913 @PWE008 
10:19:05.914 @PWE009 2018/7/9 10:19:05
10:19:05.915 @PWE010 系统管理员
10:19:05.916 @PWE011 False
10:19:05.917 @PWE012 False
10:19:05.921 @PWE001 20180709003
10:19:05.922 @PWE002 完工
10:19:05.923 @PWE003 1821-1
10:19:05.924 @PWE004 61-1.003.01.006
10:19:05.925 @PWE005 1610书桌1.5米
10:19:05.926 @PWE006 20
10:19:05.927 @PWE007 20
10:19:05.928 @PWE008 
10:19:05.929 @PWE009 2018/7/9 10:19:05
10:19:05.931 @PWE010 系统管理员
10:19:05.932 @PWE011 False
10:19:05.933 @PWE012 False
10:19:05.936 @PWE001 20180709003
10:19:05.937 @PWE002 完工
10:19:05.938 @PWE003 1821-1
10:19:05.939 @PWE004 61-1.007.04.001
10:19:05.940 @PWE005 1603挂衣架
10:19:05.941 @PWE006 80
10:19:05.942 @PWE007 80
10:19:05.943 @PWE008 
10:19:05.944 @PWE009 2018/7/9 10:19:05
10:19:05.945 @PWE010 系统管理员
10:19:05.946 @PWE011 False
10:19:05.948 @PWE012 False
10:19:05.959 @PWE001 20180709003
10:19:05.961 @PWE002 完工
10:19:05.962 @PWE003 1821-1
10:19:05.963 @PWE004 61-1.003.01.003
10:19:05.964 @PWE005 1603书桌
10:19:05.965 @PWE006 20
10:19:05.966 @PWE007 20
10:19:05.967 @PWE008 面板少做1块，配用仓有配用
10:19:05.968 @PWE009 2018/7/9 10:19:05
10:19:05.969 @PWE010 系统管理员
10:19:05.970 @PWE011 False
10:19:05.971 @PWE012 False
10:19:05.974 @PWE001 20180709003
10:19:05.975 @PWE002 完工
10:19:05.976 @PWE003 1821-1
10:19:05.977 @PWE004 61-1.002.01.007
10:19:05.978 @PWE005 1607床头柜
10:19:05.979 @PWE006 100
10:19:05.980 @PWE007 100
10:19:05.981 @PWE008 
10:19:05.983 @PWE009 2018/7/9 10:19:05
10:19:05.984 @PWE010 系统管理员
10:19:05.985 @PWE011 False
10:19:05.986 @PWE012 False
10:19:05.988 @PWE001 20180709003
10:19:05.989 @PWE002 完工
10:19:05.990 @PWE003 1821-1
10:19:05.992 @PWE004 61-1.008.01.004
10:19:05.993 @PWE005 1610-B梳妆台
10:19:05.994 @PWE006 40
10:19:05.995 @PWE007 40
10:19:05.996 @PWE008 江阴定制更改1只，长度改短6公分，斗面斗盒内用MX-07S皮
10:19:05.997 @PWE009 2018/7/9 10:19:05
10:19:05.998 @PWE010 系统管理员
10:19:05.999 @PWE011 False
10:19:06.000 @PWE012 False
10:19:06.007 @PWE001 20180709003
10:19:06.009 @PWE002 完工
10:19:06.010 @PWE003 1821-1
10:19:06.011 @PWE004 61-1.005.07.012
10:19:06.012 @PWE005 1607-A双人沙发软包架
10:19:06.013 @PWE006 5
10:19:06.014 @PWE007 5
10:19:06.015 @PWE008 
10:19:06.016 @PWE009 2018/7/9 10:19:05
10:19:06.017 @PWE010 系统管理员
10:19:06.019 @PWE011 False
10:19:06.020 @PWE012 False
10:19:06.023 @PWE001 20180709003
10:19:06.024 @PWE002 完工
10:19:06.025 @PWE003 1821-1
10:19:06.027 @PWE004 61-1.006.02.001-3
10:19:06.028 @PWE005 1603长茶几1.2米
10:19:06.029 @PWE006 10
10:19:06.031 @PWE007 10
10:19:06.032 @PWE008 新品
10:19:06.033 @PWE009 2018/7/9 10:19:05
10:19:06.034 @PWE010 系统管理员
10:19:06.035 @PWE011 False
10:19:06.036 @PWE012 False
10:19:06.044 @PWE001 20180709003
10:19:06.045 @PWE002 完工
10:19:06.046 @PWE003 1821-1
10:19:06.047 @PWE004 61-1.004.01.024
10:19:06.048 @PWE005 1608搁脚凳
10:19:06.049 @PWE006 40
10:19:06.051 @PWE007 40
10:19:06.052 @PWE008 
10:19:06.053 @PWE009 2018/7/9 10:19:05
10:19:06.054 @PWE010 系统管理员
10:19:06.055 @PWE011 False
10:19:06.056 @PWE012 False
10:19:06.058 @PWE001 20180709003
10:19:06.059 @PWE002 完工
10:19:06.061 @PWE003 1821-1
10:19:06.062 @PWE004 61-1.002.01.002
10:19:06.063 @PWE005 1603床头柜（小）
10:19:06.064 @PWE006 40
10:19:06.065 @PWE007 40
10:19:06.067 @PWE008 新品
10:19:06.068 @PWE009 2018/7/9 10:19:05
10:19:06.069 @PWE010 系统管理员
10:19:06.070 @PWE011 False
10:19:06.071 @PWE012 False
10:19:06.073 @PWE001 20180709003
10:19:06.074 @PWE002 完工
10:19:06.075 @PWE003 1821-1
10:19:06.077 @PWE004 61-1.004.03.003
10:19:06.078 @PWE005 1605休闲椅
10:19:06.079 @PWE006 30
10:19:06.080 @PWE007 30
10:19:06.081 @PWE008 
10:19:06.082 @PWE009 2018/7/9 10:19:05
10:19:06.083 @PWE010 系统管理员
10:19:06.084 @PWE011 False
10:19:06.085 @PWE012 False
10:19:06.097 @PWE001 20180709003
10:19:06.098 @PWE002 完工
10:19:06.100 @PWE003 1821-1
10:19:06.101 @PWE004 61-1.005.05.001
10:19:06.103 @PWE005 1605单人沙发
10:19:06.104 @PWE006 50
10:19:06.106 @PWE007 50
10:19:06.107 @PWE008 
10:19:06.109 @PWE009 2018/7/9 10:19:05
10:19:06.110 @PWE010 系统管理员
10:19:06.111 @PWE011 False
10:19:06.112 @PWE012 False
10:19:06.119 @PWE001 20180709003
10:19:06.120 @PWE002 完工
10:19:06.122 @PWE003 1821-1
10:19:06.123 @PWE004 61-1.006.02.024
10:19:06.124 @PWE005 1625长茶几1.2米
10:19:06.125 @PWE006 10
10:19:06.126 @PWE007 10
10:19:06.127 @PWE008 新品
10:19:06.128 @PWE009 2018/7/9 10:19:05
10:19:06.129 @PWE010 系统管理员
10:19:06.131 @PWE011 False
10:19:06.132 @PWE012 False
10:19:06.175 @PWE001 20180709003
10:19:06.176 @PWE002 完工
10:19:06.177 @PWE003 1821-1
10:19:06.179 @PWE004 61-1.005.05.002
10:19:06.180 @PWE005 1605双人沙发
10:19:06.181 @PWE006 40
10:19:06.182 @PWE007 40
10:19:06.183 @PWE008 
10:19:06.184 @PWE009 2018/7/9 10:19:05
10:19:06.186 @PWE010 系统管理员
10:19:06.187 @PWE011 False
10:19:06.188 @PWE012 False
10:19:06.195 @PWE001 20180709003
10:19:06.196 @PWE002 完工
10:19:06.197 @PWE003 1821-1
10:19:06.198 @PWE004 61-1.005.07.001-1
10:19:06.199 @PWE005 1607-A单人沙发框架
10:19:06.200 @PWE006 5
10:19:06.202 @PWE007 5
10:19:06.203 @PWE008 
10:19:06.203 @PWE009 2018/7/9 10:19:05
10:19:06.204 @PWE010 系统管理员
10:19:06.205 @PWE011 False
10:19:06.206 @PWE012 False
10:19:06.209 @PWE001 20180709003
10:19:06.210 @PWE002 完工
10:19:06.211 @PWE003 1821-1
10:19:06.212 @PWE004 61-1.002.07.003
10:19:06.213 @PWE005 1603餐具柜
10:19:06.214 @PWE006 30
10:19:06.215 @PWE007 30
10:19:06.216 @PWE008 
10:19:06.217 @PWE009 2018/7/9 10:19:05
10:19:06.218 @PWE010 系统管理员
10:19:06.219 @PWE011 False
10:19:06.220 @PWE012 False
10:19:06.222 @PWE001 20180709003
10:19:06.223 @PWE002 完工
10:19:06.225 @PWE003 1821-1
10:19:06.226 @PWE004 61-1.005.05.013
10:19:06.227 @PWE005 1605三人沙发软包架
10:19:06.228 @PWE006 70
10:19:06.229 @PWE007 70
10:19:06.230 @PWE008 
10:19:06.231 @PWE009 2018/7/9 10:19:05
10:19:06.232 @PWE010 系统管理员
10:19:06.233 @PWE011 False
10:19:06.234 @PWE012 False
10:19:06.241 @PWE001 20180709003
10:19:06.243 @PWE002 完工
10:19:06.244 @PWE003 1821-1
10:19:06.245 @PWE004 61-1.004.03.002
10:19:06.246 @PWE005 1603休闲椅
10:19:06.247 @PWE006 40
10:19:06.248 @PWE007 40
10:19:06.249 @PWE008 
10:19:06.251 @PWE009 2018/7/9 10:19:05
10:19:06.252 @PWE010 系统管理员
10:19:06.253 @PWE011 False
10:19:06.254 @PWE012 False
10:19:06.261 @PWE001 20180709003
10:19:06.262 @PWE002 完工
10:19:06.263 @PWE003 1821-1
10:19:06.264 @PWE004 61-1.001.02.002-2
10:19:06.265 @PWE005 1605-B床靠1.5米
10:19:06.268 @PWE006 20
10:19:06.270 @PWE007 20
10:19:06.272 @PWE008 
10:19:06.273 @PWE009 2018/7/9 10:19:05
10:19:06.275 @PWE010 系统管理员
10:19:06.277 @PWE011 False
10:19:06.281 @PWE012 False
10:19:06.299 @PWE001 20180709003
10:19:06.300 @PWE002 完工
10:19:06.301 @PWE003 1821-1
10:19:06.302 @PWE004 61-1.008.02.004
10:19:06.303 @PWE005 1605旋转穿衣镜
10:19:06.305 @PWE006 20
10:19:06.305 @PWE007 20
10:19:06.306 @PWE008 
10:19:06.308 @PWE009 2018/7/9 10:19:05
10:19:06.309 @PWE010 系统管理员
10:19:06.310 @PWE011 False
10:19:06.311 @PWE012 False
10:19:06.314 @PWE001 20180709003
10:19:06.315 @PWE002 完工
10:19:06.316 @PWE003 1821-1
10:19:06.317 @PWE004 61-1.006.01.001-1
10:19:06.318 @PWE005 1603方茶几
10:19:06.320 @PWE006 60
10:19:06.321 @PWE007 60
10:19:06.322 @PWE008 
10:19:06.323 @PWE009 2018/7/9 10:19:05
10:19:06.324 @PWE010 系统管理员
10:19:06.325 @PWE011 False
10:19:06.326 @PWE012 False
10:19:06.328 @PWE001 20180709003
10:19:06.330 @PWE002 完工
10:19:06.331 @PWE003 1821-1
10:19:06.332 @PWE004 61-1.002.09.002
10:19:06.333 @PWE005 1603厅地柜
10:19:06.334 @PWE006 150
10:19:06.335 @PWE007 150
10:19:06.336 @PWE008 
10:19:06.337 @PWE009 2018/7/9 10:19:05
10:19:06.338 @PWE010 系统管理员
10:19:06.339 @PWE011 False
10:19:06.341 @PWE012 False
10:19:06.343 @PWE001 20180709003
10:19:06.344 @PWE002 完工
10:19:06.345 @PWE003 1821-1
10:19:06.346 @PWE004 61-1.005.03.011
10:19:06.347 @PWE005 1603单人沙发软包架
10:19:06.348 @PWE006 80
10:19:06.349 @PWE007 80
10:19:06.350 @PWE008 
10:19:06.351 @PWE009 2018/7/9 10:19:05
10:19:06.352 @PWE010 系统管理员
10:19:06.353 @PWE011 False
10:19:06.354 @PWE012 False
10:19:06.384 @PWE001 20180709003
10:19:06.386 @PWE002 完工
10:19:06.387 @PWE003 1821-1
10:19:06.388 @PWE004 61-1.002.05.007
10:19:06.389 @PWE005 1605六斗电视柜（实木）
10:19:06.391 @PWE006 20
10:19:06.392 @PWE007 20
10:19:06.393 @PWE008 
10:19:06.394 @PWE009 2018/7/9 10:19:05
10:19:06.395 @PWE010 系统管理员
10:19:06.396 @PWE011 False
10:19:06.397 @PWE012 False
10:19:06.404 @PWE001 20180709003
10:19:06.405 @PWE002 完工
10:19:06.406 @PWE003 1821-1
10:19:06.407 @PWE004 61-1.002.01.012
10:19:06.408 @PWE005 1625床头柜
10:19:06.409 @PWE006 40
10:19:06.410 @PWE007 40
10:19:06.411 @PWE008 
10:19:06.413 @PWE009 2018/7/9 10:19:05
10:19:06.413 @PWE010 系统管理员
10:19:06.414 @PWE011 False
10:19:06.415 @PWE012 False
10:19:06.417 @PWE001 20180709003
10:19:06.419 @PWE002 完工
10:19:06.420 @PWE003 1821-1
10:19:06.421 @PWE004 61-1.003.03.010-2
10:19:06.422 @PWE005 1601-C茶桌1.38米（左）
10:19:06.423 @PWE006 20
10:19:06.424 @PWE007 20
10:19:06.425 @PWE008 
10:19:06.426 @PWE009 2018/7/9 10:19:05
10:19:06.428 @PWE010 系统管理员
10:19:06.429 @PWE011 False
10:19:06.430 @PWE012 False
10:19:06.432 @PWE001 20180709003
10:19:06.434 @PWE002 完工
10:19:06.435 @PWE003 1821-1
10:19:06.436 @PWE004 61-1.002.01.005
10:19:06.437 @PWE005 1605床头柜
10:19:06.438 @PWE006 100
10:19:06.439 @PWE007 100
10:19:06.440 @PWE008 
10:19:06.441 @PWE009 2018/7/9 10:19:05
10:19:06.442 @PWE010 系统管理员
10:19:06.443 @PWE011 False
10:19:06.445 @PWE012 False
10:19:06.447 @PWE001 20180709003
10:19:06.449 @PWE002 完工
10:19:06.450 @PWE003 1821-1
10:19:06.451 @PWE004 61-1.004.01.010
10:19:06.452 @PWE005 1610餐椅
10:19:06.453 @PWE006 60
10:19:06.454 @PWE007 60
10:19:06.456 @PWE008 坐板少做7块，配用仓有配用
10:19:06.457 @PWE009 2018/7/9 10:19:05
10:19:06.457 @PWE010 系统管理员
10:19:06.459 @PWE011 False
10:19:06.460 @PWE012 False
10:19:06.467 @PWE001 20180709003
10:19:06.468 @PWE002 完工
10:19:06.469 @PWE003 1821-1
10:19:06.470 @PWE004 61-1.004.01.001
10:19:06.471 @PWE005 1601餐椅
10:19:06.472 @PWE006 300
10:19:06.473 @PWE007 300
10:19:06.474 @PWE008 
10:19:06.475 @PWE009 2018/7/9 10:19:05
10:19:06.476 @PWE010 系统管理员
10:19:06.477 @PWE011 False
10:19:06.478 @PWE012 False
10:19:06.480 @PWE001 20180709003
10:19:06.482 @PWE002 完工
10:19:06.483 @PWE003 1821-1
10:19:06.484 @PWE004 61-1.006.01.021
10:19:06.485 @PWE005 1625方茶几
10:19:06.486 @PWE006 20
10:19:06.487 @PWE007 20
10:19:06.488 @PWE008 
10:19:06.489 @PWE009 2018/7/9 10:19:05
10:19:06.490 @PWE010 系统管理员
10:19:06.492 @PWE011 False
10:19:06.493 @PWE012 False
10:19:06.499 @PWE001 20180709003
10:19:06.501 @PWE002 完工
10:19:06.502 @PWE003 1821-1
10:19:06.503 @PWE004 61-1.004.04.001
10:19:06.505 @PWE005 1607床尾凳
10:19:06.506 @PWE006 20
10:19:06.507 @PWE007 20
10:19:06.508 @PWE008 
10:19:06.509 @PWE009 2018/7/9 10:19:05
10:19:06.510 @PWE010 系统管理员
10:19:06.512 @PWE011 False
10:19:06.513 @PWE012 False
10:19:06.521 @PWE001 20180709003
10:19:06.522 @PWE002 完工
10:19:06.523 @PWE003 1821-1
10:19:06.525 @PWE004 61-1.003.01.005
10:19:06.526 @PWE005 1605书桌1.58米
10:19:06.527 @PWE006 20
10:19:06.528 @PWE007 20
10:19:06.529 @PWE008 
10:19:06.530 @PWE009 2018/7/9 10:19:05
10:19:06.531 @PWE010 系统管理员
10:19:06.532 @PWE011 False
10:19:06.533 @PWE012 False
10:19:06.540 @PWE001 20180709003
10:19:06.541 @PWE002 完工
10:19:06.543 @PWE003 1821-1
10:19:06.543 @PWE004 61-1.005.07.002-1
10:19:06.544 @PWE005 1607-A双人沙发框架
10:19:06.546 @PWE006 5
10:19:06.547 @PWE007 5
10:19:06.548 @PWE008 
10:19:06.549 @PWE009 2018/7/9 10:19:05
10:19:06.550 @PWE010 系统管理员
10:19:06.551 @PWE011 False
10:19:06.552 @PWE012 False
10:19:06.563 @PWE001 20180709003
10:19:06.565 @PWE002 完工
10:19:06.566 @PWE003 1821-1
10:19:06.567 @PWE004 61-1.005.07.004
10:19:06.568 @PWE005 1607-A三人沙发框架
10:19:06.569 @PWE006 5
10:19:06.570 @PWE007 5
10:19:06.571 @PWE008 
10:19:06.572 @PWE009 2018/7/9 10:19:05
10:19:06.573 @PWE010 系统管理员
10:19:06.574 @PWE011 False
10:19:06.575 @PWE012 False
10:19:06.588 @PWE001 20180709003
10:19:06.589 @PWE002 完工
10:19:06.590 @PWE003 1821-1
10:19:06.591 @PWE004 61-1.006.02.007
10:19:06.592 @PWE005 1610长茶几-B
10:19:06.593 @PWE006 20
10:19:06.594 @PWE007 20
10:19:06.595 @PWE008 
10:19:06.596 @PWE009 2018/7/9 10:19:05
10:19:06.597 @PWE010 系统管理员
10:19:06.599 @PWE011 False
10:19:06.600 @PWE012 False
10:19:06.602 @PWE001 20180709003
10:19:06.603 @PWE002 完工
10:19:06.604 @PWE003 1821-1
10:19:06.605 @PWE004 61-1.004.03.004
10:19:06.606 @PWE005 1608休闲椅
10:19:06.607 @PWE006 40
10:19:06.608 @PWE007 40
10:19:06.609 @PWE008 
10:19:06.611 @PWE009 2018/7/9 10:19:05
10:19:06.612 @PWE010 系统管理员
10:19:06.613 @PWE011 False
10:19:06.614 @PWE012 False
10:19:06.621 @PWE001 20180709003
10:19:06.622 @PWE002 完工
10:19:06.623 @PWE003 1821-1
10:19:06.624 @PWE004 61-1.002.05.006
10:19:06.625 @PWE005 1605六斗电视柜
10:19:06.626 @PWE006 20
10:19:06.627 @PWE007 20
10:19:06.628 @PWE008 烤漆斗面需生产
10:19:06.629 @PWE009 2018/7/9 10:19:05
10:19:06.630 @PWE010 系统管理员
10:19:06.631 @PWE011 False
10:19:06.632 @PWE012 False
10:19:06.649 @PWE001 20180709003
10:19:06.650 @PWE002 完工
10:19:06.652 @PWE003 1821-1
10:19:06.653 @PWE004 61-1.001.02.003-1
10:19:06.654 @PWE005 1623床靠1.5米
10:19:06.655 @PWE006 10
10:19:06.656 @PWE007 10
10:19:06.657 @PWE008 
10:19:06.658 @PWE009 2018/7/9 10:19:05
10:19:06.659 @PWE010 系统管理员
10:19:06.660 @PWE011 False
10:19:06.661 @PWE012 False
10:19:06.663 @PWE001 20180709003
10:19:06.664 @PWE002 完工
10:19:06.665 @PWE003 1821-1
10:19:06.666 @PWE004 61-1.002.01.004
10:19:06.667 @PWE005 1605床头柜（小）
10:19:06.668 @PWE006 40
10:19:06.669 @PWE007 40
10:19:06.670 @PWE008 新品
10:19:06.671 @PWE009 2018/7/9 10:19:05
10:19:06.672 @PWE010 系统管理员
10:19:06.673 @PWE011 False
10:19:06.674 @PWE012 False
10:19:06.676 @PWE001 20180709003
10:19:06.677 @PWE002 完工
10:19:06.678 @PWE003 1821-1
10:19:06.679 @PWE004 61-1.002.06.011
10:19:06.681 @PWE005 1603五斗柜
10:19:06.682 @PWE006 40
10:19:06.683 @PWE007 40
10:19:06.684 @PWE008 
10:19:06.685 @PWE009 2018/7/9 10:19:05
10:19:06.686 @PWE010 系统管理员
10:19:06.687 @PWE011 False
10:19:06.688 @PWE012 False
10:19:06.700 @PWE001 20180709003
10:19:06.705 @PWE002 完工
10:19:06.706 @PWE003 1821-1
10:19:06.707 @PWE004 61-1.001.03.003
10:19:06.708 @PWE005 1601床架1.5（短）
10:19:06.709 @PWE006 10
10:19:06.710 @PWE007 10
10:19:06.711 @PWE008 新品
10:19:06.712 @PWE009 2018/7/9 10:19:05
10:19:06.713 @PWE010 系统管理员
10:19:06.714 @PWE011 False
10:19:06.715 @PWE012 False
10:19:06.722 @PWE001 20180709003
10:19:06.724 @PWE002 完工
10:19:06.725 @PWE003 1821-1
10:19:06.726 @PWE004 61-1.005.07.003
10:19:06.727 @PWE005 1607-A三人沙发软包
10:19:06.728 @PWE006 5
10:19:06.729 @PWE007 5
10:19:06.730 @PWE008 
10:19:06.732 @PWE009 2018/7/9 10:19:05
10:19:06.733 @PWE010 系统管理员
10:19:06.734 @PWE011 False
10:19:06.735 @PWE012 False
10:19:06.737 @PWE001 20180709003
10:19:06.739 @PWE002 完工
10:19:06.740 @PWE003 1821-1
10:19:06.741 @PWE004 61-1.002.07.011
10:19:06.742 @PWE005 1610-B餐具柜
10:19:06.743 @PWE006 30
10:19:06.744 @PWE007 30
10:19:06.745 @PWE008 
10:19:06.746 @PWE009 2018/7/9 10:19:05
10:19:06.747 @PWE010 系统管理员
10:19:06.748 @PWE011 False
10:19:06.749 @PWE012 False
10:19:06.752 @PWE001 20180709003
10:19:06.753 @PWE002 完工
10:19:06.754 @PWE003 1821-1
10:19:06.755 @PWE004 61-1.005.03.013
10:19:06.756 @PWE005 1603三人沙发软包架
10:19:06.757 @PWE006 100
10:19:06.758 @PWE007 100
10:19:06.759 @PWE008 
10:19:06.761 @PWE009 2018/7/9 10:19:05
10:19:06.762 @PWE010 系统管理员
10:19:06.763 @PWE011 False
10:19:06.764 @PWE012 False
10:19:06.766 @PWE001 20180709003
10:19:06.767 @PWE002 完工
10:19:06.768 @PWE003 1821-1
10:19:06.769 @PWE004 61-1.005.03.012
10:19:06.771 @PWE005 1603双人沙发软包架
10:19:06.772 @PWE006 80
10:19:06.773 @PWE007 80
10:19:06.774 @PWE008 
10:19:06.775 @PWE009 2018/7/9 10:19:05
10:19:06.776 @PWE010 系统管理员
10:19:06.777 @PWE011 False
10:19:06.778 @PWE012 False
10:19:06.785 @PWE001 20180709003
10:19:06.786 @PWE002 完工
10:19:06.788 @PWE003 1821-1
10:19:06.789 @PWE004 61-1.005.03.001
10:19:06.791 @PWE005 1603单人沙发
10:19:06.792 @PWE006 80
10:19:06.793 @PWE007 80
10:19:06.794 @PWE008 
10:19:06.795 @PWE009 2018/7/9 10:19:05
10:19:06.796 @PWE010 系统管理员
10:19:06.798 @PWE011 False
10:19:06.799 @PWE012 False
10:19:06.801 @PWE001 20180709003
10:19:06.802 @PWE002 完工
10:19:06.803 @PWE003 1821-1
10:19:06.804 @PWE004 61-1.005.05.003
10:19:06.805 @PWE005 1605三人沙发
10:19:06.806 @PWE006 70
10:19:06.808 @PWE007 70
10:19:06.809 @PWE008 
10:19:06.810 @PWE009 2018/7/9 10:19:05
10:19:06.811 @PWE010 系统管理员
10:19:06.812 @PWE011 False
10:19:06.814 @PWE012 False
10:19:06.821 @PWE001 20180709003
10:19:06.822 @PWE002 完工
10:19:06.823 @PWE003 1821-1
10:19:06.825 @PWE004 61-1.002.06.013
10:19:06.826 @PWE005 1610-B五斗柜
10:19:06.826 @PWE006 20
10:19:06.827 @PWE007 20
10:19:06.828 @PWE008 
10:19:06.829 @PWE009 2018/7/9 10:19:05
10:19:06.830 @PWE010 系统管理员
10:19:06.831 @PWE011 False
10:19:06.833 @PWE012 False
10:19:06.839 @PWE001 20180709003
10:19:06.841 @PWE002 完工
10:19:06.842 @PWE003 1821-1
10:19:06.843 @PWE004 61-1.008.02.002
10:19:06.844 @PWE005 1603穿衣镜
10:19:06.845 @PWE006 20
10:19:06.846 @PWE007 20
10:19:06.847 @PWE008 
10:19:06.848 @PWE009 2018/7/9 10:19:05
10:19:06.849 @PWE010 系统管理员
10:19:06.850 @PWE011 False
10:19:06.851 @PWE012 False
10:19:06.853 @PWE001 20180709003
10:19:06.854 @PWE002 完工
10:19:06.856 @PWE003 1821-1
10:19:06.857 @PWE004 61-1.002.01.008
10:19:06.858 @PWE005 1608床头柜
10:19:06.859 @PWE006 80
10:19:06.860 @PWE007 80
10:19:06.861 @PWE008 
10:19:06.862 @PWE009 2018/7/9 10:19:05
10:19:06.864 @PWE010 系统管理员
10:19:06.865 @PWE011 False
10:19:06.866 @PWE012 False
10:19:06.872 @PWE001 20180709003
10:19:06.874 @PWE002 完工
10:19:06.875 @PWE003 1821-1
10:19:06.876 @PWE004 61-1.004.01.025
10:19:06.877 @PWE005 1622转凳
10:19:06.878 @PWE006 40
10:19:06.879 @PWE007 40
10:19:06.881 @PWE008 
10:19:06.882 @PWE009 2018/7/9 10:19:05
10:19:06.883 @PWE010 系统管理员
10:19:06.884 @PWE011 False
10:19:06.885 @PWE012 False
10:19:06.896 @PWE001 20180709003
10:19:06.897 @PWE002 完工
10:19:06.898 @PWE003 1821-1
10:19:06.900 @PWE004 61-1.003.03.010-3
10:19:06.901 @PWE005 1601-C茶桌1.38米（右）
10:19:06.902 @PWE006 15
10:19:06.903 @PWE007 15
10:19:06.904 @PWE008 
10:19:06.905 @PWE009 2018/7/9 10:19:05
10:19:06.906 @PWE010 系统管理员
10:19:06.907 @PWE011 False
10:19:06.908 @PWE012 False
10:19:06.911 @PWE001 20180709003
10:19:06.912 @PWE002 完工
10:19:06.913 @PWE003 1821-1
10:19:06.914 @PWE004 61-1.005.05.011
10:19:06.915 @PWE005 1605单人沙发软包架
10:19:06.916 @PWE006 50
10:19:06.917 @PWE007 50
10:19:06.918 @PWE008 
10:19:06.919 @PWE009 2018/7/9 10:19:05
10:19:06.921 @PWE010 系统管理员
10:19:06.922 @PWE011 False
10:19:06.923 @PWE012 False
10:19:06.925 @PWE001 20180709003
10:19:06.926 @PWE002 完工
10:19:06.927 @PWE003 1821-1
10:19:06.928 @PWE004 61-1.002.01.003
10:19:06.929 @PWE005 1603床头柜
10:19:06.930 @PWE006 200
10:19:06.931 @PWE007 200
10:19:06.932 @PWE008 
10:19:06.933 @PWE009 2018/7/9 10:19:05
10:19:06.934 @PWE010 系统管理员
10:19:06.936 @PWE011 False
10:19:06.937 @PWE012 False
10:19:06.939 @PWE001 20180709003
10:19:06.940 @PWE002 完工
10:19:06.941 @PWE003 1821-1
10:19:06.942 @PWE004 61-1.006.02.022
10:19:06.943 @PWE005 1622长茶几
10:19:06.944 @PWE006 20
10:19:06.945 @PWE007 20
10:19:06.946 @PWE008 
10:19:06.947 @PWE009 2018/7/9 10:19:05
10:19:06.948 @PWE010 系统管理员
10:19:06.949 @PWE011 False
10:19:06.950 @PWE012 False
10:19:06.952 @PWD001 20180709003
10:19:06.953 @PWD002 包装
10:19:06.954 @PWD003 2018/7/11 10:19:00
10:19:06.955 @PWD004 2018/7/12 10:19:00
10:19:06.956 @PWD005 False
10:19:06.957 @PWD006 False
10:19:06.959 @PWD007 2018/7/9 10:19:05
10:19:06.960 @PWD008 系统管理员
10:19:06.961 @PWD009 0
10:19:06.962 @PWD010 
10:19:06.969 @PWE001 20180709003
10:19:06.971 @PWE002 完工
10:19:06.972 @PWE003 1821-1
10:19:06.974 @PWE004 61-1.002.12.001
10:19:06.975 @PWE005 1605鞋柜
10:19:06.977 @PWE006 20
10:19:06.978 @PWE007 20
10:19:06.979 @PWE008 
10:19:06.980 @PWE009 2018/7/9 10:19:05
10:19:06.982 @PWE010 系统管理员
10:19:06.983 @PWE011 False
10:19:06.985 @PWE012 False
10:19:06.987 @PWE001 20180709003
10:19:06.989 @PWE002 完工
10:19:06.990 @PWE003 1821-1
10:19:06.991 @PWE004 61-1.001.01.001
10:19:06.992 @PWE005 1623整床1.2米
10:19:06.993 @PWE006 10
10:19:06.994 @PWE007 10
10:19:06.995 @PWE008 
10:19:06.996 @PWE009 2018/7/9 10:19:05
10:19:06.997 @PWE010 系统管理员
10:19:06.998 @PWE011 False
10:19:06.999 @PWE012 False
10:19:07.006 @PWE001 20180709003
10:19:07.007 @PWE002 完工
10:19:07.008 @PWE003 1821-1
10:19:07.009 @PWE004 61-1.001.02.002-1
10:19:07.011 @PWE005 1605床靠1.5米
10:19:07.012 @PWE006 30
10:19:07.013 @PWE007 30
10:19:07.014 @PWE008 
10:19:07.015 @PWE009 2018/7/9 10:19:05
10:19:07.016 @PWE010 系统管理员
10:19:07.017 @PWE011 False
10:19:07.018 @PWE012 False
10:19:07.026 @PWE001 20180709003
10:19:07.027 @PWE002 完工
10:19:07.029 @PWE003 1821-1
10:19:07.030 @PWE004 61-1.004.01.006
10:19:07.031 @PWE005 1607餐椅
10:19:07.033 @PWE006 300
10:19:07.034 @PWE007 300
10:19:07.035 @PWE008 
10:19:07.036 @PWE009 2018/7/9 10:19:05
10:19:07.038 @PWE010 系统管理员
10:19:07.039 @PWE011 False
10:19:07.041 @PWE012 False
10:19:07.047 @PWE001 20180709003
10:19:07.049 @PWE002 完工
10:19:07.050 @PWE003 1821-1
10:19:07.051 @PWE004 61-1.001.03.004
10:19:07.053 @PWE005 1603床架1.5（短）
10:19:07.054 @PWE006 10
10:19:07.055 @PWE007 10
10:19:07.056 @PWE008 新品
10:19:07.057 @PWE009 2018/7/9 10:19:05
10:19:07.058 @PWE010 系统管理员
10:19:07.059 @PWE011 False
10:19:07.061 @PWE012 False
10:19:36.574 @PWD001 20180709003
10:19:36.576 @PWD006 True
10:19:36.577 @PWD007 2018/7/9 10:19:36
10:19:36.579 @PWD008 系统管理员
10:19:36.584 @REV001 FormProductionPaintDay
10:19:36.585 @REV002 20180709003
10:19:36.587 @REV003 系统管理员
10:19:36.589 @REV004 2018/7/9 10:19:36
10:19:36.591 @REV005 反审核
10:19:36.593 @REV006 
10:19:51.686 @PWF001 20180709003
10:19:51.688 @PWF002 1821-1
10:19:51.689 @PWF003 61-1.004.03.002
10:19:51.690 @PWF004 1603休闲椅
10:19:51.691 @PWF005 670*955*740
10:19:51.692 @PWF006 40
10:19:51.693 @PWF007 0
10:19:51.694 @PWF008 0
10:19:51.695 @PWF009 0
10:19:51.696 @PWF010 0
10:19:51.697 @PWF011 0
10:19:51.698 @PWF012 2018/7/8 10:19:49
10:19:51.699 @PWF013 2018/7/9 10:19:51
10:19:51.700 @PWF014 系统管理员
10:19:51.701 @PWF015 False
10:19:51.702 @PWF016 40
10:19:51.703 @PWF017 20180709003
10:19:51.706 @PWF001 20180709003
10:19:51.708 @PWF002 1821-1
10:19:51.709 @PWF003 61-1.004.04.001
10:19:51.710 @PWF004 1607床尾凳
10:19:51.711 @PWF005 1380*400*380
10:19:51.712 @PWF006 20
10:19:51.713 @PWF007 0
10:19:51.714 @PWF008 0
10:19:51.715 @PWF009 0
10:19:51.716 @PWF010 0
10:19:51.717 @PWF011 0
10:19:51.718 @PWF012 2018/7/8 10:19:49
10:19:51.719 @PWF013 2018/7/9 10:19:51
10:19:51.720 @PWF014 系统管理员
10:19:51.721 @PWF015 False
10:19:51.721 @PWF016 20
10:19:51.723 @PWF017 20180709003
10:19:51.735 @PWF001 20180709003
10:19:51.737 @PWF002 1821-1
10:19:51.738 @PWF003 61-1.005.03.002
10:19:51.739 @PWF004 1603双人沙发
10:19:51.740 @PWF005 1500*880*620
10:19:51.741 @PWF006 80
10:19:51.742 @PWF007 0
10:19:51.743 @PWF008 0
10:19:51.744 @PWF009 0
10:19:51.745 @PWF010 0
10:19:51.746 @PWF011 0
10:19:51.748 @PWF012 2018/7/8 10:19:49
10:19:51.749 @PWF013 2018/7/9 10:19:51
10:19:51.750 @PWF014 系统管理员
10:19:51.751 @PWF015 False
10:19:51.752 @PWF016 80
10:19:51.753 @PWF017 20180709003
10:19:51.755 @PWF001 20180709003
10:19:51.756 @PWF002 1821-1
10:19:51.757 @PWF003 61-1.006.01.001-1
10:19:51.758 @PWF004 1603方茶几
10:19:51.759 @PWF005 750*750*560
10:19:51.760 @PWF006 60
10:19:51.762 @PWF007 0
10:19:51.763 @PWF008 0
10:19:51.765 @PWF009 0
10:19:51.766 @PWF010 0
10:19:51.767 @PWF011 0
10:19:51.768 @PWF012 2018/7/8 10:19:49
10:19:51.769 @PWF013 2018/7/9 10:19:51
10:19:51.770 @PWF014 系统管理员
10:19:51.771 @PWF015 False
10:19:51.772 @PWF016 60
10:19:51.773 @PWF017 20180709003
10:19:51.794 @PWF001 20180709003
10:19:51.796 @PWF002 1821-1
10:19:51.797 @PWF003 61-1.005.05.002
10:19:51.798 @PWF004 1605双人沙发
10:19:51.799 @PWF005 1610*930*890
10:19:51.800 @PWF006 40
10:19:51.801 @PWF007 0
10:19:51.802 @PWF008 0
10:19:51.803 @PWF009 0
10:19:51.804 @PWF010 0
10:19:51.805 @PWF011 0
10:19:51.806 @PWF012 2018/7/8 10:19:49
10:19:51.808 @PWF013 2018/7/9 10:19:51
10:19:51.809 @PWF014 系统管理员
10:19:51.810 @PWF015 False
10:19:51.811 @PWF016 40
10:19:51.812 @PWF017 20180709003
10:19:51.814 @PWF001 20180709003
10:19:51.815 @PWF002 1821-1
10:19:51.816 @PWF003 61-1.004.01.006
10:19:51.817 @PWF004 1607餐椅
10:19:51.818 @PWF005 450*560*845
10:19:51.819 @PWF006 300
10:19:51.820 @PWF007 0
10:19:51.821 @PWF008 0
10:19:51.823 @PWF009 0
10:19:51.824 @PWF010 0
10:19:51.825 @PWF011 0
10:19:51.826 @PWF012 2018/7/8 10:19:49
10:19:51.827 @PWF013 2018/7/9 10:19:51
10:19:51.829 @PWF014 系统管理员
10:19:51.830 @PWF015 False
10:19:51.831 @PWF016 300
10:19:51.832 @PWF017 20180709003
10:19:51.834 @PWF001 20180709003
10:19:51.835 @PWF002 1821-1
10:19:51.837 @PWF003 61-1.002.12.001
10:19:51.838 @PWF004 1605鞋柜
10:19:51.839 @PWF005 900*420*1180
10:19:51.840 @PWF006 20
10:19:51.841 @PWF007 0
10:19:51.842 @PWF008 0
10:19:51.842 @PWF009 0
10:19:51.844 @PWF010 0
10:19:51.845 @PWF011 0
10:19:51.846 @PWF012 2018/7/8 10:19:49
10:19:51.846 @PWF013 2018/7/9 10:19:51
10:19:51.848 @PWF014 系统管理员
10:19:51.849 @PWF015 False
10:19:51.850 @PWF016 20
10:19:51.851 @PWF017 20180709003
10:19:51.868 @PWF001 20180709003
10:19:51.869 @PWF002 1821-1
10:19:51.871 @PWF003 61-1.008.02.002
10:19:51.872 @PWF004 1603穿衣镜
10:19:51.873 @PWF005 550*50*1800
10:19:51.875 @PWF006 20
10:19:51.876 @PWF007 0
10:19:51.877 @PWF008 0
10:19:51.878 @PWF009 0
10:19:51.879 @PWF010 0
10:19:51.880 @PWF011 0
10:19:51.882 @PWF012 2018/7/8 10:19:49
10:19:51.883 @PWF013 2018/7/9 10:19:51
10:19:51.884 @PWF014 系统管理员
10:19:51.885 @PWF015 False
10:19:51.886 @PWF016 20
10:19:51.887 @PWF017 20180709003
10:19:51.890 @PWF001 20180709003
10:19:51.891 @PWF002 1821-1
10:19:51.893 @PWF003 61-1.005.03.001
10:19:51.894 @PWF004 1603单人沙发
10:19:51.895 @PWF005 940*880*620
10:19:51.896 @PWF006 80
10:19:51.897 @PWF007 0
10:19:51.898 @PWF008 0
10:19:51.899 @PWF009 0
10:19:51.900 @PWF010 0
10:19:51.902 @PWF011 0
10:19:51.903 @PWF012 2018/7/8 10:19:49
10:19:51.904 @PWF013 2018/7/9 10:19:51
10:19:51.905 @PWF014 系统管理员
10:19:51.906 @PWF015 False
10:19:51.907 @PWF016 80
10:19:51.908 @PWF017 20180709003
10:19:51.910 @PWF001 20180709003
10:19:51.912 @PWF002 1821-1
10:19:51.913 @PWF003 61-1.008.02.004
10:19:51.914 @PWF004 1605旋转穿衣镜
10:19:51.915 @PWF005 520*1800
10:19:51.916 @PWF006 20
10:19:51.917 @PWF007 0
10:19:51.918 @PWF008 0
10:19:51.919 @PWF009 0
10:19:51.920 @PWF010 0
10:19:51.922 @PWF011 0
10:19:51.923 @PWF012 2018/7/8 10:19:49
10:19:51.924 @PWF013 2018/7/9 10:19:51
10:19:51.925 @PWF014 系统管理员
10:19:51.926 @PWF015 False
10:19:51.927 @PWF016 20
10:19:51.928 @PWF017 20180709003
10:19:51.935 @PWF001 20180709003
10:19:51.936 @PWF002 1821-1
10:19:51.937 @PWF003 61-1.002.07.003
10:19:51.939 @PWF004 1603餐具柜
10:19:51.940 @PWF005 1280*480*840
10:19:51.941 @PWF006 30
10:19:51.942 @PWF007 0
10:19:51.943 @PWF008 0
10:19:51.944 @PWF009 0
10:19:51.945 @PWF010 0
10:19:51.947 @PWF011 0
10:19:51.948 @PWF012 2018/7/8 10:19:49
10:19:51.948 @PWF013 2018/7/9 10:19:51
10:19:51.950 @PWF014 系统管理员
10:19:51.951 @PWF015 False
10:19:51.952 @PWF016 30
10:19:51.953 @PWF017 20180709003
10:19:51.955 @PWF001 20180709003
10:19:51.956 @PWF002 1821-1
10:19:51.957 @PWF003 61-1.002.01.007
10:19:51.959 @PWF004 1607床头柜
10:19:51.960 @PWF005 560*430*505
10:19:51.961 @PWF006 100
10:19:51.962 @PWF007 0
10:19:51.963 @PWF008 0
10:19:51.964 @PWF009 0
10:19:51.965 @PWF010 0
10:19:51.966 @PWF011 0
10:19:51.967 @PWF012 2018/7/8 10:19:49
10:19:51.968 @PWF013 2018/7/9 10:19:51
10:19:51.969 @PWF014 系统管理员
10:19:51.970 @PWF015 False
10:19:51.971 @PWF016 100
10:19:51.973 @PWF017 20180709003
10:19:51.984 @PWF001 20180709003
10:19:51.985 @PWF002 1821-1
10:19:51.987 @PWF003 61-1.004.01.024
10:19:51.988 @PWF004 1608搁脚凳
10:19:51.989 @PWF005 580*380*160
10:19:51.990 @PWF006 40
10:19:51.991 @PWF007 0
10:19:51.993 @PWF008 0
10:19:51.994 @PWF009 0
10:19:51.995 @PWF010 0
10:19:51.996 @PWF011 0
10:19:51.997 @PWF012 2018/7/8 10:19:49
10:19:51.998 @PWF013 2018/7/9 10:19:51
10:19:51.999 @PWF014 系统管理员
10:19:52.001 @PWF015 False
10:19:52.002 @PWF016 40
10:19:52.003 @PWF017 20180709003
10:19:52.005 @PWF001 20180709003
10:19:52.006 @PWF002 1821-1
10:19:52.007 @PWF003 61-1.002.01.005
10:19:52.008 @PWF004 1605床头柜
10:19:52.009 @PWF005 580*420*510
10:19:52.010 @PWF006 100
10:19:52.012 @PWF007 0
10:19:52.013 @PWF008 0
10:19:52.014 @PWF009 0
10:19:52.015 @PWF010 0
10:19:52.016 @PWF011 0
10:19:52.017 @PWF012 2018/7/8 10:19:49
10:19:52.018 @PWF013 2018/7/9 10:19:51
10:19:52.019 @PWF014 系统管理员
10:19:52.020 @PWF015 False
10:19:52.021 @PWF016 100
10:19:52.022 @PWF017 20180709003
10:19:52.030 @PWF001 20180709003
10:19:52.031 @PWF002 1821-1
10:19:52.032 @PWF003 61-1.003.01.005
10:19:52.033 @PWF004 1605书桌1.58米
10:19:52.034 @PWF005 1580*800*760
10:19:52.036 @PWF006 20
10:19:52.037 @PWF007 0
10:19:52.038 @PWF008 0
10:19:52.039 @PWF009 0
10:19:52.040 @PWF010 0
10:19:52.041 @PWF011 0
10:19:52.043 @PWF012 2018/7/8 10:19:49
10:19:52.045 @PWF013 2018/7/9 10:19:51
10:19:52.046 @PWF014 系统管理员
10:19:52.047 @PWF015 False
10:19:52.048 @PWF016 20
10:19:52.049 @PWF017 20180709003
10:19:52.057 @PWF001 20180709003
10:19:52.058 @PWF002 1821-1
10:19:52.059 @PWF003 61-1.003.01.003
10:19:52.060 @PWF004 1603书桌
10:19:52.061 @PWF005 1520*785*760
10:19:52.063 @PWF006 20
10:19:52.064 @PWF007 0
10:19:52.065 @PWF008 0
10:19:52.066 @PWF009 0
10:19:52.067 @PWF010 0
10:19:52.068 @PWF011 0
10:19:52.069 @PWF012 2018/7/8 10:19:49
10:19:52.070 @PWF013 2018/7/9 10:19:51
10:19:52.071 @PWF014 系统管理员
10:19:52.073 @PWF015 False
10:19:52.074 @PWF016 20
10:19:52.075 @PWF017 20180709003
10:19:52.094 @PWF001 20180709003
10:19:52.095 @PWF002 1821-1
10:19:52.097 @PWF003 61-1.002.05.006
10:19:52.098 @PWF004 1605六斗电视柜
10:19:52.099 @PWF005 1260*500*740
10:19:52.101 @PWF006 20
10:19:52.102 @PWF007 0
10:19:52.103 @PWF008 0
10:19:52.104 @PWF009 0
10:19:52.105 @PWF010 0
10:19:52.107 @PWF011 0
10:19:52.108 @PWF012 2018/7/8 10:19:49
10:19:52.109 @PWF013 2018/7/9 10:19:51
10:19:52.110 @PWF014 系统管理员
10:19:52.111 @PWF015 False
10:19:52.112 @PWF016 20
10:19:52.114 @PWF017 20180709003
10:19:52.121 @PWF001 20180709003
10:19:52.123 @PWF002 1821-1
10:19:52.124 @PWF003 61-1.006.02.007
10:19:52.125 @PWF004 1610长茶几-B
10:19:52.127 @PWF005 1680*880*480
10:19:52.128 @PWF006 20
10:19:52.129 @PWF007 0
10:19:52.130 @PWF008 0
10:19:52.132 @PWF009 0
10:19:52.133 @PWF010 0
10:19:52.134 @PWF011 0
10:19:52.135 @PWF012 2018/7/8 10:19:49
10:19:52.136 @PWF013 2018/7/9 10:19:51
10:19:52.138 @PWF014 系统管理员
10:19:52.139 @PWF015 False
10:19:52.140 @PWF016 20
10:19:52.141 @PWF017 20180709003
10:19:52.148 @PWF001 20180709003
10:19:52.149 @PWF002 1821-1
10:19:52.150 @PWF003 61-1.001.01.001
10:19:52.151 @PWF004 1623整床1.2米
10:19:52.153 @PWF005 1305*2190*1120
10:19:52.154 @PWF006 10
10:19:52.155 @PWF007 0
10:19:52.156 @PWF008 0
10:19:52.157 @PWF009 0
10:19:52.158 @PWF010 0
10:19:52.159 @PWF011 0
10:19:52.160 @PWF012 2018/7/8 10:19:49
10:19:52.161 @PWF013 2018/7/9 10:19:51
10:19:52.162 @PWF014 系统管理员
10:19:52.163 @PWF015 False
10:19:52.164 @PWF016 10
10:19:52.165 @PWF017 20180709003
10:19:52.167 @PWF001 20180709003
10:19:52.168 @PWF002 1821-1
10:19:52.170 @PWF003 61-1.002.01.004
10:19:52.171 @PWF004 1605床头柜（小）
10:19:52.172 @PWF005 500*420*510
10:19:52.173 @PWF006 40
10:19:52.174 @PWF007 0
10:19:52.176 @PWF008 0
10:19:52.178 @PWF009 0
10:19:52.179 @PWF010 0
10:19:52.180 @PWF011 0
10:19:52.181 @PWF012 2018/7/8 10:19:49
10:19:52.182 @PWF013 2018/7/9 10:19:51
10:19:52.183 @PWF014 系统管理员
10:19:52.184 @PWF015 False
10:19:52.186 @PWF016 40
10:19:52.187 @PWF017 20180709003
10:19:52.189 @PWF001 20180709003
10:19:52.190 @PWF002 1821-1
10:19:52.191 @PWF003 61-1.005.03.003
10:19:52.192 @PWF004 1603三人沙发
10:19:52.193 @PWF005 2000*880*620
10:19:52.194 @PWF006 100
10:19:52.195 @PWF007 0
10:19:52.196 @PWF008 0
10:19:52.197 @PWF009 0
10:19:52.198 @PWF010 0
10:19:52.200 @PWF011 0
10:19:52.201 @PWF012 2018/7/8 10:19:49
10:19:52.202 @PWF013 2018/7/9 10:19:51
10:19:52.203 @PWF014 系统管理员
10:19:52.204 @PWF015 False
10:19:52.205 @PWF016 100
10:19:52.206 @PWF017 20180709003
10:19:52.208 @PWF001 20180709003
10:19:52.209 @PWF002 1821-1
10:19:52.210 @PWF003 61-1.001.02.002-2
10:19:52.213 @PWF004 1605-B床靠1.5米
10:19:52.214 @PWF005 1610*100*1110
10:19:52.215 @PWF006 20
10:19:52.216 @PWF007 0
10:19:52.217 @PWF008 0
10:19:52.219 @PWF009 0
10:19:52.220 @PWF010 0
10:19:52.221 @PWF011 0
10:19:52.222 @PWF012 2018/7/8 10:19:49
10:19:52.224 @PWF013 2018/7/9 10:19:51
10:19:52.225 @PWF014 系统管理员
10:19:52.226 @PWF015 False
10:19:52.227 @PWF016 20
10:19:52.228 @PWF017 20180709003
10:19:52.230 @PWF001 20180709003
10:19:52.232 @PWF002 1821-1
10:19:52.233 @PWF003 61-1.005.05.013
10:19:52.234 @PWF004 1605三人沙发软包架
10:19:52.235 @PWF005 1890*870*690
10:19:52.236 @PWF006 70
10:19:52.237 @PWF007 0
10:19:52.238 @PWF008 0
10:19:52.239 @PWF009 0
10:19:52.240 @PWF010 0
10:19:52.241 @PWF011 0
10:19:52.242 @PWF012 2018/7/8 10:19:49
10:19:52.243 @PWF013 2018/7/9 10:19:51
10:19:52.245 @PWF014 系统管理员
10:19:52.246 @PWF015 False
10:19:52.247 @PWF016 70
10:19:52.248 @PWF017 20180709003
10:19:52.265 @PWF001 20180709003
10:19:52.267 @PWF002 1821-1
10:19:52.268 @PWF003 61-1.004.01.010
10:19:52.269 @PWF004 1610餐椅
10:19:52.270 @PWF005 
10:19:52.272 @PWF006 60
10:19:52.273 @PWF007 0
10:19:52.274 @PWF008 0
10:19:52.275 @PWF009 0
10:19:52.276 @PWF010 0
10:19:52.277 @PWF011 0
10:19:52.278 @PWF012 2018/7/8 10:19:49
10:19:52.279 @PWF013 2018/7/9 10:19:51
10:19:52.280 @PWF014 系统管理员
10:19:52.281 @PWF015 False
10:19:52.282 @PWF016 60
10:19:52.284 @PWF017 20180709003
10:19:52.286 @PWF001 20180709003
10:19:52.287 @PWF002 1821-1
10:19:52.288 @PWF003 61-1.006.02.001-3
10:19:52.289 @PWF004 1603长茶几1.2米
10:19:52.290 @PWF005 1200*720*450
10:19:52.291 @PWF006 10
10:19:52.293 @PWF007 0
10:19:52.294 @PWF008 0
10:19:52.295 @PWF009 0
10:19:52.296 @PWF010 0
10:19:52.297 @PWF011 0
10:19:52.298 @PWF012 2018/7/8 10:19:49
10:19:52.300 @PWF013 2018/7/9 10:19:51
10:19:52.301 @PWF014 系统管理员
10:19:52.302 @PWF015 False
10:19:52.303 @PWF016 10
10:19:52.304 @PWF017 20180709003
10:19:52.321 @PWF001 20180709003
10:19:52.322 @PWF002 1821-1
10:19:52.324 @PWF003 61-1.002.06.013
10:19:52.325 @PWF004 1610-B五斗柜
10:19:52.326 @PWF005 800*520*1055
10:19:52.327 @PWF006 20
10:19:52.328 @PWF007 0
10:19:52.329 @PWF008 0
10:19:52.330 @PWF009 0
10:19:52.331 @PWF010 0
10:19:52.332 @PWF011 0
10:19:52.333 @PWF012 2018/7/8 10:19:49
10:19:52.334 @PWF013 2018/7/9 10:19:51
10:19:52.335 @PWF014 系统管理员
10:19:52.337 @PWF015 False
10:19:52.337 @PWF016 20
10:19:52.339 @PWF017 20180709003
10:19:52.351 @PWF001 20180709003
10:19:52.352 @PWF002 1821-1
10:19:52.353 @PWF003 61-1.004.03.004
10:19:52.355 @PWF004 1608休闲椅
10:19:52.356 @PWF005 720*775*1000
10:19:52.357 @PWF006 40
10:19:52.358 @PWF007 0
10:19:52.359 @PWF008 0
10:19:52.360 @PWF009 0
10:19:52.361 @PWF010 0
10:19:52.362 @PWF011 0
10:19:52.363 @PWF012 2018/7/8 10:19:49
10:19:52.365 @PWF013 2018/7/9 10:19:51
10:19:52.366 @PWF014 系统管理员
10:19:52.367 @PWF015 False
10:19:52.368 @PWF016 40
10:19:52.369 @PWF017 20180709003
10:19:52.371 @PWF001 20180709003
10:19:52.373 @PWF002 1821-1
10:19:52.374 @PWF003 61-1.006.01.021
10:19:52.375 @PWF004 1625方茶几
10:19:52.376 @PWF005 800*800*560
10:19:52.377 @PWF006 20
10:19:52.378 @PWF007 0
10:19:52.379 @PWF008 0
10:19:52.380 @PWF009 0
10:19:52.382 @PWF010 0
10:19:52.383 @PWF011 0
10:19:52.384 @PWF012 2018/7/8 10:19:49
10:19:52.384 @PWF013 2018/7/9 10:19:51
10:19:52.386 @PWF014 系统管理员
10:19:52.387 @PWF015 False
10:19:52.388 @PWF016 20
10:19:52.389 @PWF017 20180709003
10:19:52.391 @PWF001 20180709003
10:19:52.392 @PWF002 1821-1
10:19:52.394 @PWF003 61-1.002.06.011
10:19:52.395 @PWF004 1603五斗柜
10:19:52.396 @PWF005 900*480*1055
10:19:52.397 @PWF006 40
10:19:52.398 @PWF007 0
10:19:52.399 @PWF008 0
10:19:52.400 @PWF009 0
10:19:52.401 @PWF010 0
10:19:52.402 @PWF011 0
10:19:52.404 @PWF012 2018/7/8 10:19:49
10:19:52.405 @PWF013 2018/7/9 10:19:51
10:19:52.406 @PWF014 系统管理员
10:19:52.407 @PWF015 False
10:19:52.408 @PWF016 40
10:19:52.409 @PWF017 20180709003
10:19:52.421 @PWF001 20180709003
10:19:52.423 @PWF002 1821-1
10:19:52.424 @PWF003 61-1.003.03.010-2
10:19:52.425 @PWF004 1601-C茶桌1.38米（左）
10:19:52.426 @PWF005 1380*730*680
10:19:52.427 @PWF006 20
10:19:52.428 @PWF007 0
10:19:52.429 @PWF008 0
10:19:52.431 @PWF009 0
10:19:52.432 @PWF010 0
10:19:52.433 @PWF011 0
10:19:52.434 @PWF012 2018/7/8 10:19:49
10:19:52.435 @PWF013 2018/7/9 10:19:51
10:19:52.436 @PWF014 系统管理员
10:19:52.437 @PWF015 False
10:19:52.438 @PWF016 20
10:19:52.439 @PWF017 20180709003
10:19:52.457 @PWF001 20180709003
10:19:52.458 @PWF002 1821-1
10:19:52.459 @PWF003 61-1.005.03.013
10:19:52.460 @PWF004 1603三人沙发软包架
10:19:52.461 @PWF005 
10:19:52.462 @PWF006 100
10:19:52.463 @PWF007 0
10:19:52.465 @PWF008 0
10:19:52.466 @PWF009 0
10:19:52.467 @PWF010 0
10:19:52.468 @PWF011 0
10:19:52.469 @PWF012 2018/7/8 10:19:49
10:19:52.470 @PWF013 2018/7/9 10:19:51
10:19:52.471 @PWF014 系统管理员
10:19:52.472 @PWF015 False
10:19:52.473 @PWF016 100
10:19:52.474 @PWF017 20180709003
10:19:52.497 @PWF001 20180709003
10:19:52.499 @PWF002 1821-1
10:19:52.500 @PWF003 61-1.001.02.003-1
10:19:52.501 @PWF004 1623床靠1.5米
10:19:52.503 @PWF005 1645*150*1120
10:19:52.504 @PWF006 10
10:19:52.505 @PWF007 0
10:19:52.506 @PWF008 0
10:19:52.507 @PWF009 0
10:19:52.508 @PWF010 0
10:19:52.509 @PWF011 0
10:19:52.510 @PWF012 2018/7/8 10:19:49
10:19:52.511 @PWF013 2018/7/9 10:19:51
10:19:52.512 @PWF014 系统管理员
10:19:52.513 @PWF015 False
10:19:52.514 @PWF016 10
10:19:52.515 @PWF017 20180709003
10:19:52.518 @PWF001 20180709003
10:19:52.519 @PWF002 1821-1
10:19:52.520 @PWF003 61-1.006.02.024
10:19:52.521 @PWF004 1625长茶几1.2米
10:19:52.522 @PWF005 1200*750*450
10:19:52.523 @PWF006 10
10:19:52.524 @PWF007 0
10:19:52.525 @PWF008 0
10:19:52.526 @PWF009 0
10:19:52.528 @PWF010 0
10:19:52.529 @PWF011 0
10:19:52.530 @PWF012 2018/7/8 10:19:49
10:19:52.531 @PWF013 2018/7/9 10:19:51
10:19:52.532 @PWF014 系统管理员
10:19:52.533 @PWF015 False
10:19:52.534 @PWF016 10
10:19:52.534 @PWF017 20180709003
10:19:52.537 @PWF001 20180709003
10:19:52.538 @PWF002 1821-1
10:19:52.539 @PWF003 61-1.004.01.001
10:19:52.540 @PWF004 1601餐椅
10:19:52.541 @PWF005 475*565*765
10:19:52.542 @PWF006 300
10:19:52.543 @PWF007 0
10:19:52.544 @PWF008 0
10:19:52.545 @PWF009 0
10:19:52.546 @PWF010 0
10:19:52.547 @PWF011 0
10:19:52.548 @PWF012 2018/7/8 10:19:49
10:19:52.549 @PWF013 2018/7/9 10:19:51
10:19:52.550 @PWF014 系统管理员
10:19:52.551 @PWF015 False
10:19:52.551 @PWF016 300
10:19:52.552 @PWF017 20180709003
10:19:52.555 @PWF001 20180709003
10:19:52.556 @PWF002 1821-1
10:19:52.557 @PWF003 61-1.008.01.004
10:19:52.558 @PWF004 1610-B梳妆台
10:19:52.559 @PWF005 1060*480*750
10:19:52.560 @PWF006 40
10:19:52.561 @PWF007 0
10:19:52.562 @PWF008 0
10:19:52.564 @PWF009 0
10:19:52.565 @PWF010 0
10:19:52.566 @PWF011 0
10:19:52.567 @PWF012 2018/7/8 10:19:49
10:19:52.568 @PWF013 2018/7/9 10:19:51
10:19:52.569 @PWF014 系统管理员
10:19:52.570 @PWF015 False
10:19:52.571 @PWF016 40
10:19:52.572 @PWF017 20180709003
10:19:52.574 @PWF001 20180709003
10:19:52.575 @PWF002 1821-1
10:19:52.576 @PWF003 61-1.001.03.003
10:19:52.578 @PWF004 1601床架1.5（短）
10:19:52.579 @PWF005 1660*1950*450
10:19:52.580 @PWF006 10
10:19:52.582 @PWF007 0
10:19:52.583 @PWF008 0
10:19:52.584 @PWF009 0
10:19:52.586 @PWF010 0
10:19:52.588 @PWF011 0
10:19:52.589 @PWF012 2018/7/8 10:19:49
10:19:52.590 @PWF013 2018/7/9 10:19:51
10:19:52.591 @PWF014 系统管理员
10:19:52.592 @PWF015 False
10:19:52.593 @PWF016 10
10:19:52.594 @PWF017 20180709003
10:19:52.596 @PWF001 20180709003
10:19:52.598 @PWF002 1821-1
10:19:52.599 @PWF003 61-1.002.07.011
10:19:52.600 @PWF004 1610-B餐具柜
10:19:52.601 @PWF005 1680*480*890
10:19:52.602 @PWF006 30
10:19:52.603 @PWF007 0
10:19:52.604 @PWF008 0
10:19:52.605 @PWF009 0
10:19:52.607 @PWF010 0
10:19:52.607 @PWF011 0
10:19:52.609 @PWF012 2018/7/8 10:19:49
10:19:52.610 @PWF013 2018/7/9 10:19:51
10:19:52.610 @PWF014 系统管理员
10:19:52.612 @PWF015 False
10:19:52.613 @PWF016 30
10:19:52.614 @PWF017 20180709003
10:19:52.626 @PWF001 20180709003
10:19:52.627 @PWF002 1821-1
10:19:52.629 @PWF003 61-1.006.02.022
10:19:52.630 @PWF004 1622长茶几
10:19:52.631 @PWF005 1500*800*450
10:19:52.632 @PWF006 20
10:19:52.633 @PWF007 0
10:19:52.634 @PWF008 0
10:19:52.636 @PWF009 0
10:19:52.637 @PWF010 0
10:19:52.638 @PWF011 0
10:19:52.639 @PWF012 2018/7/8 10:19:49
10:19:52.640 @PWF013 2018/7/9 10:19:51
10:19:52.641 @PWF014 系统管理员
10:19:52.642 @PWF015 False
10:19:52.643 @PWF016 20
10:19:52.644 @PWF017 20180709003
10:19:52.656 @PWF001 20180709003
10:19:52.657 @PWF002 1821-1
10:19:52.658 @PWF003 61-1.001.03.004
10:19:52.659 @PWF004 1603床架1.5（短）
10:19:52.661 @PWF005 1680*1995*260
10:19:52.662 @PWF006 10
10:19:52.663 @PWF007 0
10:19:52.664 @PWF008 0
10:19:52.665 @PWF009 0
10:19:52.666 @PWF010 0
10:19:52.667 @PWF011 0
10:19:52.668 @PWF012 2018/7/8 10:19:49
10:19:52.669 @PWF013 2018/7/9 10:19:51
10:19:52.670 @PWF014 系统管理员
10:19:52.672 @PWF015 False
10:19:52.673 @PWF016 10
10:19:52.674 @PWF017 20180709003
10:19:52.691 @PWF001 20180709003
10:19:52.693 @PWF002 1821-1
10:19:52.694 @PWF003 61-1.005.05.003
10:19:52.695 @PWF004 1605三人沙发
10:19:52.696 @PWF005 2110*930*890
10:19:52.697 @PWF006 70
10:19:52.698 @PWF007 0
10:19:52.700 @PWF008 0
10:19:52.701 @PWF009 0
10:19:52.702 @PWF010 0
10:19:52.703 @PWF011 0
10:19:52.704 @PWF012 2018/7/8 10:19:49
10:19:52.704 @PWF013 2018/7/9 10:19:51
10:19:52.705 @PWF014 系统管理员
10:19:52.706 @PWF015 False
10:19:52.707 @PWF016 70
10:19:52.708 @PWF017 20180709003
10:19:52.725 @PWF001 20180709003
10:19:52.727 @PWF002 1821-1
10:19:52.728 @PWF003 61-1.004.03.010
10:19:52.729 @PWF004 1601茶凳
10:19:52.730 @PWF005 480*340*390
10:19:52.731 @PWF006 100
10:19:52.732 @PWF007 0
10:19:52.734 @PWF008 0
10:19:52.735 @PWF009 0
10:19:52.737 @PWF010 0
10:19:52.738 @PWF011 0
10:19:52.739 @PWF012 2018/7/8 10:19:49
10:19:52.741 @PWF013 2018/7/9 10:19:51
10:19:52.742 @PWF014 系统管理员
10:19:52.743 @PWF015 False
10:19:52.744 @PWF016 100
10:19:52.745 @PWF017 20180709003
10:19:52.763 @PWF001 20180709003
10:19:52.764 @PWF002 1821-1
10:19:52.766 @PWF003 61-1.005.05.001
10:19:52.767 @PWF004 1605单人沙发
10:19:52.768 @PWF005 1100*930*890
10:19:52.769 @PWF006 50
10:19:52.770 @PWF007 0
10:19:52.771 @PWF008 0
10:19:52.772 @PWF009 0
10:19:52.773 @PWF010 0
10:19:52.774 @PWF011 0
10:19:52.775 @PWF012 2018/7/8 10:19:49
10:19:52.776 @PWF013 2018/7/9 10:19:51
10:19:52.777 @PWF014 系统管理员
10:19:52.778 @PWF015 False
10:19:52.779 @PWF016 50
10:19:52.781 @PWF017 20180709003
10:19:52.783 @PWF001 20180709003
10:19:52.784 @PWF002 1821-1
10:19:52.785 @PWF003 61-1.005.07.004
10:19:52.787 @PWF004 1607-A三人沙发框架
10:19:52.788 @PWF005 2200*960*220
10:19:52.789 @PWF006 5
10:19:52.790 @PWF007 0
10:19:52.792 @PWF008 0
10:19:52.793 @PWF009 0
10:19:52.794 @PWF010 0
10:19:52.795 @PWF011 0
10:19:52.796 @PWF012 2018/7/8 10:19:49
10:19:52.797 @PWF013 2018/7/9 10:19:51
10:19:52.798 @PWF014 系统管理员
10:19:52.799 @PWF015 False
10:19:52.800 @PWF016 5
10:19:52.801 @PWF017 20180709003
10:19:52.813 @PWF001 20180709003
10:19:52.814 @PWF002 1821-1
10:19:52.815 @PWF003 61-1.003.03.010-3
10:19:52.817 @PWF004 1601-C茶桌1.38米（右）
10:19:52.818 @PWF005 1380*730*680
10:19:52.819 @PWF006 15
10:19:52.820 @PWF007 0
10:19:52.821 @PWF008 0
10:19:52.822 @PWF009 0
10:19:52.823 @PWF010 0
10:19:52.824 @PWF011 0
10:19:52.825 @PWF012 2018/7/8 10:19:49
10:19:52.826 @PWF013 2018/7/9 10:19:51
10:19:52.827 @PWF014 系统管理员
10:19:52.828 @PWF015 False
10:19:52.829 @PWF016 15
10:19:52.830 @PWF017 20180709003
10:19:52.832 @PWF001 20180709003
10:19:52.833 @PWF002 1821-1
10:19:52.834 @PWF003 61-1.002.01.008
10:19:52.835 @PWF004 1608床头柜
10:19:52.837 @PWF005 600*430*580
10:19:52.838 @PWF006 80
10:19:52.839 @PWF007 0
10:19:52.840 @PWF008 0
10:19:52.841 @PWF009 0
10:19:52.842 @PWF010 0
10:19:52.843 @PWF011 0
10:19:52.845 @PWF012 2018/7/8 10:19:49
10:19:52.846 @PWF013 2018/7/9 10:19:51
10:19:52.847 @PWF014 系统管理员
10:19:52.848 @PWF015 False
10:19:52.849 @PWF016 80
10:19:52.850 @PWF017 20180709003
10:19:52.858 @PWF001 20180709003
10:19:52.860 @PWF002 1821-1
10:19:52.861 @PWF003 61-1.005.05.012
10:19:52.862 @PWF004 1605双人沙发软包架
10:19:52.863 @PWF005 1390*870*690
10:19:52.864 @PWF006 40
10:19:52.865 @PWF007 0
10:19:52.866 @PWF008 0
10:19:52.868 @PWF009 0
10:19:52.869 @PWF010 0
10:19:52.870 @PWF011 0
10:19:52.871 @PWF012 2018/7/8 10:19:49
10:19:52.873 @PWF013 2018/7/9 10:19:51
10:19:52.874 @PWF014 系统管理员
10:19:52.875 @PWF015 False
10:19:52.876 @PWF016 40
10:19:52.877 @PWF017 20180709003
10:19:52.884 @PWF001 20180709003
10:19:52.885 @PWF002 1821-1
10:19:52.886 @PWF003 61-1.003.01.006
10:19:52.888 @PWF004 1610书桌1.5米
10:19:52.889 @PWF005 1500*865*780
10:19:52.890 @PWF006 20
10:19:52.891 @PWF007 0
10:19:52.892 @PWF008 0
10:19:52.894 @PWF009 0
10:19:52.895 @PWF010 0
10:19:52.896 @PWF011 0
10:19:52.897 @PWF012 2018/7/8 10:19:49
10:19:52.898 @PWF013 2018/7/9 10:19:51
10:19:52.899 @PWF014 系统管理员
10:19:52.900 @PWF015 False
10:19:52.901 @PWF016 20
10:19:52.902 @PWF017 20180709003
10:19:52.905 @PWF001 20180709003
10:19:52.906 @PWF002 1821-1
10:19:52.907 @PWF003 61-1.002.09.002
10:19:52.908 @PWF004 1603厅地柜
10:19:52.909 @PWF005 2000*480*445
10:19:52.910 @PWF006 150
10:19:52.911 @PWF007 0
10:19:52.912 @PWF008 0
10:19:52.913 @PWF009 0
10:19:52.914 @PWF010 0
10:19:52.915 @PWF011 0
10:19:52.916 @PWF012 2018/7/8 10:19:49
10:19:52.917 @PWF013 2018/7/9 10:19:51
10:19:52.918 @PWF014 系统管理员
10:19:52.920 @PWF015 False
10:19:52.921 @PWF016 150
10:19:52.922 @PWF017 20180709003
10:19:52.924 @PWF001 20180709003
10:19:52.925 @PWF002 1821-1
10:19:52.926 @PWF003 61-1.002.05.007
10:19:52.928 @PWF004 1605六斗电视柜（实木）
10:19:52.929 @PWF005 1260*500*740
10:19:52.930 @PWF006 20
10:19:52.931 @PWF007 0
10:19:52.932 @PWF008 0
10:19:52.933 @PWF009 0
10:19:52.934 @PWF010 0
10:19:52.935 @PWF011 0
10:19:52.936 @PWF012 2018/7/8 10:19:49
10:19:52.937 @PWF013 2018/7/9 10:19:51
10:19:52.938 @PWF014 系统管理员
10:19:52.939 @PWF015 False
10:19:52.940 @PWF016 20
10:19:52.941 @PWF017 20180709003
10:19:52.943 @PWF001 20180709003
10:19:52.944 @PWF002 1821-1
10:19:52.946 @PWF003 61-1.002.01.002
10:19:52.947 @PWF004 1603床头柜（小）
10:19:52.948 @PWF005 500*425*445
10:19:52.949 @PWF006 40
10:19:52.950 @PWF007 0
10:19:52.951 @PWF008 0
10:19:52.952 @PWF009 0
10:19:52.953 @PWF010 0
10:19:52.955 @PWF011 0
10:19:52.956 @PWF012 2018/7/8 10:19:49
10:19:52.957 @PWF013 2018/7/9 10:19:51
10:19:52.958 @PWF014 系统管理员
10:19:52.959 @PWF015 False
10:19:52.960 @PWF016 40
10:19:52.961 @PWF017 20180709003
10:19:52.963 @PWF001 20180709003
10:19:52.964 @PWF002 1821-1
10:19:52.965 @PWF003 61-1.002.01.012
10:19:52.967 @PWF004 1625床头柜
10:19:52.968 @PWF005 570*430*500
10:19:52.970 @PWF006 40
10:19:52.971 @PWF007 0
10:19:52.972 @PWF008 0
10:19:52.973 @PWF009 0
10:19:52.974 @PWF010 0
10:19:52.975 @PWF011 0
10:19:52.976 @PWF012 2018/7/8 10:19:49
10:19:52.977 @PWF013 2018/7/9 10:19:51
10:19:52.978 @PWF014 系统管理员
10:19:52.980 @PWF015 False
10:19:52.981 @PWF016 40
10:19:52.982 @PWF017 20180709003
10:19:52.984 @PWF001 20180709003
10:19:52.985 @PWF002 1821-1
10:19:52.986 @PWF003 61-1.005.07.012
10:19:52.987 @PWF004 1607-A双人沙发软包架
10:19:52.988 @PWF005 1670*950*500
10:19:52.989 @PWF006 5
10:19:52.990 @PWF007 0
10:19:52.991 @PWF008 0
10:19:52.992 @PWF009 0
10:19:52.993 @PWF010 0
10:19:52.994 @PWF011 0
10:19:52.995 @PWF012 2018/7/8 10:19:49
10:19:52.996 @PWF013 2018/7/9 10:19:51
10:19:52.997 @PWF014 系统管理员
10:19:52.998 @PWF015 False
10:19:52.999 @PWF016 5
10:19:53.000 @PWF017 20180709003
10:19:53.013 @PWF001 20180709003
10:19:53.014 @PWF002 1821-1
10:19:53.015 @PWF003 61-1.005.07.001-1
10:19:53.016 @PWF004 1607-A单人沙发框架
10:19:53.018 @PWF005 1150*960*220
10:19:53.019 @PWF006 5
10:19:53.020 @PWF007 0
10:19:53.021 @PWF008 0
10:19:53.022 @PWF009 0
10:19:53.023 @PWF010 0
10:19:53.024 @PWF011 0
10:19:53.025 @PWF012 2018/7/8 10:19:49
10:19:53.026 @PWF013 2018/7/9 10:19:51
10:19:53.027 @PWF014 系统管理员
10:19:53.028 @PWF015 False
10:19:53.028 @PWF016 5
10:19:53.029 @PWF017 20180709003
10:19:53.039 @PWF001 20180709003
10:19:53.040 @PWF002 1821-1
10:19:53.041 @PWF003 61-1.004.01.025
10:19:53.042 @PWF004 1622转凳
10:19:53.043 @PWF005 340*340*450
10:19:53.044 @PWF006 40
10:19:53.045 @PWF007 0
10:19:53.046 @PWF008 0
10:19:53.047 @PWF009 0
10:19:53.048 @PWF010 0
10:19:53.049 @PWF011 0
10:19:53.050 @PWF012 2018/7/8 10:19:49
10:19:53.051 @PWF013 2018/7/9 10:19:51
10:19:53.052 @PWF014 系统管理员
10:19:53.053 @PWF015 False
10:19:53.054 @PWF016 40
10:19:53.055 @PWF017 20180709003
10:19:53.058 @PWF001 20180709003
10:19:53.059 @PWF002 1821-1
10:19:53.060 @PWF003 61-1.005.07.002-1
10:19:53.061 @PWF004 1607-A双人沙发框架
10:19:53.062 @PWF005 1680*960*220
10:19:53.064 @PWF006 5
10:19:53.064 @PWF007 0
10:19:53.065 @PWF008 0
10:19:53.066 @PWF009 0
10:19:53.067 @PWF010 0
10:19:53.068 @PWF011 0
10:19:53.069 @PWF012 2018/7/8 10:19:49
10:19:53.070 @PWF013 2018/7/9 10:19:51
10:19:53.071 @PWF014 系统管理员
10:19:53.072 @PWF015 False
10:19:53.073 @PWF016 5
10:19:53.074 @PWF017 20180709003
10:19:53.082 @PWF001 20180709003
10:19:53.083 @PWF002 1821-1
10:19:53.084 @PWF003 61-1.006.03.001-1
10:19:53.085 @PWF004 1603休闲茶几小
10:19:53.086 @PWF005 
10:19:53.088 @PWF006 20
10:19:53.089 @PWF007 0
10:19:53.090 @PWF008 0
10:19:53.091 @PWF009 0
10:19:53.092 @PWF010 0
10:19:53.093 @PWF011 0
10:19:53.094 @PWF012 2018/7/8 10:19:49
10:19:53.095 @PWF013 2018/7/9 10:19:51
10:19:53.096 @PWF014 系统管理员
10:19:53.097 @PWF015 False
10:19:53.098 @PWF016 20
10:19:53.099 @PWF017 20180709003
10:19:53.137 @PWF001 20180709003
10:19:53.139 @PWF002 1821-1
10:19:53.140 @PWF003 61-1.005.07.003
10:19:53.141 @PWF004 1607-A三人沙发软包
10:19:53.143 @PWF005 
10:19:53.144 @PWF006 5
10:19:53.144 @PWF007 0
10:19:53.145 @PWF008 0
10:19:53.146 @PWF009 0
10:19:53.147 @PWF010 0
10:19:53.149 @PWF011 0
10:19:53.150 @PWF012 2018/7/8 10:19:49
10:19:53.151 @PWF013 2018/7/9 10:19:51
10:19:53.152 @PWF014 系统管理员
10:19:53.153 @PWF015 False
10:19:53.154 @PWF016 5
10:19:53.155 @PWF017 20180709003
10:19:53.157 @PWF001 20180709003
10:19:53.159 @PWF002 1821-1
10:19:53.160 @PWF003 61-1.005.03.012
10:19:53.161 @PWF004 1603双人沙发软包架
10:19:53.162 @PWF005 
10:19:53.163 @PWF006 80
10:19:53.164 @PWF007 0
10:19:53.165 @PWF008 0
10:19:53.167 @PWF009 0
10:19:53.168 @PWF010 0
10:19:53.169 @PWF011 0
10:19:53.170 @PWF012 2018/7/8 10:19:49
10:19:53.171 @PWF013 2018/7/9 10:19:51
10:19:53.172 @PWF014 系统管理员
10:19:53.173 @PWF015 False
10:19:53.174 @PWF016 80
10:19:53.176 @PWF017 20180709003
10:19:53.178 @PWF001 20180709003
10:19:53.179 @PWF002 1821-1
10:19:53.181 @PWF003 61-1.007.04.001
10:19:53.182 @PWF004 1603挂衣架
10:19:53.183 @PWF005 406*465*1800
10:19:53.184 @PWF006 80
10:19:53.185 @PWF007 0
10:19:53.186 @PWF008 0
10:19:53.187 @PWF009 0
10:19:53.188 @PWF010 0
10:19:53.189 @PWF011 0
10:19:53.190 @PWF012 2018/7/8 10:19:49
10:19:53.191 @PWF013 2018/7/9 10:19:51
10:19:53.192 @PWF014 系统管理员
10:19:53.193 @PWF015 False
10:19:53.194 @PWF016 80
10:19:53.195 @PWF017 20180709003
10:19:53.197 @PWF001 20180709003
10:19:53.198 @PWF002 1821-1
10:19:53.199 @PWF003 61-1.005.05.011
10:19:53.201 @PWF004 1605单人沙发软包架
10:19:53.202 @PWF005 880*870*690
10:19:53.203 @PWF006 50
10:19:53.204 @PWF007 0
10:19:53.205 @PWF008 0
10:19:53.207 @PWF009 0
10:19:53.208 @PWF010 0
10:19:53.209 @PWF011 0
10:19:53.211 @PWF012 2018/7/8 10:19:49
10:19:53.212 @PWF013 2018/7/9 10:19:51
10:19:53.213 @PWF014 系统管理员
10:19:53.214 @PWF015 False
10:19:53.216 @PWF016 50
10:19:53.217 @PWF017 20180709003
10:19:53.219 @PWF001 20180709003
10:19:53.220 @PWF002 1821-1
10:19:53.221 @PWF003 61-1.002.01.003
10:19:53.223 @PWF004 1603床头柜
10:19:53.224 @PWF005 560*425*455
10:19:53.225 @PWF006 200
10:19:53.226 @PWF007 0
10:19:53.227 @PWF008 0
10:19:53.228 @PWF009 0
10:19:53.229 @PWF010 0
10:19:53.230 @PWF011 0
10:19:53.231 @PWF012 2018/7/8 10:19:49
10:19:53.232 @PWF013 2018/7/9 10:19:51
10:19:53.233 @PWF014 系统管理员
10:19:53.235 @PWF015 False
10:19:53.236 @PWF016 200
10:19:53.237 @PWF017 20180709003
10:19:53.244 @PWF001 20180709003
10:19:53.245 @PWF002 1821-1
10:19:53.246 @PWF003 61-1.001.02.002-1
10:19:53.247 @PWF004 1605床靠1.5米
10:19:53.248 @PWF005 1610*100*1110
10:19:53.249 @PWF006 30
10:19:53.251 @PWF007 0
10:19:53.252 @PWF008 0
10:19:53.253 @PWF009 0
10:19:53.254 @PWF010 0
10:19:53.255 @PWF011 0
10:19:53.256 @PWF012 2018/7/8 10:19:49
10:19:53.257 @PWF013 2018/7/9 10:19:51
10:19:53.258 @PWF014 系统管理员
10:19:53.260 @PWF015 False
10:19:53.261 @PWF016 30
10:19:53.262 @PWF017 20180709003
10:19:53.264 @PWF001 20180709003
10:19:53.265 @PWF002 1821-1
10:19:53.266 @PWF003 61-1.005.03.011
10:19:53.267 @PWF004 1603单人沙发软包架
10:19:53.268 @PWF005 
10:19:53.269 @PWF006 80
10:19:53.270 @PWF007 0
10:19:53.271 @PWF008 0
10:19:53.272 @PWF009 0
10:19:53.273 @PWF010 0
10:19:53.274 @PWF011 0
10:19:53.275 @PWF012 2018/7/8 10:19:49
10:19:53.276 @PWF013 2018/7/9 10:19:51
10:19:53.277 @PWF014 系统管理员
10:19:53.278 @PWF015 False
10:19:53.279 @PWF016 80
10:19:53.280 @PWF017 20180709003
10:19:53.287 @PWF001 20180709003
10:19:53.288 @PWF002 1821-1
10:19:53.289 @PWF003 61-1.004.03.003
10:19:53.290 @PWF004 1605休闲椅
10:19:53.291 @PWF005 680*620*765
10:19:53.293 @PWF006 30
10:19:53.294 @PWF007 0
10:19:53.295 @PWF008 0
10:19:53.297 @PWF009 0
10:19:53.298 @PWF010 0
10:19:53.299 @PWF011 0
10:19:53.300 @PWF012 2018/7/8 10:19:49
10:19:53.301 @PWF013 2018/7/9 10:19:51
10:19:53.302 @PWF014 系统管理员
10:19:53.303 @PWF015 False
10:19:53.304 @PWF016 30
10:19:53.305 @PWF017 20180709003
