09:27:02.187  异常信息：由于连接方在一段时间后没有正确答复或连接的主机没有反应，连接尝试失败。 192.168.1.188:80
  堆栈信息:   在 AutoUpdate.AppUpdate.DownloadFile(String url, String localFilePath) 位置 D:\Project data\MoXia\Carpenter\Carpenter\AppUpdate.cs:行号 242
   在 AutoUpdate.AppUpdate.CheckAppVersion(String& msg) 位置 D:\Project data\MoXia\Carpenter\Carpenter\AppUpdate.cs:行号 310
09:27:35.210 @EMP002 系统管理员
09:27:35.211 @EMP009 cebfd1559b68d67688884d7a3d3e8c
09:39:13.062 @PRD001 101011
09:39:13.063 @PRD002 木工热压机
09:39:13.065 @PRD003 压板
09:39:13.066 @PRD004 1000
09:39:13.068 @PRD005 阳林
09:39:13.069 @PRD006 201805080300
09:39:13.070 @PRD007 1818
09:39:13.071 @PRD008 61-1.003.03.001-1
09:39:13.072 @PRD009 1601餐桌1.6米
09:39:13.074 @PRD010 
09:39:13.075 @PRD011 边琴
09:39:13.076 @PRD012 60.0
09:39:13.077 @PRD013 2018/5/10 9:39:13
09:39:13.078 @PRD014 True
09:39:13.079 @PRD015 10
09:39:13.080 @PRD016 
09:39:13.081 @PRD017 2018/5/10 9:39:13
09:39:13.082 @PRD018 系统管理员
09:39:13.083 @PRD019 60.0
09:39:13.084 @PRD020 False
09:39:13.085 @PRD021 False
09:39:13.086 @PRD022 
09:39:13.087 @PRD023 1
09:39:13.088 @PRD024 
09:39:13.089 @PRD025 0
09:39:13.090 @PRD026 
09:39:13.091 @PRD027 
09:39:13.092 @PRD028 0
09:39:13.093 @PRD029 0
09:39:13.094 @PRD030 0
09:39:13.095 @PRD031 
09:39:13.096 @PRD032 0047
09:39:13.097 @PRD033 
09:39:13.098 @PRD034 670*90*25
09:39:13.099 @PRD035 False
09:39:13.100 @PRD036 670*90*25
09:39:13.101 @PRD037 10
09:39:13.102 @PRD038 
09:39:13.103 @PRD039 0
09:39:13.104 @PRD040 
09:39:13.105 @PRD041 0
09:39:13.105 @PRD042 30
09:39:15.692 @PRD001 101011
09:39:15.693 @PRD002 木工热压机
09:39:15.695 @PRD003 压板
09:39:15.696 @PRD004 1000
09:39:15.697 @PRD005 阳林
09:39:15.698 @PRD006 201805080300
09:39:15.700 @PRD007 1818
09:39:15.701 @PRD008 61-1.003.03.001-1
09:39:15.702 @PRD009 1601餐桌1.6米
09:39:15.703 @PRD010 
09:39:15.704 @PRD011 边琴
09:39:15.705 @PRD012 60.0
09:39:15.706 @PRD013 2018/5/10 9:39:15
09:39:15.707 @PRD014 False
09:39:15.708 @PRD015 10
09:39:15.709 @PRD016 
09:39:15.710 @PRD017 2018/5/10 9:39:15
09:39:15.712 @PRD018 系统管理员
09:39:15.713 @PRD019 60.0
09:39:15.714 @PRD020 False
09:39:15.715 @PRD021 False
09:39:15.717 @PRD022 
09:39:15.717 @PRD023 1
09:39:15.718 @PRD024 
09:39:15.719 @PRD025 0
09:39:15.720 @PRD026 
09:39:15.721 @PRD027 
09:39:15.722 @PRD028 0
09:39:15.723 @PRD029 0
09:39:15.724 @PRD030 0
09:39:15.725 @PRD031 
09:39:15.726 @PRD032 0047
09:39:15.727 @PRD033 
09:39:15.728 @PRD034 670*90*25
09:39:15.729 @PRD035 False
09:39:15.730 @PRD036 670*90*25
09:39:15.730 @PRD037 10
09:39:15.731 @PRD038 
09:39:15.732 @PRD039 0
09:39:15.733 @PRD040 
09:39:15.734 @PRD041 0
09:39:15.735 @PRD042 30
09:39:42.197 @PRD001 101012
09:39:42.198 @PRD002 高频斜面拼板组框机
09:39:42.199 @PRD003 制框
09:39:42.200 @PRD004 1000
09:39:42.201 @PRD005 阳林
09:39:42.202 @PRD006 201805080300
09:39:42.203 @PRD007 1818
09:39:42.204 @PRD008 61-1.003.03.001-1
09:39:42.205 @PRD009 1601餐桌1.6米
09:39:42.205 @PRD010 
09:39:42.206 @PRD011 边琴
09:39:42.207 @PRD012 60.0
09:39:42.208 @PRD013 2018/5/10 9:39:42
09:39:42.209 @PRD014 True
09:39:42.210 @PRD015 10
09:39:42.211 @PRD016 
09:39:42.211 @PRD017 2018/5/10 9:39:42
09:39:42.212 @PRD018 系统管理员
09:39:42.213 @PRD019 60.0
09:39:42.214 @PRD020 False
09:39:42.215 @PRD021 False
09:39:42.217 @PRD022 
09:39:42.218 @PRD023 1
09:39:42.219 @PRD024 
09:39:42.219 @PRD025 0
09:39:42.220 @PRD026 
09:39:42.221 @PRD027 
09:39:42.222 @PRD028 0
09:39:42.223 @PRD029 0
09:39:42.224 @PRD030 0
09:39:42.225 @PRD031 
09:39:42.226 @PRD032 0049
09:39:42.227 @PRD033 
09:39:42.227 @PRD034 670*90*25
09:39:42.228 @PRD035 False
09:39:42.229 @PRD036 
09:39:42.230 @PRD037 0
09:39:42.231 @PRD038 
09:39:42.232 @PRD039 0
09:39:42.233 @PRD040 
09:39:42.234 @PRD041 0
09:39:42.235 @PRD042 30
09:39:42.242 @PRD001 101012
09:39:42.243 @PRD002 高频斜面拼板组框机
09:39:42.244 @PRD003 制框
09:39:42.245 @PRD004 1010
09:39:42.246 @PRD005 杨能成
09:39:42.247 @PRD006 201805080300
09:39:42.248 @PRD007 1818
09:39:42.249 @PRD008 61-1.003.03.001-1
09:39:42.250 @PRD009 1601餐桌1.6米
09:39:42.251 @PRD010 
09:39:42.252 @PRD011 边琴
09:39:42.253 @PRD012 60.0
09:39:42.254 @PRD013 2018/5/10 9:39:42
09:39:42.255 @PRD014 True
09:39:42.255 @PRD015 10
09:39:42.256 @PRD016 
09:39:42.257 @PRD017 2018/5/10 9:39:42
09:39:42.258 @PRD018 系统管理员
09:39:42.259 @PRD019 60.0
09:39:42.260 @PRD020 False
09:39:42.261 @PRD021 False
09:39:42.262 @PRD022 
09:39:42.262 @PRD023 1
09:39:42.263 @PRD024 
09:39:42.265 @PRD025 0
09:39:42.266 @PRD026 
09:39:42.267 @PRD027 
09:39:42.268 @PRD028 0
09:39:42.269 @PRD029 0
09:39:42.270 @PRD030 0
09:39:42.271 @PRD031 
09:39:42.272 @PRD032 0049
09:39:42.272 @PRD033 
09:39:42.273 @PRD034 670*90*25
09:39:42.274 @PRD035 False
09:39:42.275 @PRD036 
09:39:42.276 @PRD037 0
09:39:42.277 @PRD038 
09:39:42.278 @PRD039 0
09:39:42.279 @PRD040 
09:39:42.281 @PRD041 0
09:39:42.282 @PRD042 30
09:39:44.948 @PRD001 101012
09:39:44.950 @PRD002 高频斜面拼板组框机
09:39:44.951 @PRD003 制框
09:39:44.952 @PRD004 1010
09:39:44.953 @PRD005 杨能成
09:39:44.954 @PRD006 201805080300
09:39:44.955 @PRD007 1818
09:39:44.956 @PRD008 61-1.003.03.001-1
09:39:44.958 @PRD009 1601餐桌1.6米
09:39:44.959 @PRD010 
09:39:44.960 @PRD011 边琴
09:39:44.962 @PRD012 60.0
09:39:44.963 @PRD013 2018/5/10 9:39:44
09:39:44.964 @PRD014 False
09:39:44.965 @PRD015 10
09:39:44.966 @PRD016 
09:39:44.967 @PRD017 2018/5/10 9:39:44
09:39:44.968 @PRD018 系统管理员
09:39:44.969 @PRD019 60.0
09:39:44.970 @PRD020 False
09:39:44.971 @PRD021 False
09:39:44.971 @PRD022 
09:39:44.972 @PRD023 1
09:39:44.973 @PRD024 
09:39:44.974 @PRD025 0
09:39:44.975 @PRD026 
09:39:44.976 @PRD027 
09:39:44.977 @PRD028 0
09:39:44.981 @PRD029 0
09:39:44.982 @PRD030 0
09:39:44.983 @PRD031 
09:39:44.984 @PRD032 0049
09:39:44.985 @PRD033 
09:39:44.985 @PRD034 670*90*25
09:39:44.986 @PRD035 False
09:39:44.987 @PRD036 
09:39:44.988 @PRD037 0
09:39:44.989 @PRD038 
09:39:44.990 @PRD039 0
09:39:44.991 @PRD040 
09:39:44.992 @PRD041 0
09:39:44.993 @PRD042 30
09:39:44.996 @PRD001 101012
09:39:44.997 @PRD002 高频斜面拼板组框机
09:39:44.998 @PRD003 制框
09:39:44.999 @PRD004 1000
09:39:45.000 @PRD005 阳林
09:39:45.001 @PRD006 201805080300
09:39:45.002 @PRD007 1818
09:39:45.002 @PRD008 61-1.003.03.001-1
09:39:45.003 @PRD009 1601餐桌1.6米
09:39:45.004 @PRD010 
09:39:45.005 @PRD011 边琴
09:39:45.006 @PRD012 60.0
09:39:45.007 @PRD013 2018/5/10 9:39:44
09:39:45.008 @PRD014 False
09:39:45.009 @PRD015 10
09:39:45.009 @PRD016 
09:39:45.010 @PRD017 2018/5/10 9:39:44
09:39:45.011 @PRD018 系统管理员
09:39:45.012 @PRD019 60.0
09:39:45.013 @PRD020 False
09:39:45.014 @PRD021 False
09:39:45.015 @PRD022 
09:39:45.016 @PRD023 1
09:39:45.017 @PRD024 
09:39:45.018 @PRD025 0
09:39:45.018 @PRD026 
09:39:45.019 @PRD027 
09:39:45.020 @PRD028 0
09:39:45.021 @PRD029 0
09:39:45.022 @PRD030 0
09:39:45.023 @PRD031 
09:39:45.023 @PRD032 0049
09:39:45.024 @PRD033 
09:39:45.025 @PRD034 670*90*25
09:39:45.026 @PRD035 False
09:39:45.027 @PRD036 
09:39:45.028 @PRD037 0
09:39:45.029 @PRD038 
09:39:45.030 @PRD039 0
09:39:45.031 @PRD040 
09:39:45.032 @PRD041 0
09:39:45.033 @PRD042 30
09:42:04.214  异常信息：由于连接方在一段时间后没有正确答复或连接的主机没有反应，连接尝试失败。 192.168.1.188:80
  堆栈信息:   在 AutoUpdate.AppUpdate.DownloadFile(String url, String localFilePath) 位置 D:\Project data\MoXia\Carpenter\Carpenter\AppUpdate.cs:行号 242
   在 AutoUpdate.AppUpdate.CheckAppVersion(String& msg) 位置 D:\Project data\MoXia\Carpenter\Carpenter\AppUpdate.cs:行号 310
09:42:31.046 @EMP002 系统管理员
09:42:31.047 @EMP009 cebfd1559b68d67688884d7a3d3e8c
09:43:20.048 @PRD001 101012
09:43:20.050 @PRD002 高频斜面拼板组框机
09:43:20.050 @PRD003 制框
09:43:20.051 @PRD004 1000
09:43:20.052 @PRD005 阳林
09:43:20.053 @PRD006 201805080301
09:43:20.054 @PRD007 1818
09:43:20.055 @PRD008 61-1.003.03.001-1
09:43:20.056 @PRD009 1601餐桌1.6米
09:43:20.057 @PRD010 
09:43:20.057 @PRD011 边脚1
09:43:20.058 @PRD012 120.0
09:43:20.059 @PRD013 2018/5/10 9:43:20
09:43:20.060 @PRD014 True
09:43:20.061 @PRD015 11
09:43:20.062 @PRD016 
09:43:20.063 @PRD017 2018/5/10 9:43:20
09:43:20.064 @PRD018 系统管理员
09:43:20.065 @PRD019 120.0
09:43:20.066 @PRD020 False
09:43:20.067 @PRD021 False
09:43:20.068 @PRD022 
09:43:20.068 @PRD023 1
09:43:20.069 @PRD024 
09:43:20.070 @PRD025 0
09:43:20.071 @PRD026 
09:43:20.072 @PRD027 
09:43:20.073 @PRD028 0
09:43:20.074 @PRD029 0
09:43:20.075 @PRD030 0
09:43:20.076 @PRD031 
09:43:20.077 @PRD032 0049
09:43:20.078 @PRD033 
09:43:20.079 @PRD034 737*95/60*25
09:43:20.079 @PRD035 False
09:43:20.080 @PRD036 
09:43:20.081 @PRD037 0
09:43:20.082 @PRD038 
09:43:20.083 @PRD039 0
09:43:20.084 @PRD040 
09:43:20.085 @PRD041 0
09:43:20.086 @PRD042 30
09:43:21.937 @PRD001 101012
09:43:21.939 @PRD002 高频斜面拼板组框机
09:43:21.940 @PRD003 制框
09:43:21.942 @PRD004 1000
09:43:21.943 @PRD005 阳林
09:43:21.945 @PRD006 201805080301
09:43:21.946 @PRD007 1818
09:43:21.947 @PRD008 61-1.003.03.001-1
09:43:21.949 @PRD009 1601餐桌1.6米
09:43:21.950 @PRD010 
09:43:21.952 @PRD011 边脚1
09:43:21.953 @PRD012 120.0
09:43:21.955 @PRD013 2018/5/10 9:43:21
09:43:21.956 @PRD014 False
09:43:21.957 @PRD015 12
09:43:21.958 @PRD016 
09:43:21.959 @PRD017 2018/5/10 9:43:21
09:43:21.960 @PRD018 系统管理员
09:43:21.961 @PRD019 120.0
09:43:21.962 @PRD020 False
09:43:21.963 @PRD021 False
09:43:21.963 @PRD022 
09:43:21.964 @PRD023 1
09:43:21.965 @PRD024 
09:43:21.966 @PRD025 0
09:43:21.967 @PRD026 
09:43:21.968 @PRD027 
09:43:21.969 @PRD028 0
09:43:21.969 @PRD029 0
09:43:21.970 @PRD030 0
09:43:21.971 @PRD031 
09:43:21.972 @PRD032 0049
09:43:21.973 @PRD033 
09:43:21.974 @PRD034 737*95/60*25
09:43:21.975 @PRD035 False
09:43:21.976 @PRD036 
09:43:21.977 @PRD037 0
09:43:21.978 @PRD038 
09:43:21.978 @PRD039 0
09:43:21.979 @PRD040 
09:43:21.980 @PRD041 0
09:43:21.981 @PRD042 30
09:45:05.478 @PRD001 101012
09:45:05.479 @PRD002 高频斜面拼板组框机
09:45:05.480 @PRD003 制框
09:45:05.482 @PRD004 1000
09:45:05.483 @PRD005 阳林
09:45:05.484 @PRD006 201805080302
09:45:05.485 @PRD007 1818
09:45:05.486 @PRD008 61-1.003.03.001-1
09:45:05.487 @PRD009 1601餐桌1.6米
09:45:05.488 @PRD010 
09:45:05.489 @PRD011 边脚2
09:45:05.490 @PRD012 120.0
09:45:05.491 @PRD013 2018/5/10 9:45:05
09:45:05.492 @PRD014 True
09:45:05.493 @PRD015 13
09:45:05.493 @PRD016 
09:45:05.494 @PRD017 2018/5/10 9:45:05
09:45:05.495 @PRD018 系统管理员
09:45:05.496 @PRD019 120.0
09:45:05.497 @PRD020 False
09:45:05.498 @PRD021 False
09:45:05.499 @PRD022 
09:45:05.500 @PRD023 1
09:45:05.501 @PRD024 
09:45:05.501 @PRD025 0
09:45:05.502 @PRD026 
09:45:05.503 @PRD027 
09:45:05.504 @PRD028 0
09:45:05.505 @PRD029 0
09:45:05.506 @PRD030 0
09:45:05.506 @PRD031 
09:45:05.507 @PRD032 0049
09:45:05.508 @PRD033 
09:45:05.509 @PRD034 737*70/35*25
09:45:05.511 @PRD035 False
09:45:05.512 @PRD036 
09:45:05.513 @PRD037 0
09:45:05.514 @PRD038 
09:45:05.515 @PRD039 0
09:45:05.516 @PRD040 
09:45:05.516 @PRD041 0
09:45:05.517 @PRD042 30
09:45:05.522 @PRD001 101012
09:45:05.523 @PRD002 高频斜面拼板组框机
09:45:05.524 @PRD003 制框
09:45:05.525 @PRD004 1015
09:45:05.526 @PRD005 骆建明
09:45:05.527 @PRD006 201805080302
09:45:05.528 @PRD007 1818
09:45:05.529 @PRD008 61-1.003.03.001-1
09:45:05.530 @PRD009 1601餐桌1.6米
09:45:05.531 @PRD010 
09:45:05.532 @PRD011 边脚2
09:45:05.533 @PRD012 120.0
09:45:05.534 @PRD013 2018/5/10 9:45:05
09:45:05.535 @PRD014 True
09:45:05.536 @PRD015 13
09:45:05.537 @PRD016 
09:45:05.538 @PRD017 2018/5/10 9:45:05
09:45:05.539 @PRD018 系统管理员
09:45:05.540 @PRD019 120.0
09:45:05.541 @PRD020 False
09:45:05.542 @PRD021 False
09:45:05.542 @PRD022 
09:45:05.543 @PRD023 1
09:45:05.544 @PRD024 
09:45:05.545 @PRD025 0
09:45:05.546 @PRD026 
09:45:05.547 @PRD027 
09:45:05.548 @PRD028 0
09:45:05.549 @PRD029 0
09:45:05.550 @PRD030 0
09:45:05.551 @PRD031 
09:45:05.552 @PRD032 0049
09:45:05.552 @PRD033 
09:45:05.553 @PRD034 737*70/35*25
09:45:05.554 @PRD035 False
09:45:05.555 @PRD036 
09:45:05.556 @PRD037 0
09:45:05.557 @PRD038 
09:45:05.558 @PRD039 0
09:45:05.559 @PRD040 
09:45:05.560 @PRD041 0
09:45:05.561 @PRD042 30
09:45:07.613 @PRD001 101012
09:45:07.615 @PRD002 高频斜面拼板组框机
09:45:07.616 @PRD003 制框
09:45:07.617 @PRD004 1015
09:45:07.619 @PRD005 骆建明
09:45:07.620 @PRD006 201805080302
09:45:07.621 @PRD007 1818
09:45:07.622 @PRD008 61-1.003.03.001-1
09:45:07.623 @PRD009 1601餐桌1.6米
09:45:07.625 @PRD010 
09:45:07.626 @PRD011 边脚2
09:45:07.627 @PRD012 120.0
09:45:07.628 @PRD013 2018/5/10 9:45:07
09:45:07.629 @PRD014 False
09:45:07.630 @PRD015 14
09:45:07.631 @PRD016 
09:45:07.632 @PRD017 2018/5/10 9:45:07
09:45:07.634 @PRD018 系统管理员
09:45:07.635 @PRD019 120.0
09:45:07.636 @PRD020 False
09:45:07.637 @PRD021 False
09:45:07.638 @PRD022 
09:45:07.639 @PRD023 1
09:45:07.640 @PRD024 
09:45:07.641 @PRD025 0
09:45:07.642 @PRD026 
09:45:07.643 @PRD027 
09:45:07.644 @PRD028 0
09:45:07.646 @PRD029 0
09:45:07.646 @PRD030 0
09:45:07.647 @PRD031 
09:45:07.648 @PRD032 0049
09:45:07.649 @PRD033 
09:45:07.650 @PRD034 737*70/35*25
09:45:07.651 @PRD035 False
09:45:07.652 @PRD036 
09:45:07.653 @PRD037 0
09:45:07.654 @PRD038 
09:45:07.655 @PRD039 0
09:45:07.657 @PRD040 
09:45:07.658 @PRD041 0
09:45:07.659 @PRD042 30
09:45:07.664 @PRD001 101012
09:45:07.665 @PRD002 高频斜面拼板组框机
09:45:07.666 @PRD003 制框
09:45:07.667 @PRD004 1000
09:45:07.668 @PRD005 阳林
09:45:07.669 @PRD006 201805080302
09:45:07.670 @PRD007 1818
09:45:07.671 @PRD008 61-1.003.03.001-1
09:45:07.672 @PRD009 1601餐桌1.6米
09:45:07.672 @PRD010 
09:45:07.673 @PRD011 边脚2
09:45:07.675 @PRD012 120.0
09:45:07.675 @PRD013 2018/5/10 9:45:07
09:45:07.676 @PRD014 False
09:45:07.677 @PRD015 14
09:45:07.678 @PRD016 
09:45:07.679 @PRD017 2018/5/10 9:45:07
09:45:07.680 @PRD018 系统管理员
09:45:07.681 @PRD019 120.0
09:45:07.682 @PRD020 False
09:45:07.683 @PRD021 False
09:45:07.684 @PRD022 
09:45:07.685 @PRD023 1
09:45:07.686 @PRD024 
09:45:07.686 @PRD025 0
09:45:07.687 @PRD026 
09:45:07.688 @PRD027 
09:45:07.689 @PRD028 0
09:45:07.690 @PRD029 0
09:45:07.691 @PRD030 0
09:45:07.692 @PRD031 
09:45:07.693 @PRD032 0049
09:45:07.694 @PRD033 
09:45:07.694 @PRD034 737*70/35*25
09:45:07.695 @PRD035 False
09:45:07.696 @PRD036 
09:45:07.697 @PRD037 0
09:45:07.698 @PRD038 
09:45:07.699 @PRD039 0
09:45:07.700 @PRD040 
09:45:07.700 @PRD041 0
09:45:07.701 @PRD042 30
