11:16:33.824 @EMP002 系统管理员
11:16:33.830 @EMP009 cebfd1559b68d67688884d7a3d3e8c
11:16:37.637 @EMP002 系统管理员
11:16:37.637 @EMP009 cebfd1559b68d67688884d7a3d3e8c
11:16:38.525 @EMP002 系统管理员
11:16:38.525 @EMP009 cebfd1559b68d67688884d7a3d3e8c
11:16:41.132 @EMP002 系统管理员
11:16:41.133 @EMP009 d2f278e251d1566edd72846d4ad97f
12:59:43.435 @EMP002 系统管理员
12:59:43.444 @EMP009 cebfd1559b68d67688884d7a3d3e8c
12:59:46.439 @EMP002 系统管理员
12:59:46.440 @EMP009 d2f278e251d1566edd72846d4ad97f
13:20:07.331 @EMP002 系统管理员
13:20:07.336 @EMP009 d2f278e251d1566edd72846d4ad97f
13:28:16.077 @EMP002 系统管理员
13:28:16.083 @EMP009 cebfd1559b68d67688884d7a3d3e8c
13:28:17.637 @EMP002 系统管理员
13:28:17.637 @EMP009 d2f278e251d1566edd72846d4ad97f
13:28:35.516 @EMP002 系统管理员
13:28:35.522 @EMP009 cebfd1559b68d67688884d7a3d3e8c
13:28:37.264 @EMP002 系统管理员
13:28:37.264 @EMP009 d2f278e251d1566edd72846d4ad97f
13:40:32.849 @EMP002 系统管理员
13:40:32.854 @EMP009 cebfd1559b68d67688884d7a3d3e8c
13:40:37.471 @EMP002 系统管理员
13:40:37.471 @EMP009 d2f278e251d1566edd72846d4ad97f
13:41:37.815 @PMY001 20181205001
13:41:37.816 @PMY002 定制1825
13:41:37.816 @PMY003 1825.6.20.008
13:41:37.816 @PMY004 定制1607床头柜
13:41:37.816 @PMY005 
13:41:37.816 @PMY006 4
13:41:37.816 @PMY007 4
13:41:37.816 @PMY008 0
13:41:37.816 @PMY009 0
13:41:37.816 @PMY012 2018/12/4 0:00:00
13:41:37.817 @PMY013 2018/12/5 13:41:37
13:41:37.817 @PMY014 系统管理员
13:41:37.817 @PMY015 False
13:41:37.817 @PMY016 
13:41:37.817 @PMY017 
13:52:18.800 @EMP002 系统管理员
13:52:18.805 @EMP009 d2f278e251d1566edd72846d4ad97f
14:18:29.001 @EMP002 系统管理员
14:18:29.007 @EMP009 cebfd1559b68d67688884d7a3d3e8c
14:18:32.500 @EMP002 系统管理员
14:18:32.500 @EMP009 d2f278e251d1566edd72846d4ad97f
15:14:17.706 @EMP002 系统管理员
15:14:17.712 @EMP009 cebfd1559b68d67688884d7a3d3e8c
15:14:19.310 @EMP002 系统管理员
15:14:19.311 @EMP009 d2f278e251d1566edd72846d4ad97f
15:36:57.290 @EMP002 系统管理员
15:36:57.296 @EMP009 cebfd1559b68d67688884d7a3d3e8c
15:37:00.254 @EMP002 系统管理员
15:37:00.254 @EMP009 d2f278e251d1566edd72846d4ad97f
15:43:57.911 @EMP002 系统管理员
15:43:57.919 @EMP009 d2f278e251d1566edd72846d4ad97f
15:58:48.072 @EMP002 系统管理员
15:58:48.077 @EMP009 d2f278e251d1566edd72846d4ad97f
16:00:37.656 @EMP002 系统管理员
16:00:37.661 @EMP009 d2f278e251d1566edd72846d4ad97f
16:41:58.508 @EMP002 系统管理员
16:41:58.513 @EMP009 cebfd1559b68d67688884d7a3d3e8c
16:42:00.452 @EMP002 系统管理员
16:42:00.453 @EMP009 d2f278e251d1566edd72846d4ad97f
16:53:04.708 @EMP002 系统管理员
16:53:04.713 @EMP009 cebfd1559b68d67688884d7a3d3e8c
16:53:06.341 @EMP002 系统管理员
16:53:06.341 @EMP009 d2f278e251d1566edd72846d4ad97f
