13:04:56.911  异常信息：由于连接方在一段时间后没有正确答复或连接的主机没有反应，连接尝试失败。 192.168.1.188:80
  堆栈信息:   在 AutoUpdate.AppUpdate.DownloadFile(String url, String localFilePath) 位置 D:\Project data\MoXia\Carpenter\Carpenter\AppUpdate.cs:行号 242
   在 AutoUpdate.AppUpdate.CheckAppVersion(String& msg) 位置 D:\Project data\MoXia\Carpenter\Carpenter\AppUpdate.cs:行号 310
13:13:14.624 @EMP002 系统管理员
13:13:14.625 @EMP009 ad629baee44ff0cdc7e6767956f518f5
13:13:17.754 @EMP002 系统管理员
13:13:17.757 @EMP009 cebfd1559b68d67688884d7a3d3e8c
13:13:35.025 @WPC001 1815
13:13:35.026 @WPC002 51-1.001.02.009
13:13:35.028 @WPC003 014
13:13:35.029 @WPC004 床头角条
13:13:35.030 @WPC006 1759
13:13:35.032 @WPC007 
13:13:35.033 @WPC008 
13:13:35.034 @WPC009 25
13:13:35.036 @WPC010 
13:13:35.037 @WPC011 
13:13:35.037 @WPC012 18
13:13:35.038 @WPC013 
13:13:35.039 @WPC014 
13:13:35.040 @WPC015 实木
13:13:35.041 @WPC016 1.0
13:13:35.042 @WPC017 橡木指接板
13:13:35.043 @WPC018 0
13:13:35.044 @WPC019 
13:13:35.044 @WPC020 
13:13:35.045 @WPC021 
13:13:35.046 @WPC022 2018/4/15 0:00:00
13:13:35.047 @WPC023 系统管理员
13:13:35.048 @WPC024 
13:13:35.049 @WPC025 
13:13:35.050 @WPC026 1769
13:13:35.051 @WPC027 0
13:13:35.052 @WPC028 0
13:13:35.053 @WPC029 7
13:13:35.054 @WPC035 1.00
13:13:35.085 @WPC001 1815
13:13:35.086 @WPC002 51-1.001.02.009
13:13:35.087 @WPC003 006
13:13:35.088 @WPC004 下脚侧封边
13:13:35.089 @WPC006 毛515
13:13:35.090 @WPC007 
13:13:35.091 @WPC008 
13:13:35.092 @WPC009 毛77
13:13:35.093 @WPC010 
13:13:35.093 @WPC011 
13:13:35.094 @WPC012 净6
13:13:35.095 @WPC013 
13:13:35.096 @WPC014 
13:13:35.097 @WPC015 包拼
13:13:35.098 @WPC016 4.0
13:13:35.099 @WPC017 金丝柚A
13:13:35.100 @WPC018 0
13:13:35.101 @WPC019 
13:13:35.104 @WPC020 
13:13:35.105 @WPC021 第二包拼下脚500*110*75
13:13:35.105 @WPC022 2018/4/15 0:00:00
13:13:35.106 @WPC023 系统管理员
13:13:35.107 @WPC024 拼大板
13:13:35.108 @WPC025 
13:13:35.109 @WPC026 
13:13:35.110 @WPC027 0
13:13:35.111 @WPC028 0
13:13:35.112 @WPC029 
13:13:35.114 @WPC035 1.00
13:13:35.128 @WPC001 1815
13:13:35.129 @WPC002 51-1.001.02.009
13:13:35.130 @WPC003 011
13:13:35.131 @WPC004 床靠下板
13:13:35.132 @WPC006 1760
13:13:35.133 @WPC007 
13:13:35.134 @WPC008 
13:13:35.135 @WPC009 335
13:13:35.136 @WPC010 
13:13:35.136 @WPC011 
13:13:35.137 @WPC012 18
13:13:35.138 @WPC013 
13:13:35.139 @WPC014 
13:13:35.140 @WPC015 板材
13:13:35.141 @WPC016 1.0
13:13:35.142 @WPC017 橡木指接板
13:13:35.143 @WPC018 0
13:13:35.144 @WPC019 
13:13:35.145 @WPC020 
13:13:35.145 @WPC021 
13:13:35.146 @WPC022 2018/4/15 0:00:00
13:13:35.147 @WPC023 系统管理员
13:13:35.148 @WPC024 
13:13:35.149 @WPC025 
13:13:35.150 @WPC026 
13:13:35.151 @WPC027 0
13:13:35.151 @WPC028 0
13:13:35.152 @WPC029 1
13:13:35.153 @WPC035 1.00
13:13:35.168 @WPC001 1815
13:13:35.170 @WPC002 51-1.001.02.009
13:13:35.171 @WPC003 008
13:13:35.171 @WPC004 下脚下接头
13:13:35.172 @WPC006 毛65
13:13:35.173 @WPC007 
13:13:35.174 @WPC008 
13:13:35.175 @WPC009 毛104
13:13:35.176 @WPC010 
13:13:35.177 @WPC011 
13:13:35.178 @WPC012 净61
13:13:35.179 @WPC013 
13:13:35.179 @WPC014 
13:13:35.180 @WPC015 包芯
13:13:35.181 @WPC016 2.0
13:13:35.182 @WPC017 金丝柚B
13:13:35.183 @WPC018 0
13:13:35.184 @WPC019 
13:13:35.184 @WPC020 
13:13:35.185 @WPC021 下脚500*110*75
13:13:35.186 @WPC022 2018/4/15 0:00:00
13:13:35.187 @WPC023 系统管理员
13:13:35.188 @WPC024 可拼大板
13:13:35.189 @WPC025 1头指接    修边尺寸：毛65*毛104*毛65
13:13:35.190 @WPC026 
13:13:35.191 @WPC027 0
13:13:35.192 @WPC028 0
13:13:35.193 @WPC029 
13:13:35.193 @WPC035 1.00
13:13:35.208 @WPC001 1815
13:13:35.210 @WPC002 51-1.001.02.009
13:13:35.211 @WPC003 012
13:13:35.211 @WPC004 床靠后条
13:13:35.212 @WPC006 330
13:13:35.213 @WPC007 
13:13:35.214 @WPC008 
13:13:35.215 @WPC009 25
13:13:35.216 @WPC010 
13:13:35.216 @WPC011 
13:13:35.217 @WPC012 18
13:13:35.219 @WPC013 
13:13:35.219 @WPC014 
13:13:35.220 @WPC015 板材
13:13:35.221 @WPC016 2.0
13:13:35.222 @WPC017 橡木指接板
13:13:35.223 @WPC018 0
13:13:35.224 @WPC019 
13:13:35.225 @WPC020 
13:13:35.226 @WPC021 
13:13:35.227 @WPC022 2018/4/15 0:00:00
13:13:35.228 @WPC023 系统管理员
13:13:35.228 @WPC024 
13:13:35.229 @WPC025 
13:13:35.230 @WPC026 
13:13:35.231 @WPC027 0
13:13:35.232 @WPC028 0
13:13:35.233 @WPC029 2
13:13:35.234 @WPC035 1.00
13:13:35.249 @WPC001 1815
13:13:35.250 @WPC002 51-1.001.02.009
13:13:35.251 @WPC003 010
13:13:35.252 @WPC004 床头下档
13:13:35.253 @WPC006 1820
13:13:35.254 @WPC007 
13:13:35.255 @WPC008 
13:13:35.256 @WPC009 45
13:13:35.257 @WPC010 
13:13:35.258 @WPC011 
13:13:35.259 @WPC012 45
13:13:35.260 @WPC013 
13:13:35.261 @WPC014 
13:13:35.262 @WPC015 实木
13:13:35.263 @WPC016 1.0
13:13:35.264 @WPC017 金丝柚A指接料
13:13:35.265 @WPC018 0
13:13:35.266 @WPC019 
13:13:35.267 @WPC020 
13:13:35.268 @WPC021 
13:13:35.269 @WPC022 2018/4/15 0:00:00
13:13:35.270 @WPC023 系统管理员
13:13:35.271 @WPC024 
13:13:35.272 @WPC025 榫净1760mm
13:13:35.273 @WPC026 
13:13:35.274 @WPC027 0
13:13:35.275 @WPC028 0
13:13:35.276 @WPC029 4
13:13:35.277 @WPC035 1.00
13:13:35.292 @WPC001 1815
13:13:35.293 @WPC002 51-1.001.02.009
13:13:35.294 @WPC003 002
13:13:35.295 @WPC004 床头上脚
13:13:35.296 @WPC006 650
13:13:35.296 @WPC007 
13:13:35.297 @WPC008 
13:13:35.298 @WPC009 110
13:13:35.299 @WPC010 
13:13:35.300 @WPC011 
13:13:35.301 @WPC012 按模70
13:13:35.302 @WPC013 
13:13:35.303 @WPC014 
13:13:35.304 @WPC015 实木
13:13:35.304 @WPC016 2.0
13:13:35.305 @WPC017 金丝柚AB
13:13:35.306 @WPC018 0
13:13:35.307 @WPC019 
13:13:35.308 @WPC020 
13:13:35.309 @WPC021 第一支90 其余每支加75
40+40+40
取宽板断好直接画线
床头上脚  床头板颜色一致
13:13:35.310 @WPC022 2018/4/15 0:00:00
13:13:35.311 @WPC023 系统管理员
13:13:35.311 @WPC024 
13:13:35.312 @WPC025 指接
13:13:35.313 @WPC026 650
13:13:35.314 @WPC027 0
13:13:35.315 @WPC028 0
13:13:35.316 @WPC029 1
13:13:35.317 @WPC035 1.00
13:13:35.331 @WPC001 1815
13:13:35.333 @WPC002 51-1.001.02.009
13:13:35.334 @WPC003 016
13:13:35.335 @WPC004 床头边缝条
13:13:35.336 @WPC006 415
13:13:35.337 @WPC007 
13:13:35.338 @WPC008 
13:13:35.339 @WPC009 20
13:13:35.339 @WPC010 
13:13:35.340 @WPC011 
13:13:35.341 @WPC012 10
13:13:35.342 @WPC013 
13:13:35.343 @WPC014 
13:13:35.344 @WPC015 实木
13:13:35.345 @WPC016 2.0
13:13:35.346 @WPC017 金丝柚C
13:13:35.347 @WPC018 0
13:13:35.347 @WPC019 
13:13:35.348 @WPC020 
13:13:35.349 @WPC021 
13:13:35.350 @WPC022 2018/4/15 0:00:00
13:13:35.351 @WPC023 系统管理员
13:13:35.352 @WPC024 
13:13:35.353 @WPC025 按实锯
13:13:35.353 @WPC026 
13:13:35.354 @WPC027 0
13:13:35.355 @WPC028 0
13:13:35.356 @WPC029 5
13:13:35.357 @WPC035 1.00
13:13:35.372 @WPC001 1815
13:13:35.373 @WPC002 51-1.001.02.009
13:13:35.374 @WPC003 003
13:13:35.376 @WPC004 下脚
13:13:35.377 @WPC006 500
13:13:35.378 @WPC007 
13:13:35.379 @WPC008 
13:13:35.379 @WPC009 110
13:13:35.380 @WPC010 
13:13:35.381 @WPC011 
13:13:35.382 @WPC012 75
13:13:35.383 @WPC013 
13:13:35.384 @WPC014 
13:13:35.385 @WPC015 实木包拼
13:13:35.386 @WPC016 2.0
13:13:35.386 @WPC017 金丝柚AB包拼
13:13:35.387 @WPC018 0
13:13:35.388 @WPC019 
13:13:35.389 @WPC020 
13:13:35.390 @WPC021 
13:13:35.391 @WPC022 2018/4/15 0:00:00
13:13:35.392 @WPC023 系统管理员
13:13:35.393 @WPC024 
13:13:35.394 @WPC025 指接
13:13:35.395 @WPC026 
13:13:35.396 @WPC027 0
13:13:35.397 @WPC028 0
13:13:35.398 @WPC029 2
13:13:35.399 @WPC035 1.00
13:13:35.414 @WPC001 1815
13:13:35.415 @WPC002 51-1.001.02.009
13:13:35.416 @WPC003 013
13:13:35.417 @WPC004 床头板
13:13:35.418 @WPC006 650
13:13:35.419 @WPC007 
13:13:35.419 @WPC008 
13:13:35.420 @WPC009 158.5
13:13:35.421 @WPC010 
13:13:35.422 @WPC011 
13:13:35.423 @WPC012 35
13:13:35.424 @WPC013 
13:13:35.424 @WPC014 
13:13:35.425 @WPC015 拼板
13:13:35.426 @WPC016 11.0
13:13:35.427 @WPC017 金丝柚四清
13:13:35.428 @WPC018 0
13:13:35.429 @WPC019 
13:13:35.430 @WPC020 
13:13:35.431 @WPC021 床头上脚  床头板颜色一致
13:13:35.431 @WPC022 2018/4/15 0:00:00
13:13:35.432 @WPC023 系统管理员
13:13:35.433 @WPC024 
13:13:35.434 @WPC025 一头锯下65对号胶压  可二三拼
13:13:35.435 @WPC026 660
13:13:35.436 @WPC027 0
13:13:35.437 @WPC028 0
13:13:35.437 @WPC029 6
13:13:35.438 @WPC035 1.00
13:13:35.457 @WPC001 1815
13:13:35.458 @WPC002 51-1.001.02.009
13:13:35.459 @WPC003 005
13:13:35.460 @WPC004 下脚后封边
13:13:35.461 @WPC006 毛515
13:13:35.462 @WPC007 
13:13:35.463 @WPC008 
13:13:35.463 @WPC009 毛104
13:13:35.464 @WPC010 
13:13:35.465 @WPC011 
13:13:35.466 @WPC012 净6
13:13:35.467 @WPC013 
13:13:35.468 @WPC014 
13:13:35.468 @WPC015 包拼
13:13:35.469 @WPC016 2.0
13:13:35.470 @WPC017 金丝柚A
13:13:35.471 @WPC018 0
13:13:35.472 @WPC019 
13:13:35.473 @WPC020 
13:13:35.474 @WPC021 第一包拼下脚500*110*75
13:13:35.475 @WPC022 2018/4/15 0:00:00
13:13:35.475 @WPC023 系统管理员
13:13:35.476 @WPC024 拼大板
13:13:35.477 @WPC025 
13:13:35.478 @WPC026 
13:13:35.479 @WPC027 0
13:13:35.480 @WPC028 0
13:13:35.480 @WPC029 
13:13:35.481 @WPC035 1.00
13:13:35.496 @WPC001 1815
13:13:35.498 @WPC002 51-1.001.02.009
13:13:35.499 @WPC003 015
13:13:35.500 @WPC004 床头缝条
13:13:35.501 @WPC006 413
13:13:35.502 @WPC007 
13:13:35.503 @WPC008 
13:13:35.503 @WPC009 25
13:13:35.504 @WPC010 
13:13:35.505 @WPC011 
13:13:35.506 @WPC012 5
13:13:35.507 @WPC013 
13:13:35.508 @WPC014 
13:13:35.509 @WPC015 实木
13:13:35.509 @WPC016 10.0
13:13:35.510 @WPC017 金丝柚C
13:13:35.511 @WPC018 0
13:13:35.512 @WPC019 
13:13:35.513 @WPC020 
13:13:35.514 @WPC021 
13:13:35.515 @WPC022 2018/4/15 0:00:00
13:13:35.516 @WPC023 系统管理员
13:13:35.517 @WPC024 
13:13:35.517 @WPC025 按实锯
13:13:35.518 @WPC026 
13:13:35.519 @WPC027 0
13:13:35.520 @WPC028 0
13:13:35.521 @WPC029 8
13:13:35.522 @WPC035 1.00
13:13:35.536 @WPC001 1815
13:13:35.537 @WPC002 51-1.001.02.009
13:13:35.538 @WPC003 007
13:13:35.539 @WPC004 下脚内芯
13:13:35.540 @WPC006 毛465
13:13:35.541 @WPC007 
13:13:35.542 @WPC008 
13:13:35.542 @WPC009 毛104
13:13:35.543 @WPC010 
13:13:35.544 @WPC011 
13:13:35.545 @WPC012 净61
13:13:35.547 @WPC013 
13:13:35.547 @WPC014 
13:13:35.548 @WPC015 包芯
13:13:35.549 @WPC016 2.0
13:13:35.550 @WPC017 金丝柚
13:13:35.551 @WPC018 0
13:13:35.552 @WPC019 
13:13:35.553 @WPC020 
13:13:35.553 @WPC021 下脚500*110*75
13:13:35.554 @WPC022 2018/4/15 0:00:00
13:13:35.555 @WPC023 系统管理员
13:13:35.556 @WPC024 杂拼
13:13:35.557 @WPC025 1头指接   修边尺寸：毛465*毛104*毛65
13:13:35.558 @WPC026 
13:13:35.559 @WPC027 0
13:13:35.560 @WPC028 0
13:13:35.560 @WPC029 
13:13:35.561 @WPC035 1.00
13:13:35.577 @WPC001 1815
13:13:35.578 @WPC002 51-1.001.02.009
13:13:35.579 @WPC003 004
13:13:35.579 @WPC004 下脚前封边
13:13:35.580 @WPC006 毛515
13:13:35.581 @WPC007 
13:13:35.582 @WPC008 
13:13:35.583 @WPC009 毛104
13:13:35.584 @WPC010 
13:13:35.585 @WPC011 
13:13:35.585 @WPC012 净10
13:13:35.586 @WPC013 
13:13:35.587 @WPC014 
13:13:35.588 @WPC015 包拼
13:13:35.589 @WPC016 2.0
13:13:35.590 @WPC017 金丝柚A
13:13:35.590 @WPC018 0
13:13:35.591 @WPC019 
13:13:35.592 @WPC020 
13:13:35.593 @WPC021 第一包拼下脚500*110*75
13:13:35.594 @WPC022 2018/4/15 0:00:00
13:13:35.595 @WPC023 系统管理员
13:13:35.596 @WPC024 拼大板
13:13:35.597 @WPC025 
13:13:35.597 @WPC026 
13:13:35.598 @WPC027 0
13:13:35.599 @WPC028 0
13:13:35.600 @WPC029 
13:13:35.601 @WPC035 1.00
13:13:35.615 @WPC001 1815
13:13:35.616 @WPC002 51-1.001.02.009
13:13:35.617 @WPC003 009
13:13:35.618 @WPC004 床头上档
13:13:35.618 @WPC006 1820
13:13:35.619 @WPC007 
13:13:35.620 @WPC008 
13:13:35.621 @WPC009 70
13:13:35.622 @WPC010 
13:13:35.623 @WPC011 
13:13:35.623 @WPC012 35
13:13:35.624 @WPC013 
13:13:35.625 @WPC014 
13:13:35.626 @WPC015 实木
13:13:35.627 @WPC016 1.0
13:13:35.628 @WPC017 金丝柚C指接料
13:13:35.628 @WPC018 0
13:13:35.629 @WPC019 
13:13:35.630 @WPC020 
13:13:35.631 @WPC021 
13:13:35.632 @WPC022 2018/4/15 0:00:00
13:13:35.633 @WPC023 系统管理员
13:13:35.634 @WPC024 
13:13:35.634 @WPC025 榫净1760mm
13:13:35.635 @WPC026 
13:13:35.636 @WPC027 0
13:13:35.637 @WPC028 0
13:13:35.638 @WPC029 3
13:13:35.639 @WPC035 1.00
