08:27:39.316 @EMP002 系统管理员
08:27:39.322 @EMP009 d2f278e251d1566edd72846d4ad97f
08:45:43.648 @EMP002 系统管理员
08:45:43.653 @EMP009 cebfd1559b68d67688884d7a3d3e8c
08:45:46.764 @EMP002 系统管理员
08:45:46.764 @EMP009 d2f278e251d1566edd72846d4ad97f
08:47:25.219 @PWD001 20181129001
08:47:25.219 @PWD002 底漆
08:47:25.219 @PWD003 2018/11/29 8:47:22
08:47:25.219 @PWD004 2018/11/30 8:47:22
08:47:25.220 @PWD005 False
08:47:25.220 @PWD006 False
08:47:25.220 @PWD007 2018/11/29 8:47:25
08:47:25.220 @PWD008 系统管理员
08:47:25.220 @PWD009 0.00
08:47:25.220 @PWD010 2018/11/28 0:00:00
08:47:25.223 @PWE001 20181129001
08:47:25.224 @PWE002 完工
08:47:25.224 @PWE003 定制1843
08:47:25.224 @PWE004 1843.10.22.043
08:47:25.224 @PWE005 烟台1605低边厅柜下门板
08:47:25.224 @PWE006 1
08:47:25.224 @PWE007 1
08:47:25.226 @PWE008 尺寸396*637*20=1
08:47:25.226 @PWE009 2018/11/29 8:47:25
08:47:25.226 @PWE010 系统管理员
08:47:25.226 @PWE011 False
08:47:25.226 @PWE012 False
08:47:44.189 @PWD001 20181129001
08:47:44.190 @PWD006 True
08:47:44.190 @PWD007 2018/11/29 8:47:44
08:47:44.191 @PWD008 系统管理员
08:47:44.201 @REV001 FormProductionPaintDay
08:47:44.201 @REV002 20181129001
08:47:44.201 @REV003 系统管理员
08:47:44.201 @REV004 2018/11/29 8:47:44
08:47:44.202 @REV005 反审核
08:47:44.202 @REV006 
08:48:00.819 @PWE003 定制1843
08:48:00.819 @PWE004 1843.10.22.043
08:48:00.839 @PWF001 20181129001
08:48:00.839 @PWF002 定制1843
08:48:00.839 @PWF003 1843.10.22.043
08:48:00.840 @PWF004 烟台1605低边厅柜下门板
08:48:00.840 @PWF005 
08:48:00.840 @PWF006 1
08:48:00.840 @PWF007 1
08:48:00.840 @PWF008 0
08:48:00.840 @PWF009 0
08:48:00.840 @PWF010 0
08:48:00.840 @PWF011 0
08:48:00.840 @PWF012 2018/11/28 8:47:59
08:48:00.841 @PWF013 2018/11/29 8:48:00
08:48:00.841 @PWF014 系统管理员
08:48:00.841 @PWF015 False
08:48:00.841 @PWF016 0
08:48:00.841 @PWF017 
08:49:49.290 @PWD001 20181129001
08:49:49.290 @PWD006 False
08:49:49.291 @PWD007 2018/11/29 8:49:49
08:49:49.291 @PWD008 系统管理员
08:49:49.294 @REV001 FormProductionPaintDay
08:49:49.294 @REV002 20181129001
08:49:49.294 @REV003 系统管理员
08:49:49.294 @REV004 2018/11/29 8:49:49
08:49:49.295 @REV005 审核
08:49:49.295 @REV006 
09:07:49.840 @EMP002 系统管理员
09:07:49.845 @EMP009 d2f278e251d1566edd72846d4ad97f
09:12:44.626 @PWD001 20180804001
09:12:44.627 @PWD006 False
09:12:44.627 @PWD007 2018/11/29 9:12:44
09:12:44.627 @PWD008 系统管理员
09:12:44.631 @REV001 FormProductionPaintDay
09:12:44.631 @REV002 20180804001
09:12:44.632 @REV003 系统管理员
09:12:44.632 @REV004 2018/11/29 9:12:44
09:12:44.632 @REV005 审核
09:12:44.632 @REV006 
09:13:21.454 @DATE 2018/9/5 0:00:00
09:13:21.454 @PDP001 1820-6
09:13:21.454 @PDP002 64-1.009.03.001
09:13:56.973 @PWE002 完工
09:13:56.974 @PWE007 1
09:13:56.974 @PWE008 沧州，单件做
09:13:56.974 @PWE009 2018/11/29 9:13:56
09:13:56.974 @PWE010 系统管理员
09:13:56.975 @idx 8027
09:13:56.986 @PWD003 2018/8/3 0:00:00
09:13:56.987 @PWD004 2018/8/3 0:00:00
09:13:56.987 @PWD007 2018/11/29 9:13:56
09:13:56.987 @PWD008 系统管理员
09:13:56.987 @PWD009 100.00
09:13:56.988 @PWD010 2018/8/2 0:00:00
09:13:56.988 @PWD001 20180804001
09:13:56.993 @PWE002 完工
09:13:56.994 @PWE007 20
09:13:56.994 @PWE008 
09:13:56.994 @PWE009 2018/11/29 9:13:56
09:13:56.994 @PWE010 系统管理员
09:13:56.994 @idx 8026
09:13:57.017 @PWE002 完工
09:13:57.018 @PWE007 30
09:13:57.018 @PWE008 
09:13:57.018 @PWE009 2018/11/29 9:13:56
09:13:57.018 @PWE010 系统管理员
09:13:57.018 @idx 8025
09:13:57.032 @idx 8034
09:13:57.041 @PWE002 完工
09:13:57.041 @PWE007 80
09:13:57.042 @PWE008 
09:13:57.042 @PWE009 2018/11/29 9:13:56
09:13:57.042 @PWE010 系统管理员
09:13:57.042 @idx 8031
09:13:57.051 @PWE002 完工
09:13:57.051 @PWE007 20
09:13:57.051 @PWE008 
09:13:57.052 @PWE009 2018/11/29 9:13:56
09:13:57.052 @PWE010 系统管理员
09:13:57.052 @idx 8029
09:13:57.062 @PWE002 完工
09:13:57.062 @PWE007 28
09:13:57.062 @PWE008 
09:13:57.062 @PWE009 2018/11/29 9:13:56
09:13:57.063 @PWE010 系统管理员
09:13:57.063 @idx 8033
09:13:57.095 @PWE002 完工
09:13:57.095 @PWE007 40
09:13:57.095 @PWE008 
09:13:57.095 @PWE009 2018/11/29 9:13:56
09:13:57.096 @PWE010 系统管理员
09:13:57.096 @idx 8028
09:13:57.113 @PWE002 完工
09:13:57.113 @PWE007 56
09:13:57.113 @PWE008 
09:13:57.113 @PWE009 2018/11/29 9:13:56
09:13:57.114 @PWE010 系统管理员
09:13:57.114 @idx 8032
09:13:57.132 @PWE002 完工
09:13:57.132 @PWE007 1
09:13:57.132 @PWE008 单件做
09:13:57.133 @PWE009 2018/11/29 9:13:56
09:13:57.133 @PWE010 系统管理员
09:13:57.133 @idx 8030
09:16:15.796 @EMP002 系统管理员
09:16:15.805 @EMP009 cebfd1559b68d67688884d7a3d3e8c
09:16:18.460 @EMP002 系统管理员
09:16:18.460 @EMP009 d2f278e251d1566edd72846d4ad97f
09:20:23.953 @EMP002 系统管理员
09:20:23.958 @EMP009 cebfd1559b68d67688884d7a3d3e8c
09:20:30.271 @EMP002 系统管理员
09:20:30.272 @EMP009 d2f278e251d1566edd72846d4ad97f
09:21:09.174 @PWE001 20181129001
09:21:09.174 @PWE002 完工
09:21:09.174 @PWE003 定制18.11.17
09:21:09.175 @PWE004 61-1.005.10.007
09:21:09.175 @PWE005 1610-AC双人沙发软包
09:21:09.175 @PWE006 20
09:21:09.175 @PWE007 20
09:21:09.175 @PWE008 
09:21:09.175 @PWE009 2018/11/29 9:21:09
09:21:09.176 @PWE010 系统管理员
09:21:09.176 @PWE011 False
09:21:09.176 @PWE012 False
09:21:09.178 @PWE001 20181129001
09:21:09.178 @PWE002 完工
09:21:09.178 @PWE003 定制18.11.17
09:21:09.178 @PWE004 61-1.005.10.006
09:21:09.178 @PWE005 1610-AC单人沙发软包
09:21:09.178 @PWE006 20
09:21:09.178 @PWE007 20
09:21:09.178 @PWE008 
09:21:09.179 @PWE009 2018/11/29 9:21:09
09:21:09.179 @PWE010 系统管理员
09:21:09.179 @PWE011 False
09:21:09.179 @PWE012 False
09:21:09.203 @PWD001 20181129001
09:21:09.203 @PWD002 底漆
09:21:09.204 @PWD003 2018/11/29 9:21:06
09:21:09.204 @PWD004 2018/11/30 9:21:06
09:21:09.204 @PWD005 False
09:21:09.204 @PWD006 False
09:21:09.205 @PWD007 2018/11/29 9:21:09
09:21:09.205 @PWD008 系统管理员
09:21:09.205 @PWD009 0.00
09:21:09.205 @PWD010 2018/11/28 0:00:00
09:21:09.207 @PWE001 20181129001
09:21:09.207 @PWE002 完工
09:21:09.207 @PWE003 定制18.11.17
09:21:09.208 @PWE004 61-1.005.10.008
09:21:09.208 @PWE005 1610-AC三人沙发软包
09:21:09.208 @PWE006 10
09:21:09.208 @PWE007 10
09:21:09.208 @PWE008 
09:21:09.208 @PWE009 2018/11/29 9:21:09
09:21:09.209 @PWE010 系统管理员
09:21:09.209 @PWE011 False
09:21:09.209 @PWE012 False
09:22:37.030 @EMP002 系统管理员
09:22:37.036 @EMP009 d2f278e251d1566edd72846d4ad97f
09:53:58.856 @EMP002 系统管理员
09:53:58.861 @EMP009 d2f278e251d1566edd72846d4ad97f
