10:01:24.769  异常信息：由于连接方在一段时间后没有正确答复或连接的主机没有反应，连接尝试失败。 192.168.1.188:80
  堆栈信息:   在 AutoUpdate.AppUpdate.DownloadFile(String url, String localFilePath) 位置 D:\ProjectData\MoXia\Carpenter\Carpenter\AppUpdate.cs:行号 242
   在 AutoUpdate.AppUpdate.CheckAppVersion(String& msg) 位置 D:\ProjectData\MoXia\Carpenter\Carpenter\AppUpdate.cs:行号 310
10:01:29.914 @EMP002 系统管理员
10:01:29.916 @EMP009 d2f278e251d1566edd72846d4ad97f
10:02:17.619 @REV001 FormPlanCutting
10:02:17.622 @REV002 1834-1
10:02:17.623 @REV003 00001
10:02:17.625 @REV004 2018/9/4 10:02:17
10:02:17.626 @REV005 反审核
10:02:17.627 @REV006 
10:02:17.640 @CUT001 1834-1
10:02:17.642 @CUT008 False
10:06:54.760  异常信息：由于连接方在一段时间后没有正确答复或连接的主机没有反应，连接尝试失败。 192.168.1.188:80
  堆栈信息:   在 AutoUpdate.AppUpdate.DownloadFile(String url, String localFilePath) 位置 D:\ProjectData\MoXia\Carpenter\Carpenter\AppUpdate.cs:行号 242
   在 AutoUpdate.AppUpdate.CheckAppVersion(String& msg) 位置 D:\ProjectData\MoXia\Carpenter\Carpenter\AppUpdate.cs:行号 310
10:06:59.989 @EMP002 系统管理员
10:06:59.991 @EMP009 cebfd1559b68d67688884d7a3d3e8c
10:07:03.181 @EMP002 系统管理员
10:07:03.184 @EMP009 d2f278e251d1566edd72846d4ad97f
10:09:23.791 @CUT001 180904
10:09:23.810 @CUU001 180904
10:09:23.812 @CUU002 1825.6.20.015
10:09:23.813 @CUU003 100
10:09:23.815 @CUU004 2018/9/4 0:00:00
10:09:23.816 @CUU005 
10:09:23.817 @CUU006 2018/9/4 10:09:23
10:09:23.819 @CUU007 系统管理员
10:09:23.821 @CUU008 定制102餐具柜2米
10:09:23.824 @CUU009 
10:09:23.833 @CUU001 180904
10:09:23.836 @CUU002 1825.6.20.014
10:09:23.838 @CUU003 30
10:09:23.840 @CUU004 2018/9/5 0:00:00
10:09:23.841 @CUU005 
10:09:23.843 @CUU006 2018/9/4 10:09:23
10:09:23.844 @CUU007 系统管理员
10:09:23.845 @CUU008 定制1605长茶几1.5米
10:09:23.847 @CUU009 
10:09:23.850 @CUT001 180904
10:09:23.851 @CUT002 2018/9/4 0:00:00
10:09:23.853 @CUT003 2018/9/4 0:00:00
10:09:23.856 @CUT004 2018/9/4 0:00:00
10:09:23.859 @CUT005 2018/9/4 10:09:23
10:09:23.861 @CUT006 系统管理员
10:09:23.863 @CUT007 False
10:09:23.864 @CUT008 False
10:09:23.871 @CUU001 180904
10:09:23.873 @CUU002 1825.6.20.009
10:09:23.875 @CUU003 120
10:09:23.876 @CUU004 2018/9/9 0:00:00
10:09:23.877 @CUU005 
10:09:23.879 @CUU006 2018/9/4 10:09:23
10:09:23.880 @CUU007 系统管理员
10:09:23.882 @CUU008 定制1603厅地柜
10:09:23.884 @CUU009 
10:09:23.889 @CUU001 180904
10:09:23.891 @CUU002 1825.6.20.012
10:09:23.893 @CUU003 20
10:09:23.894 @CUU004 2018/9/7 0:00:00
10:09:23.896 @CUU005 
10:09:23.898 @CUU006 2018/9/4 10:09:23
10:09:23.902 @CUU007 系统管理员
10:09:23.904 @CUU008 定制1610梳妆台-B
10:09:23.905 @CUU009 
10:09:23.909 @CUU001 180904
10:09:23.911 @CUU002 1825.6.20.013
10:09:23.913 @CUU003 50
10:09:23.914 @CUU004 2018/9/6 0:00:00
10:09:23.916 @CUU005 
10:09:23.918 @CUU006 2018/9/4 10:09:23
10:09:23.919 @CUU007 系统管理员
10:09:23.921 @CUU008 定制1603厅地柜
10:09:23.922 @CUU009 
10:09:23.927 @CUU001 180904
10:09:23.928 @CUU002 1825.6.20.011
10:09:23.930 @CUU003 200
10:09:23.934 @CUU004 2018/9/8 0:00:00
10:09:23.936 @CUU005 
10:09:23.937 @CUU006 2018/9/4 10:09:23
10:09:23.939 @CUU007 系统管理员
10:09:23.940 @CUU008 定制12号梳妆台
10:09:23.942 @CUU009 
10:09:26.015 @PRS001 180904
10:09:26.017 @PRS002 1825.6.20.009
10:09:26.029 @PST001 180904
10:09:26.031 @PST002 1825.6.20.009
10:09:26.041 @PAS001 180904
10:09:26.042 @PAS002 1825.6.20.009
10:09:26.054 @PDP001 180904
10:09:26.056 @PDP002 1825.6.20.009
10:09:26.074 @PRS001 180904
10:09:26.075 @PRS002 1825.6.20.011
10:09:26.078 @PST001 180904
10:09:26.079 @PST002 1825.6.20.011
10:09:26.082 @PAS001 180904
10:09:26.084 @PAS002 1825.6.20.011
10:09:26.088 @PDP001 180904
10:09:26.090 @PDP002 1825.6.20.011
10:09:26.096 @PRS001 180904
10:09:26.097 @PRS002 1825.6.20.012
10:09:26.103 @PST001 180904
10:09:26.104 @PST002 1825.6.20.012
10:09:26.108 @PAS001 180904
10:09:26.109 @PAS002 1825.6.20.012
10:09:26.112 @PDP001 180904
10:09:26.114 @PDP002 1825.6.20.012
10:09:26.121 @PRS001 180904
10:09:26.123 @PRS002 1825.6.20.013
10:09:26.127 @PST001 180904
10:09:26.128 @PST002 1825.6.20.013
10:09:26.131 @PAS001 180904
10:09:26.133 @PAS002 1825.6.20.013
10:09:26.138 @PDP001 180904
10:09:26.139 @PDP002 1825.6.20.013
10:09:26.145 @PRS001 180904
10:09:26.147 @PRS002 1825.6.20.014
10:09:26.152 @PST001 180904
10:09:26.154 @PST002 1825.6.20.014
10:09:26.157 @PAS001 180904
10:09:26.159 @PAS002 1825.6.20.014
10:09:26.162 @PDP001 180904
10:09:26.164 @PDP002 1825.6.20.014
10:09:26.170 @PRS001 180904
10:09:26.172 @PRS002 1825.6.20.015
10:09:26.175 @PST001 180904
10:09:26.177 @PST002 1825.6.20.015
10:09:26.179 @PAS001 180904
10:09:26.181 @PAS002 1825.6.20.015
10:09:26.185 @PDP001 180904
10:09:26.187 @PDP002 1825.6.20.015
10:09:26.192 @PAS001 180904
10:09:26.194 @PAS002 1825.6.20.012
10:09:26.195 @PAS003 定制1610梳妆台-B
10:09:26.196 @PAS004 
10:09:26.199 @PAS013 
10:09:26.201 @PAS014 2018/9/4 10:09:26
10:09:26.203 @PAS015 系统管理员
10:09:26.205 @PAS016 20
10:09:26.208 @PAS030 False
10:09:26.213 @PRS001 180904
10:09:26.215 @PRS002 1825.6.20.012
10:09:26.218 @PRS003 定制1610梳妆台-B
10:09:26.220 @PRS004 
10:09:26.222 @PRS005 2018/9/4 0:00:00
10:09:26.224 @PRS026 
10:09:26.226 @PRS027 2018/9/4 10:09:26
10:09:26.227 @PRS028 系统管理员
10:09:26.229 @PRS029 20
10:09:26.231 @PRS030 False
10:09:26.238 @PAS001 180904
10:09:26.239 @PAS002 1825.6.20.013
10:09:26.240 @PAS003 定制1603厅地柜
10:09:26.242 @PAS004 
10:09:26.243 @PAS013 
10:09:26.245 @PAS014 2018/9/4 10:09:26
10:09:26.246 @PAS015 系统管理员
10:09:26.247 @PAS016 50
10:09:26.248 @PAS030 False
10:09:26.252 @PDP001 180904
10:09:26.255 @PDP002 1825.6.20.009
10:09:26.257 @PDP003 定制1603厅地柜
10:09:26.258 @PDP004 
10:09:26.260 @PDP024 
10:09:26.261 @PDP025 120
10:09:26.267 @PRS001 180904
10:09:26.269 @PRS002 1825.6.20.014
10:09:26.271 @PRS003 定制1605长茶几1.5米
10:09:26.272 @PRS004 
10:09:26.274 @PRS005 2018/9/4 0:00:00
10:09:26.275 @PRS026 
10:09:26.277 @PRS027 2018/9/4 10:09:26
10:09:26.279 @PRS028 系统管理员
10:09:26.281 @PRS029 30
10:09:26.283 @PRS030 False
10:09:26.287 @PDP001 180904
10:09:26.289 @PDP002 1825.6.20.014
10:09:26.291 @PDP003 定制1605长茶几1.5米
10:09:26.293 @PDP004 
10:09:26.294 @PDP024 
10:09:26.296 @PDP025 30
10:09:26.300 @PRS001 180904
10:09:26.302 @PRS002 1825.6.20.011
10:09:26.304 @PRS003 定制12号梳妆台
10:09:26.305 @PRS004 
10:09:26.307 @PRS005 2018/9/4 0:00:00
10:09:26.308 @PRS026 
10:09:26.310 @PRS027 2018/9/4 10:09:26
10:09:26.311 @PRS028 系统管理员
10:09:26.313 @PRS029 200
10:09:26.315 @PRS030 False
10:09:26.320 @PST001 180904
10:09:26.322 @PST002 1825.6.20.009
10:09:26.324 @PST003 定制1603厅地柜
10:09:26.325 @PST004 
10:09:26.327 @PST005 2018/9/9 0:00:00
10:09:26.329 @PST025 
10:09:26.330 @PST026 2018/9/4 10:09:26
10:09:26.332 @PST027 系统管理员
10:09:26.335 @PST028 120
10:09:26.337 @PST030 False
10:09:26.341 @REV001 FormPlanCutting
10:09:26.343 @REV002 180904
10:09:26.345 @REV003 00001
10:09:26.346 @REV004 2018/9/4 10:09:25
10:09:26.348 @REV005 审核
10:09:26.350 @REV006 
10:09:26.357 @PAS001 180904
10:09:26.360 @PAS002 1825.6.20.009
10:09:26.361 @PAS003 定制1603厅地柜
10:09:26.363 @PAS004 
10:09:26.364 @PAS013 
10:09:26.366 @PAS014 2018/9/4 10:09:26
10:09:26.367 @PAS015 系统管理员
10:09:26.369 @PAS016 120
10:09:26.370 @PAS030 False
10:09:26.373 @PST001 180904
10:09:26.376 @PST002 1825.6.20.013
10:09:26.377 @PST003 定制1603厅地柜
10:09:26.379 @PST004 
10:09:26.381 @PST005 2018/9/6 0:00:00
10:09:26.383 @PST025 
10:09:26.385 @PST026 2018/9/4 10:09:26
10:09:26.386 @PST027 系统管理员
10:09:26.388 @PST028 50
10:09:26.389 @PST030 False
10:09:26.392 @PDP001 180904
10:09:26.393 @PDP002 1825.6.20.011
10:09:26.394 @PDP003 定制12号梳妆台
10:09:26.396 @PDP004 
10:09:26.397 @PDP024 
10:09:26.401 @PDP025 200
10:09:26.405 @PST001 180904
10:09:26.407 @PST002 1825.6.20.015
10:09:26.409 @PST003 定制102餐具柜2米
10:09:26.411 @PST004 
10:09:26.413 @PST005 2018/9/4 0:00:00
10:09:26.415 @PST025 
10:09:26.418 @PST026 2018/9/4 10:09:26
10:09:26.419 @PST027 系统管理员
10:09:26.421 @PST028 100
10:09:26.422 @PST030 False
10:09:26.425 @PAS001 180904
10:09:26.426 @PAS002 1825.6.20.015
10:09:26.428 @PAS003 定制102餐具柜2米
10:09:26.429 @PAS004 
10:09:26.430 @PAS013 
10:09:26.431 @PAS014 2018/9/4 10:09:26
10:09:26.433 @PAS015 系统管理员
10:09:26.435 @PAS016 100
10:09:26.437 @PAS030 False
10:09:26.440 @PST001 180904
10:09:26.442 @PST002 1825.6.20.011
10:09:26.444 @PST003 定制12号梳妆台
10:09:26.446 @PST004 
10:09:26.447 @PST005 2018/9/8 0:00:00
10:09:26.450 @PST025 
10:09:26.452 @PST026 2018/9/4 10:09:26
10:09:26.453 @PST027 系统管理员
10:09:26.455 @PST028 200
10:09:26.456 @PST030 False
10:09:26.459 @PST001 180904
10:09:26.461 @PST002 1825.6.20.012
10:09:26.463 @PST003 定制1610梳妆台-B
10:09:26.464 @PST004 
10:09:26.465 @PST005 2018/9/7 0:00:00
10:09:26.467 @PST025 
10:09:26.469 @PST026 2018/9/4 10:09:26
10:09:26.471 @PST027 系统管理员
10:09:26.474 @PST028 20
10:09:26.476 @PST030 False
10:09:26.479 @PRS001 180904
10:09:26.481 @PRS002 1825.6.20.009
10:09:26.483 @PRS003 定制1603厅地柜
10:09:26.485 @PRS004 
10:09:26.486 @PRS005 2018/9/4 0:00:00
10:09:26.489 @PRS026 
10:09:26.491 @PRS027 2018/9/4 10:09:26
10:09:26.493 @PRS028 系统管理员
10:09:26.494 @PRS029 120
10:09:26.496 @PRS030 False
10:09:26.501 @PDP001 180904
10:09:26.503 @PDP002 1825.6.20.013
10:09:26.504 @PDP003 定制1603厅地柜
10:09:26.505 @PDP004 
10:09:26.507 @PDP024 
10:09:26.508 @PDP025 50
10:09:26.510 @PRS001 180904
10:09:26.512 @PRS002 1825.6.20.015
10:09:26.513 @PRS003 定制102餐具柜2米
10:09:26.516 @PRS004 
10:09:26.518 @PRS005 2018/9/4 0:00:00
10:09:26.520 @PRS026 
10:09:26.521 @PRS027 2018/9/4 10:09:26
10:09:26.524 @PRS028 系统管理员
10:09:26.525 @PRS029 100
10:09:26.527 @PRS030 False
10:09:26.530 @PDP001 180904
10:09:26.533 @PDP002 1825.6.20.012
10:09:26.535 @PDP003 定制1610梳妆台-B
10:09:26.537 @PDP004 
10:09:26.538 @PDP024 
10:09:26.539 @PDP025 20
10:09:26.542 @PAS001 180904
10:09:26.543 @PAS002 1825.6.20.014
10:09:26.544 @PAS003 定制1605长茶几1.5米
10:09:26.545 @PAS004 
10:09:26.546 @PAS013 
10:09:26.548 @PAS014 2018/9/4 10:09:26
10:09:26.550 @PAS015 系统管理员
10:09:26.552 @PAS016 30
10:09:26.554 @PAS030 False
10:09:26.558 @PST001 180904
10:09:26.560 @PST002 1825.6.20.014
10:09:26.562 @PST003 定制1605长茶几1.5米
10:09:26.563 @PST004 
10:09:26.565 @PST005 2018/9/5 0:00:00
10:09:26.567 @PST025 
10:09:26.569 @PST026 2018/9/4 10:09:26
10:09:26.570 @PST027 系统管理员
10:09:26.571 @PST028 30
10:09:26.573 @PST030 False
10:09:26.577 @PDP001 180904
10:09:26.578 @PDP002 1825.6.20.015
10:09:26.580 @PDP003 定制102餐具柜2米
10:09:26.581 @PDP004 
10:09:26.582 @PDP024 
10:09:26.585 @PDP025 100
10:09:26.589 @PAS001 180904
10:09:26.590 @PAS002 1825.6.20.011
10:09:26.593 @PAS003 定制12号梳妆台
10:09:26.594 @PAS004 
10:09:26.596 @PAS013 
10:09:26.597 @PAS014 2018/9/4 10:09:26
10:09:26.599 @PAS015 系统管理员
10:09:26.601 @PAS016 200
10:09:26.603 @PAS030 False
10:09:26.607 @CUT001 180904
10:09:26.609 @CUT008 True
10:09:26.613 @PRS001 180904
10:09:26.615 @PRS002 1825.6.20.013
10:09:26.618 @PRS003 定制1603厅地柜
10:09:26.620 @PRS004 
10:09:26.622 @PRS005 2018/9/4 0:00:00
10:09:26.624 @PRS026 
10:09:26.625 @PRS027 2018/9/4 10:09:26
10:09:26.627 @PRS028 系统管理员
10:09:26.628 @PRS029 50
10:09:26.630 @PRS030 False
10:10:04.910 列名 'idx' 不明确。
列名 'idx' 不明确。
列名 'idx' 不明确。
列名 'idx' 不明确。
列名 'idx' 不明确。
列名 'idx' 不明确。
   在 System.Data.SqlClient.SqlConnection.OnError(SqlException exception, Boolean breakConnection, Action`1 wrapCloseInAction)
   在 System.Data.SqlClient.TdsParser.ThrowExceptionAndWarning(TdsParserStateObject stateObj, Boolean callerHasConnectionLock, Boolean asyncClose)
   在 System.Data.SqlClient.TdsParser.TryRun(RunBehavior runBehavior, SqlCommand cmdHandler, SqlDataReader dataStream, BulkCopySimpleResultSet bulkCopyHandler, TdsParserStateObject stateObj, Boolean& dataReady)
   在 System.Data.SqlClient.SqlDataReader.TryConsumeMetaData()
   在 System.Data.SqlClient.SqlDataReader.get_MetaData()
   在 System.Data.SqlClient.SqlCommand.FinishExecuteReader(SqlDataReader ds, RunBehavior runBehavior, String resetOptionsString, Boolean isInternal, Boolean forDescribeParameterEncryption, Boolean shouldCacheForAlwaysEncrypted)
   在 System.Data.SqlClient.SqlCommand.RunExecuteReaderTds(CommandBehavior cmdBehavior, RunBehavior runBehavior, Boolean returnStream, Boolean async, Int32 timeout, Task& task, Boolean asyncWrite, Boolean inRetry, SqlDataReader ds, Boolean describeParameterEncryptionRequest)
   在 System.Data.SqlClient.SqlCommand.RunExecuteReader(CommandBehavior cmdBehavior, RunBehavior runBehavior, Boolean returnStream, String method, TaskCompletionSource`1 completion, Int32 timeout, Task& task, Boolean& usedCache, Boolean asyncWrite, Boolean inRetry)
   在 System.Data.SqlClient.SqlCommand.RunExecuteReader(CommandBehavior cmdBehavior, RunBehavior runBehavior, Boolean returnStream, String method)
   在 System.Data.SqlClient.SqlCommand.ExecuteReader(CommandBehavior behavior, String method)
   在 System.Data.Common.DbDataAdapter.FillInternal(DataSet dataset, DataTable[] datatables, Int32 startRecord, Int32 maxRecords, String srcTable, IDbCommand command, CommandBehavior behavior)
   在 System.Data.Common.DbDataAdapter.Fill(DataTable[] dataTables, Int32 startRecord, Int32 maxRecords, IDbCommand command, CommandBehavior behavior)
   在 System.Data.Common.DbDataAdapter.Fill(DataTable dataTable)
   在 StudentMgr.SqlHelper.ExecuteDataTable(SqlConnection conn, String cmdText, SqlParameter[] parameters) 位置 D:\ProjectData\MoXia\Carpenter\CarpenterBll\SqlHelper.cs:行号 344
10:10:04.912 SELECT DISTINCT OPI009 FROM MOXPST A INNER JOIN MOXOPI B ON A.PST002=B.OPI001 WHERE idx IN (4484,4485,4482,4486,4481,4483)
10:11:16.508  异常信息：由于连接方在一段时间后没有正确答复或连接的主机没有反应，连接尝试失败。 192.168.1.188:80
  堆栈信息:   在 AutoUpdate.AppUpdate.DownloadFile(String url, String localFilePath) 位置 D:\ProjectData\MoXia\Carpenter\Carpenter\AppUpdate.cs:行号 242
   在 AutoUpdate.AppUpdate.CheckAppVersion(String& msg) 位置 D:\ProjectData\MoXia\Carpenter\Carpenter\AppUpdate.cs:行号 310
10:11:20.939 @EMP002 系统管理员
10:11:20.942 @EMP009 cebfd1559b68d67688884d7a3d3e8c
10:11:23.377 @EMP002 系统管理员
10:11:23.379 @EMP009 d2f278e251d1566edd72846d4ad97f
10:12:01.889 @PDK001 20180904001
10:12:01.892 @PDK002 180904
10:12:01.894 @PDK003 1825.6.20.015
10:12:01.895 @PDK004 定制102餐具柜2米
10:12:01.897 @PDK005 
10:12:01.900 @PDK006 100
10:12:01.901 @PDK007 90
10:12:01.903 @PDK008 False
10:12:01.905 @PDK012 2018/9/3 10:11:39
10:12:01.907 @PDK013 2018/9/4 10:12:01
10:12:01.909 @PDK014 系统管理员
10:12:01.911 @PDK009 
10:12:01.916 @PDK001 20180904001
10:12:01.918 @PDK002 180904
10:12:01.920 @PDK003 1825.6.20.012
10:12:01.921 @PDK004 定制1610梳妆台-B
10:12:01.923 @PDK005 
10:12:01.925 @PDK006 20
10:12:01.928 @PDK007 10
10:12:01.929 @PDK008 False
10:12:01.930 @PDK012 2018/9/3 10:11:39
10:12:01.932 @PDK013 2018/9/4 10:12:01
10:12:01.933 @PDK014 系统管理员
10:12:01.934 @PDK009 
10:12:01.937 @PDK001 20180904001
10:12:01.938 @PDK002 180904
10:12:01.939 @PDK003 1825.6.20.013
10:12:01.941 @PDK004 定制1603厅地柜
10:12:01.943 @PDK005 
10:12:01.946 @PDK006 50
10:12:01.947 @PDK007 50
10:12:01.949 @PDK008 False
10:12:01.951 @PDK012 2018/9/3 10:11:39
10:12:01.953 @PDK013 2018/9/4 10:12:01
10:12:01.954 @PDK014 系统管理员
10:12:01.956 @PDK009 
10:12:01.960 @PDK001 20180904001
10:12:01.962 @PDK002 180904
10:12:01.964 @PDK003 1825.6.20.009
10:12:01.965 @PDK004 定制1603厅地柜
10:12:01.966 @PDK005 
10:12:01.968 @PDK006 120
10:12:01.970 @PDK007 120
10:12:01.971 @PDK008 False
10:12:01.973 @PDK012 2018/9/3 10:11:39
10:12:01.974 @PDK013 2018/9/4 10:12:01
10:12:01.977 @PDK014 系统管理员
10:12:01.979 @PDK009 
10:12:01.983 @PDK001 20180904001
10:12:01.985 @PDK002 180904
10:12:01.987 @PDK003 1825.6.20.011
10:12:01.988 @PDK004 定制12号梳妆台
10:12:01.990 @PDK005 
10:12:01.992 @PDK006 200
10:12:01.994 @PDK007 150
10:12:01.995 @PDK008 False
10:12:01.997 @PDK012 2018/9/3 10:11:39
10:12:01.999 @PDK013 2018/9/4 10:12:01
10:12:02.001 @PDK014 系统管理员
10:12:02.003 @PDK009 
10:12:02.006 @PDK001 20180904001
10:12:02.009 @PDK002 180904
10:12:02.011 @PDK003 1825.6.20.014
10:12:02.013 @PDK004 定制1605长茶几1.5米
10:12:02.015 @PDK005 
10:12:02.016 @PDK006 30
10:12:02.017 @PDK007 20
10:12:02.018 @PDK008 False
10:12:02.019 @PDK012 2018/9/3 10:11:39
10:12:02.020 @PDK013 2018/9/4 10:12:01
10:12:02.022 @PDK014 系统管理员
10:12:02.024 @PDK009 
10:12:34.231 @PDK001 20180904002
10:12:34.232 @PDK002 180904
10:12:34.233 @PDK003 1825.6.20.012
10:12:34.235 @PDK004 定制1610梳妆台-B
10:12:34.236 @PDK005 
10:12:34.239 @PDK006 20
10:12:34.240 @PDK007 10
10:12:34.242 @PDK008 False
10:12:34.245 @PDK012 2018/9/3 10:12:30
10:12:34.248 @PDK013 2018/9/4 10:12:34
10:12:34.251 @PDK014 系统管理员
10:12:34.254 @PDK009 
10:12:34.257 @PDK001 20180904002
10:12:34.258 @PDK002 180904
10:12:34.261 @PDK003 1825.6.20.011
10:12:34.262 @PDK004 定制12号梳妆台
10:12:34.264 @PDK005 
10:12:34.266 @PDK006 200
10:12:34.267 @PDK007 50
10:12:34.269 @PDK008 False
10:12:34.270 @PDK012 2018/9/3 10:12:30
10:12:34.271 @PDK013 2018/9/4 10:12:34
10:12:34.272 @PDK014 系统管理员
10:12:34.274 @PDK009 
10:12:34.277 @PDK001 20180904002
10:12:34.281 @PDK002 180904
10:12:34.284 @PDK003 1825.6.20.014
10:12:34.288 @PDK004 定制1605长茶几1.5米
10:12:34.290 @PDK005 
10:12:34.293 @PDK006 30
10:12:34.294 @PDK007 10
10:12:34.295 @PDK008 False
10:12:34.297 @PDK012 2018/9/3 10:12:30
10:12:34.298 @PDK013 2018/9/4 10:12:34
10:12:34.301 @PDK014 系统管理员
10:12:34.304 @PDK009 
10:12:34.307 @PDK001 20180904002
10:12:34.310 @PDK002 180904
10:12:34.311 @PDK003 1825.6.20.015
10:12:34.313 @PDK004 定制102餐具柜2米
10:12:34.314 @PDK005 
10:12:34.316 @PDK006 100
10:12:34.317 @PDK007 10
10:12:34.318 @PDK008 False
10:12:34.319 @PDK012 2018/9/3 10:12:30
10:12:34.320 @PDK013 2018/9/4 10:12:34
10:12:34.322 @PDK014 系统管理员
10:12:34.323 @PDK009 
10:13:35.132 @PST001 180904
10:13:35.135 @PST002 1825.6.20.009
10:13:35.137 @PST016 
10:13:35.144 @PLT003 180904
10:13:35.146 @PLT004 1825.6.20.012
10:13:35.148 @PLT013 False
10:13:35.150 @PLT011 
10:13:35.156 @PLT003 180904
10:13:35.158 @PLT004 1825.6.20.011
10:13:35.159 @PLT013 False
10:13:35.161 @PLT011 
10:13:35.169 @PST001 180904
10:13:35.172 @PST002 1825.6.20.015
10:13:35.174 @PST016 
10:13:35.177 @PLT003 180904
10:13:35.179 @PLT004 1825.6.20.015
10:13:35.181 @PLT013 False
10:13:35.182 @PLT011 
10:13:35.196 @PST001 180904
10:13:35.199 @PST002 1825.6.20.011
10:13:35.201 @PST016 
10:13:35.206 @PLT003 180904
10:13:35.208 @PLT004 1825.6.20.009
10:13:35.209 @PLT013 False
10:13:35.210 @PLT011 
10:13:35.221 @PST001 180904
10:13:35.223 @PST002 1825.6.20.012
10:13:35.225 @PST016 
10:13:35.227 @PLT003 180904
10:13:35.230 @PLT004 1825.6.20.012
10:13:35.231 @PLT013 False
10:13:35.233 @PLT011 
10:13:35.238 @PLT003 180904
10:13:35.240 @PLT004 1825.6.20.014
10:13:35.241 @PLT013 False
10:13:35.243 @PLT011 
10:13:35.248 @PLT003 180904
10:13:35.251 @PLT004 1825.6.20.013
10:13:35.253 @PLT013 False
10:13:35.255 @PLT011 
10:13:35.262 @PST001 180904
10:13:35.264 @PST002 1825.6.20.011
10:13:35.265 @PST016 
10:13:35.271 @PST001 180904
10:13:35.273 @PST002 1825.6.20.012
10:13:35.275 @PST016 
10:13:35.278 @PST001 180904
10:13:35.281 @PST002 1825.6.20.015
10:13:35.282 @PST016 
10:13:35.287 @PLT003 180904
10:13:35.288 @PLT004 1825.6.20.014
10:13:35.289 @PLT013 False
10:13:35.290 @PLT011 
10:13:35.297 @PST001 180904
10:13:35.299 @PST002 1825.6.20.014
10:13:35.301 @PST016 
10:13:35.304 @PST001 180904
10:13:35.306 @PST002 1825.6.20.013
10:13:35.308 @PST016 
10:13:35.310 @PLT003 180904
10:13:35.312 @PLT004 1825.6.20.011
10:13:35.315 @PLT013 False
10:13:35.316 @PLT011 
10:13:35.321 @PST001 180904
10:13:35.323 @PST002 1825.6.20.014
10:13:35.324 @PST016 
10:13:35.337 @PLT003 180904
10:13:35.339 @PLT004 1825.6.20.015
10:13:35.341 @PLT013 False
10:13:35.343 @PLT011 
10:31:54.494  异常信息：由于连接方在一段时间后没有正确答复或连接的主机没有反应，连接尝试失败。 192.168.1.188:80
  堆栈信息:   在 AutoUpdate.AppUpdate.DownloadFile(String url, String localFilePath) 位置 D:\ProjectData\MoXia\Carpenter\Carpenter\AppUpdate.cs:行号 242
   在 AutoUpdate.AppUpdate.CheckAppVersion(String& msg) 位置 D:\ProjectData\MoXia\Carpenter\Carpenter\AppUpdate.cs:行号 310
10:32:23.356 @EMP002 系统管理员
10:32:23.358 @EMP009 cebfd1559b68d67688884d7a3d3e8c
10:32:25.002 @EMP002 系统管理员
10:32:25.004 @EMP009 d2f278e251d1566edd72846d4ad97f
10:34:00.198  异常信息：由于连接方在一段时间后没有正确答复或连接的主机没有反应，连接尝试失败。 192.168.1.188:80
  堆栈信息:   在 AutoUpdate.AppUpdate.DownloadFile(String url, String localFilePath) 位置 D:\ProjectData\MoXia\Carpenter\Carpenter\AppUpdate.cs:行号 242
   在 AutoUpdate.AppUpdate.CheckAppVersion(String& msg) 位置 D:\ProjectData\MoXia\Carpenter\Carpenter\AppUpdate.cs:行号 310
10:34:12.028 @EMP002 系统管理员
10:34:12.029 @EMP009 d2f278e251d1566edd72846d4ad97f
10:36:49.452 @PME001 20180904001
10:36:49.454 @PME002 180904
10:36:49.455 @PME003 1825.6.20.013
10:36:49.457 @PME004 定制1603厅地柜
10:36:49.459 @PME005 
10:36:49.461 @PME006 50
10:36:49.462 @PME007 40
10:36:49.464 @PME008 False
10:36:49.466 @PME012 2018/9/3 10:36:25
10:36:49.467 @PME013 2018/9/4 10:36:49
10:36:49.469 @PME014 系统管理员
10:36:49.470 @PME009 
10:36:49.474 @PME001 20180904001
10:36:49.476 @PME002 180904
10:36:49.478 @PME003 1825.6.20.012
10:36:49.480 @PME004 定制1610梳妆台-B
10:36:49.482 @PME005 
10:36:49.484 @PME006 20
10:36:49.485 @PME007 10
10:36:49.486 @PME008 False
10:36:49.487 @PME012 2018/9/3 10:36:25
10:36:49.490 @PME013 2018/9/4 10:36:49
10:36:49.491 @PME014 系统管理员
10:36:49.493 @PME009 
10:36:49.496 @PME001 20180904001
10:36:49.498 @PME002 180904
10:36:49.500 @PME003 1825.6.20.009
10:36:49.502 @PME004 定制1603厅地柜
10:36:49.504 @PME005 
10:36:49.505 @PME006 120
10:36:49.509 @PME007 100
10:36:49.511 @PME008 False
10:36:49.513 @PME012 2018/9/3 10:36:25
10:36:49.514 @PME013 2018/9/4 10:36:49
10:36:49.515 @PME014 系统管理员
10:36:49.516 @PME009 
10:36:49.518 @PME001 20180904001
10:36:49.520 @PME002 180904
10:36:49.522 @PME003 1825.6.20.014
10:36:49.524 @PME004 定制1605长茶几1.5米
10:36:49.526 @PME005 
10:36:49.528 @PME006 30
10:36:49.530 @PME007 30
10:36:49.532 @PME008 False
10:36:49.533 @PME012 2018/9/3 10:36:25
10:36:49.535 @PME013 2018/9/4 10:36:49
10:36:49.536 @PME014 系统管理员
10:36:49.537 @PME009 
10:36:49.540 @PME001 20180904001
10:36:49.543 @PME002 180904
10:36:49.544 @PME003 1825.6.20.011
10:36:49.546 @PME004 定制12号梳妆台
10:36:49.547 @PME005 
10:36:49.548 @PME006 200
10:36:49.549 @PME007 200
10:36:49.550 @PME008 False
10:36:49.551 @PME012 2018/9/3 10:36:25
10:36:49.552 @PME013 2018/9/4 10:36:49
10:36:49.553 @PME014 系统管理员
10:36:49.554 @PME009 
10:36:49.559 @PME001 20180904001
10:36:49.561 @PME002 180904
10:36:49.563 @PME003 1825.6.20.015
10:36:49.564 @PME004 定制102餐具柜2米
10:36:49.566 @PME005 
10:36:49.567 @PME006 100
10:36:49.569 @PME007 100
10:36:49.571 @PME008 False
10:36:49.574 @PME012 2018/9/3 10:36:25
10:36:49.576 @PME013 2018/9/4 10:36:49
10:36:49.577 @PME014 系统管理员
10:36:49.579 @PME009 
10:37:10.409 @PME001 20180904002
10:37:10.411 @PME002 180904
10:37:10.413 @PME003 1825.6.20.009
10:37:10.415 @PME004 定制1603厅地柜
10:37:10.417 @PME005 
10:37:10.419 @PME006 120
10:37:10.420 @PME007 20
10:37:10.421 @PME008 False
10:37:10.422 @PME012 2018/9/3 10:37:06
10:37:10.423 @PME013 2018/9/4 10:37:10
10:37:10.425 @PME014 系统管理员
10:37:10.427 @PME009 
10:37:10.433 @PME001 20180904002
10:37:10.435 @PME002 180904
10:37:10.436 @PME003 1825.6.20.013
10:37:10.437 @PME004 定制1603厅地柜
10:37:10.439 @PME005 
10:37:10.440 @PME006 50
10:37:10.442 @PME007 10
10:37:10.445 @PME008 False
10:37:10.447 @PME012 2018/9/3 10:37:06
10:37:10.450 @PME013 2018/9/4 10:37:10
10:37:10.452 @PME014 系统管理员
10:37:10.453 @PME009 
10:37:10.456 @PME001 20180904002
10:37:10.459 @PME002 180904
10:37:10.462 @PME003 1825.6.20.012
10:37:10.463 @PME004 定制1610梳妆台-B
10:37:10.464 @PME005 
10:37:10.466 @PME006 20
10:37:10.467 @PME007 10
10:37:10.469 @PME008 False
10:37:10.471 @PME012 2018/9/3 10:37:06
10:37:10.472 @PME013 2018/9/4 10:37:10
10:37:10.475 @PME014 系统管理员
10:37:10.477 @PME009 
10:38:43.435  异常信息：由于连接方在一段时间后没有正确答复或连接的主机没有反应，连接尝试失败。 192.168.1.188:80
  堆栈信息:   在 AutoUpdate.AppUpdate.DownloadFile(String url, String localFilePath) 位置 D:\ProjectData\MoXia\Carpenter\Carpenter\AppUpdate.cs:行号 242
   在 AutoUpdate.AppUpdate.CheckAppVersion(String& msg) 位置 D:\ProjectData\MoXia\Carpenter\Carpenter\AppUpdate.cs:行号 310
10:38:49.105 @EMP002 系统管理员
10:38:49.107 @EMP009 d2f278e251d1566edd72846d4ad97f
10:55:29.564  异常信息：由于连接方在一段时间后没有正确答复或连接的主机没有反应，连接尝试失败。 192.168.1.188:80
  堆栈信息:   在 AutoUpdate.AppUpdate.DownloadFile(String url, String localFilePath) 位置 D:\ProjectData\MoXia\Carpenter\Carpenter\AppUpdate.cs:行号 242
   在 AutoUpdate.AppUpdate.CheckAppVersion(String& msg) 位置 D:\ProjectData\MoXia\Carpenter\Carpenter\AppUpdate.cs:行号 310
10:55:51.657 @EMP002 系统管理员
10:55:51.658 @EMP009 d2f278e251d1566edd72846d4ad97f
13:24:04.806  异常信息：由于连接方在一段时间后没有正确答复或连接的主机没有反应，连接尝试失败。 192.168.1.188:80
  堆栈信息:   在 AutoUpdate.AppUpdate.DownloadFile(String url, String localFilePath) 位置 D:\ProjectData\MoXia\Carpenter\Carpenter\AppUpdate.cs:行号 242
   在 AutoUpdate.AppUpdate.CheckAppVersion(String& msg) 位置 D:\ProjectData\MoXia\Carpenter\Carpenter\AppUpdate.cs:行号 310
13:24:10.091 @EMP002 系统管理员
13:24:10.094 @EMP009 d2f278e251d1566edd72846d4ad97f
13:24:49.350 @PWF001 20180904001
13:24:49.351 @PWF002 180904
13:24:49.353 @PWF003 1825.6.20.014
13:24:49.355 @PWF004 定制1605长茶几1.5米
13:24:49.356 @PWF005 
13:24:49.358 @PWF006 30
13:24:49.360 @PWF007 30
13:24:49.363 @PWF008 0
13:24:49.365 @PWF009 0
13:24:49.368 @PWF010 0
13:24:49.370 @PWF011 0
13:24:49.372 @PWF012 2018/9/3 13:24:36
13:24:49.374 @PWF013 2018/9/4 13:24:49
13:24:49.376 @PWF014 系统管理员
13:24:49.379 @PWF015 False
13:24:49.381 @PWF016 0
13:24:49.382 @PWF017 
13:24:49.392 @PWF001 20180904001
13:24:49.395 @PWF002 180904
13:24:49.397 @PWF003 1825.6.20.009
13:24:49.399 @PWF004 定制1603厅地柜
13:24:49.400 @PWF005 
13:24:49.402 @PWF006 120
13:24:49.404 @PWF007 120
13:24:49.407 @PWF008 0
13:24:49.409 @PWF009 0
13:24:49.410 @PWF010 0
13:24:49.413 @PWF011 0
13:24:49.415 @PWF012 2018/9/3 13:24:36
13:24:49.416 @PWF013 2018/9/4 13:24:49
13:24:49.418 @PWF014 系统管理员
13:24:49.420 @PWF015 False
13:24:49.422 @PWF016 0
13:24:49.423 @PWF017 
13:24:49.434 @PWF001 20180904001
13:24:49.436 @PWF002 180904
13:24:49.437 @PWF003 1825.6.20.012
13:24:49.439 @PWF004 定制1610梳妆台-B
13:24:49.441 @PWF005 
13:24:49.443 @PWF006 20
13:24:49.446 @PWF007 20
13:24:49.448 @PWF008 0
13:24:49.449 @PWF009 0
13:24:49.451 @PWF010 0
13:24:49.452 @PWF011 0
13:24:49.454 @PWF012 2018/9/3 13:24:36
13:24:49.456 @PWF013 2018/9/4 13:24:49
13:24:49.457 @PWF014 系统管理员
13:24:49.459 @PWF015 False
13:24:49.461 @PWF016 0
13:24:49.464 @PWF017 
13:24:49.468 @PWF001 20180904001
13:24:49.470 @PWF002 180904
13:24:49.472 @PWF003 1825.6.20.013
13:24:49.474 @PWF004 定制1603厅地柜
13:24:49.476 @PWF005 
13:24:49.478 @PWF006 50
13:24:49.479 @PWF007 50
13:24:49.481 @PWF008 0
13:24:49.482 @PWF009 0
13:24:49.484 @PWF010 0
13:24:49.486 @PWF011 0
13:24:49.487 @PWF012 2018/9/3 13:24:36
13:24:49.488 @PWF013 2018/9/4 13:24:49
13:24:49.489 @PWF014 系统管理员
13:24:49.491 @PWF015 False
13:24:49.492 @PWF016 0
13:24:49.493 @PWF017 
13:24:49.513 @PWF001 20180904001
13:24:49.515 @PWF002 180904
13:24:49.517 @PWF003 1825.6.20.015
13:24:49.518 @PWF004 定制102餐具柜2米
13:24:49.519 @PWF005 
13:24:49.520 @PWF006 100
13:24:49.521 @PWF007 10
13:24:49.523 @PWF008 0
13:24:49.525 @PWF009 0
13:24:49.527 @PWF010 0
13:24:49.529 @PWF011 0
13:24:49.531 @PWF012 2018/9/3 13:24:36
13:24:49.533 @PWF013 2018/9/4 13:24:49
13:24:49.535 @PWF014 系统管理员
13:24:49.537 @PWF015 False
13:24:49.539 @PWF016 0
13:24:49.541 @PWF017 
13:24:49.545 @PWF001 20180904001
13:24:49.548 @PWF002 180904
13:24:49.549 @PWF003 1825.6.20.011
13:24:49.551 @PWF004 定制12号梳妆台
13:24:49.552 @PWF005 
13:24:49.553 @PWF006 200
13:24:49.554 @PWF007 200
13:24:49.556 @PWF008 0
13:24:49.557 @PWF009 0
13:24:49.559 @PWF010 0
13:24:49.561 @PWF011 0
13:24:49.564 @PWF012 2018/9/3 13:24:36
13:24:49.566 @PWF013 2018/9/4 13:24:49
13:24:49.567 @PWF014 系统管理员
13:24:49.569 @PWF015 False
13:24:49.571 @PWF016 0
13:24:49.574 @PWF017 
13:24:59.378 @PWF001 20180904002
13:24:59.380 @PWF002 180904
13:24:59.382 @PWF003 1825.6.20.015
13:24:59.384 @PWF004 定制102餐具柜2米
13:24:59.385 @PWF005 
13:24:59.387 @PWF006 100
13:24:59.388 @PWF007 90
13:24:59.390 @PWF008 0
13:24:59.392 @PWF009 0
13:24:59.396 @PWF010 0
13:24:59.399 @PWF011 0
13:24:59.401 @PWF012 2018/9/3 13:24:57
13:24:59.403 @PWF013 2018/9/4 13:24:59
13:24:59.405 @PWF014 系统管理员
13:24:59.407 @PWF015 False
13:24:59.409 @PWF016 0
13:24:59.411 @PWF017 
13:46:36.301  异常信息：由于连接方在一段时间后没有正确答复或连接的主机没有反应，连接尝试失败。 192.168.1.188:80
  堆栈信息:   在 AutoUpdate.AppUpdate.DownloadFile(String url, String localFilePath) 位置 D:\ProjectData\MoXia\Carpenter\Carpenter\AppUpdate.cs:行号 242
   在 AutoUpdate.AppUpdate.CheckAppVersion(String& msg) 位置 D:\ProjectData\MoXia\Carpenter\Carpenter\AppUpdate.cs:行号 310
13:50:06.796 @EMP002 系统管理员
13:50:06.799 @EMP009 cebfd1559b68d67688884d7a3d3e8c
13:50:08.201 @EMP002 系统管理员
13:50:08.203 @EMP009 d2f278e251d1566edd72846d4ad97f
13:52:02.459  异常信息：由于连接方在一段时间后没有正确答复或连接的主机没有反应，连接尝试失败。 192.168.1.188:80
  堆栈信息:   在 AutoUpdate.AppUpdate.DownloadFile(String url, String localFilePath) 位置 D:\ProjectData\MoXia\Carpenter\Carpenter\AppUpdate.cs:行号 242
   在 AutoUpdate.AppUpdate.CheckAppVersion(String& msg) 位置 D:\ProjectData\MoXia\Carpenter\Carpenter\AppUpdate.cs:行号 310
13:52:50.077 @EMP002 系统管理员
13:52:50.079 @EMP009 d2f278e251d1566edd72846d4ad97f
13:54:10.037  异常信息：由于连接方在一段时间后没有正确答复或连接的主机没有反应，连接尝试失败。 192.168.1.188:80
  堆栈信息:   在 AutoUpdate.AppUpdate.DownloadFile(String url, String localFilePath) 位置 D:\ProjectData\MoXia\Carpenter\Carpenter\AppUpdate.cs:行号 242
   在 AutoUpdate.AppUpdate.CheckAppVersion(String& msg) 位置 D:\ProjectData\MoXia\Carpenter\Carpenter\AppUpdate.cs:行号 310
13:54:21.429 @EMP002 系统管理员
13:54:21.432 @EMP009 3cee5cb1ba255f71524cb5229c76634d
13:54:25.109 @EMP002 系统管理员
13:54:25.111 @EMP009 d2f278e251d1566edd72846d4ad97f
13:54:44.512 @PLF001 20180904001
13:54:44.514 @PLF002 180904
13:54:44.516 @PLF003 1825.6.20.009
13:54:44.518 @PLF004 定制1603厅地柜
13:54:44.520 @PLF005 
13:54:44.522 @PLF006 120
13:54:44.523 @PLF007 120
13:54:44.524 @PLF008 
13:54:44.526 @PLF009 
13:54:44.527 @PLF012 2018/9/3 13:54:42
13:54:44.531 @PLF013 2018/9/4 13:54:44
13:54:44.533 @PLF014 系统管理员
13:54:44.535 @PLF015 False
13:54:44.536 @PLF016 
13:54:44.538 @PLF010 
13:54:44.539 @PLF017 
13:54:44.544 @PLF001 20180904001
13:54:44.546 @PLF002 180904
13:54:44.549 @PLF003 1825.6.20.013
13:54:44.551 @PLF004 定制1603厅地柜
13:54:44.553 @PLF005 
13:54:44.555 @PLF006 50
13:54:44.557 @PLF007 50
13:54:44.558 @PLF008 
13:54:44.560 @PLF009 
13:54:44.562 @PLF012 2018/9/3 13:54:42
13:54:44.563 @PLF013 2018/9/4 13:54:44
13:54:44.565 @PLF014 系统管理员
13:54:44.567 @PLF015 False
13:54:44.568 @PLF016 
13:54:44.570 @PLF010 
13:54:44.571 @PLF017 
13:54:44.593 @PLF001 20180904001
13:54:44.595 @PLF002 180904
13:54:44.598 @PLF003 1825.6.20.012
13:54:44.600 @PLF004 定制1610梳妆台-B
13:54:44.602 @PLF005 
13:54:44.604 @PLF006 20
13:54:44.606 @PLF007 20
13:54:44.608 @PLF008 
13:54:44.610 @PLF009 
13:54:44.612 @PLF012 2018/9/3 13:54:42
13:54:44.615 @PLF013 2018/9/4 13:54:44
13:54:44.617 @PLF014 系统管理员
13:54:44.618 @PLF015 False
13:54:44.619 @PLF016 
13:54:44.621 @PLF010 
13:54:44.623 @PLF017 
13:54:44.646 @PLF001 20180904001
13:54:44.648 @PLF002 180904
13:54:44.650 @PLF003 1825.6.20.015
13:54:44.652 @PLF004 定制102餐具柜2米
13:54:44.653 @PLF005 
13:54:44.655 @PLF006 100
13:54:44.657 @PLF007 100
13:54:44.660 @PLF008 
13:54:44.662 @PLF009 
13:54:44.664 @PLF012 2018/9/3 13:54:42
13:54:44.666 @PLF013 2018/9/4 13:54:44
13:54:44.667 @PLF014 系统管理员
13:54:44.669 @PLF015 False
13:54:44.670 @PLF016 
13:54:44.672 @PLF010 
13:54:44.673 @PLF017 
13:54:44.740 @PLF001 20180904001
13:54:44.742 @PLF002 180904
13:54:44.743 @PLF003 1825.6.20.014
13:54:44.744 @PLF004 定制1605长茶几1.5米
13:54:44.746 @PLF005 
13:54:44.749 @PLF006 30
13:54:44.751 @PLF007 30
13:54:44.753 @PLF008 
13:54:44.755 @PLF009 
13:54:44.757 @PLF012 2018/9/3 13:54:42
13:54:44.759 @PLF013 2018/9/4 13:54:44
13:54:44.762 @PLF014 系统管理员
13:54:44.764 @PLF015 False
13:54:44.766 @PLF016 
13:54:44.767 @PLF010 
13:54:44.768 @PLF017 
13:54:44.772 @PLF001 20180904001
13:54:44.774 @PLF002 180904
13:54:44.776 @PLF003 1825.6.20.011
13:54:44.778 @PLF004 定制12号梳妆台
13:54:44.781 @PLF005 
13:54:44.783 @PLF006 200
13:54:44.785 @PLF007 200
13:54:44.788 @PLF008 
13:54:44.790 @PLF009 
13:54:44.792 @PLF012 2018/9/3 13:54:42
13:54:44.793 @PLF013 2018/9/4 13:54:44
13:54:44.795 @PLF014 系统管理员
13:54:44.798 @PLF015 False
13:54:44.800 @PLF016 
13:54:44.801 @PLF010 
13:54:44.803 @PLF017 
