17:11:43.386  异常信息：由于连接方在一段时间后没有正确答复或连接的主机没有反应，连接尝试失败。 192.168.1.188:80
  堆栈信息:   在 AutoUpdate.AppUpdate.DownloadFile(String url, String localFilePath) 位置 D:\Project data\MoXia\Carpenter\Carpenter\AppUpdate.cs:行号 242
   在 AutoUpdate.AppUpdate.CheckAppVersion(String& msg) 位置 D:\Project data\MoXia\Carpenter\Carpenter\AppUpdate.cs:行号 310
17:13:11.593 @EMP002 系统管理员
17:13:11.594 @EMP009 d2f278e251d1566edd72846d4ad97f
18:21:16.187  异常信息：由于连接方在一段时间后没有正确答复或连接的主机没有反应，连接尝试失败。 192.168.1.188:80
  堆栈信息:   在 AutoUpdate.AppUpdate.DownloadFile(String url, String localFilePath) 位置 D:\Project data\MoXia\Carpenter\Carpenter\AppUpdate.cs:行号 242
   在 AutoUpdate.AppUpdate.CheckAppVersion(String& msg) 位置 D:\Project data\MoXia\Carpenter\Carpenter\AppUpdate.cs:行号 310
18:21:23.674 @EMP002 系统管理员
18:21:23.677 @EMP009 d2f278e251d1566edd72846d4ad97f
19:38:13.572  异常信息：由于连接方在一段时间后没有正确答复或连接的主机没有反应，连接尝试失败。 192.168.1.188:80
  堆栈信息:   在 AutoUpdate.AppUpdate.DownloadFile(String url, String localFilePath) 位置 D:\Project data\MoXia\Carpenter\Carpenter\AppUpdate.cs:行号 242
   在 AutoUpdate.AppUpdate.CheckAppVersion(String& msg) 位置 D:\Project data\MoXia\Carpenter\Carpenter\AppUpdate.cs:行号 310
19:38:19.450 @EMP002 系统管理员
19:38:19.450 @EMP009 d2f278e251d1566edd72846d4ad97f
20:02:28.698  异常信息：由于连接方在一段时间后没有正确答复或连接的主机没有反应，连接尝试失败。 192.168.1.188:80
  堆栈信息:   在 AutoUpdate.AppUpdate.DownloadFile(String url, String localFilePath) 位置 D:\Project data\MoXia\Carpenter\Carpenter\AppUpdate.cs:行号 242
   在 AutoUpdate.AppUpdate.CheckAppVersion(String& msg) 位置 D:\Project data\MoXia\Carpenter\Carpenter\AppUpdate.cs:行号 310
20:02:38.872 @EMP002 系统管理员
20:02:38.887 @EMP009 d2f278e251d1566edd72846d4ad97f
20:04:42.728  异常信息：由于连接方在一段时间后没有正确答复或连接的主机没有反应，连接尝试失败。 192.168.1.188:80
  堆栈信息:   在 AutoUpdate.AppUpdate.DownloadFile(String url, String localFilePath) 位置 D:\Project data\MoXia\Carpenter\Carpenter\AppUpdate.cs:行号 242
   在 AutoUpdate.AppUpdate.CheckAppVersion(String& msg) 位置 D:\Project data\MoXia\Carpenter\Carpenter\AppUpdate.cs:行号 310
20:04:47.439 @EMP002 系统管理员
20:04:47.439 @EMP009 d2f278e251d1566edd72846d4ad97f
20:05:12.762 @idx 1571
20:05:12.762 @WOR005 003
20:05:12.762 @WOR006 床头下脚
20:05:12.777 @WOR007 45003
20:05:12.777 @WOR008 
20:05:12.777 @WOR009 
20:05:12.777 @WOR010 100
20:05:12.777 @WOR011 
20:05:12.777 @WOR012 
20:05:12.777 @WOR013 75
20:05:12.777 @WOR014 
20:05:12.777 @WOR015 
20:05:12.777 @WOR016 实木包拼
20:05:12.777 @WOR017 2
20:05:12.777 @WOR018 金丝柚AB包拼
20:05:12.777 @WOR019 0
20:05:12.793 @WOR020 
20:05:12.793 @WOR021 
20:05:12.793 @WOR022 
20:05:12.793 @WOR023 2018/5/25 20:05:12
20:05:12.793 @WOR024 系统管理员
20:05:12.793 @WOR025 
20:05:12.793 @WOR026 指接
20:05:12.793 @WOR027 
20:05:12.793 @WOR028 0
20:05:12.793 @WOR029 0
20:05:12.793 @WOR030 2
20:05:12.793 @WOR034 System.Byte[]
20:05:12.793 @WOR035 System.Byte[]
20:05:12.793 @WOR036 System.Byte[]
20:05:12.793 @WOR037 System.Byte[]
20:05:12.808 @WOR002 1
20:05:12.840 @idx 1582
20:05:12.840 @WOR005 014
20:05:12.840 @WOR006 床头角条
20:05:12.840 @WOR007 1439
20:05:12.840 @WOR008 
20:05:12.840 @WOR009 
20:05:12.840 @WOR010 25
20:05:12.840 @WOR011 
20:05:12.840 @WOR012 
20:05:12.840 @WOR013 18
20:05:12.840 @WOR014 
20:05:12.840 @WOR015 
20:05:12.840 @WOR016 实木
20:05:12.840 @WOR017 1
20:05:12.855 @WOR018 橡木指接板
20:05:12.855 @WOR019 0
20:05:12.855 @WOR020 
20:05:12.855 @WOR021 
20:05:12.855 @WOR022 
20:05:12.855 @WOR023 2018/5/25 20:05:12
20:05:12.855 @WOR024 系统管理员
20:05:12.855 @WOR025 
20:05:12.855 @WOR026 
20:05:12.855 @WOR027 
20:05:12.855 @WOR028 0
20:05:12.855 @WOR029 0
20:05:12.855 @WOR030 7
20:05:12.855 @WOR034 System.Byte[]
20:05:12.871 @WOR035 System.Byte[]
20:05:12.871 @WOR036 System.Byte[]
20:05:12.871 @WOR037 System.Byte[]
20:05:12.871 @WOR002 1
20:05:12.871 @idx 9576
20:05:12.871 @WOR005 007
20:05:12.871 @WOR006 下脚内芯
20:05:12.886 @WOR007 毛415
20:05:12.886 @WOR008 
20:05:12.886 @WOR009 
20:05:12.886 @WOR010 毛94
20:05:12.886 @WOR011 
20:05:12.886 @WOR012 
20:05:12.886 @WOR013 净61
20:05:12.886 @WOR014 
20:05:12.886 @WOR015 
20:05:12.886 @WOR016 包拼
20:05:12.886 @WOR017 2
20:05:12.886 @WOR018 金杂拼
20:05:12.886 @WOR019 0
20:05:12.886 @WOR020 
20:05:12.886 @WOR021 
20:05:12.902 @WOR022 下脚450*100*75
20:05:12.902 @WOR023 2018/5/25 20:05:12
20:05:12.902 @WOR024 系统管理员
20:05:12.902 @WOR025 
20:05:12.902 @WOR026 一头指接   修边尺寸：毛415*毛94*毛65
20:05:12.902 @WOR027 
20:05:12.902 @WOR028 0
20:05:12.902 @WOR029 0
20:05:12.902 @WOR030 
20:05:12.902 @WOR034 System.Byte[]
20:05:12.902 @WOR035 System.Byte[]
20:05:12.902 @WOR036 System.Byte[]
20:05:12.902 @WOR037 System.Byte[]
20:05:12.902 @WOR002 1
20:05:12.918 @idx 1584
20:05:12.918 @WOR005 016
20:05:12.918 @WOR006 床头边缝条
20:05:12.918 @WOR007 415
20:05:12.918 @WOR008 
20:05:12.918 @WOR009 
20:05:12.918 @WOR010 20
20:05:12.918 @WOR011 
20:05:12.918 @WOR012 
20:05:12.933 @WOR013 10
20:05:12.933 @WOR014 
20:05:12.933 @WOR015 
20:05:12.933 @WOR016 实木
20:05:12.933 @WOR017 2
20:05:12.933 @WOR018 金丝柚C
20:05:12.933 @WOR019 0
20:05:12.933 @WOR020 
20:05:12.933 @WOR021 
20:05:12.933 @WOR022 
20:05:12.933 @WOR023 2018/5/25 20:05:12
20:05:12.933 @WOR024 系统管理员
20:05:12.933 @WOR025 
20:05:12.933 @WOR026 按实锯
20:05:12.933 @WOR027 
20:05:12.933 @WOR028 0
20:05:12.933 @WOR029 0
20:05:12.949 @WOR030 5
20:05:12.949 @WOR034 System.Byte[]
20:05:12.949 @WOR035 System.Byte[]
20:05:12.949 @WOR036 System.Byte[]
20:05:12.949 @WOR037 System.Byte[]
20:05:12.949 @WOR002 1
20:05:12.949 @idx 1569
20:05:12.949 @WOR005 001
20:05:12.964 @WOR006 床头脚
20:05:12.964 @WOR007 108501
20:05:12.964 @WOR008 
20:05:12.964 @WOR009 
20:05:12.964 @WOR010 100
20:05:12.964 @WOR011 
20:05:12.964 @WOR012 
20:05:12.964 @WOR013 按模
20:05:12.964 @WOR014 
20:05:12.964 @WOR015 
20:05:12.964 @WOR016 
20:05:12.964 @WOR017 2
20:05:12.964 @WOR018 
20:05:12.964 @WOR019 0
20:05:12.964 @WOR020 
20:05:12.980 @WOR021 
20:05:12.980 @WOR022 
20:05:12.980 @WOR023 2018/5/25 20:05:12
20:05:12.980 @WOR024 系统管理员
20:05:12.980 @WOR025 
20:05:12.980 @WOR026 
20:05:12.980 @WOR027 
20:05:12.980 @WOR028 0
20:05:12.980 @WOR029 0
20:05:12.980 @WOR030 
20:05:12.980 @WOR034 System.Byte[]
20:05:12.980 @WOR035 System.Byte[]
20:05:12.980 @WOR036 System.Byte[]
20:05:12.980 @WOR037 System.Byte[]
20:05:12.980 @WOR002 1
20:05:12.996 @idx 9574
20:05:12.996 @WOR005 005
20:05:12.996 @WOR006 下脚后封边
20:05:12.996 @WOR007 毛465
20:05:12.996 @WOR008 
20:05:12.996 @WOR009 
20:05:12.996 @WOR010 毛94
20:05:12.996 @WOR011 
20:05:12.996 @WOR012 
20:05:12.996 @WOR013 净6
20:05:13.011 @WOR014 
20:05:13.011 @WOR015 
20:05:13.011 @WOR016 包拼
20:05:13.011 @WOR017 2
20:05:13.011 @WOR018 金A
20:05:13.011 @WOR019 0
20:05:13.011 @WOR020 
20:05:13.011 @WOR021 
20:05:13.011 @WOR022 第一包拼下脚450*100*75
20:05:13.011 @WOR023 2018/5/25 20:05:12
20:05:13.011 @WOR024 系统管理员
20:05:13.011 @WOR025 
20:05:13.011 @WOR026 拼大板
20:05:13.011 @WOR027 
20:05:13.027 @WOR028 0
20:05:13.027 @WOR029 0
20:05:13.027 @WOR030 
20:05:13.027 @WOR034 System.Byte[]
20:05:13.027 @WOR035 System.Byte[]
20:05:13.027 @WOR036 System.Byte[]
20:05:13.027 @WOR037 System.Byte[]
20:05:13.027 @WOR002 1
20:05:13.027 @idx 1578
20:05:13.042 @WOR005 010
20:05:13.042 @WOR006 床头下档
20:05:13.042 @WOR007 1500
20:05:13.042 @WOR008 
20:05:13.042 @WOR009 
20:05:13.042 @WOR010 45
20:05:13.042 @WOR011 
20:05:13.042 @WOR012 
20:05:13.042 @WOR013 45
20:05:13.042 @WOR014 
20:05:13.042 @WOR015 
20:05:13.042 @WOR016 实木
20:05:13.042 @WOR017 1
20:05:13.042 @WOR018 金丝柚A指接料
20:05:13.042 @WOR019 0
20:05:13.058 @WOR020 
20:05:13.058 @WOR021 
20:05:13.058 @WOR022 
20:05:13.058 @WOR023 2018/5/25 20:05:12
20:05:13.058 @WOR024 系统管理员
20:05:13.058 @WOR025 
20:05:13.058 @WOR026 榫净1440mm
20:05:13.058 @WOR027 
20:05:13.058 @WOR028 0
20:05:13.058 @WOR029 0
20:05:13.058 @WOR030 4
20:05:13.058 @WOR034 System.Byte[]
20:05:13.058 @WOR035 System.Byte[]
20:05:13.058 @WOR036 System.Byte[]
20:05:13.058 @WOR037 System.Byte[]
20:05:13.058 @WOR002 1
20:05:13.074 @idx 1579
20:05:13.074 @WOR005 011
20:05:13.074 @WOR006 床头下板
20:05:13.074 @WOR007 1440
20:05:13.074 @WOR008 
20:05:13.074 @WOR009 
20:05:13.074 @WOR010 285
20:05:13.074 @WOR011 
20:05:13.089 @WOR012 
20:05:13.089 @WOR013 18
20:05:13.089 @WOR014 
20:05:13.089 @WOR015 
20:05:13.089 @WOR016 板材
20:05:13.089 @WOR017 1
20:05:13.089 @WOR018 橡木指接板
20:05:13.089 @WOR019 0
20:05:13.089 @WOR020 
20:05:13.089 @WOR021 
20:05:13.089 @WOR022 
20:05:13.089 @WOR023 2018/5/25 20:05:12
20:05:13.089 @WOR024 系统管理员
20:05:13.089 @WOR025 
20:05:13.089 @WOR026 
20:05:13.089 @WOR027 
20:05:13.089 @WOR028 0
20:05:13.089 @WOR029 0
20:05:13.105 @WOR030 1
20:05:13.105 @WOR034 System.Byte[]
20:05:13.105 @WOR035 System.Byte[]
20:05:13.105 @WOR036 System.Byte[]
20:05:13.105 @WOR037 System.Byte[]
20:05:13.105 @WOR002 1
20:05:13.105 @idx 1577
20:05:13.105 @WOR005 009
20:05:13.105 @WOR006 床头上档
20:05:13.120 @WOR007 1500
20:05:13.120 @WOR008 
20:05:13.120 @WOR009 
20:05:13.120 @WOR010 70
20:05:13.120 @WOR011 
20:05:13.120 @WOR012 
20:05:13.120 @WOR013 35
20:05:13.120 @WOR014 
20:05:13.120 @WOR015 
20:05:13.120 @WOR016 实木
20:05:13.120 @WOR017 1
20:05:13.120 @WOR018 金丝柚C指接料
20:05:13.120 @WOR019 0
20:05:13.120 @WOR020 
20:05:13.120 @WOR021 
20:05:13.120 @WOR022 
20:05:13.120 @WOR023 2018/5/25 20:05:12
20:05:13.136 @WOR024 系统管理员
20:05:13.136 @WOR025 
20:05:13.136 @WOR026 榫净1440mm
20:05:13.136 @WOR027 
20:05:13.136 @WOR028 0
20:05:13.136 @WOR029 0
20:05:13.136 @WOR030 3
20:05:13.136 @WOR034 System.Byte[]
20:05:13.136 @WOR035 System.Byte[]
20:05:13.136 @WOR036 System.Byte[]
20:05:13.136 @WOR037 System.Byte[]
20:05:13.136 @WOR002 1
20:05:13.167 @idx 9575
20:05:13.167 @WOR005 006
20:05:13.167 @WOR006 下脚侧封边
20:05:13.167 @WOR007 毛465
20:05:13.167 @WOR008 
20:05:13.167 @WOR009 
20:05:13.167 @WOR010 毛77
20:05:13.167 @WOR011 
20:05:13.167 @WOR012 
20:05:13.167 @WOR013 净6
20:05:13.167 @WOR014 
20:05:13.167 @WOR015 
20:05:13.167 @WOR016 包拼
20:05:13.183 @WOR017 4
20:05:13.183 @WOR018 金A
20:05:13.183 @WOR019 0
20:05:13.183 @WOR020 
20:05:13.183 @WOR021 
20:05:13.183 @WOR022 第二包拼下脚450*100*75
20:05:13.183 @WOR023 2018/5/25 20:05:12
20:05:13.183 @WOR024 系统管理员
20:05:13.183 @WOR025 
20:05:13.183 @WOR026 拼大板
20:05:13.183 @WOR027 
20:05:13.183 @WOR028 0
20:05:13.183 @WOR029 0
20:05:13.183 @WOR030 
20:05:13.183 @WOR034 System.Byte[]
20:05:13.183 @WOR035 System.Byte[]
20:05:13.183 @WOR036 System.Byte[]
20:05:13.198 @WOR037 System.Byte[]
20:05:13.198 @WOR002 1
20:05:13.198 @idx 1580
20:05:13.198 @WOR005 012
20:05:13.198 @WOR006 床头后条
20:05:13.198 @WOR007 280
20:05:13.198 @WOR008 
20:05:13.198 @WOR009 
20:05:13.198 @WOR010 25
20:05:13.214 @WOR011 
20:05:13.214 @WOR012 
20:05:13.214 @WOR013 18
20:05:13.214 @WOR014 
20:05:13.214 @WOR015 
20:05:13.214 @WOR016 板材
20:05:13.214 @WOR017 2
20:05:13.214 @WOR018 橡木指接板
20:05:13.214 @WOR019 0
20:05:13.214 @WOR020 
20:05:13.214 @WOR021 
20:05:13.214 @WOR022 
20:05:13.214 @WOR023 2018/5/25 20:05:12
20:05:13.214 @WOR024 系统管理员
20:05:13.214 @WOR025 
20:05:13.214 @WOR026 
20:05:13.214 @WOR027 
20:05:13.230 @WOR028 0
20:05:13.230 @WOR029 0
20:05:13.230 @WOR030 2
20:05:13.230 @WOR034 System.Byte[]
20:05:13.230 @WOR035 System.Byte[]
20:05:13.230 @WOR036 System.Byte[]
20:05:13.230 @WOR037 System.Byte[]
20:05:13.230 @WOR002 1
20:05:13.230 @idx 1581
20:05:13.245 @WOR005 013
20:05:13.245 @WOR006 床头板
20:05:13.245 @WOR007 650
20:05:13.245 @WOR008 
20:05:13.245 @WOR009 
20:05:13.245 @WOR010 158.5
20:05:13.245 @WOR011 
20:05:13.245 @WOR012 
20:05:13.245 @WOR013 35
20:05:13.245 @WOR014 
20:05:13.245 @WOR015 
20:05:13.245 @WOR016 拼板
20:05:13.245 @WOR017 9
20:05:13.245 @WOR018 金丝柚四清
20:05:13.245 @WOR019 0
20:05:13.261 @WOR020 
20:05:13.261 @WOR021 
20:05:13.261 @WOR022 床头上脚与床头板颜色一致
20:05:13.261 @WOR023 2018/5/25 20:05:12
20:05:13.261 @WOR024 系统管理员
20:05:13.261 @WOR025 
20:05:13.261 @WOR026 一头锯下65对号胶压  可二三拼
20:05:13.261 @WOR027 660
20:05:13.261 @WOR028 0
20:05:13.261 @WOR029 0
20:05:13.261 @WOR030 6
20:05:13.261 @WOR034 System.Byte[]
20:05:13.261 @WOR035 System.Byte[]
20:05:13.261 @WOR036 System.Byte[]
20:05:13.261 @WOR037 System.Byte[]
20:05:13.276 @WOR002 1
20:05:13.276 @idx 9577
20:05:13.276 @WOR005 008
20:05:13.276 @WOR006 下脚下接头
20:05:13.276 @WOR007 毛65
20:05:13.276 @WOR008 
20:05:13.276 @WOR009 
20:05:13.276 @WOR010 毛94
20:05:13.276 @WOR011 
20:05:13.276 @WOR012 
20:05:13.292 @WOR013 净61
20:05:13.292 @WOR014 
20:05:13.292 @WOR015 
20:05:13.292 @WOR016 包拼
20:05:13.292 @WOR017 2
20:05:13.292 @WOR018 金B
20:05:13.292 @WOR019 0
20:05:13.292 @WOR020 
20:05:13.292 @WOR021 
20:05:13.292 @WOR022 下脚450*100*75
20:05:13.292 @WOR023 2018/5/25 20:05:12
20:05:13.292 @WOR024 系统管理员
20:05:13.292 @WOR025 
20:05:13.292 @WOR026 一头指接可拼大板   修边尺寸：毛65*毛94*毛65
20:05:13.292 @WOR027 
20:05:13.292 @WOR028 0
20:05:13.308 @WOR029 0
20:05:13.308 @WOR030 
20:05:13.308 @WOR034 System.Byte[]
20:05:13.308 @WOR035 System.Byte[]
20:05:13.308 @WOR036 System.Byte[]
20:05:13.308 @WOR037 System.Byte[]
20:05:13.308 @WOR002 1
20:05:13.308 @idx 1583
20:05:13.308 @WOR005 015
20:05:13.323 @WOR006 床头缝条
20:05:13.323 @WOR007 413
20:05:13.323 @WOR008 
20:05:13.323 @WOR009 
20:05:13.323 @WOR010 25
20:05:13.323 @WOR011 
20:05:13.323 @WOR012 
20:05:13.323 @WOR013 5
20:05:13.323 @WOR014 
20:05:13.323 @WOR015 
20:05:13.323 @WOR016 实木
20:05:13.323 @WOR017 8
20:05:13.323 @WOR018 金丝柚C
20:05:13.323 @WOR019 0
20:05:13.323 @WOR020 
20:05:13.323 @WOR021 
20:05:13.339 @WOR022 
20:05:13.339 @WOR023 2018/5/25 20:05:12
20:05:13.339 @WOR024 系统管理员
20:05:13.339 @WOR025 
20:05:13.339 @WOR026 按实锯
20:05:13.339 @WOR027 
20:05:13.339 @WOR028 0
20:05:13.339 @WOR029 0
20:05:13.339 @WOR030 8
20:05:13.339 @WOR034 System.Byte[]
20:05:13.339 @WOR035 System.Byte[]
20:05:13.339 @WOR036 System.Byte[]
20:05:13.339 @WOR037 System.Byte[]
20:05:13.339 @WOR002 1
20:05:13.354 @idx 1570
20:05:13.354 @WOR005 002
20:05:13.354 @WOR006 床头上脚
20:05:13.354 @WOR007 65002
20:05:13.354 @WOR008 
20:05:13.354 @WOR009 
20:05:13.354 @WOR010 100
20:05:13.354 @WOR011 
20:05:13.354 @WOR012 
20:05:13.354 @WOR013 按模
20:05:13.370 @WOR014 
20:05:13.370 @WOR015 
20:05:13.370 @WOR016 实木
20:05:13.370 @WOR017 2
20:05:13.370 @WOR018 金丝柚AB
20:05:13.370 @WOR019 0
20:05:13.370 @WOR020 
20:05:13.370 @WOR021 
20:05:13.370 @WOR022 用两面光料35+35+35砂拼
床头上脚与床头板颜色一致  断好  直接画线
20:05:13.370 @WOR023 2018/5/25 20:05:12
20:05:13.370 @WOR024 系统管理员
20:05:13.370 @WOR025 
20:05:13.370 @WOR026 指接
20:05:13.370 @WOR027 650
20:05:13.370 @WOR028 0
20:05:13.370 @WOR029 0
20:05:13.370 @WOR030 1
20:05:13.386 @WOR034 System.Byte[]
20:05:13.386 @WOR035 System.Byte[]
20:05:13.386 @WOR036 System.Byte[]
20:05:13.386 @WOR037 System.Byte[]
20:05:13.386 @WOR002 1
20:05:46.411 @idx 1570
20:05:46.411 @WOR005 002
20:05:46.427 @WOR006 床头上脚
20:05:46.427 @WOR007 65002
20:05:46.427 @WOR008 
20:05:46.427 @WOR009 
20:05:46.427 @WOR010 100
20:05:46.427 @WOR011 
20:05:46.442 @WOR012 
20:05:46.442 @WOR013 按模
20:05:46.442 @WOR014 
20:05:46.442 @WOR015 
20:05:46.442 @WOR016 实木
20:05:46.442 @WOR017 2
20:05:46.442 @WOR018 金丝柚AB
20:05:46.442 @WOR019 0
20:05:46.442 @WOR020 
20:05:46.458 @WOR021 
20:05:46.458 @WOR022 用两面光料35+35+35砂拼
床头上脚与床头板颜色一致  断好  直接画线
20:05:46.458 @WOR023 2018/5/25 20:05:46
20:05:46.458 @WOR024 系统管理员
20:05:46.458 @WOR025 
20:05:46.458 @WOR026 指接
20:05:46.458 @WOR027 650
20:05:46.458 @WOR028 0
20:05:46.458 @WOR029 0
20:05:46.458 @WOR030 1
20:05:46.473 @WOR034 System.Byte[]
20:05:46.473 @WOR035 System.Byte[]
20:05:46.473 @WOR036 System.Byte[]
20:05:46.473 @WOR037 System.Byte[]
20:05:46.473 @WOR002 1
20:05:46.489 @idx 1581
20:05:46.489 @WOR005 013
20:05:46.489 @WOR006 床头板
20:05:46.489 @WOR007 650
20:05:46.505 @WOR008 
20:05:46.505 @WOR009 
20:05:46.505 @WOR010 158.5
20:05:46.505 @WOR011 
20:05:46.505 @WOR012 
20:05:46.505 @WOR013 35
20:05:46.505 @WOR014 
20:05:46.505 @WOR015 
20:05:46.505 @WOR016 拼板
20:05:46.505 @WOR017 9
20:05:46.520 @WOR018 金丝柚四清
20:05:46.520 @WOR019 0
20:05:46.520 @WOR020 
20:05:46.520 @WOR021 
20:05:46.520 @WOR022 床头上脚与床头板颜色一致
20:05:46.520 @WOR023 2018/5/25 20:05:46
20:05:46.520 @WOR024 系统管理员
20:05:46.520 @WOR025 
20:05:46.520 @WOR026 一头锯下65对号胶压  可二三拼
20:05:46.520 @WOR027 660
20:05:46.520 @WOR028 0
20:05:46.520 @WOR029 0
20:05:46.520 @WOR030 6
20:05:46.520 @WOR034 System.Byte[]
20:05:46.520 @WOR035 System.Byte[]
20:05:46.536 @WOR036 System.Byte[]
20:05:46.536 @WOR037 System.Byte[]
20:05:46.536 @WOR002 1
20:05:46.536 @idx 1578
20:05:46.536 @WOR005 010
20:05:46.536 @WOR006 床头下档
20:05:46.536 @WOR007 1500
20:05:46.551 @WOR008 
20:05:46.551 @WOR009 
20:05:46.551 @WOR010 45
20:05:46.551 @WOR011 
20:05:46.551 @WOR012 
20:05:46.551 @WOR013 45
20:05:46.551 @WOR014 
20:05:46.551 @WOR015 
20:05:46.551 @WOR016 实木
20:05:46.551 @WOR017 1
20:05:46.551 @WOR018 金丝柚A指接料
20:05:46.551 @WOR019 0
20:05:46.551 @WOR020 
20:05:46.551 @WOR021 
20:05:46.551 @WOR022 
20:05:46.567 @WOR023 2018/5/25 20:05:46
20:05:46.567 @WOR024 系统管理员
20:05:46.567 @WOR025 
20:05:46.567 @WOR026 榫净1440mm
20:05:46.567 @WOR027 
20:05:46.567 @WOR028 0
20:05:46.567 @WOR029 0
20:05:46.567 @WOR030 4
20:05:46.567 @WOR034 System.Byte[]
20:05:46.567 @WOR035 System.Byte[]
20:05:46.567 @WOR036 System.Byte[]
20:05:46.567 @WOR037 System.Byte[]
20:05:46.567 @WOR002 1
20:05:46.583 @idx 1577
20:05:46.583 @WOR005 009
20:05:46.583 @WOR006 床头上档
20:05:46.583 @WOR007 1500
20:05:46.583 @WOR008 
20:05:46.583 @WOR009 
20:05:46.583 @WOR010 70
20:05:46.583 @WOR011 
20:05:46.583 @WOR012 
20:05:46.583 @WOR013 35
20:05:46.583 @WOR014 
20:05:46.598 @WOR015 
20:05:46.598 @WOR016 实木
20:05:46.598 @WOR017 1
20:05:46.598 @WOR018 金丝柚C指接料
20:05:46.598 @WOR019 0
20:05:46.598 @WOR020 
20:05:46.598 @WOR021 
20:05:46.598 @WOR022 
20:05:46.598 @WOR023 2018/5/25 20:05:46
20:05:46.598 @WOR024 系统管理员
20:05:46.598 @WOR025 
20:05:46.598 @WOR026 榫净1440mm
20:05:46.598 @WOR027 
20:05:46.598 @WOR028 0
20:05:46.598 @WOR029 0
20:05:46.598 @WOR030 3
20:05:46.598 @WOR034 System.Byte[]
20:05:46.614 @WOR035 System.Byte[]
20:05:46.614 @WOR036 System.Byte[]
20:05:46.614 @WOR037 System.Byte[]
20:05:46.614 @WOR002 1
20:05:46.614 @idx 9576
20:05:46.614 @WOR005 007
20:05:46.614 @WOR006 下脚内芯
20:05:46.614 @WOR007 毛415
20:05:46.614 @WOR008 
20:05:46.629 @WOR009 
20:05:46.629 @WOR010 毛94
20:05:46.629 @WOR011 
20:05:46.629 @WOR012 
20:05:46.629 @WOR013 净61
20:05:46.629 @WOR014 
20:05:46.629 @WOR015 
20:05:46.629 @WOR016 包拼
20:05:46.629 @WOR017 2
20:05:46.629 @WOR018 金杂拼
20:05:46.629 @WOR019 0
20:05:46.629 @WOR020 
20:05:46.629 @WOR021 
20:05:46.629 @WOR022 下脚450*100*75
20:05:46.629 @WOR023 2018/5/25 20:05:46
20:05:46.645 @WOR024 系统管理员
20:05:46.645 @WOR025 
20:05:46.645 @WOR026 一头指接   修边尺寸：毛415*毛94*毛65
20:05:46.645 @WOR027 
20:05:46.645 @WOR028 0
20:05:46.645 @WOR029 0
20:05:46.645 @WOR030 
20:05:46.645 @WOR034 System.Byte[]
20:05:46.645 @WOR035 System.Byte[]
20:05:46.645 @WOR036 System.Byte[]
20:05:46.645 @WOR037 System.Byte[]
20:05:46.645 @WOR002 1
20:05:46.676 @idx 1580
20:05:46.676 @WOR005 012
20:05:46.676 @WOR006 床头后条
20:05:46.676 @WOR007 280
20:05:46.676 @WOR008 
20:05:46.676 @WOR009 
20:05:46.676 @WOR010 25
20:05:46.676 @WOR011 
20:05:46.676 @WOR012 
20:05:46.676 @WOR013 18
20:05:46.676 @WOR014 
20:05:46.676 @WOR015 
20:05:46.676 @WOR016 板材
20:05:46.692 @WOR017 2
20:05:46.692 @WOR018 橡木指接板
20:05:46.692 @WOR019 0
20:05:46.692 @WOR020 
20:05:46.692 @WOR021 
20:05:46.692 @WOR022 
20:05:46.692 @WOR023 2018/5/25 20:05:46
20:05:46.692 @WOR024 系统管理员
20:05:46.692 @WOR025 
20:05:46.692 @WOR026 
20:05:46.692 @WOR027 
20:05:46.692 @WOR028 0
20:05:46.692 @WOR029 0
20:05:46.692 @WOR030 2
20:05:46.692 @WOR034 System.Byte[]
20:05:46.692 @WOR035 System.Byte[]
20:05:46.707 @WOR036 System.Byte[]
20:05:46.707 @WOR037 System.Byte[]
20:05:46.707 @WOR002 1
20:05:46.723 @idx 1583
20:05:46.723 @WOR005 015
20:05:46.723 @WOR006 床头缝条
20:05:46.723 @WOR007 413
20:05:46.723 @WOR008 
20:05:46.723 @WOR009 
20:05:46.723 @WOR010 25
20:05:46.739 @WOR011 
20:05:46.739 @WOR012 
20:05:46.739 @WOR013 5
20:05:46.739 @WOR014 
20:05:46.739 @WOR015 
20:05:46.739 @WOR016 实木
20:05:46.739 @WOR017 8
20:05:46.739 @WOR018 金丝柚C
20:05:46.739 @WOR019 0
20:05:46.739 @WOR020 
20:05:46.739 @WOR021 
20:05:46.739 @WOR022 
20:05:46.739 @WOR023 2018/5/25 20:05:46
20:05:46.739 @WOR024 系统管理员
20:05:46.739 @WOR025 
20:05:46.739 @WOR026 按实锯
20:05:46.739 @WOR027 
20:05:46.754 @WOR028 0
20:05:46.754 @WOR029 0
20:05:46.754 @WOR030 8
20:05:46.754 @WOR034 System.Byte[]
20:05:46.754 @WOR035 System.Byte[]
20:05:46.754 @WOR036 System.Byte[]
20:05:46.754 @WOR037 System.Byte[]
20:05:46.754 @WOR002 1
20:05:46.785 @idx 1584
20:05:46.785 @WOR005 016
20:05:46.785 @WOR006 床头边缝条
20:05:46.785 @WOR007 415
20:05:46.785 @WOR008 
20:05:46.785 @WOR009 
20:05:46.785 @WOR010 20
20:05:46.785 @WOR011 
20:05:46.785 @WOR012 
20:05:46.801 @WOR013 10
20:05:46.801 @WOR014 
20:05:46.801 @WOR015 
20:05:46.801 @WOR016 实木
20:05:46.801 @WOR017 2
20:05:46.801 @WOR018 金丝柚C
20:05:46.801 @WOR019 0
20:05:46.801 @WOR020 
20:05:46.801 @WOR021 
20:05:46.801 @WOR022 
20:05:46.801 @WOR023 2018/5/25 20:05:46
20:05:46.801 @WOR024 系统管理员
20:05:46.801 @WOR025 
20:05:46.801 @WOR026 按实锯
20:05:46.801 @WOR027 
20:05:46.817 @WOR028 0
20:05:46.817 @WOR029 0
20:05:46.817 @WOR030 5
20:05:46.817 @WOR034 System.Byte[]
20:05:46.817 @WOR035 System.Byte[]
20:05:46.817 @WOR036 System.Byte[]
20:05:46.817 @WOR037 System.Byte[]
20:05:46.817 @WOR002 1
20:05:46.817 @idx 9577
20:05:46.832 @WOR005 008
20:05:46.832 @WOR006 下脚下接头
20:05:46.832 @WOR007 毛65
20:05:46.832 @WOR008 
20:05:46.832 @WOR009 
20:05:46.832 @WOR010 毛94
20:05:46.832 @WOR011 
20:05:46.832 @WOR012 
20:05:46.832 @WOR013 净61
20:05:46.832 @WOR014 
20:05:46.832 @WOR015 
20:05:46.832 @WOR016 包拼
20:05:46.848 @WOR017 2
20:05:46.848 @WOR018 金B
20:05:46.848 @WOR019 0
20:05:46.848 @WOR020 
20:05:46.848 @WOR021 
20:05:46.848 @WOR022 下脚450*100*75
20:05:46.848 @WOR023 2018/5/25 20:05:46
20:05:46.848 @WOR024 系统管理员
20:05:46.848 @WOR025 
20:05:46.848 @WOR026 一头指接可拼大板   修边尺寸：毛65*毛94*毛65
20:05:46.848 @WOR027 
20:05:46.848 @WOR028 0
20:05:46.848 @WOR029 0
20:05:46.863 @WOR030 
20:05:46.863 @WOR034 System.Byte[]
20:05:46.863 @WOR035 System.Byte[]
20:05:46.863 @WOR036 System.Byte[]
20:05:46.863 @WOR037 System.Byte[]
20:05:46.863 @WOR002 1
20:05:46.863 @idx 1569
20:05:46.879 @WOR005 001
20:05:46.879 @WOR006 床头脚
20:05:46.879 @WOR007 108501
20:05:46.879 @WOR008 
20:05:46.879 @WOR009 
20:05:46.879 @WOR010 100
20:05:46.879 @WOR011 
20:05:46.879 @WOR012 
20:05:46.879 @WOR013 按模
20:05:46.879 @WOR014 
20:05:46.879 @WOR015 
20:05:46.879 @WOR016 
20:05:46.895 @WOR017 2
20:05:46.895 @WOR018 
20:05:46.895 @WOR019 0
20:05:46.895 @WOR020 
20:05:46.895 @WOR021 
20:05:46.895 @WOR022 
20:05:46.895 @WOR023 2018/5/25 20:05:46
20:05:46.895 @WOR024 系统管理员
20:05:46.895 @WOR025 
20:05:46.895 @WOR026 
20:05:46.895 @WOR027 
20:05:46.895 @WOR028 0
20:05:46.895 @WOR029 0
20:05:46.910 @WOR030 
20:05:46.910 @WOR034 System.Byte[]
20:05:46.910 @WOR035 System.Byte[]
20:05:46.910 @WOR036 System.Byte[]
20:05:46.910 @WOR037 System.Byte[]
20:05:46.910 @WOR002 1
20:05:46.910 @idx 1571
20:05:46.926 @WOR005 003
20:05:46.926 @WOR006 床头下脚
20:05:46.926 @WOR007 450031
20:05:46.926 @WOR008 
20:05:46.926 @WOR009 
20:05:46.926 @WOR010 100
20:05:46.926 @WOR011 
20:05:46.926 @WOR012 
20:05:46.926 @WOR013 75
20:05:46.926 @WOR014 
20:05:46.926 @WOR015 
20:05:46.941 @WOR016 实木包拼
20:05:46.941 @WOR017 2
20:05:46.941 @WOR018 金丝柚AB包拼
20:05:46.941 @WOR019 0
20:05:46.941 @WOR020 
20:05:46.941 @WOR021 
20:05:46.941 @WOR022 
20:05:46.941 @WOR023 2018/5/25 20:05:46
20:05:46.941 @WOR024 系统管理员
20:05:46.941 @WOR025 
20:05:46.941 @WOR026 指接
20:05:46.941 @WOR027 
20:05:46.957 @WOR028 0
20:05:46.957 @WOR029 0
20:05:46.957 @WOR030 2
20:05:46.957 @WOR034 System.Byte[]
20:05:46.957 @WOR035 System.Byte[]
20:05:46.957 @WOR036 System.Byte[]
20:05:46.957 @WOR037 System.Byte[]
20:05:46.957 @WOR002 1
20:05:46.973 @idx 1579
20:05:46.973 @WOR005 011
20:05:46.973 @WOR006 床头下板
20:05:46.973 @WOR007 1440
20:05:46.973 @WOR008 
20:05:46.973 @WOR009 
20:05:46.973 @WOR010 285
20:05:46.973 @WOR011 
20:05:46.973 @WOR012 
20:05:46.973 @WOR013 18
20:05:46.973 @WOR014 
20:05:46.973 @WOR015 
20:05:46.988 @WOR016 板材
20:05:46.988 @WOR017 1
20:05:46.988 @WOR018 橡木指接板
20:05:46.988 @WOR019 0
20:05:46.988 @WOR020 
20:05:46.988 @WOR021 
20:05:46.988 @WOR022 
20:05:46.988 @WOR023 2018/5/25 20:05:46
20:05:46.988 @WOR024 系统管理员
20:05:46.988 @WOR025 
20:05:46.988 @WOR026 
20:05:46.988 @WOR027 
20:05:47.004 @WOR028 0
20:05:47.004 @WOR029 0
20:05:47.004 @WOR030 1
20:05:47.004 @WOR034 System.Byte[]
20:05:47.004 @WOR035 System.Byte[]
20:05:47.004 @WOR036 System.Byte[]
20:05:47.004 @WOR037 System.Byte[]
20:05:47.004 @WOR002 1
20:05:47.019 @idx 1582
20:05:47.019 @WOR005 014
20:05:47.019 @WOR006 床头角条
20:05:47.019 @WOR007 1439
20:05:47.019 @WOR008 
20:05:47.019 @WOR009 
20:05:47.019 @WOR010 25
20:05:47.019 @WOR011 
20:05:47.019 @WOR012 
20:05:47.019 @WOR013 18
20:05:47.019 @WOR014 
20:05:47.019 @WOR015 
20:05:47.019 @WOR016 实木
20:05:47.019 @WOR017 1
20:05:47.019 @WOR018 橡木指接板
20:05:47.035 @WOR019 0
20:05:47.035 @WOR020 
20:05:47.035 @WOR021 
20:05:47.035 @WOR022 
20:05:47.035 @WOR023 2018/5/25 20:05:46
20:05:47.035 @WOR024 系统管理员
20:05:47.035 @WOR025 
20:05:47.035 @WOR026 
20:05:47.035 @WOR027 
20:05:47.035 @WOR028 0
20:05:47.035 @WOR029 0
20:05:47.035 @WOR030 7
20:05:47.035 @WOR034 System.Byte[]
20:05:47.035 @WOR035 System.Byte[]
20:05:47.035 @WOR036 System.Byte[]
20:05:47.035 @WOR037 System.Byte[]
20:05:47.035 @WOR002 1
20:12:44.513  异常信息：由于连接方在一段时间后没有正确答复或连接的主机没有反应，连接尝试失败。 192.168.1.188:80
  堆栈信息:   在 AutoUpdate.AppUpdate.DownloadFile(String url, String localFilePath) 位置 D:\Project data\MoXia\Carpenter\Carpenter\AppUpdate.cs:行号 242
   在 AutoUpdate.AppUpdate.CheckAppVersion(String& msg) 位置 D:\Project data\MoXia\Carpenter\Carpenter\AppUpdate.cs:行号 310
20:13:37.733 @EMP002 系统管理员
20:13:37.749 @EMP009 d2f278e251d1566edd72846d4ad97f
20:14:10.038 @idx 5058
20:14:10.054 @WOR005 008
20:14:10.054 @WOR006 后靠框
20:14:10.054 @WOR007 1570
20:14:10.054 @WOR008 
20:14:10.054 @WOR009 
20:14:10.054 @WOR010 630
20:14:10.054 @WOR011 
20:14:10.054 @WOR012 
20:14:10.054 @WOR013 18
20:14:10.069 @WOR014 
20:14:10.069 @WOR015 
20:14:10.069 @WOR016 
20:14:10.069 @WOR017 1
20:14:10.069 @WOR018 
20:14:10.069 @WOR019 0
20:14:10.069 @WOR020 
20:14:10.069 @WOR021 
20:14:10.069 @WOR022 
20:14:10.069 @WOR023 2018/5/25 20:14:09
20:14:10.085 @WOR024 系统管理员
20:14:10.085 @WOR025 
20:14:10.085 @WOR026 
20:14:10.085 @WOR027 
20:14:10.085 @WOR028 0
20:14:10.085 @WOR029 0
20:14:10.085 @WOR030 
20:14:10.085 @WOR034 System.Byte[]
20:14:10.085 @WOR035 System.Byte[]
20:14:10.085 @WOR036 System.Byte[]
20:14:10.085 @WOR037 System.Byte[]
20:14:10.085 @WOR002 1
20:14:10.101 @idx 5051
20:14:10.101 @WOR005 001
20:14:10.101 @WOR006 床头脚
20:14:10.101 @WOR007 1180
20:14:10.101 @WOR008 
20:14:10.101 @WOR009 
20:14:10.101 @WOR010 按模
20:14:10.101 @WOR011 
20:14:10.101 @WOR012 
20:14:10.101 @WOR013 60
20:14:10.116 @WOR014 
20:14:10.116 @WOR015 
20:14:10.116 @WOR016 
20:14:10.116 @WOR017 2
20:14:10.116 @WOR018 
20:14:10.116 @WOR019 0
20:14:10.116 @WOR020 
20:14:10.116 @WOR021 
20:14:10.116 @WOR022 
20:14:10.116 @WOR023 2018/5/25 20:14:09
20:14:10.116 @WOR024 系统管理员
20:14:10.116 @WOR025 
20:14:10.116 @WOR026 
20:14:10.116 @WOR027 
20:14:10.116 @WOR028 0
20:14:10.116 @WOR029 0
20:14:10.116 @WOR030 
20:14:10.132 @WOR034 System.Byte[]
20:14:10.132 @WOR035 System.Byte[]
20:14:10.132 @WOR036 System.Byte[]
20:14:10.134 @WOR037 System.Byte[]
20:14:10.134 @WOR002 1
20:14:10.137 @idx 5055
20:14:10.137 @WOR005 005
20:14:10.137 @WOR006 床靠边档
20:14:10.137 @WOR007 175
20:14:10.137 @WOR008 
20:14:10.137 @WOR009 
20:14:10.137 @WOR010 60
20:14:10.137 @WOR011 
20:14:10.137 @WOR012 
20:14:10.137 @WOR013 45
20:14:10.152 @WOR014 
20:14:10.152 @WOR015 
20:14:10.152 @WOR016 实木
20:14:10.152 @WOR017 2
20:14:10.152 @WOR018 金丝柚AB
20:14:10.152 @WOR019 0
20:14:10.152 @WOR020 
20:14:10.152 @WOR021 
20:14:10.152 @WOR022 做60面直纹
可二节一连断360
20:14:10.152 @WOR023 2018/5/25 20:14:09
20:14:10.152 @WOR024 系统管理员
20:14:10.152 @WOR025 
20:14:10.152 @WOR026 
20:14:10.152 @WOR027 210
20:14:10.168 @WOR028 0
20:14:10.168 @WOR029 0
20:14:10.168 @WOR030 4
20:14:10.168 @WOR034 System.Byte[]
20:14:10.168 @WOR035 System.Byte[]
20:14:10.168 @WOR036 System.Byte[]
20:14:10.168 @WOR037 System.Byte[]
20:14:10.168 @WOR002 1
20:14:10.168 @idx 5060
20:14:10.184 @WOR005 010
20:14:10.184 @WOR006 内竖档
20:14:10.184 @WOR007 570
20:14:10.184 @WOR008 
20:14:10.184 @WOR009 
20:14:10.184 @WOR010 60
20:14:10.184 @WOR011 
20:14:10.184 @WOR012 
20:14:10.184 @WOR013 18
20:14:10.184 @WOR014 
20:14:10.184 @WOR015 
20:14:10.184 @WOR016 板材
20:14:10.184 @WOR017 7
20:14:10.184 @WOR018 橡木指接板
20:14:10.199 @WOR019 0
20:14:10.199 @WOR020 
20:14:10.199 @WOR021 
20:14:10.199 @WOR022 
20:14:10.199 @WOR023 2018/5/25 20:14:09
20:14:10.199 @WOR024 系统管理员
20:14:10.199 @WOR025 
20:14:10.199 @WOR026 榫净510mm
20:14:10.199 @WOR027 
20:14:10.199 @WOR028 0
20:14:10.199 @WOR029 0
20:14:10.199 @WOR030 2
20:14:10.199 @WOR034 System.Byte[]
20:14:10.199 @WOR035 System.Byte[]
20:14:10.199 @WOR036 System.Byte[]
20:14:10.199 @WOR037 System.Byte[]
20:14:10.215 @WOR002 1
20:14:10.215 @idx 5064
20:14:10.215 @WOR005 016
20:14:10.215 @WOR006 床头后条
20:14:10.215 @WOR007 235
20:14:10.215 @WOR008 
20:14:10.215 @WOR009 
20:14:10.215 @WOR010 25
20:14:10.215 @WOR011 
20:14:10.215 @WOR012 
20:14:10.215 @WOR013 18
20:14:10.215 @WOR014 
20:14:10.230 @WOR015 
20:14:10.230 @WOR016 板材
20:14:10.230 @WOR017 2
20:14:10.230 @WOR018 橡木指接板
20:14:10.230 @WOR019 0
20:14:10.230 @WOR020 
20:14:10.230 @WOR021 
20:14:10.230 @WOR022 
20:14:10.230 @WOR023 2018/5/25 20:14:09
20:14:10.230 @WOR024 系统管理员
20:14:10.230 @WOR025 
20:14:10.230 @WOR026 
20:14:10.230 @WOR027 
20:14:10.230 @WOR028 0
20:14:10.230 @WOR029 0
20:14:10.230 @WOR030 6
20:14:10.230 @WOR034 System.Byte[]
20:14:10.246 @WOR035 System.Byte[]
20:14:10.246 @WOR036 System.Byte[]
20:14:10.246 @WOR037 System.Byte[]
20:14:10.246 @WOR002 1
20:14:10.246 @idx 5053
20:14:10.246 @WOR005 003
20:14:10.246 @WOR006 床头下脚
20:14:10.246 @WOR007 430
20:14:10.246 @WOR008 
20:14:10.246 @WOR009 
20:14:10.262 @WOR010 45
20:14:10.262 @WOR011 
20:14:10.262 @WOR012 
20:14:10.262 @WOR013 60
20:14:10.262 @WOR014 
20:14:10.262 @WOR015 
20:14:10.262 @WOR016 实木
20:14:10.262 @WOR017 2
20:14:10.262 @WOR018 金丝柚AB
20:14:10.262 @WOR019 0
20:14:10.262 @WOR020 
20:14:10.262 @WOR021 
20:14:10.262 @WOR022 可二拼   60面直纹
指接
20:14:10.262 @WOR023 2018/5/25 20:14:09
20:14:10.262 @WOR024 系统管理员
20:14:10.262 @WOR025 
20:14:10.262 @WOR026 
20:14:10.277 @WOR027 440
20:14:10.277 @WOR028 0
20:14:10.277 @WOR029 0
20:14:10.277 @WOR030 2
20:14:10.277 @WOR034 System.Byte[]
20:14:10.277 @WOR035 System.Byte[]
20:14:10.277 @WOR036 System.Byte[]
20:14:10.277 @WOR037 System.Byte[]
20:14:10.277 @WOR002 1
20:14:10.277 @idx 5059
20:14:10.293 @WOR005 009
20:14:10.293 @WOR006 内横档
20:14:10.293 @WOR007 1573
20:14:10.293 @WOR008 
20:14:10.293 @WOR009 
20:14:10.293 @WOR010 60
20:14:10.293 @WOR011 
20:14:10.293 @WOR012 
20:14:10.293 @WOR013 18
20:14:10.293 @WOR014 
20:14:10.293 @WOR015 
20:14:10.293 @WOR016 板材
20:14:10.293 @WOR017 2
20:14:10.308 @WOR018 橡木指接板
20:14:10.308 @WOR019 0
20:14:10.308 @WOR020 
20:14:10.308 @WOR021 
20:14:10.308 @WOR022 
20:14:10.308 @WOR023 2018/5/25 20:14:09
20:14:10.308 @WOR024 系统管理员
20:14:10.308 @WOR025 
20:14:10.308 @WOR026 
20:14:10.308 @WOR027 
20:14:10.308 @WOR028 0
20:14:10.308 @WOR029 0
20:14:10.308 @WOR030 1
20:14:10.308 @WOR034 System.Byte[]
20:14:10.324 @WOR035 System.Byte[]
20:14:10.324 @WOR036 System.Byte[]
20:14:10.324 @WOR037 System.Byte[]
20:14:10.324 @WOR002 1
20:14:10.324 @idx 5063
20:14:10.324 @WOR005 015
20:14:10.324 @WOR006 床靠下板
20:14:10.340 @WOR007 1520
20:14:10.340 @WOR008 
20:14:10.340 @WOR009 
20:14:10.340 @WOR010 235
20:14:10.340 @WOR011 
20:14:10.340 @WOR012 
20:14:10.340 @WOR013 18
20:14:10.340 @WOR014 
20:14:10.340 @WOR015 
20:14:10.340 @WOR016 板材
20:14:10.340 @WOR017 1
20:14:10.340 @WOR018 橡木指接板
20:14:10.340 @WOR019 0
20:14:10.340 @WOR020 
20:14:10.340 @WOR021 
20:14:10.355 @WOR022 
20:14:10.355 @WOR023 2018/5/25 20:14:09
20:14:10.355 @WOR024 系统管理员
20:14:10.355 @WOR025 
20:14:10.355 @WOR026 
20:14:10.355 @WOR027 
20:14:10.355 @WOR028 0
20:14:10.355 @WOR029 0
20:14:10.355 @WOR030 5
20:14:10.355 @WOR034 System.Byte[]
20:14:10.355 @WOR035 System.Byte[]
20:14:10.355 @WOR036 System.Byte[]
20:14:10.355 @WOR037 System.Byte[]
20:14:10.355 @WOR002 1
20:14:10.371 @idx 5061
20:14:10.371 @WOR005 013
20:14:10.371 @WOR006 软靠下封
20:14:10.371 @WOR007 1570
20:14:10.371 @WOR008 
20:14:10.371 @WOR009 
20:14:10.371 @WOR010 78
20:14:10.371 @WOR011 
20:14:10.386 @WOR012 
20:14:10.386 @WOR013 18
20:14:10.386 @WOR014 
20:14:10.386 @WOR015 
20:14:10.386 @WOR016 板材
20:14:10.386 @WOR017 1
20:14:10.386 @WOR018 橡木指接板
20:14:10.386 @WOR019 0
20:14:10.386 @WOR020 
20:14:10.386 @WOR021 
20:14:10.386 @WOR022 
20:14:10.386 @WOR023 2018/5/25 20:14:09
20:14:10.386 @WOR024 系统管理员
20:14:10.386 @WOR025 
20:14:10.402 @WOR026 一头锯斜
20:14:10.402 @WOR027 
20:14:10.402 @WOR028 0
20:14:10.402 @WOR029 0
20:14:10.402 @WOR030 4
20:14:10.402 @WOR034 System.Byte[]
20:14:10.402 @WOR035 System.Byte[]
20:14:10.402 @WOR036 System.Byte[]
20:14:10.402 @WOR037 System.Byte[]
20:14:10.402 @WOR002 1
20:14:10.418 @idx 5056
20:14:10.418 @WOR005 006
20:14:10.418 @WOR006 床靠边板
20:14:10.418 @WOR007 1040
20:14:10.418 @WOR008 
20:14:10.418 @WOR009 
20:14:10.418 @WOR010 155
20:14:10.418 @WOR011 
20:14:10.418 @WOR012 
20:14:10.418 @WOR013 20
20:14:10.418 @WOR014 
20:14:10.418 @WOR015 
20:14:10.418 @WOR016 实木
20:14:10.418 @WOR017 2
20:14:10.418 @WOR018 金丝柚B
20:14:10.433 @WOR019 0
20:14:10.433 @WOR020 
20:14:10.433 @WOR021 
20:14:10.433 @WOR022 白边   拼砂修净
20:14:10.433 @WOR023 2018/5/25 20:14:09
20:14:10.433 @WOR024 系统管理员
20:14:10.433 @WOR025 
20:14:10.433 @WOR026 前上进槽5mm
20:14:10.433 @WOR027 1055
20:14:10.433 @WOR028 0
20:14:10.433 @WOR029 0
20:14:10.433 @WOR030 5
20:14:10.433 @WOR034 System.Byte[]
20:14:10.433 @WOR035 System.Byte[]
20:14:10.433 @WOR036 System.Byte[]
20:14:10.449 @WOR037 System.Byte[]
20:14:10.449 @WOR002 1
20:14:10.449 @idx 5062
20:14:10.449 @WOR005 014
20:14:10.449 @WOR006 床靠下横档
20:14:10.449 @WOR007 1570
20:14:10.449 @WOR008 
20:14:10.449 @WOR009 
20:14:10.449 @WOR010 45
20:14:10.464 @WOR011 
20:14:10.464 @WOR012 
20:14:10.464 @WOR013 45
20:14:10.464 @WOR014 
20:14:10.464 @WOR015 
20:14:10.464 @WOR016 实木
20:14:10.464 @WOR017 1
20:14:10.464 @WOR018 金丝柚指接A料
20:14:10.464 @WOR019 0
20:14:10.464 @WOR020 
20:14:10.464 @WOR021 
20:14:10.464 @WOR022 
20:14:10.464 @WOR023 2018/5/25 20:14:09
20:14:10.464 @WOR024 系统管理员
20:14:10.464 @WOR025 
20:14:10.480 @WOR026 榫净1520mm
20:14:10.480 @WOR027 
20:14:10.480 @WOR028 0
20:14:10.480 @WOR029 0
20:14:10.480 @WOR030 8
20:14:10.480 @WOR034 System.Byte[]
20:14:10.480 @WOR035 System.Byte[]
20:14:10.480 @WOR036 System.Byte[]
20:14:10.480 @WOR037 System.Byte[]
20:14:10.480 @WOR002 1
20:14:10.496 @idx 5052
20:14:10.496 @WOR005 002
20:14:10.496 @WOR006 床头上脚
20:14:10.496 @WOR007 670
20:14:10.496 @WOR008 
20:14:10.496 @WOR009 
20:14:10.496 @WOR010 45
20:14:10.496 @WOR011 
20:14:10.496 @WOR012 
20:14:10.496 @WOR013 60
20:14:10.496 @WOR014 
20:14:10.496 @WOR015 
20:14:10.496 @WOR016 实木
20:14:10.511 @WOR017 2
20:14:10.511 @WOR018 金丝柚AB
20:14:10.511 @WOR019 0
20:14:10.511 @WOR020 
20:14:10.511 @WOR021 
20:14:10.511 @WOR022 60面直纹
指接
20:14:10.511 @WOR023 2018/5/25 20:14:09
20:14:10.511 @WOR024 系统管理员
20:14:10.511 @WOR025 
20:14:10.511 @WOR026 
20:14:10.511 @WOR027 680
20:14:10.511 @WOR028 0
20:14:10.511 @WOR029 0
20:14:10.511 @WOR030 1
20:14:10.527 @WOR034 System.Byte[]
20:14:10.527 @WOR035 System.Byte[]
20:14:10.527 @WOR036 System.Byte[]
20:14:10.527 @WOR037 System.Byte[]
20:14:10.527 @WOR002 1
20:14:10.527 @WOQ001 
20:14:10.527 @WOQ002 
20:14:10.527 @WOQ003 1023
20:14:10.542 @WOQ004 2018/5/25 20:14:09
20:14:10.542 @WOQ005 系统管理员
20:14:10.542 @WOQ006 51-1.001.02.003
20:14:10.574 将参数值从 String 转换到 DateTime 失败。
   在 System.Data.SqlClient.SqlParameter.CoerceValue(Object value, MetaType destinationType, Boolean& coercedToDataFeed, Boolean& typeChanged, Boolean allowStreaming)
   在 System.Data.SqlClient.SqlParameter.GetCoercedValue()
   在 System.Data.SqlClient.SqlParameter.Validate(Int32 index, Boolean isCommandProc)
   在 System.Data.SqlClient.SqlCommand.BuildParamList(TdsParser parser, SqlParameterCollection parameters, Boolean includeReturnValue)
   在 System.Data.SqlClient.SqlCommand.BuildExecuteSql(CommandBehavior behavior, String commandText, SqlParameterCollection parameters, _SqlRPC& rpc)
   在 System.Data.SqlClient.SqlCommand.RunExecuteReaderTds(CommandBehavior cmdBehavior, RunBehavior runBehavior, Boolean returnStream, Boolean async, Int32 timeout, Task& task, Boolean asyncWrite, Boolean inRetry, SqlDataReader ds, Boolean describeParameterEncryptionRequest)
   在 System.Data.SqlClient.SqlCommand.RunExecuteReader(CommandBehavior cmdBehavior, RunBehavior runBehavior, Boolean returnStream, String method, TaskCompletionSource`1 completion, Int32 timeout, Task& task, Boolean& usedCache, Boolean asyncWrite, Boolean inRetry)
   在 System.Data.SqlClient.SqlCommand.InternalExecuteNonQuery(TaskCompletionSource`1 completion, String methodName, Boolean sendToPipe, Int32 timeout, Boolean& usedCache, Boolean asyncWrite, Boolean inRetry)
   在 System.Data.SqlClient.SqlCommand.ExecuteNonQuery()
   在 StudentMgr.SqlHelper.ExecuteSqlTran(Hashtable SQLStringList) 位置 D:\Project data\MoXia\Carpenter\CarpenterBll\SqlHelper.cs:行号 895
20:14:10.589 UPDATE MOXWOQ SET WOQ002=@WOQ002,WOQ003=@WOQ003,WOQ004=@WOQ004,WOQ005=@WOQ005,WOQ006=@WOQ006 WHERE WOQ001=@WOQ001
20:17:41.036  异常信息：由于连接方在一段时间后没有正确答复或连接的主机没有反应，连接尝试失败。 192.168.1.188:80
  堆栈信息:   在 AutoUpdate.AppUpdate.DownloadFile(String url, String localFilePath) 位置 D:\Project data\MoXia\Carpenter\Carpenter\AppUpdate.cs:行号 242
   在 AutoUpdate.AppUpdate.CheckAppVersion(String& msg) 位置 D:\Project data\MoXia\Carpenter\Carpenter\AppUpdate.cs:行号 310
20:17:46.214 @EMP002 系统管理员
20:17:46.214 @EMP009 d2f278e251d1566edd72846d4ad97f
20:18:10.884 @idx 1578
20:18:10.886 @WOR005 010
20:18:10.886 @WOR006 床头下档
20:18:10.889 @WOR007 1500
20:18:10.889 @WOR008 
20:18:10.891 @WOR009 
20:18:10.891 @WOR010 45
20:18:10.894 @WOR011 
20:18:10.894 @WOR012 
20:18:10.896 @WOR013 45
20:18:10.896 @WOR014 
20:18:10.899 @WOR015 
20:18:10.899 @WOR016 实木
20:18:10.901 @WOR017 1
20:18:10.901 @WOR018 金丝柚A指接料
20:18:10.904 @WOR019 0
20:18:10.904 @WOR020 
20:18:10.906 @WOR021 
20:18:10.906 @WOR022 
20:18:10.909 @WOR023 2018/5/25 20:18:10
20:18:10.909 @WOR024 系统管理员
20:18:10.911 @WOR025 
20:18:10.911 @WOR026 榫净1440mm
20:18:10.914 @WOR027 
20:18:10.914 @WOR028 0
20:18:10.916 @WOR029 0
20:18:10.916 @WOR030 4
20:18:10.919 @WOR034 System.Byte[]
20:18:10.919 @WOR035 System.Byte[]
20:18:10.921 @WOR036 System.Byte[]
20:18:10.921 @WOR037 System.Byte[]
20:18:10.921 @WOR002 1
20:18:10.931 @idx 1569
20:18:10.931 @WOR005 001
20:18:10.934 @WOR006 床头脚
20:18:10.934 @WOR007 108501
20:18:10.936 @WOR008 
20:18:10.936 @WOR009 
20:18:10.939 @WOR010 100
20:18:10.939 @WOR011 
20:18:10.939 @WOR012 
20:18:10.941 @WOR013 按模
20:18:10.941 @WOR014 
20:18:10.944 @WOR015 
20:18:10.944 @WOR016 
20:18:10.946 @WOR017 2
20:18:10.946 @WOR018 
20:18:10.946 @WOR019 0
20:18:10.949 @WOR020 
20:18:10.949 @WOR021 
20:18:10.951 @WOR022 
20:18:10.951 @WOR023 2018/5/25 20:18:10
20:18:10.954 @WOR024 系统管理员
20:18:10.954 @WOR025 
20:18:10.956 @WOR026 
20:18:10.956 @WOR027 
20:18:10.956 @WOR028 0
20:18:10.959 @WOR029 0
20:18:10.959 @WOR030 
20:18:10.961 @WOR034 System.Byte[]
20:18:10.961 @WOR035 System.Byte[]
20:18:10.964 @WOR036 System.Byte[]
20:18:10.964 @WOR037 System.Byte[]
20:18:10.966 @WOR002 1
20:18:10.974 @idx 9577
20:18:10.974 @WOR005 008
20:18:10.976 @WOR006 下脚下接头
20:18:10.976 @WOR007 毛65
20:18:10.979 @WOR008 
20:18:10.979 @WOR009 
20:18:10.981 @WOR010 毛94
20:18:10.981 @WOR011 
20:18:10.984 @WOR012 
20:18:10.984 @WOR013 净61
20:18:10.986 @WOR014 
20:18:10.986 @WOR015 
20:18:10.989 @WOR016 包拼
20:18:10.989 @WOR017 2
20:18:10.989 @WOR018 金B
20:18:10.991 @WOR019 0
20:18:10.991 @WOR020 
20:18:10.994 @WOR021 
20:18:10.994 @WOR022 下脚450*100*75
20:18:10.996 @WOR023 2018/5/25 20:18:10
20:18:10.996 @WOR024 系统管理员
20:18:10.999 @WOR025 
20:18:10.999 @WOR026 一头指接可拼大板   修边尺寸：毛65*毛94*毛65
20:18:11.001 @WOR027 
20:18:11.001 @WOR028 0
20:18:11.004 @WOR029 0
20:18:11.004 @WOR030 
20:18:11.006 @WOR034 System.Byte[]
20:18:11.006 @WOR035 System.Byte[]
20:18:11.009 @WOR036 System.Byte[]
20:18:11.009 @WOR037 System.Byte[]
20:18:11.009 @WOR002 1
20:18:11.016 @idx 1582
20:18:11.019 @WOR005 014
20:18:11.019 @WOR006 床头角条
20:18:11.021 @WOR007 1439
20:18:11.021 @WOR008 
20:18:11.024 @WOR009 
20:18:11.024 @WOR010 25
20:18:11.026 @WOR011 
20:18:11.026 @WOR012 
20:18:11.029 @WOR013 18
20:18:11.029 @WOR014 
20:18:11.031 @WOR015 
20:18:11.031 @WOR016 实木
20:18:11.034 @WOR017 1
20:18:11.034 @WOR018 橡木指接板
20:18:11.036 @WOR019 0
20:18:11.036 @WOR020 
20:18:11.039 @WOR021 
20:18:11.039 @WOR022 
20:18:11.039 @WOR023 2018/5/25 20:18:10
20:18:11.041 @WOR024 系统管理员
20:18:11.041 @WOR025 
20:18:11.044 @WOR026 
20:18:11.044 @WOR027 
20:18:11.046 @WOR028 0
20:18:11.046 @WOR029 0
20:18:11.049 @WOR030 7
20:18:11.049 @WOR034 System.Byte[]
20:18:11.049 @WOR035 System.Byte[]
20:18:11.051 @WOR036 System.Byte[]
20:18:11.054 @WOR037 System.Byte[]
20:18:11.054 @WOR002 1
20:18:11.061 @idx 1580
20:18:11.064 @WOR005 012
20:18:11.064 @WOR006 床头后条
20:18:11.066 @WOR007 280
20:18:11.066 @WOR008 
20:18:11.069 @WOR009 
20:18:11.069 @WOR010 25
20:18:11.071 @WOR011 
20:18:11.071 @WOR012 
20:18:11.074 @WOR013 18
20:18:11.074 @WOR014 
20:18:11.076 @WOR015 
20:18:11.076 @WOR016 板材
20:18:11.079 @WOR017 2
20:18:11.081 @WOR018 橡木指接板
20:18:11.081 @WOR019 0
20:18:11.084 @WOR020 
20:18:11.084 @WOR021 
20:18:11.086 @WOR022 
20:18:11.086 @WOR023 2018/5/25 20:18:10
20:18:11.089 @WOR024 系统管理员
20:18:11.089 @WOR025 
20:18:11.091 @WOR026 
20:18:11.091 @WOR027 
20:18:11.094 @WOR028 0
20:18:11.094 @WOR029 0
20:18:11.096 @WOR030 2
20:18:11.096 @WOR034 System.Byte[]
20:18:11.099 @WOR035 System.Byte[]
20:18:11.099 @WOR036 System.Byte[]
20:18:11.101 @WOR037 System.Byte[]
20:18:11.101 @WOR002 1
20:18:11.109 @idx 1583
20:18:11.109 @WOR005 015
20:18:11.111 @WOR006 床头缝条
20:18:11.111 @WOR007 413
20:18:11.114 @WOR008 
20:18:11.114 @WOR009 
20:18:11.116 @WOR010 25
20:18:11.116 @WOR011 
20:18:11.119 @WOR012 
20:18:11.119 @WOR013 5
20:18:11.119 @WOR014 
20:18:11.121 @WOR015 
20:18:11.121 @WOR016 实木
20:18:11.124 @WOR017 8
20:18:11.124 @WOR018 金丝柚C
20:18:11.126 @WOR019 0
20:18:11.126 @WOR020 
20:18:11.129 @WOR021 
20:18:11.129 @WOR022 
20:18:11.131 @WOR023 2018/5/25 20:18:10
20:18:11.131 @WOR024 系统管理员
20:18:11.134 @WOR025 
20:18:11.136 @WOR026 按实锯
20:18:11.136 @WOR027 
20:18:11.139 @WOR028 0
20:18:11.139 @WOR029 0
20:18:11.141 @WOR030 8
20:18:11.141 @WOR034 System.Byte[]
20:18:11.144 @WOR035 System.Byte[]
20:18:11.144 @WOR036 System.Byte[]
20:18:11.146 @WOR037 System.Byte[]
20:18:11.146 @WOR002 1
20:18:11.154 @idx 1581
20:18:11.156 @WOR005 013
20:18:11.159 @WOR006 床头板
20:18:11.159 @WOR007 650
20:18:11.161 @WOR008 
20:18:11.161 @WOR009 
20:18:11.164 @WOR010 158.5
20:18:11.164 @WOR011 
20:18:11.164 @WOR012 
20:18:11.166 @WOR013 35
20:18:11.166 @WOR014 
20:18:11.169 @WOR015 
20:18:11.169 @WOR016 拼板
20:18:11.171 @WOR017 9
20:18:11.171 @WOR018 金丝柚四清
20:18:11.174 @WOR019 0
20:18:11.174 @WOR020 
20:18:11.176 @WOR021 
20:18:11.176 @WOR022 床头上脚与床头板颜色一致
20:18:11.176 @WOR023 2018/5/25 20:18:10
20:18:11.179 @WOR024 系统管理员
20:18:11.179 @WOR025 
20:18:11.181 @WOR026 一头锯下65对号胶压  可二三拼
20:18:11.181 @WOR027 660
20:18:11.184 @WOR028 0
20:18:11.184 @WOR029 0
20:18:11.186 @WOR030 6
20:18:11.186 @WOR034 System.Byte[]
20:18:11.189 @WOR035 System.Byte[]
20:18:11.189 @WOR036 System.Byte[]
20:18:11.191 @WOR037 System.Byte[]
20:18:11.191 @WOR002 1
20:18:11.199 @idx 1570
20:18:11.201 @WOR005 002
20:18:11.201 @WOR006 床头上脚
20:18:11.204 @WOR007 65002
20:18:11.204 @WOR008 
20:18:11.206 @WOR009 
20:18:11.206 @WOR010 100
20:18:11.209 @WOR011 
20:18:11.209 @WOR012 
20:18:11.211 @WOR013 按模
20:18:11.211 @WOR014 
20:18:11.214 @WOR015 
20:18:11.214 @WOR016 实木
20:18:11.216 @WOR017 2
20:18:11.216 @WOR018 金丝柚AB
20:18:11.216 @WOR019 0
20:18:11.219 @WOR020 
20:18:11.219 @WOR021 
20:18:11.219 @WOR022 用两面光料35+35+35砂拼
床头上脚与床头板颜色一致  断好  直接画线
20:18:11.221 @WOR023 2018/5/25 20:18:10
20:18:11.221 @WOR024 系统管理员
20:18:11.224 @WOR025 
20:18:11.224 @WOR026 指接
20:18:11.224 @WOR027 650
20:18:11.226 @WOR028 0
20:18:11.226 @WOR029 0
20:18:11.229 @WOR030 1
20:18:11.229 @WOR034 System.Byte[]
20:18:11.231 @WOR035 System.Byte[]
20:18:11.231 @WOR036 System.Byte[]
20:18:11.234 @WOR037 System.Byte[]
20:18:11.234 @WOR002 1
20:18:11.241 @idx 1577
20:18:11.244 @WOR005 009
20:18:11.244 @WOR006 床头上档
20:18:11.246 @WOR007 1500
20:18:11.246 @WOR008 
20:18:11.249 @WOR009 
20:18:11.249 @WOR010 70
20:18:11.251 @WOR011 
20:18:11.251 @WOR012 
20:18:11.254 @WOR013 35
20:18:11.254 @WOR014 
20:18:11.256 @WOR015 
20:18:11.256 @WOR016 实木
20:18:11.259 @WOR017 1
20:18:11.259 @WOR018 金丝柚C指接料
20:18:11.259 @WOR019 0
20:18:11.261 @WOR020 
20:18:11.261 @WOR021 
20:18:11.264 @WOR022 
20:18:11.264 @WOR023 2018/5/25 20:18:10
20:18:11.264 @WOR024 系统管理员
20:18:11.266 @WOR025 
20:18:11.266 @WOR026 榫净1440mm
20:18:11.266 @WOR027 
20:18:11.269 @WOR028 0
20:18:11.269 @WOR029 0
20:18:11.269 @WOR030 3
20:18:11.271 @WOR034 System.Byte[]
20:18:11.271 @WOR035 System.Byte[]
20:18:11.271 @WOR036 System.Byte[]
20:18:11.274 @WOR037 System.Byte[]
20:18:11.274 @WOR002 1
20:18:11.281 @idx 1571
20:18:11.281 @WOR005 003
20:18:11.284 @WOR006 床头下脚
20:18:11.284 @WOR007 450031
20:18:11.284 @WOR008 
20:18:11.286 @WOR009 
20:18:11.286 @WOR010 100
20:18:11.289 @WOR011 
20:18:11.289 @WOR012 
20:18:11.291 @WOR013 75
20:18:11.291 @WOR014 
20:18:11.294 @WOR015 
20:18:11.294 @WOR016 实木包拼
20:18:11.296 @WOR017 2
20:18:11.296 @WOR018 金丝柚AB包拼
20:18:11.296 @WOR019 0
20:18:11.299 @WOR020 
20:18:11.299 @WOR021 
20:18:11.301 @WOR022 
20:18:11.301 @WOR023 2018/5/25 20:18:10
20:18:11.304 @WOR024 系统管理员
20:18:11.304 @WOR025 
20:18:11.304 @WOR026 指接
20:18:11.306 @WOR027 
20:18:11.306 @WOR028 0
20:18:11.309 @WOR029 0
20:18:11.309 @WOR030 2
20:18:11.311 @WOR034 System.Byte[]
20:18:11.311 @WOR035 System.Byte[]
20:18:11.314 @WOR036 System.Byte[]
20:18:11.314 @WOR037 System.Byte[]
20:18:11.317 @WOR002 1
20:18:11.324 @WOQ001 
20:18:11.324 @WOQ002 
20:18:11.327 @WOQ003 1015
20:18:11.327 @WOQ004 2018/5/25 20:18:10
20:18:11.329 @WOQ005 系统管理员
20:18:11.329 @WOQ006 51-1.001.02.004
20:18:11.367 将参数值从 String 转换到 DateTime 失败。
   在 System.Data.SqlClient.SqlParameter.CoerceValue(Object value, MetaType destinationType, Boolean& coercedToDataFeed, Boolean& typeChanged, Boolean allowStreaming)
   在 System.Data.SqlClient.SqlParameter.GetCoercedValue()
   在 System.Data.SqlClient.SqlParameter.Validate(Int32 index, Boolean isCommandProc)
   在 System.Data.SqlClient.SqlCommand.BuildParamList(TdsParser parser, SqlParameterCollection parameters, Boolean includeReturnValue)
   在 System.Data.SqlClient.SqlCommand.BuildExecuteSql(CommandBehavior behavior, String commandText, SqlParameterCollection parameters, _SqlRPC& rpc)
   在 System.Data.SqlClient.SqlCommand.RunExecuteReaderTds(CommandBehavior cmdBehavior, RunBehavior runBehavior, Boolean returnStream, Boolean async, Int32 timeout, Task& task, Boolean asyncWrite, Boolean inRetry, SqlDataReader ds, Boolean describeParameterEncryptionRequest)
   在 System.Data.SqlClient.SqlCommand.RunExecuteReader(CommandBehavior cmdBehavior, RunBehavior runBehavior, Boolean returnStream, String method, TaskCompletionSource`1 completion, Int32 timeout, Task& task, Boolean& usedCache, Boolean asyncWrite, Boolean inRetry)
   在 System.Data.SqlClient.SqlCommand.InternalExecuteNonQuery(TaskCompletionSource`1 completion, String methodName, Boolean sendToPipe, Int32 timeout, Boolean& usedCache, Boolean asyncWrite, Boolean inRetry)
   在 System.Data.SqlClient.SqlCommand.ExecuteNonQuery()
   在 StudentMgr.SqlHelper.ExecuteSqlTran(Hashtable SQLStringList) 位置 D:\Project data\MoXia\Carpenter\CarpenterBll\SqlHelper.cs:行号 895
20:18:11.367 UPDATE MOXWOQ SET WOQ002=@WOQ002,WOQ003=@WOQ003,WOQ004=@WOQ004,WOQ005=@WOQ005,WOQ006=@WOQ006 WHERE WOQ001=@WOQ001
20:18:54.854  异常信息：由于连接方在一段时间后没有正确答复或连接的主机没有反应，连接尝试失败。 192.168.1.188:80
  堆栈信息:   在 AutoUpdate.AppUpdate.DownloadFile(String url, String localFilePath) 位置 D:\Project data\MoXia\Carpenter\Carpenter\AppUpdate.cs:行号 242
   在 AutoUpdate.AppUpdate.CheckAppVersion(String& msg) 位置 D:\Project data\MoXia\Carpenter\Carpenter\AppUpdate.cs:行号 310
20:19:00.254 @EMP002 系统管理员
20:19:00.257 @EMP009 d2f278e251d1566edd72846d4ad97f
20:19:24.366 @idx 9576
20:19:24.371 @WOR005 007
20:19:24.373 @WOR006 下脚内芯
20:19:24.376 @WOR007 毛415
20:19:24.378 @WOR008 
20:19:24.381 @WOR009 
20:19:24.383 @WOR010 毛94
20:19:24.386 @WOR011 
20:19:24.388 @WOR012 
20:19:24.391 @WOR013 净61
20:19:24.396 @WOR014 
20:19:24.398 @WOR015 
20:19:24.403 @WOR016 包拼
20:19:24.406 @WOR017 2
20:19:24.411 @WOR018 金杂拼
20:19:24.413 @WOR019 0
20:19:24.416 @WOR020 
20:19:24.418 @WOR021 
20:19:24.421 @WOR022 下脚450*100*75
20:19:24.423 @WOR023 2018/5/25 20:19:16
20:19:24.426 @WOR024 系统管理员
20:19:24.426 @WOR025 
20:19:24.428 @WOR026 一头指接   修边尺寸：毛415*毛94*毛65
20:19:24.431 @WOR027 
20:19:24.433 @WOR028 0
20:19:24.433 @WOR029 0
20:19:24.436 @WOR030 
20:19:24.438 @WOR034 System.Byte[]
20:19:24.441 @WOR035 System.Byte[]
20:19:24.441 @WOR036 System.Byte[]
20:19:24.443 @WOR037 System.Byte[]
20:19:24.446 @WOR002 1
20:19:28.932 @idx 1571
20:19:28.939 @WOR005 003
20:19:28.944 @WOR006 床头下脚
20:19:28.947 @WOR007 450031
20:19:28.949 @WOR008 
20:19:28.952 @WOR009 
20:19:28.954 @WOR010 100
20:19:28.957 @WOR011 
20:19:28.962 @WOR012 
20:19:28.964 @WOR013 75
20:19:28.967 @WOR014 
20:19:28.974 @WOR015 
20:19:28.977 @WOR016 实木包拼
20:19:28.977 @WOR017 2
20:19:28.979 @WOR018 金丝柚AB包拼
20:19:28.982 @WOR019 0
20:19:28.982 @WOR020 
20:19:28.984 @WOR021 
20:19:28.987 @WOR022 
20:19:28.987 @WOR023 2018/5/25 20:19:16
20:19:28.989 @WOR024 系统管理员
20:19:28.992 @WOR025 
20:19:28.994 @WOR026 指接
20:19:28.997 @WOR027 
20:19:28.997 @WOR028 0
20:19:28.999 @WOR029 0
20:19:29.002 @WOR030 2
20:19:29.002 @WOR034 System.Byte[]
20:19:29.004 @WOR035 System.Byte[]
20:19:29.007 @WOR036 System.Byte[]
20:19:29.007 @WOR037 System.Byte[]
20:19:29.009 @WOR002 1
20:19:32.968 @idx 1577
20:19:32.970 @WOR005 009
20:19:32.973 @WOR006 床头上档
20:19:32.975 @WOR007 1500
20:19:32.978 @WOR008 
20:19:32.980 @WOR009 
20:19:32.983 @WOR010 70
20:19:32.985 @WOR011 
20:19:32.988 @WOR012 
20:19:32.990 @WOR013 35
20:19:32.993 @WOR014 
20:19:32.995 @WOR015 
20:19:32.998 @WOR016 实木
20:19:33.003 @WOR017 1
20:19:33.005 @WOR018 金丝柚C指接料
20:19:33.008 @WOR019 0
20:19:33.010 @WOR020 
20:19:33.013 @WOR021 
20:19:33.015 @WOR022 
20:19:33.018 @WOR023 2018/5/25 20:19:16
20:19:33.020 @WOR024 系统管理员
20:19:33.020 @WOR025 
20:19:33.023 @WOR026 榫净1440mm
20:19:33.025 @WOR027 
20:19:33.025 @WOR028 0
20:19:33.028 @WOR029 0
20:19:33.028 @WOR030 3
20:19:33.030 @WOR034 System.Byte[]
20:19:33.030 @WOR035 System.Byte[]
20:19:33.033 @WOR036 System.Byte[]
20:19:33.033 @WOR037 System.Byte[]
20:19:33.035 @WOR002 1
20:19:36.794 @idx 1584
20:19:36.799 @WOR005 016
20:19:36.802 @WOR006 床头边缝条
20:19:36.807 @WOR007 415
20:19:36.809 @WOR008 
20:19:36.812 @WOR009 
20:19:36.817 @WOR010 20
20:19:36.819 @WOR011 
20:19:36.824 @WOR012 
20:19:36.827 @WOR013 10
20:19:36.832 @WOR014 
20:19:36.834 @WOR015 
20:19:36.837 @WOR016 实木
20:19:36.839 @WOR017 2
20:19:36.842 @WOR018 金丝柚C
20:19:36.842 @WOR019 0
20:19:36.844 @WOR020 
20:19:36.847 @WOR021 
20:19:36.847 @WOR022 
20:19:36.849 @WOR023 2018/5/25 20:19:16
20:19:36.852 @WOR024 系统管理员
20:19:36.852 @WOR025 
20:19:36.854 @WOR026 按实锯
20:19:36.857 @WOR027 
20:19:36.857 @WOR028 0
20:19:36.859 @WOR029 0
20:19:36.862 @WOR030 5
20:19:36.862 @WOR034 System.Byte[]
20:19:36.864 @WOR035 System.Byte[]
20:19:36.867 @WOR036 System.Byte[]
20:19:36.869 @WOR037 System.Byte[]
20:19:36.869 @WOR002 1
20:19:40.275 @idx 1570
20:19:40.280 @WOR005 002
20:19:40.282 @WOR006 床头上脚
20:19:40.287 @WOR007 65002
20:19:40.290 @WOR008 
20:19:40.292 @WOR009 
20:19:40.295 @WOR010 100
20:19:40.297 @WOR011 
20:19:40.302 @WOR012 
20:19:40.305 @WOR013 按模
20:19:40.307 @WOR014 
20:19:40.310 @WOR015 
20:19:40.312 @WOR016 实木
20:19:40.315 @WOR017 2
20:19:40.317 @WOR018 金丝柚AB
20:19:40.317 @WOR019 0
20:19:40.320 @WOR020 
20:19:40.322 @WOR021 
20:19:40.325 @WOR022 用两面光料35+35+35砂拼
床头上脚与床头板颜色一致  断好  直接画线
20:19:40.325 @WOR023 2018/5/25 20:19:16
20:19:40.327 @WOR024 系统管理员
20:19:40.327 @WOR025 
20:19:40.330 @WOR026 指接
20:19:40.332 @WOR027 650
20:19:40.332 @WOR028 0
20:19:40.335 @WOR029 0
20:19:40.337 @WOR030 1
20:19:40.340 @WOR034 System.Byte[]
20:19:40.340 @WOR035 System.Byte[]
20:19:40.342 @WOR036 System.Byte[]
20:19:40.342 @WOR037 System.Byte[]
20:19:40.347 @WOR002 1
20:19:43.639 @idx 9577
20:19:43.642 @WOR005 008
20:19:43.647 @WOR006 下脚下接头
20:19:43.649 @WOR007 毛65
20:19:43.652 @WOR008 
20:19:43.654 @WOR009 
20:19:43.657 @WOR010 毛94
20:19:43.662 @WOR011 
20:19:43.664 @WOR012 
20:19:43.667 @WOR013 净61
20:19:43.672 @WOR014 
20:19:43.674 @WOR015 
20:19:43.677 @WOR016 包拼
20:19:43.679 @WOR017 2
20:19:43.682 @WOR018 金B
20:19:43.684 @WOR019 0
20:19:43.684 @WOR020 
20:19:43.687 @WOR021 
20:19:43.689 @WOR022 下脚450*100*75
20:19:43.689 @WOR023 2018/5/25 20:19:16
20:19:43.692 @WOR024 系统管理员
20:19:43.694 @WOR025 
20:19:43.694 @WOR026 一头指接可拼大板   修边尺寸：毛65*毛94*毛65
20:19:43.697 @WOR027 
20:19:43.699 @WOR028 0
20:19:43.702 @WOR029 0
20:19:43.702 @WOR030 
20:19:43.702 @WOR034 System.Byte[]
20:19:43.704 @WOR035 System.Byte[]
20:19:43.704 @WOR036 System.Byte[]
20:19:43.704 @WOR037 System.Byte[]
20:19:43.707 @WOR002 1
20:19:51.595 @idx 1569
20:19:51.598 @WOR005 001
20:19:51.598 @WOR006 床头脚
20:19:51.600 @WOR007 108501
20:19:51.600 @WOR008 
20:19:51.603 @WOR009 
20:19:51.603 @WOR010 100
20:19:51.605 @WOR011 
20:19:51.605 @WOR012 
20:19:51.605 @WOR013 按模
20:19:51.608 @WOR014 
20:19:51.608 @WOR015 
20:19:51.610 @WOR016 
20:19:51.610 @WOR017 2
20:19:51.610 @WOR018 
20:19:51.615 @WOR019 0
20:19:51.618 @WOR020 
20:19:51.620 @WOR021 
20:19:51.620 @WOR022 
20:19:51.623 @WOR023 2018/5/25 20:19:16
20:19:51.623 @WOR024 系统管理员
20:19:51.625 @WOR025 
20:19:51.625 @WOR026 
20:19:51.628 @WOR027 
20:19:51.628 @WOR028 0
20:19:51.630 @WOR029 0
20:19:51.630 @WOR030 
20:19:51.633 @WOR034 System.Byte[]
20:19:51.633 @WOR035 System.Byte[]
20:19:51.635 @WOR036 System.Byte[]
20:19:51.635 @WOR037 System.Byte[]
20:19:51.638 @WOR002 1
20:19:56.434 @idx 1578
20:19:56.436 @WOR005 010
20:19:56.439 @WOR006 床头下档
20:19:56.444 @WOR007 1500
20:19:56.446 @WOR008 
20:19:56.446 @WOR009 
20:19:56.449 @WOR010 45
20:19:56.451 @WOR011 
20:19:56.454 @WOR012 
20:19:56.456 @WOR013 45
20:19:56.459 @WOR014 
20:19:56.461 @WOR015 
20:19:56.464 @WOR016 实木
20:19:56.466 @WOR017 1
20:19:56.466 @WOR018 金丝柚A指接料
20:19:56.469 @WOR019 0
20:19:56.471 @WOR020 
20:19:56.474 @WOR021 
20:19:56.474 @WOR022 
20:19:56.476 @WOR023 2018/5/25 20:19:16
20:19:56.479 @WOR024 系统管理员
20:19:56.479 @WOR025 
20:19:56.481 @WOR026 榫净1440mm
20:19:56.481 @WOR027 
20:19:56.484 @WOR028 0
20:19:56.484 @WOR029 0
20:19:56.486 @WOR030 4
20:19:56.486 @WOR034 System.Byte[]
20:19:56.486 @WOR035 System.Byte[]
20:19:56.489 @WOR036 System.Byte[]
20:19:56.489 @WOR037 System.Byte[]
20:19:56.489 @WOR002 1
20:20:00.004 @idx 1580
20:20:00.009 @WOR005 012
20:20:00.012 @WOR006 床头后条
20:20:00.014 @WOR007 280
20:20:00.017 @WOR008 
20:20:00.019 @WOR009 
20:20:00.022 @WOR010 25
20:20:00.027 @WOR011 
20:20:00.029 @WOR012 
20:20:00.032 @WOR013 18
20:20:00.034 @WOR014 
20:20:00.037 @WOR015 
20:20:00.042 @WOR016 板材
20:20:00.044 @WOR017 2
20:20:00.047 @WOR018 橡木指接板
20:20:00.052 @WOR019 0
20:20:00.054 @WOR020 
20:20:00.057 @WOR021 
20:20:00.059 @WOR022 
20:20:00.062 @WOR023 2018/5/25 20:19:16
20:20:00.062 @WOR024 系统管理员
20:20:00.064 @WOR025 
20:20:00.067 @WOR026 
20:20:00.067 @WOR027 
20:20:00.069 @WOR028 0
20:20:00.072 @WOR029 0
20:20:00.074 @WOR030 2
20:20:00.074 @WOR034 System.Byte[]
20:20:00.077 @WOR035 System.Byte[]
20:20:00.077 @WOR036 System.Byte[]
20:20:00.079 @WOR037 System.Byte[]
20:20:00.079 @WOR002 1
20:20:03.788 @idx 1579
20:20:03.790 @WOR005 011
20:20:03.793 @WOR006 床头下板
20:20:03.795 @WOR007 1440
20:20:03.798 @WOR008 
20:20:03.800 @WOR009 
20:20:03.803 @WOR010 285
20:20:03.808 @WOR011 
20:20:03.808 @WOR012 
20:20:03.813 @WOR013 18
20:20:03.815 @WOR014 
20:20:03.818 @WOR015 
20:20:03.820 @WOR016 板材
20:20:03.825 @WOR017 1
20:20:03.828 @WOR018 橡木指接板
20:20:03.830 @WOR019 0
20:20:03.833 @WOR020 
20:20:03.835 @WOR021 
20:20:03.835 @WOR022 
20:20:03.838 @WOR023 2018/5/25 20:19:16
20:20:03.840 @WOR024 系统管理员
20:20:03.840 @WOR025 
20:20:03.843 @WOR026 
20:20:03.843 @WOR027 
20:20:03.845 @WOR028 0
20:20:03.848 @WOR029 0
20:20:03.850 @WOR030 1
20:20:03.850 @WOR034 System.Byte[]
20:20:03.853 @WOR035 System.Byte[]
20:20:03.853 @WOR036 System.Byte[]
20:20:03.855 @WOR037 System.Byte[]
20:20:03.855 @WOR002 1
20:20:09.075 @WOQ001 
20:20:09.080 @WOQ002 
20:20:09.083 @WOQ003 1010
20:20:09.088 @WOQ004 2018/5/25 20:19:16
20:20:09.090 @WOQ005 系统管理员
20:20:09.093 @WOQ006 51-1.001.02.004
20:20:58.237  异常信息：由于连接方在一段时间后没有正确答复或连接的主机没有反应，连接尝试失败。 192.168.1.188:80
  堆栈信息:   在 AutoUpdate.AppUpdate.DownloadFile(String url, String localFilePath) 位置 D:\Project data\MoXia\Carpenter\Carpenter\AppUpdate.cs:行号 242
   在 AutoUpdate.AppUpdate.CheckAppVersion(String& msg) 位置 D:\Project data\MoXia\Carpenter\Carpenter\AppUpdate.cs:行号 310
20:21:13.253 @EMP002 系统管理员
20:21:13.253 @EMP009 d2f278e251d1566edd72846d4ad97f
20:22:59.039 @idx 1582
20:22:59.055 @WOR005 014
20:22:59.055 @WOR006 床头角条
20:22:59.055 @WOR007 1439
20:22:59.055 @WOR008 
20:22:59.055 @WOR009 
20:22:59.055 @WOR010 25
20:22:59.070 @WOR011 
20:22:59.070 @WOR012 
20:22:59.073 @WOR013 18
20:22:59.075 @WOR014 
20:22:59.075 @WOR015 
20:22:59.078 @WOR016 实木
20:22:59.078 @WOR017 1
20:22:59.078 @WOR018 橡木指接板
20:22:59.078 @WOR019 0
20:22:59.078 @WOR020 
20:22:59.078 @WOR021 
20:22:59.078 @WOR022 
20:22:59.078 @WOR023 2018/5/25 20:22:02
20:22:59.078 @WOR024 系统管理员
20:22:59.094 @WOR025 
20:22:59.094 @WOR026 
20:22:59.094 @WOR027 
20:22:59.094 @WOR028 0
20:22:59.094 @WOR029 0
20:22:59.094 @WOR030 7
20:22:59.094 @WOR034 System.Byte[]
20:22:59.094 @WOR035 System.Byte[]
20:22:59.094 @WOR036 System.Byte[]
20:22:59.094 @WOR037 System.Byte[]
20:22:59.094 @WOR002 1
20:23:01.936 @idx 1577
20:23:01.951 @WOR005 009
20:23:01.951 @WOR006 床头上档
20:23:01.951 @WOR007 1500
20:23:01.951 @WOR008 
20:23:01.951 @WOR009 
20:23:01.967 @WOR010 70
20:23:01.967 @WOR011 
20:23:01.967 @WOR012 
20:23:01.967 @WOR013 35
20:23:01.967 @WOR014 
20:23:01.983 @WOR015 
20:23:01.983 @WOR016 实木
20:23:01.983 @WOR017 1
20:23:01.983 @WOR018 金丝柚C指接料
20:23:01.983 @WOR019 0
20:23:01.983 @WOR020 
20:23:01.983 @WOR021 
20:23:01.983 @WOR022 
20:23:01.983 @WOR023 2018/5/25 20:22:02
20:23:01.998 @WOR024 系统管理员
20:23:01.998 @WOR025 
20:23:01.998 @WOR026 榫净1440mm
20:23:01.998 @WOR027 
20:23:01.998 @WOR028 0
20:23:01.998 @WOR029 0
20:23:01.998 @WOR030 3
20:23:01.998 @WOR034 System.Byte[]
20:23:01.998 @WOR035 System.Byte[]
20:23:02.014 @WOR036 System.Byte[]
20:23:02.014 @WOR037 System.Byte[]
20:23:02.014 @WOR002 1
20:23:07.204 @idx 1569
20:23:07.209 @WOR005 001
20:23:07.212 @WOR006 床头脚
20:23:07.216 @WOR007 108501
20:23:07.219 @WOR008 
20:23:07.221 @WOR009 
20:23:07.224 @WOR010 100
20:23:07.225 @WOR011 
20:23:07.227 @WOR012 
20:23:07.229 @WOR013 按模
20:23:07.231 @WOR014 
20:23:07.233 @WOR015 
20:23:07.234 @WOR016 
20:23:07.236 @WOR017 2
20:23:07.237 @WOR018 
20:23:07.239 @WOR019 0
20:23:07.241 @WOR020 
20:23:07.242 @WOR021 
20:23:07.244 @WOR022 
20:23:07.246 @WOR023 2018/5/25 20:22:02
20:23:07.252 @WOR024 系统管理员
20:23:07.254 @WOR025 
20:23:07.255 @WOR026 
20:23:07.257 @WOR027 
20:23:07.258 @WOR028 0
20:23:07.260 @WOR029 0
20:23:07.261 @WOR030 
20:23:07.262 @WOR034 System.Byte[]
20:23:07.263 @WOR035 System.Byte[]
20:23:07.263 @WOR036 System.Byte[]
20:23:07.264 @WOR037 System.Byte[]
20:23:07.266 @WOR002 1
20:23:09.523 @idx 1584
20:23:09.523 @WOR005 016
20:23:09.523 @WOR006 床头边缝条
20:23:09.539 @WOR007 415
20:23:09.539 @WOR008 
20:23:09.539 @WOR009 
20:23:09.539 @WOR010 20
20:23:09.539 @WOR011 
20:23:09.539 @WOR012 
20:23:09.539 @WOR013 10
20:23:09.554 @WOR014 
20:23:09.554 @WOR015 
20:23:09.554 @WOR016 实木
20:23:09.554 @WOR017 2
20:23:09.554 @WOR018 金丝柚C
20:23:09.554 @WOR019 0
20:23:09.554 @WOR020 
20:23:09.554 @WOR021 
20:23:09.554 @WOR022 
20:23:09.570 @WOR023 2018/5/25 20:22:02
20:23:09.570 @WOR024 系统管理员
20:23:09.570 @WOR025 
20:23:09.570 @WOR026 按实锯
20:23:09.570 @WOR027 
20:23:09.570 @WOR028 0
20:23:09.570 @WOR029 0
20:23:09.570 @WOR030 5
20:23:09.570 @WOR034 System.Byte[]
20:23:09.570 @WOR035 System.Byte[]
20:23:09.570 @WOR036 System.Byte[]
20:23:09.585 @WOR037 System.Byte[]
20:23:09.585 @WOR002 1
20:23:12.246 @idx 9576
20:23:12.262 @WOR005 007
20:23:12.262 @WOR006 下脚内芯
20:23:12.262 @WOR007 毛415
20:23:12.262 @WOR008 
20:23:12.277 @WOR009 
20:23:12.277 @WOR010 毛94
20:23:12.277 @WOR011 
20:23:12.277 @WOR012 
20:23:12.277 @WOR013 净61
20:23:12.293 @WOR014 
20:23:12.293 @WOR015 
20:23:12.293 @WOR016 包拼
20:23:12.293 @WOR017 2
20:23:12.293 @WOR018 金杂拼
20:23:12.293 @WOR019 0
20:23:12.293 @WOR020 
20:23:12.293 @WOR021 
20:23:12.308 @WOR022 下脚450*100*75
20:23:12.308 @WOR023 2018/5/25 20:22:02
20:23:12.308 @WOR024 系统管理员
20:23:12.308 @WOR025 
20:23:12.308 @WOR026 一头指接   修边尺寸：毛415*毛94*毛65
20:23:12.308 @WOR027 
20:23:12.308 @WOR028 0
20:23:12.308 @WOR029 0
20:23:12.308 @WOR030 
20:23:12.324 @WOR034 System.Byte[]
20:23:12.324 @WOR035 System.Byte[]
20:23:12.324 @WOR036 System.Byte[]
20:23:12.324 @WOR037 System.Byte[]
20:23:12.324 @WOR002 1
20:23:15.048 @idx 9577
20:23:15.048 @WOR005 008
20:23:15.048 @WOR006 下脚下接头
20:23:15.048 @WOR007 毛65
20:23:15.064 @WOR008 
20:23:15.064 @WOR009 
20:23:15.064 @WOR010 毛94
20:23:15.064 @WOR011 
20:23:15.064 @WOR012 
20:23:15.079 @WOR013 净61
20:23:15.079 @WOR014 
20:23:15.079 @WOR015 
20:23:15.079 @WOR016 包拼
20:23:15.095 @WOR017 2
20:23:15.095 @WOR018 金B
20:23:15.095 @WOR019 0
20:23:15.095 @WOR020 
20:23:15.095 @WOR021 
20:23:15.095 @WOR022 下脚450*100*75
20:23:15.111 @WOR023 2018/5/25 20:22:02
20:23:15.111 @WOR024 系统管理员
20:23:15.113 @WOR025 
20:23:15.113 @WOR026 一头指接可拼大板   修边尺寸：毛65*毛94*毛65
20:23:15.116 @WOR027 
20:23:15.116 @WOR028 0
20:23:15.118 @WOR029 0
20:23:15.118 @WOR030 
20:23:15.121 @WOR034 System.Byte[]
20:23:15.121 @WOR035 System.Byte[]
20:23:15.121 @WOR036 System.Byte[]
20:23:15.123 @WOR037 System.Byte[]
20:23:15.123 @WOR002 1
20:23:17.970 @idx 1583
20:23:17.970 @WOR005 015
20:23:17.970 @WOR006 床头缝条
20:23:17.970 @WOR007 413
20:23:17.986 @WOR008 
20:23:17.986 @WOR009 
20:23:17.986 @WOR010 25
20:23:17.986 @WOR011 
20:23:17.986 @WOR012 
20:23:18.001 @WOR013 5
20:23:18.001 @WOR014 
20:23:18.001 @WOR015 
20:23:18.001 @WOR016 实木
20:23:18.001 @WOR017 8
20:23:18.001 @WOR018 金丝柚C
20:23:18.001 @WOR019 0
20:23:18.001 @WOR020 
20:23:18.017 @WOR021 
20:23:18.017 @WOR022 
20:23:18.017 @WOR023 2018/5/25 20:22:02
20:23:18.017 @WOR024 系统管理员
20:23:18.017 @WOR025 
20:23:18.017 @WOR026 按实锯
20:23:18.017 @WOR027 
20:23:18.032 @WOR028 0
20:23:18.032 @WOR029 0
20:23:18.032 @WOR030 8
20:23:18.032 @WOR034 System.Byte[]
20:23:18.032 @WOR035 System.Byte[]
20:23:18.048 @WOR036 System.Byte[]
20:23:18.048 @WOR037 System.Byte[]
20:23:18.048 @WOR002 1
20:23:30.560 @WOQ001 
20:23:30.560 @WOQ002 
20:23:30.560 @WOQ003 1010
20:23:30.575 @WOQ004 2018/5/25 20:22:02
20:23:30.575 @WOQ005 系统管理员
20:23:30.575 @WOQ006 51-1.001.02.004
20:28:30.163  异常信息：由于连接方在一段时间后没有正确答复或连接的主机没有反应，连接尝试失败。 192.168.1.188:80
  堆栈信息:   在 AutoUpdate.AppUpdate.DownloadFile(String url, String localFilePath) 位置 D:\Project data\MoXia\Carpenter\Carpenter\AppUpdate.cs:行号 242
   在 AutoUpdate.AppUpdate.CheckAppVersion(String& msg) 位置 D:\Project data\MoXia\Carpenter\Carpenter\AppUpdate.cs:行号 310
20:28:43.035 @EMP002 系统管理员
20:28:43.035 @EMP009 d2f278e251d1566edd72846d4ad97f
20:28:58.640 @idx 9576
20:28:58.656 @WOR005 007
20:28:58.656 @WOR006 下脚内芯
20:28:58.656 @WOR007 毛415
20:28:58.656 @WOR008 
20:28:58.656 @WOR009 
20:28:58.656 @WOR010 毛94
20:28:58.656 @WOR011 
20:28:58.656 @WOR012 
20:28:58.656 @WOR013 净61
20:28:58.672 @WOR014 
20:28:58.672 @WOR015 
20:28:58.672 @WOR016 包拼
20:28:58.672 @WOR017 2
20:28:58.672 @WOR018 金杂拼
20:28:58.672 @WOR019 0
20:28:58.672 @WOR020 
20:28:58.672 @WOR021 
20:28:58.672 @WOR022 下脚450*100*75
20:28:58.672 @WOR023 2018/5/25 20:28:58
20:28:58.672 @WOR024 系统管理员
20:28:58.672 @WOR025 
20:28:58.672 @WOR026 一头指接   修边尺寸：毛415*毛94*毛65
20:28:58.672 @WOR027 
20:28:58.687 @WOR028 0
20:28:58.687 @WOR029 0
20:28:58.687 @WOR030 
20:28:58.687 @WOR034 System.Byte[]
20:28:58.687 @WOR035 System.Byte[]
20:28:58.687 @WOR036 System.Byte[]
20:28:58.687 @WOR037 System.Byte[]
20:28:58.687 @WOR002 1
20:28:58.703 @idx 1571
20:28:58.703 @WOR005 003
20:28:58.703 @WOR006 床头下脚
20:28:58.703 @WOR007 450031
20:28:58.703 @WOR008 
20:28:58.703 @WOR009 
20:28:58.703 @WOR010 100
20:28:58.703 @WOR011 
20:28:58.703 @WOR012 
20:28:58.703 @WOR013 75
20:28:58.703 @WOR014 
20:28:58.703 @WOR015 
20:28:58.718 @WOR016 实木包拼
20:28:58.718 @WOR017 2
20:28:58.718 @WOR018 金丝柚AB包拼
20:28:58.718 @WOR019 0
20:28:58.718 @WOR020 
20:28:58.718 @WOR021 
20:28:58.718 @WOR022 
20:28:58.718 @WOR023 2018/5/25 20:28:58
20:28:58.718 @WOR024 系统管理员
20:28:58.718 @WOR025 
20:28:58.718 @WOR026 指接
20:28:58.718 @WOR027 
20:28:58.718 @WOR028 0
20:28:58.718 @WOR029 0
20:28:58.718 @WOR030 2
20:28:58.718 @WOR034 System.Byte[]
20:28:58.734 @WOR035 System.Byte[]
20:28:58.734 @WOR036 System.Byte[]
20:28:58.734 @WOR037 System.Byte[]
20:28:58.734 @WOR002 1
20:28:58.734 @idx 1577
20:28:58.734 @WOR005 009
20:28:58.734 @WOR006 床头上档
20:28:58.734 @WOR007 1500
20:28:58.750 @WOR008 
20:28:58.750 @WOR009 
20:28:58.750 @WOR010 70
20:28:58.750 @WOR011 
20:28:58.750 @WOR012 
20:28:58.750 @WOR013 35
20:28:58.750 @WOR014 
20:28:58.750 @WOR015 
20:28:58.750 @WOR016 实木
20:28:58.750 @WOR017 1
20:28:58.750 @WOR018 金丝柚C指接料
20:28:58.750 @WOR019 0
20:28:58.750 @WOR020 
20:28:58.750 @WOR021 
20:28:58.750 @WOR022 
20:28:58.765 @WOR023 2018/5/25 20:28:58
20:28:58.765 @WOR024 系统管理员
20:28:58.765 @WOR025 
20:28:58.765 @WOR026 榫净1440mm
20:28:58.765 @WOR027 
20:28:58.765 @WOR028 0
20:28:58.765 @WOR029 0
20:28:58.765 @WOR030 3
20:28:58.765 @WOR034 System.Byte[]
20:28:58.765 @WOR035 System.Byte[]
20:28:58.765 @WOR036 System.Byte[]
20:28:58.765 @WOR037 System.Byte[]
20:28:58.765 @WOR002 1
20:28:58.781 @idx 1584
20:28:58.781 @WOR005 016
20:28:58.781 @WOR006 床头边缝条
20:28:58.781 @WOR007 415
20:28:58.781 @WOR008 
20:28:58.781 @WOR009 
20:28:58.781 @WOR010 20
20:28:58.781 @WOR011 
20:28:58.781 @WOR012 
20:28:58.781 @WOR013 10
20:28:58.781 @WOR014 
20:28:58.796 @WOR015 
20:28:58.796 @WOR016 实木
20:28:58.796 @WOR017 2
20:28:58.796 @WOR018 金丝柚C
20:28:58.796 @WOR019 0
20:28:58.796 @WOR020 
20:28:58.796 @WOR021 
20:28:58.796 @WOR022 
20:28:58.796 @WOR023 2018/5/25 20:28:58
20:28:58.796 @WOR024 系统管理员
20:28:58.796 @WOR025 
20:28:58.796 @WOR026 按实锯
20:28:58.796 @WOR027 
20:28:58.796 @WOR028 0
20:28:58.796 @WOR029 0
20:28:58.796 @WOR030 5
20:28:58.812 @WOR034 System.Byte[]
20:28:58.812 @WOR035 System.Byte[]
20:28:58.812 @WOR036 System.Byte[]
20:28:58.812 @WOR037 System.Byte[]
20:28:58.812 @WOR002 1
20:28:58.812 @idx 1570
20:28:58.812 @WOR005 002
20:28:58.812 @WOR006 床头上脚
20:28:58.828 @WOR007 65002
20:28:58.828 @WOR008 
20:28:58.828 @WOR009 
20:28:58.828 @WOR010 100
20:28:58.828 @WOR011 
20:28:58.828 @WOR012 
20:28:58.828 @WOR013 按模
20:28:58.828 @WOR014 
20:28:58.828 @WOR015 
20:28:58.828 @WOR016 实木
20:28:58.828 @WOR017 2
20:28:58.828 @WOR018 金丝柚AB
20:28:58.828 @WOR019 0
20:28:58.828 @WOR020 
20:28:58.843 @WOR021 
20:28:58.843 @WOR022 用两面光料35+35+35砂拼
床头上脚与床头板颜色一致  断好  直接画线
20:28:58.843 @WOR023 2018/5/25 20:28:58
20:28:58.843 @WOR024 系统管理员
20:28:58.843 @WOR025 
20:28:58.843 @WOR026 指接
20:28:58.843 @WOR027 650
20:28:58.843 @WOR028 0
20:28:58.843 @WOR029 0
20:28:58.843 @WOR030 1
20:28:58.843 @WOR034 System.Byte[]
20:28:58.843 @WOR035 System.Byte[]
20:28:58.843 @WOR036 System.Byte[]
20:28:58.843 @WOR037 System.Byte[]
20:28:58.859 @WOR002 1
20:28:58.859 @idx 9577
20:28:58.859 @WOR005 008
20:28:58.859 @WOR006 下脚下接头
20:28:58.859 @WOR007 毛65
20:28:58.859 @WOR008 
20:28:58.859 @WOR009 
20:28:58.874 @WOR010 毛94
20:28:58.874 @WOR011 
20:28:58.874 @WOR012 
20:28:58.874 @WOR013 净61
20:28:58.874 @WOR014 
20:28:58.874 @WOR015 
20:28:58.874 @WOR016 包拼
20:28:58.874 @WOR017 2
20:28:58.874 @WOR018 金B
20:28:58.874 @WOR019 0
20:28:58.874 @WOR020 
20:28:58.874 @WOR021 
20:28:58.874 @WOR022 下脚450*100*75
20:28:58.874 @WOR023 2018/5/25 20:28:58
20:28:58.874 @WOR024 系统管理员
20:28:58.874 @WOR025 
20:28:58.874 @WOR026 一头指接可拼大板   修边尺寸：毛65*毛94*毛65
20:28:58.874 @WOR027 
20:28:58.890 @WOR028 0
20:28:58.890 @WOR029 0
20:28:58.893 @WOR030 
20:28:58.893 @WOR034 System.Byte[]
20:28:58.893 @WOR035 System.Byte[]
20:28:58.895 @WOR036 System.Byte[]
20:28:58.895 @WOR037 System.Byte[]
20:28:58.898 @WOR002 1
20:28:58.903 @idx 1569
20:28:58.905 @WOR005 001
20:28:58.905 @WOR006 床头脚
20:28:58.908 @WOR007 108501
20:28:58.908 @WOR008 
20:28:58.908 @WOR009 
20:28:58.908 @WOR010 100
20:28:58.908 @WOR011 
20:28:58.908 @WOR012 
20:28:58.908 @WOR013 按模
20:28:58.908 @WOR014 
20:28:58.908 @WOR015 
20:28:58.908 @WOR016 
20:28:58.908 @WOR017 2
20:28:58.908 @WOR018 
20:28:58.908 @WOR019 0
20:28:58.908 @WOR020 
20:28:58.908 @WOR021 
20:28:58.908 @WOR022 
20:28:58.908 @WOR023 2018/5/25 20:28:58
20:28:58.923 @WOR024 系统管理员
20:28:58.923 @WOR025 
20:28:58.923 @WOR026 
20:28:58.923 @WOR027 
20:28:58.923 @WOR028 0
20:28:58.923 @WOR029 0
20:28:58.923 @WOR030 
20:28:58.923 @WOR034 System.Byte[]
20:28:58.923 @WOR035 System.Byte[]
20:28:58.923 @WOR036 System.Byte[]
20:28:58.923 @WOR037 System.Byte[]
20:28:58.923 @WOR002 1
20:28:58.939 @idx 1578
20:28:58.939 @WOR005 010
20:28:58.939 @WOR006 床头下档
20:28:58.939 @WOR007 1500
20:28:58.939 @WOR008 
20:28:58.939 @WOR009 
20:28:58.939 @WOR010 45
20:28:58.939 @WOR011 
20:28:58.939 @WOR012 
20:28:58.939 @WOR013 45
20:28:58.939 @WOR014 
20:28:58.939 @WOR015 
20:28:58.939 @WOR016 实木
20:28:58.939 @WOR017 1
20:28:58.939 @WOR018 金丝柚A指接料
20:28:58.954 @WOR019 0
20:28:58.954 @WOR020 
20:28:58.954 @WOR021 
20:28:58.954 @WOR022 
20:28:58.954 @WOR023 2018/5/25 20:28:58
20:28:58.954 @WOR024 系统管理员
20:28:58.954 @WOR025 
20:28:58.954 @WOR026 榫净1440mm
20:28:58.954 @WOR027 
20:28:58.954 @WOR028 0
20:28:58.954 @WOR029 0
20:28:58.954 @WOR030 4
20:28:58.954 @WOR034 System.Byte[]
20:28:58.954 @WOR035 System.Byte[]
20:28:58.954 @WOR036 System.Byte[]
20:28:58.954 @WOR037 System.Byte[]
20:28:58.970 @WOR002 1
20:28:58.970 @idx 1580
20:28:58.970 @WOR005 012
20:28:58.970 @WOR006 床头后条
20:28:58.970 @WOR007 280
20:28:58.970 @WOR008 
20:28:58.970 @WOR009 
20:28:58.970 @WOR010 25
20:28:58.970 @WOR011 
20:28:58.986 @WOR012 
20:28:58.986 @WOR013 18
20:28:58.986 @WOR014 
20:28:58.986 @WOR015 
20:28:58.986 @WOR016 板材
20:28:58.986 @WOR017 2
20:28:58.986 @WOR018 橡木指接板
20:28:58.986 @WOR019 0
20:28:58.986 @WOR020 
20:28:58.986 @WOR021 
20:28:58.986 @WOR022 
20:28:58.986 @WOR023 2018/5/25 20:28:58
20:28:58.986 @WOR024 系统管理员
20:28:58.986 @WOR025 
20:28:58.986 @WOR026 
20:28:58.986 @WOR027 
20:28:58.986 @WOR028 0
20:28:59.001 @WOR029 0
20:28:59.001 @WOR030 2
20:28:59.001 @WOR034 System.Byte[]
20:28:59.001 @WOR035 System.Byte[]
20:28:59.001 @WOR036 System.Byte[]
20:28:59.001 @WOR037 System.Byte[]
20:28:59.001 @WOR002 1
20:28:59.001 @idx 1579
20:28:59.001 @WOR005 011
20:28:59.017 @WOR006 床头下板
20:28:59.017 @WOR007 1440
20:28:59.017 @WOR008 
20:28:59.017 @WOR009 
20:28:59.017 @WOR010 285
20:28:59.017 @WOR011 
20:28:59.017 @WOR012 
20:28:59.017 @WOR013 18
20:28:59.017 @WOR014 
20:28:59.017 @WOR015 
20:28:59.017 @WOR016 板材
20:28:59.017 @WOR017 1
20:28:59.017 @WOR018 橡木指接板
20:28:59.017 @WOR019 0
20:28:59.017 @WOR020 
20:28:59.017 @WOR021 
20:28:59.017 @WOR022 
20:28:59.032 @WOR023 2018/5/25 20:28:58
20:28:59.032 @WOR024 系统管理员
20:28:59.032 @WOR025 
20:28:59.032 @WOR026 
20:28:59.032 @WOR027 
20:28:59.032 @WOR028 0
20:28:59.032 @WOR029 0
20:28:59.032 @WOR030 1
20:28:59.032 @WOR034 System.Byte[]
20:28:59.032 @WOR035 System.Byte[]
20:28:59.032 @WOR036 System.Byte[]
20:28:59.032 @WOR037 System.Byte[]
20:28:59.032 @WOR002 1
20:28:59.048 @WOQ001 1023
20:28:59.048 @WOQ004 2018/5/25 20:28:58
20:28:59.048 @WOQ005 系统管理员
20:28:59.048 @WOQ006 51-1.001.02.004
20:28:59.079 将参数值从 String 转换到 DateTime 失败。
   在 System.Data.SqlClient.SqlParameter.CoerceValue(Object value, MetaType destinationType, Boolean& coercedToDataFeed, Boolean& typeChanged, Boolean allowStreaming)
   在 System.Data.SqlClient.SqlParameter.GetCoercedValue()
   在 System.Data.SqlClient.SqlParameter.Validate(Int32 index, Boolean isCommandProc)
   在 System.Data.SqlClient.SqlCommand.BuildParamList(TdsParser parser, SqlParameterCollection parameters, Boolean includeReturnValue)
   在 System.Data.SqlClient.SqlCommand.BuildExecuteSql(CommandBehavior behavior, String commandText, SqlParameterCollection parameters, _SqlRPC& rpc)
   在 System.Data.SqlClient.SqlCommand.RunExecuteReaderTds(CommandBehavior cmdBehavior, RunBehavior runBehavior, Boolean returnStream, Boolean async, Int32 timeout, Task& task, Boolean asyncWrite, Boolean inRetry, SqlDataReader ds, Boolean describeParameterEncryptionRequest)
   在 System.Data.SqlClient.SqlCommand.RunExecuteReader(CommandBehavior cmdBehavior, RunBehavior runBehavior, Boolean returnStream, String method, TaskCompletionSource`1 completion, Int32 timeout, Task& task, Boolean& usedCache, Boolean asyncWrite, Boolean inRetry)
   在 System.Data.SqlClient.SqlCommand.InternalExecuteNonQuery(TaskCompletionSource`1 completion, String methodName, Boolean sendToPipe, Int32 timeout, Boolean& usedCache, Boolean asyncWrite, Boolean inRetry)
   在 System.Data.SqlClient.SqlCommand.ExecuteNonQuery()
   在 StudentMgr.SqlHelper.ExecuteSqlTran(Hashtable SQLStringList) 位置 D:\Project data\MoXia\Carpenter\CarpenterBll\SqlHelper.cs:行号 895
20:28:59.079 UPDATE MOXWOQ SET WOQ002='',WOQ003='',WOQ004=@WOQ004,WOQ005=@WOQ005,WOQ006=@WOQ006 WHERE WOQ001=@WOQ001
20:30:59.642  异常信息：由于连接方在一段时间后没有正确答复或连接的主机没有反应，连接尝试失败。 192.168.1.188:80
  堆栈信息:   在 AutoUpdate.AppUpdate.DownloadFile(String url, String localFilePath) 位置 D:\Project data\MoXia\Carpenter\Carpenter\AppUpdate.cs:行号 242
   在 AutoUpdate.AppUpdate.CheckAppVersion(String& msg) 位置 D:\Project data\MoXia\Carpenter\Carpenter\AppUpdate.cs:行号 310
20:31:07.479 @EMP002 系统管理员
20:31:07.479 @EMP009 d2f278e251d1566edd72846d4ad97f
20:31:23.010 @idx 9576
20:31:23.010 @WOR005 007
20:31:23.010 @WOR006 下脚内芯
20:31:23.010 @WOR007 毛415
20:31:23.010 @WOR008 
20:31:23.010 @WOR009 
20:31:23.010 @WOR010 毛94
20:31:23.010 @WOR011 
20:31:23.010 @WOR012 
20:31:23.010 @WOR013 净61
20:31:23.025 @WOR014 
20:31:23.025 @WOR015 
20:31:23.025 @WOR016 包拼
20:31:23.025 @WOR017 2
20:31:23.025 @WOR018 金杂拼
20:31:23.025 @WOR019 0
20:31:23.025 @WOR020 
20:31:23.025 @WOR021 
20:31:23.025 @WOR022 下脚450*100*75
20:31:23.025 @WOR023 2018/5/25 20:31:22
20:31:23.025 @WOR024 系统管理员
20:31:23.025 @WOR025 
20:31:23.025 @WOR026 一头指接   修边尺寸：毛415*毛94*毛65
20:31:23.041 @WOR027 
20:31:23.041 @WOR028 0
20:31:23.041 @WOR029 0
20:31:23.041 @WOR030 
20:31:23.041 @WOR034 System.Byte[]
20:31:23.041 @WOR035 System.Byte[]
20:31:23.041 @WOR036 System.Byte[]
20:31:23.041 @WOR037 System.Byte[]
20:31:23.041 @WOR002 1
20:31:23.056 @idx 1571
20:31:23.056 @WOR005 003
20:31:23.056 @WOR006 床头下脚
20:31:23.056 @WOR007 450031
20:31:23.056 @WOR008 
20:31:23.056 @WOR009 
20:31:23.056 @WOR010 100
20:31:23.056 @WOR011 
20:31:23.056 @WOR012 
20:31:23.072 @WOR013 75
20:31:23.072 @WOR014 
20:31:23.072 @WOR015 
20:31:23.072 @WOR016 实木包拼
20:31:23.072 @WOR017 2
20:31:23.072 @WOR018 金丝柚AB包拼
20:31:23.072 @WOR019 0
20:31:23.072 @WOR020 
20:31:23.072 @WOR021 
20:31:23.072 @WOR022 
20:31:23.072 @WOR023 2018/5/25 20:31:22
20:31:23.072 @WOR024 系统管理员
20:31:23.072 @WOR025 
20:31:23.072 @WOR026 指接
20:31:23.088 @WOR027 
20:31:23.088 @WOR028 0
20:31:23.088 @WOR029 0
20:31:23.088 @WOR030 2
20:31:23.088 @WOR034 System.Byte[]
20:31:23.088 @WOR035 System.Byte[]
20:31:23.088 @WOR036 System.Byte[]
20:31:23.088 @WOR037 System.Byte[]
20:31:23.088 @WOR002 1
20:31:23.103 @idx 1577
20:31:23.106 @WOR005 009
20:31:23.106 @WOR006 床头上档
20:31:23.108 @WOR007 1500
20:31:23.108 @WOR008 
20:31:23.108 @WOR009 
20:31:23.108 @WOR010 70
20:31:23.108 @WOR011 
20:31:23.108 @WOR012 
20:31:23.108 @WOR013 35
20:31:23.108 @WOR014 
20:31:23.108 @WOR015 
20:31:23.108 @WOR016 实木
20:31:23.108 @WOR017 1
20:31:23.108 @WOR018 金丝柚C指接料
20:31:23.108 @WOR019 0
20:31:23.124 @WOR020 
20:31:23.124 @WOR021 
20:31:23.124 @WOR022 
20:31:23.124 @WOR023 2018/5/25 20:31:22
20:31:23.124 @WOR024 系统管理员
20:31:23.124 @WOR025 
20:31:23.124 @WOR026 榫净1440mm
20:31:23.124 @WOR027 
20:31:23.124 @WOR028 0
20:31:23.124 @WOR029 0
20:31:23.124 @WOR030 3
20:31:23.124 @WOR034 System.Byte[]
20:31:23.124 @WOR035 System.Byte[]
20:31:23.124 @WOR036 System.Byte[]
20:31:23.139 @WOR037 System.Byte[]
20:31:23.139 @WOR002 1
20:31:23.139 @idx 1584
20:31:23.139 @WOR005 016
20:31:23.139 @WOR006 床头边缝条
20:31:23.139 @WOR007 415
20:31:23.139 @WOR008 
20:31:23.139 @WOR009 
20:31:23.139 @WOR010 20
20:31:23.155 @WOR011 
20:31:23.155 @WOR012 
20:31:23.155 @WOR013 10
20:31:23.155 @WOR014 
20:31:23.155 @WOR015 
20:31:23.155 @WOR016 实木
20:31:23.155 @WOR017 2
20:31:23.155 @WOR018 金丝柚C
20:31:23.155 @WOR019 0
20:31:23.155 @WOR020 
20:31:23.155 @WOR021 
20:31:23.155 @WOR022 
20:31:23.155 @WOR023 2018/5/25 20:31:22
20:31:23.155 @WOR024 系统管理员
20:31:23.155 @WOR025 
20:31:23.171 @WOR026 按实锯
20:31:23.171 @WOR027 
20:31:23.171 @WOR028 0
20:31:23.171 @WOR029 0
20:31:23.171 @WOR030 5
20:31:23.171 @WOR034 System.Byte[]
20:31:23.171 @WOR035 System.Byte[]
20:31:23.171 @WOR036 System.Byte[]
20:31:23.171 @WOR037 System.Byte[]
20:31:23.171 @WOR002 1
20:31:23.186 @idx 1570
20:31:23.186 @WOR005 002
20:31:23.189 @WOR006 床头上脚
20:31:23.189 @WOR007 65002
20:31:23.191 @WOR008 
20:31:23.191 @WOR009 
20:31:23.194 @WOR010 100
20:31:23.194 @WOR011 
20:31:23.194 @WOR012 
20:31:23.194 @WOR013 按模
20:31:23.194 @WOR014 
20:31:23.194 @WOR015 
20:31:23.194 @WOR016 实木
20:31:23.194 @WOR017 2
20:31:23.194 @WOR018 金丝柚AB
20:31:23.194 @WOR019 0
20:31:23.194 @WOR020 
20:31:23.194 @WOR021 
20:31:23.194 @WOR022 用两面光料35+35+35砂拼
床头上脚与床头板颜色一致  断好  直接画线
20:31:23.194 @WOR023 2018/5/25 20:31:22
20:31:23.194 @WOR024 系统管理员
20:31:23.209 @WOR025 
20:31:23.209 @WOR026 指接
20:31:23.209 @WOR027 650
20:31:23.209 @WOR028 0
20:31:23.209 @WOR029 0
20:31:23.209 @WOR030 1
20:31:23.209 @WOR034 System.Byte[]
20:31:23.209 @WOR035 System.Byte[]
20:31:23.209 @WOR036 System.Byte[]
20:31:23.209 @WOR037 System.Byte[]
20:31:23.209 @WOR002 1
20:31:23.225 @idx 9577
20:31:23.225 @WOR005 008
20:31:23.225 @WOR006 下脚下接头
20:31:23.225 @WOR007 毛65
20:31:23.225 @WOR008 
20:31:23.225 @WOR009 
20:31:23.225 @WOR010 毛94
20:31:23.225 @WOR011 
20:31:23.225 @WOR012 
20:31:23.225 @WOR013 净61
20:31:23.225 @WOR014 
20:31:23.225 @WOR015 
20:31:23.225 @WOR016 包拼
20:31:23.225 @WOR017 2
20:31:23.240 @WOR018 金B
20:31:23.240 @WOR019 0
20:31:23.240 @WOR020 
20:31:23.240 @WOR021 
20:31:23.240 @WOR022 下脚450*100*75
20:31:23.240 @WOR023 2018/5/25 20:31:22
20:31:23.240 @WOR024 系统管理员
20:31:23.240 @WOR025 
20:31:23.240 @WOR026 一头指接可拼大板   修边尺寸：毛65*毛94*毛65
20:31:23.240 @WOR027 
20:31:23.240 @WOR028 0
20:31:23.240 @WOR029 0
20:31:23.240 @WOR030 
20:31:23.240 @WOR034 System.Byte[]
20:31:23.240 @WOR035 System.Byte[]
20:31:23.240 @WOR036 System.Byte[]
20:31:23.256 @WOR037 System.Byte[]
20:31:23.256 @WOR002 1
20:31:23.256 @idx 1569
20:31:23.256 @WOR005 001
20:31:23.256 @WOR006 床头脚
20:31:23.256 @WOR007 108501
20:31:23.256 @WOR008 
20:31:23.256 @WOR009 
20:31:23.256 @WOR010 100
20:31:23.256 @WOR011 
20:31:23.272 @WOR012 
20:31:23.272 @WOR013 按模
20:31:23.272 @WOR014 
20:31:23.272 @WOR015 
20:31:23.272 @WOR016 
20:31:23.272 @WOR017 2
20:31:23.272 @WOR018 
20:31:23.272 @WOR019 0
20:31:23.272 @WOR020 
20:31:23.272 @WOR021 
20:31:23.272 @WOR022 
20:31:23.272 @WOR023 2018/5/25 20:31:22
20:31:23.272 @WOR024 系统管理员
20:31:23.272 @WOR025 
20:31:23.272 @WOR026 
20:31:23.272 @WOR027 
20:31:23.287 @WOR028 0
20:31:23.287 @WOR029 0
20:31:23.287 @WOR030 
20:31:23.287 @WOR034 System.Byte[]
20:31:23.287 @WOR035 System.Byte[]
20:31:23.287 @WOR036 System.Byte[]
20:31:23.287 @WOR037 System.Byte[]
20:31:23.287 @WOR002 1
20:31:23.287 @idx 1578
20:31:23.287 @WOR005 010
20:31:23.303 @WOR006 床头下档
20:31:23.303 @WOR007 1500
20:31:23.303 @WOR008 
20:31:23.303 @WOR009 
20:31:23.303 @WOR010 45
20:31:23.303 @WOR011 
20:31:23.303 @WOR012 
20:31:23.303 @WOR013 45
20:31:23.303 @WOR014 
20:31:23.303 @WOR015 
20:31:23.303 @WOR016 实木
20:31:23.303 @WOR017 1
20:31:23.303 @WOR018 金丝柚A指接料
20:31:23.303 @WOR019 0
20:31:23.303 @WOR020 
20:31:23.318 @WOR021 
20:31:23.318 @WOR022 
20:31:23.318 @WOR023 2018/5/25 20:31:22
20:31:23.318 @WOR024 系统管理员
20:31:23.318 @WOR025 
20:31:23.318 @WOR026 榫净1440mm
20:31:23.318 @WOR027 
20:31:23.318 @WOR028 0
20:31:23.318 @WOR029 0
20:31:23.318 @WOR030 4
20:31:23.318 @WOR034 System.Byte[]
20:31:23.318 @WOR035 System.Byte[]
20:31:23.318 @WOR036 System.Byte[]
20:31:23.318 @WOR037 System.Byte[]
20:31:23.318 @WOR002 1
20:31:23.334 @idx 1580
20:31:23.334 @WOR005 012
20:31:23.334 @WOR006 床头后条
20:31:23.334 @WOR007 280
20:31:23.334 @WOR008 
20:31:23.334 @WOR009 
20:31:23.334 @WOR010 25
20:31:23.334 @WOR011 
20:31:23.334 @WOR012 
20:31:23.334 @WOR013 18
20:31:23.334 @WOR014 
20:31:23.334 @WOR015 
20:31:23.350 @WOR016 板材
20:31:23.350 @WOR017 2
20:31:23.350 @WOR018 橡木指接板
20:31:23.350 @WOR019 0
20:31:23.350 @WOR020 
20:31:23.350 @WOR021 
20:31:23.350 @WOR022 
20:31:23.350 @WOR023 2018/5/25 20:31:22
20:31:23.350 @WOR024 系统管理员
20:31:23.350 @WOR025 
20:31:23.350 @WOR026 
20:31:23.350 @WOR027 
20:31:23.350 @WOR028 0
20:31:23.350 @WOR029 0
20:31:23.350 @WOR030 2
20:31:23.350 @WOR034 System.Byte[]
20:31:23.365 @WOR035 System.Byte[]
20:31:23.365 @WOR036 System.Byte[]
20:31:23.365 @WOR037 System.Byte[]
20:31:23.365 @WOR002 1
20:31:23.365 @idx 1579
20:31:23.365 @WOR005 011
20:31:23.365 @WOR006 床头下板
20:31:23.365 @WOR007 1440
20:31:23.365 @WOR008 
20:31:23.365 @WOR009 
20:31:23.381 @WOR010 285
20:31:23.381 @WOR011 
20:31:23.381 @WOR012 
20:31:23.381 @WOR013 18
20:31:23.381 @WOR014 
20:31:23.381 @WOR015 
20:31:23.381 @WOR016 板材
20:31:23.381 @WOR017 1
20:31:23.381 @WOR018 橡木指接板
20:31:23.381 @WOR019 0
20:31:23.381 @WOR020 
20:31:23.381 @WOR021 
20:31:23.381 @WOR022 
20:31:23.381 @WOR023 2018/5/25 20:31:22
20:31:23.381 @WOR024 系统管理员
20:31:23.381 @WOR025 
20:31:23.381 @WOR026 
20:31:23.396 @WOR027 
20:31:23.396 @WOR028 0
20:31:23.396 @WOR029 0
20:31:23.396 @WOR030 1
20:31:23.396 @WOR034 System.Byte[]
20:31:23.396 @WOR035 System.Byte[]
20:31:23.396 @WOR036 System.Byte[]
20:31:23.396 @WOR037 System.Byte[]
20:31:23.396 @WOR002 1
20:31:23.396 @WOQ001 1015
20:31:23.396 @WOQ004 2018/5/25 20:31:22
20:31:23.412 @WOQ005 系统管理员
20:31:23.412 @WOQ006 51-1.001.02.004
20:31:23.443 将参数值从 String 转换到 DateTime 失败。
   在 System.Data.SqlClient.SqlParameter.CoerceValue(Object value, MetaType destinationType, Boolean& coercedToDataFeed, Boolean& typeChanged, Boolean allowStreaming)
   在 System.Data.SqlClient.SqlParameter.GetCoercedValue()
   在 System.Data.SqlClient.SqlParameter.Validate(Int32 index, Boolean isCommandProc)
   在 System.Data.SqlClient.SqlCommand.BuildParamList(TdsParser parser, SqlParameterCollection parameters, Boolean includeReturnValue)
   在 System.Data.SqlClient.SqlCommand.BuildExecuteSql(CommandBehavior behavior, String commandText, SqlParameterCollection parameters, _SqlRPC& rpc)
   在 System.Data.SqlClient.SqlCommand.RunExecuteReaderTds(CommandBehavior cmdBehavior, RunBehavior runBehavior, Boolean returnStream, Boolean async, Int32 timeout, Task& task, Boolean asyncWrite, Boolean inRetry, SqlDataReader ds, Boolean describeParameterEncryptionRequest)
   在 System.Data.SqlClient.SqlCommand.RunExecuteReader(CommandBehavior cmdBehavior, RunBehavior runBehavior, Boolean returnStream, String method, TaskCompletionSource`1 completion, Int32 timeout, Task& task, Boolean& usedCache, Boolean asyncWrite, Boolean inRetry)
   在 System.Data.SqlClient.SqlCommand.InternalExecuteNonQuery(TaskCompletionSource`1 completion, String methodName, Boolean sendToPipe, Int32 timeout, Boolean& usedCache, Boolean asyncWrite, Boolean inRetry)
   在 System.Data.SqlClient.SqlCommand.ExecuteNonQuery()
   在 StudentMgr.SqlHelper.ExecuteSqlTran(Hashtable SQLStringList) 位置 D:\Project data\MoXia\Carpenter\CarpenterBll\SqlHelper.cs:行号 895
20:31:23.443 UPDATE MOXWOQ SET WOQ002=NULL,WOQ003=NULL,WOQ004=@WOQ004,WOQ005=@WOQ005,WOQ006=@WOQ006 WHERE WOQ001=@WOQ001
20:36:31.188  异常信息：由于连接方在一段时间后没有正确答复或连接的主机没有反应，连接尝试失败。 192.168.1.188:80
  堆栈信息:   在 AutoUpdate.AppUpdate.DownloadFile(String url, String localFilePath) 位置 D:\Project data\MoXia\Carpenter\Carpenter\AppUpdate.cs:行号 242
   在 AutoUpdate.AppUpdate.CheckAppVersion(String& msg) 位置 D:\Project data\MoXia\Carpenter\Carpenter\AppUpdate.cs:行号 310
20:36:36.488 @EMP002 系统管理员
20:36:36.488 @EMP009 d2f278e251d1566edd72846d4ad97f
20:37:12.263 @idx 1582
20:37:12.266 @WOR005 014
20:37:12.268 @WOR006 床头角条
20:37:12.271 @WOR007 1439
20:37:12.271 @WOR008 
20:37:12.273 @WOR009 
20:37:12.276 @WOR010 25
20:37:12.278 @WOR011 
20:37:12.278 @WOR012 
20:37:12.281 @WOR013 18
20:37:12.283 @WOR014 
20:37:12.283 @WOR015 
20:37:12.286 @WOR016 实木
20:37:12.288 @WOR017 1
20:37:12.291 @WOR018 橡木指接板
20:37:12.291 @WOR019 0
20:37:12.293 @WOR020 
20:37:12.296 @WOR021 
20:37:12.298 @WOR022 
20:37:12.301 @WOR023 2018/5/25 20:36:58
20:37:12.301 @WOR024 系统管理员
20:37:12.303 @WOR025 
20:37:12.303 @WOR026 
20:37:12.306 @WOR027 
20:37:12.306 @WOR028 0
20:37:12.308 @WOR029 0
20:37:12.308 @WOR030 7
20:37:12.311 @WOR034 System.Byte[]
20:37:12.311 @WOR035 System.Byte[]
20:37:12.313 @WOR036 System.Byte[]
20:37:12.313 @WOR037 System.Byte[]
20:37:12.316 @WOR002 1
20:37:12.323 @idx 1570
20:37:12.326 @WOR005 002
20:37:12.328 @WOR006 床头上脚
20:37:12.328 @WOR007 65002
20:37:12.331 @WOR008 
20:37:12.333 @WOR009 
20:37:12.333 @WOR010 100
20:37:12.336 @WOR011 
20:37:12.336 @WOR012 
20:37:12.338 @WOR013 按模
20:37:12.338 @WOR014 
20:37:12.341 @WOR015 
20:37:12.341 @WOR016 实木
20:37:12.343 @WOR017 2
20:37:12.343 @WOR018 金丝柚AB
20:37:12.346 @WOR019 0
20:37:12.346 @WOR020 
20:37:12.348 @WOR021 
20:37:12.348 @WOR022 用两面光料35+35+35砂拼
床头上脚与床头板颜色一致  断好  直接画线
20:37:12.351 @WOR023 2018/5/25 20:36:58
20:37:12.351 @WOR024 系统管理员
20:37:12.351 @WOR025 
20:37:12.353 @WOR026 指接
20:37:12.353 @WOR027 650
20:37:12.356 @WOR028 0
20:37:12.356 @WOR029 0
20:37:12.358 @WOR030 1
20:37:12.358 @WOR034 System.Byte[]
20:37:12.361 @WOR035 System.Byte[]
20:37:12.361 @WOR036 System.Byte[]
20:37:12.363 @WOR037 System.Byte[]
20:37:12.363 @WOR002 1
20:37:12.371 @idx 1578
20:37:12.373 @WOR005 010
20:37:12.373 @WOR006 床头下档
20:37:12.376 @WOR007 1500
20:37:12.378 @WOR008 
20:37:12.378 @WOR009 
20:37:12.378 @WOR010 45
20:37:12.381 @WOR011 
20:37:12.381 @WOR012 
20:37:12.383 @WOR013 45
20:37:12.383 @WOR014 
20:37:12.386 @WOR015 
20:37:12.386 @WOR016 实木
20:37:12.388 @WOR017 1
20:37:12.396 @WOR018 金丝柚A指接料
20:37:12.396 @WOR019 0
20:37:12.398 @WOR020 
20:37:12.398 @WOR021 
20:37:12.401 @WOR022 
20:37:12.401 @WOR023 2018/5/25 20:36:58
20:37:12.401 @WOR024 系统管理员
20:37:12.403 @WOR025 
20:37:12.403 @WOR026 榫净1440mm
20:37:12.406 @WOR027 
20:37:12.406 @WOR028 0
20:37:12.408 @WOR029 0
20:37:12.408 @WOR030 4
20:37:12.411 @WOR034 System.Byte[]
20:37:12.411 @WOR035 System.Byte[]
20:37:12.411 @WOR036 System.Byte[]
20:37:12.413 @WOR037 System.Byte[]
20:37:12.413 @WOR002 1
20:37:12.421 @idx 1584
20:37:12.421 @WOR005 016
20:37:12.423 @WOR006 床头边缝条
20:37:12.423 @WOR007 415
20:37:12.426 @WOR008 
20:37:12.426 @WOR009 
20:37:12.428 @WOR010 20
20:37:12.428 @WOR011 
20:37:12.428 @WOR012 
20:37:12.431 @WOR013 10
20:37:12.431 @WOR014 
20:37:12.431 @WOR015 
20:37:12.433 @WOR016 实木
20:37:12.433 @WOR017 2
20:37:12.433 @WOR018 金丝柚C
20:37:12.436 @WOR019 0
20:37:12.436 @WOR020 
20:37:12.436 @WOR021 
20:37:12.438 @WOR022 
20:37:12.438 @WOR023 2018/5/25 20:36:58
20:37:12.438 @WOR024 系统管理员
20:37:12.441 @WOR025 
20:37:12.441 @WOR026 按实锯
20:37:12.441 @WOR027 
20:37:12.443 @WOR028 0
20:37:12.443 @WOR029 0
20:37:12.443 @WOR030 5
20:37:12.446 @WOR034 System.Byte[]
20:37:12.446 @WOR035 System.Byte[]
20:37:12.448 @WOR036 System.Byte[]
20:37:12.448 @WOR037 System.Byte[]
20:37:12.451 @WOR002 1
20:37:12.456 @idx 9577
20:37:12.458 @WOR005 008
20:37:12.458 @WOR006 下脚下接头
20:37:12.461 @WOR007 毛65
20:37:12.461 @WOR008 
20:37:12.461 @WOR009 
20:37:12.463 @WOR010 毛94
20:37:12.463 @WOR011 
20:37:12.466 @WOR012 
20:37:12.466 @WOR013 净61
20:37:12.466 @WOR014 
20:37:12.468 @WOR015 
20:37:12.468 @WOR016 包拼
20:37:12.468 @WOR017 2
20:37:12.471 @WOR018 金B
20:37:12.471 @WOR019 0
20:37:12.473 @WOR020 
20:37:12.473 @WOR021 
20:37:12.476 @WOR022 下脚450*100*75
20:37:12.476 @WOR023 2018/5/25 20:36:58
20:37:12.476 @WOR024 系统管理员
20:37:12.478 @WOR025 
20:37:12.478 @WOR026 一头指接可拼大板   修边尺寸：毛65*毛94*毛65
20:37:12.481 @WOR027 
20:37:12.481 @WOR028 0
20:37:12.481 @WOR029 0
20:37:12.483 @WOR030 
20:37:12.483 @WOR034 System.Byte[]
20:37:12.483 @WOR035 System.Byte[]
20:37:12.486 @WOR036 System.Byte[]
20:37:12.486 @WOR037 System.Byte[]
20:37:12.488 @WOR002 1
20:37:12.493 @idx 1579
20:37:12.496 @WOR005 011
20:37:12.496 @WOR006 床头下板
20:37:12.498 @WOR007 1440
20:37:12.498 @WOR008 
20:37:12.501 @WOR009 
20:37:12.501 @WOR010 285
20:37:12.501 @WOR011 
20:37:12.503 @WOR012 
20:37:12.503 @WOR013 18
20:37:12.506 @WOR014 
20:37:12.506 @WOR015 
20:37:12.508 @WOR016 板材
20:37:12.508 @WOR017 1
20:37:12.508 @WOR018 橡木指接板
20:37:12.511 @WOR019 0
20:37:12.511 @WOR020 
20:37:12.513 @WOR021 
20:37:12.513 @WOR022 
20:37:12.513 @WOR023 2018/5/25 20:36:58
20:37:12.516 @WOR024 系统管理员
20:37:12.516 @WOR025 
20:37:12.518 @WOR026 
20:37:12.518 @WOR027 
20:37:12.518 @WOR028 0
20:37:12.521 @WOR029 0
20:37:12.521 @WOR030 1
20:37:12.523 @WOR034 System.Byte[]
20:37:12.523 @WOR035 System.Byte[]
20:37:12.523 @WOR036 System.Byte[]
20:37:12.526 @WOR037 System.Byte[]
20:37:12.526 @WOR002 1
20:37:12.533 @WOQ001 51-1.001.02.004
20:37:12.533 @WOQ004 1015
20:37:12.536 @WOQ005 2018/5/25 20:36:58
20:37:12.536 @WOQ006 系统管理员
20:37:12.541 @idx 1577
20:37:12.543 @WOR005 009
20:37:12.543 @WOR006 床头上档
20:37:12.546 @WOR007 1500
20:37:12.546 @WOR008 
20:37:12.548 @WOR009 
20:37:12.548 @WOR010 70
20:37:12.551 @WOR011 
20:37:12.551 @WOR012 
20:37:12.553 @WOR013 35
20:37:12.553 @WOR014 
20:37:12.556 @WOR015 
20:37:12.556 @WOR016 实木
20:37:12.558 @WOR017 1
20:37:12.558 @WOR018 金丝柚C指接料
20:37:12.558 @WOR019 0
20:37:12.561 @WOR020 
20:37:12.563 @WOR021 
20:37:12.563 @WOR022 
20:37:12.563 @WOR023 2018/5/25 20:36:58
20:37:12.566 @WOR024 系统管理员
20:37:12.566 @WOR025 
20:37:12.568 @WOR026 榫净1440mm
20:37:12.568 @WOR027 
20:37:12.568 @WOR028 0
20:37:12.571 @WOR029 0
20:37:12.571 @WOR030 3
20:37:12.573 @WOR034 System.Byte[]
20:37:12.573 @WOR035 System.Byte[]
20:37:12.573 @WOR036 System.Byte[]
20:37:12.576 @WOR037 System.Byte[]
20:37:12.576 @WOR002 1
20:37:12.583 @idx 1571
20:37:12.586 @WOR005 003
20:37:12.586 @WOR006 床头下脚
20:37:12.586 @WOR007 450031
20:37:12.588 @WOR008 
20:37:12.588 @WOR009 
20:37:12.588 @WOR010 100
20:37:12.591 @WOR011 
20:37:12.591 @WOR012 
20:37:12.593 @WOR013 75
20:37:12.593 @WOR014 
20:37:12.593 @WOR015 
20:37:12.596 @WOR016 实木包拼
20:37:12.596 @WOR017 2
20:37:12.596 @WOR018 金丝柚AB包拼
20:37:12.598 @WOR019 0
20:37:12.598 @WOR020 
20:37:12.601 @WOR021 
20:37:12.601 @WOR022 
20:37:12.603 @WOR023 2018/5/25 20:36:58
20:37:12.603 @WOR024 系统管理员
20:37:12.606 @WOR025 
20:37:12.606 @WOR026 指接
20:37:12.606 @WOR027 
20:37:12.608 @WOR028 0
20:37:12.608 @WOR029 0
20:37:12.611 @WOR030 2
20:37:12.611 @WOR034 System.Byte[]
20:37:12.613 @WOR035 System.Byte[]
20:37:12.613 @WOR036 System.Byte[]
20:37:12.613 @WOR037 System.Byte[]
20:37:12.616 @WOR002 1
20:37:12.621 @idx 9576
20:37:12.623 @WOR005 007
20:37:12.623 @WOR006 下脚内芯
20:37:12.626 @WOR007 毛415
20:37:12.626 @WOR008 
20:37:12.628 @WOR009 
20:37:12.628 @WOR010 毛94
20:37:12.631 @WOR011 
20:37:12.631 @WOR012 
20:37:12.631 @WOR013 净61
20:37:12.633 @WOR014 
20:37:12.633 @WOR015 
20:37:12.636 @WOR016 包拼
20:37:12.636 @WOR017 2
20:37:12.636 @WOR018 金杂拼
20:37:12.638 @WOR019 0
20:37:12.638 @WOR020 
20:37:12.638 @WOR021 
20:37:12.641 @WOR022 下脚450*100*75
20:37:12.641 @WOR023 2018/5/25 20:36:58
20:37:12.643 @WOR024 系统管理员
20:37:12.643 @WOR025 
20:37:12.643 @WOR026 一头指接   修边尺寸：毛415*毛94*毛65
20:37:12.646 @WOR027 
20:37:12.646 @WOR028 0
20:37:12.646 @WOR029 0
20:37:12.648 @WOR030 
20:37:12.648 @WOR034 System.Byte[]
20:37:12.648 @WOR035 System.Byte[]
20:37:12.651 @WOR036 System.Byte[]
20:37:12.651 @WOR037 System.Byte[]
20:37:12.653 @WOR002 1
20:37:12.658 @idx 1569
20:37:12.661 @WOR005 001
20:37:12.661 @WOR006 床头脚
20:37:12.663 @WOR007 108501
20:37:12.663 @WOR008 
20:37:12.663 @WOR009 
20:37:12.666 @WOR010 100
20:37:12.666 @WOR011 
20:37:12.668 @WOR012 
20:37:12.668 @WOR013 按模
20:37:12.668 @WOR014 
20:37:12.671 @WOR015 
20:37:12.671 @WOR016 
20:37:12.673 @WOR017 2
20:37:12.673 @WOR018 
20:37:12.673 @WOR019 0
20:37:12.676 @WOR020 
20:37:12.676 @WOR021 
20:37:12.678 @WOR022 
20:37:12.678 @WOR023 2018/5/25 20:36:58
20:37:12.678 @WOR024 系统管理员
20:37:12.681 @WOR025 
20:37:12.681 @WOR026 
20:37:12.683 @WOR027 
20:37:12.683 @WOR028 0
20:37:12.686 @WOR029 0
20:37:12.686 @WOR030 
20:37:12.686 @WOR034 System.Byte[]
20:37:12.688 @WOR035 System.Byte[]
20:37:12.688 @WOR036 System.Byte[]
20:37:12.691 @WOR037 System.Byte[]
20:37:12.691 @WOR002 1
20:37:12.698 @idx 1581
20:37:12.698 @WOR005 013
20:37:12.701 @WOR006 床头板
20:37:12.701 @WOR007 650
20:37:12.701 @WOR008 
20:37:12.703 @WOR009 
20:37:12.703 @WOR010 158.5
20:37:12.706 @WOR011 
20:37:12.706 @WOR012 
20:37:12.708 @WOR013 35
20:37:12.708 @WOR014 
20:37:12.708 @WOR015 
20:37:12.711 @WOR016 拼板
20:37:12.711 @WOR017 9
20:37:12.713 @WOR018 金丝柚四清
20:37:12.713 @WOR019 0
20:37:12.713 @WOR020 
20:37:12.716 @WOR021 
20:37:12.716 @WOR022 床头上脚与床头板颜色一致
20:37:12.718 @WOR023 2018/5/25 20:36:58
20:37:12.718 @WOR024 系统管理员
20:37:12.718 @WOR025 
20:37:12.721 @WOR026 一头锯下65对号胶压  可二三拼
20:37:12.721 @WOR027 660
20:37:12.723 @WOR028 0
20:37:12.723 @WOR029 0
20:37:12.723 @WOR030 6
20:37:12.726 @WOR034 System.Byte[]
20:37:12.726 @WOR035 System.Byte[]
20:37:12.728 @WOR036 System.Byte[]
20:37:12.728 @WOR037 System.Byte[]
20:37:12.728 @WOR002 1
20:37:12.736 @idx 1583
20:37:12.738 @WOR005 015
20:37:12.738 @WOR006 床头缝条
20:37:12.741 @WOR007 413
20:37:12.741 @WOR008 
20:37:12.741 @WOR009 
20:37:12.743 @WOR010 25
20:37:12.743 @WOR011 
20:37:12.743 @WOR012 
20:37:12.746 @WOR013 5
20:37:12.746 @WOR014 
20:37:12.748 @WOR015 
20:37:12.748 @WOR016 实木
20:37:12.748 @WOR017 8
20:37:12.751 @WOR018 金丝柚C
20:37:12.751 @WOR019 0
20:37:12.751 @WOR020 
20:37:12.753 @WOR021 
20:37:12.753 @WOR022 
20:37:12.756 @WOR023 2018/5/25 20:36:58
20:37:12.756 @WOR024 系统管理员
20:37:12.756 @WOR025 
20:37:12.758 @WOR026 按实锯
20:37:12.758 @WOR027 
20:37:12.761 @WOR028 0
20:37:12.761 @WOR029 0
20:37:12.761 @WOR030 8
20:37:12.763 @WOR034 System.Byte[]
20:37:12.763 @WOR035 System.Byte[]
20:37:12.766 @WOR036 System.Byte[]
20:37:12.766 @WOR037 System.Byte[]
20:37:12.768 @WOR002 1
20:37:12.773 @idx 1580
20:37:12.776 @WOR005 012
20:37:12.776 @WOR006 床头后条
20:37:12.778 @WOR007 280
20:37:12.778 @WOR008 
20:37:12.778 @WOR009 
20:37:12.781 @WOR010 25
20:37:12.781 @WOR011 
20:37:12.781 @WOR012 
20:37:12.783 @WOR013 18
20:37:12.783 @WOR014 
20:37:12.783 @WOR015 
20:37:12.786 @WOR016 板材
20:37:12.786 @WOR017 2
20:37:12.788 @WOR018 橡木指接板
20:37:12.788 @WOR019 0
20:37:12.788 @WOR020 
20:37:12.791 @WOR021 
20:37:12.791 @WOR022 
20:37:12.791 @WOR023 2018/5/25 20:36:58
20:37:12.793 @WOR024 系统管理员
20:37:12.793 @WOR025 
20:37:12.796 @WOR026 
20:37:12.796 @WOR027 
20:37:12.796 @WOR028 0
20:37:12.798 @WOR029 0
20:37:12.798 @WOR030 2
20:37:12.798 @WOR034 System.Byte[]
20:37:12.801 @WOR035 System.Byte[]
20:37:12.801 @WOR036 System.Byte[]
20:37:12.801 @WOR037 System.Byte[]
20:37:12.803 @WOR002 1
20:41:00.683  异常信息：由于连接方在一段时间后没有正确答复或连接的主机没有反应，连接尝试失败。 192.168.1.188:80
  堆栈信息:   在 AutoUpdate.AppUpdate.DownloadFile(String url, String localFilePath) 位置 D:\Project data\MoXia\Carpenter\Carpenter\AppUpdate.cs:行号 242
   在 AutoUpdate.AppUpdate.CheckAppVersion(String& msg) 位置 D:\Project data\MoXia\Carpenter\Carpenter\AppUpdate.cs:行号 310
