08:44:04.116  异常信息：由于连接方在一段时间后没有正确答复或连接的主机没有反应，连接尝试失败。 192.168.1.188:80
  堆栈信息:   在 AutoUpdate.AppUpdate.DownloadFile(String url, String localFilePath) 位置 D:\ProjectData\MoXia\Carpenter\Carpenter\AppUpdate.cs:行号 242
   在 AutoUpdate.AppUpdate.CheckAppVersion(String& msg) 位置 D:\ProjectData\MoXia\Carpenter\Carpenter\AppUpdate.cs:行号 310
08:44:14.772 @EMP002 系统管理员
08:44:14.773 @EMP009 cebfd1559b68d67688884d7a3d3e8c
08:44:17.354 @EMP002 系统管理员
08:44:17.356 @EMP009 d2f278e251d1566edd72846d4ad97f
08:44:53.994 @EPA001 201807
08:44:53.995 @EPA002 63YB固化剂
08:44:53.997 @EPA008 4
08:44:53.998 @EPA003 56.000000
08:44:54.002 @EPA001 201807
08:44:54.004 @EPA002 63YA6面漆
08:44:54.005 @EPA008 0
08:44:54.007 @EPA003 37.500000
08:44:54.009 @EPA001 201807
08:44:54.011 @EPA002 838面用稀释剂
08:44:54.012 @EPA008 2340
08:44:54.014 @EPA003 12.000000
08:44:54.019 @EPA001 201807
08:44:54.020 @EPA002 907-2固化剂
08:44:54.021 @EPA008 380
08:44:54.022 @EPA003 28.000000
08:44:54.028 @EPA001 201807
08:44:54.029 @EPA002 HX-9029-3水性面漆
08:44:54.031 @EPA008 80
08:44:54.032 @EPA003 48.000000
08:44:54.035 @EPA001 201807
08:44:54.037 @EPA002 HX-906水性封闭底漆
08:44:54.038 @EPA008 80
08:44:54.039 @EPA003 43.000000
08:44:54.043 @EPA001 201807
08:44:54.044 @EPA002 HX17-3固化剂
08:44:54.045 @EPA008 370
08:44:54.046 @EPA003 28.000000
08:44:54.049 @EPA001 201807
08:44:54.050 @EPA002 HX-15修色金油
08:44:54.052 @EPA008 880
08:44:54.053 @EPA003 19.000000
08:44:54.056 @EPA001 201807
08:44:54.058 @EPA002 907-2面漆
08:44:54.059 @EPA008 1480
08:44:54.060 @EPA003 23.500000
08:44:54.063 @EPA001 201807
08:44:54.064 @EPA002 HX803修色稀释剂
08:44:54.066 @EPA008 3960
08:44:54.067 @EPA003 12.000000
08:44:54.070 @EPA001 201807
08:44:54.071 @EPA002 HX-9029-2水性面漆
08:44:54.073 @EPA008 260
08:44:54.074 @EPA003 48.000000
08:44:54.077 @EPA001 201807
08:44:54.078 @EPA002 底得宝固化剂533
08:44:54.079 @EPA008 10
08:44:54.081 @EPA003 26.000000
08:44:54.083 @EPA001 201807
08:44:54.085 @EPA002 HX-8207水性底漆
08:44:54.087 @EPA008 1480
08:44:54.088 @EPA003 43.000000
08:44:54.091 @EPA001 201807
08:44:54.092 @EPA002 HX17-3面漆
08:44:54.093 @EPA008 720
08:44:54.095 @EPA003 28.000000
08:44:54.097 @EPA001 201807
08:44:54.099 @EPA002 HX-T固化剂
08:44:54.100 @EPA008 560
08:44:54.102 @EPA003 30.000000
08:44:54.104 @EPA001 201807
08:44:54.106 @EPA002 底得宝HX-30
08:44:54.108 @EPA008 60
08:44:54.109 @EPA003 14.000000
08:44:54.111 @EPA001 201807
08:44:54.113 @EPA002 HX-8208水性面漆
08:44:54.114 @EPA008 520
08:44:54.116 @EPA003 48.000000
08:44:54.118 @EPA001 201807
08:44:54.120 @EPA002 500固化剂
08:44:54.123 @EPA008 940
08:44:54.124 @EPA003 30.000000
08:44:54.128 @EPA001 201807
08:44:54.130 @EPA002 HX-T底用稀释剂
08:44:54.131 @EPA008 3960
08:44:54.132 @EPA003 12.000000
08:44:54.135 @EPA001 201807
08:44:54.137 @EPA002 3958底漆
08:44:54.139 @EPA008 2000
08:44:54.140 @EPA003 14.000000
08:44:54.143 @EPA001 201807
08:44:54.144 @EPA002 HX-G擦色基料
08:44:54.146 @EPA008 40
08:44:54.148 @EPA003 12.000000
08:44:54.151 @EPA001 201807
08:44:54.152 @EPA002 高光518固化剂
08:44:54.153 @EPA008 960
08:44:54.155 @EPA003 28.000000
08:44:54.157 @EPA001 201807
08:44:54.158 @EPA002 HX-T底漆
08:44:54.160 @EPA008 1040
08:44:54.161 @EPA003 15.000000
08:44:54.163 @EPA001 201807
08:44:54.165 @EPA002 HX-502水性修色漆
08:44:54.166 @EPA008 272
08:44:54.168 @EPA003 25.000000
08:44:54.361 @EPA001 201807
08:44:54.363 @EPA002 500固化剂
08:44:54.364 @EPA006 340.392250
08:44:54.373 @EPA001 201807
08:44:54.374 @EPA002 63YA6面漆
08:44:54.375 @EPA006 37.166400
08:44:54.379 @EPA001 201807
08:44:54.380 @EPA002 松香水
08:44:54.382 @EPA006 0.389200
08:44:54.385 @EPA001 201807
08:44:54.387 @EPA002 907-2面漆
08:44:54.388 @EPA006 1284.595500
08:44:54.391 @EPA001 201807
08:44:54.393 @EPA002 838面用稀释剂
08:44:54.394 @EPA006 1344.067305
08:44:54.396 @EPA001 201807
08:44:54.398 @EPA002 HX-8207水性底漆
08:44:54.399 @EPA006 2227.072500
08:44:54.401 @EPA001 201807
08:44:54.403 @EPA002 HX-T底用稀释剂
08:44:54.404 @EPA006 4933.879744
08:44:54.406 @EPA001 201807
08:44:54.407 @EPA002 3958底漆
08:44:54.408 @EPA006 680.784500
08:44:54.410 @EPA001 201807
08:44:54.412 @EPA002 HX803修色稀释剂
08:44:54.413 @EPA006 3281.001924
08:44:54.415 @EPA001 201807
08:44:54.417 @EPA002 HX-T固化剂
08:44:54.418 @EPA006 1203.771755
08:44:54.420 @EPA001 201807
08:44:54.422 @EPA002 HX-G擦色基料
08:44:54.423 @EPA006 242.960050
08:44:54.425 @EPA001 201807
08:44:54.427 @EPA002 907-2固化剂 
08:44:54.428 @EPA006 265.218860
08:44:54.431 @EPA001 201807
08:44:54.433 @EPA002 大宝稀释剂
08:44:54.434 @EPA006 22.299840
08:44:54.436 @EPA001 201807
08:44:54.438 @EPA002 底得宝HX-30
08:44:54.439 @EPA006 76.388500
08:44:54.441 @EPA001 201807
08:44:54.443 @EPA002 HX17-3固化剂
08:44:54.444 @EPA006 308.294969
08:44:54.446 @EPA001 201807
08:44:54.448 @EPA002 底得宝固化剂533
08:44:54.449 @EPA006 22.881800
08:44:54.451 @EPA001 201807
08:44:54.453 @EPA002 HX-8208水性面漆
08:44:54.454 @EPA006 942.379000
08:44:54.456 @EPA001 201807
08:44:54.457 @EPA002 HX-906水性封闭底漆
08:44:54.458 @EPA006 961.552500
08:44:54.461 @EPA001 201807
08:44:54.462 @EPA002 63YB固化剂
08:44:54.463 @EPA006 18.583200
08:44:54.466 @EPA001 201807
08:44:54.467 @EPA002 HX-15修色金油
08:44:54.468 @EPA006 1093.667308
08:44:54.470 @EPA001 201807
08:44:54.471 @EPA002 调好格丽斯
08:44:54.473 @EPA006 15.661319
08:44:54.475 @EPA001 201807
08:44:54.477 @EPA002 HX-T底漆
08:44:54.478 @EPA006 2407.543510
08:44:54.480 @EPA001 201807
08:44:54.481 @EPA002 HX-9029-3水性面漆
08:44:54.482 @EPA006 27.875000
08:44:54.486 @EPA001 201807
08:44:54.487 @EPA002 HX17-3面漆
08:44:54.488 @EPA006 616.589936
08:44:54.490 @EPA001 201807
08:44:54.491 @EPA002 高光518固化剂
08:44:54.493 @EPA006 1049.262986
08:44:54.495 @EPA001 201807
08:44:54.496 @EPA002 HX-502水性修色漆
08:44:54.497 @EPA006 536.712800
08:44:54.499 @EPA001 201807
08:44:54.501 @EPA002 HX-9029-2水性面漆
08:44:54.502 @EPA006 759.986000
