08:28:56.401 @EMP002 系统管理员
08:28:56.408 @EMP009 9af7f2b45fff5ca168dd7081681fadd
08:28:59.270 @EMP002 系统管理员
08:28:59.270 @EMP009 d2f278e251d1566edd72846d4ad97f
08:29:32.965 @WPC001 1844-1
08:29:32.966 @WPC002 51-1.003.01.002
08:29:32.966 @WPC003 013
08:29:32.966 @WPC004 前板下当
08:29:32.966 @WPC006 1290
08:29:32.967 @WPC007 
08:29:32.967 @WPC008 
08:29:32.967 @WPC009 30
08:29:32.967 @WPC010 
08:29:32.967 @WPC011 
08:29:32.968 @WPC012 40
08:29:32.968 @WPC013 
08:29:32.968 @WPC014 
08:29:32.968 @WPC015 实木
08:29:32.968 @WPC016 1.0
08:29:32.969 @WPC017 金丝柚A
08:29:32.969 @WPC018 0
08:29:32.969 @WPC019 
08:29:32.969 @WPC020 
08:29:32.969 @WPC021 砂光后开槽与前板连接
拼板房连接后精切定长
用40料  小料拼大板   压43  40是大面  单白
08:29:32.969 @WPC022 2018/5/11 0:00:00
08:29:32.970 @WPC023 系统管理员
08:29:32.970 @WPC024 
08:29:32.970 @WPC025 5mm开槽长度封边后再锯    可拼大板
08:29:32.970 @WPC026 1300
08:29:32.970 @WPC027 0
08:29:32.970 @WPC028 0
08:29:32.971 @WPC029 7
08:29:32.971 @WPC035 1.00
08:29:33.045 @WPC001 1844-1
08:29:33.045 @WPC002 51-1.004.01.004
08:29:33.045 @WPC003 008
08:29:33.046 @WPC004 后下档
08:29:33.046 @WPC006 310
08:29:33.046 @WPC007 
08:29:33.046 @WPC008 
08:29:33.046 @WPC009 70
08:29:33.046 @WPC010 
08:29:33.047 @WPC011 
08:29:33.047 @WPC012 30
08:29:33.047 @WPC013 
08:29:33.047 @WPC014 
08:29:33.047 @WPC015 实木
08:29:33.048 @WPC016 1.0
08:29:33.048 @WPC017 金丝柚AB
08:29:33.048 @WPC018 0
08:29:33.048 @WPC019 
08:29:33.048 @WPC020 
08:29:33.048 @WPC021 
08:29:33.049 @WPC022 2018/5/26 0:00:00
08:29:33.049 @WPC023 姬学红
08:29:33.049 @WPC024 
08:29:33.049 @WPC025 按模开榫   拼大板
08:29:33.049 @WPC026 310
08:29:33.050 @WPC027 0
08:29:33.050 @WPC028 0
08:29:33.050 @WPC029 8
08:29:33.050 @WPC035 1.00
08:29:33.119 @WPC001 1844-1
08:29:33.119 @WPC002 51-1.003.01.002
08:29:33.119 @WPC003 002
08:29:33.120 @WPC004 面前后档
08:29:33.120 @WPC006 1291
08:29:33.120 @WPC007 
08:29:33.120 @WPC008 
08:29:33.120 @WPC009 45
08:29:33.121 @WPC010 
08:29:33.121 @WPC011 
08:29:33.121 @WPC012 25
08:29:33.121 @WPC013 
08:29:33.121 @WPC014 
08:29:33.121 @WPC015 实木
08:29:33.122 @WPC016 2.0
08:29:33.122 @WPC017 金丝柚AB
08:29:33.122 @WPC018 0
08:29:33.122 @WPC019 
08:29:33.122 @WPC020 
08:29:33.122 @WPC021 单根或二拼
08:29:33.123 @WPC022 2018/5/11 0:00:00
08:29:33.123 @WPC023 系统管理员
08:29:33.123 @WPC024 
08:29:33.123 @WPC025 裁槽5mm
08:29:33.123 @WPC026 1301
08:29:33.123 @WPC027 0
08:29:33.124 @WPC028 0
08:29:33.124 @WPC029 2
08:29:33.124 @WPC035 1.00
08:29:33.188 @WPC001 1844-1
08:29:33.188 @WPC002 51-1.003.01.002
08:29:33.188 @WPC003 006
08:29:33.189 @WPC004 边内板
08:29:33.189 @WPC006 610
08:29:33.189 @WPC007 
08:29:33.189 @WPC008 
08:29:33.189 @WPC009 100
08:29:33.189 @WPC010 
08:29:33.189 @WPC011 
08:29:33.190 @WPC012 18
08:29:33.190 @WPC013 
08:29:33.190 @WPC014 
08:29:33.190 @WPC015 拼板
08:29:33.190 @WPC016 2.0
08:29:33.190 @WPC017 金丝柚AB
08:29:33.191 @WPC018 0
08:29:33.191 @WPC019 
08:29:33.191 @WPC020 
08:29:33.191 @WPC021 单白  拼大板
08:29:33.191 @WPC022 2018/5/11 0:00:00
08:29:33.191 @WPC023 系统管理员
08:29:33.192 @WPC024 
08:29:33.192 @WPC025 按摸开榫单白
08:29:33.192 @WPC026 610
08:29:33.192 @WPC027 0
08:29:33.192 @WPC028 0
08:29:33.193 @WPC029 1
08:29:33.193 @WPC035 1.00
08:29:33.258 @WPC001 1844-1
08:29:33.259 @WPC002 51-1.002.06.001
08:29:33.259 @WPC003 005
08:29:33.259 @WPC004 前后档
08:29:33.259 @WPC006 644
08:29:33.259 @WPC007 
08:29:33.259 @WPC008 
08:29:33.260 @WPC009 60
08:29:33.260 @WPC010 
08:29:33.260 @WPC011 
08:29:33.260 @WPC012 18
08:29:33.260 @WPC013 
08:29:33.260 @WPC014 
08:29:33.261 @WPC015 板材
08:29:33.261 @WPC016 3.0
08:29:33.261 @WPC017 橡木指接板
08:29:33.261 @WPC018 0
08:29:33.261 @WPC019 
08:29:33.261 @WPC020 
08:29:33.262 @WPC021 
08:29:33.262 @WPC022 2018/3/16 0:00:00
08:29:33.262 @WPC023 系统管理员
08:29:33.262 @WPC024 
08:29:33.262 @WPC025 
08:29:33.263 @WPC026 
08:29:33.263 @WPC027 0
08:29:33.263 @WPC028 0
08:29:33.263 @WPC029 1
08:29:33.263 @WPC035 1.00
08:29:33.327 @WPC001 1844-1
08:29:33.327 @WPC002 51-1.003.01.002
08:29:33.327 @WPC003 015
08:29:33.327 @WPC004 抽斗侧板
08:29:33.327 @WPC006 390
08:29:33.328 @WPC007 
08:29:33.328 @WPC008 
08:29:33.328 @WPC009 76
08:29:33.328 @WPC010 
08:29:33.328 @WPC011 
08:29:33.328 @WPC012 14
08:29:33.329 @WPC013 
08:29:33.329 @WPC014 
08:29:33.329 @WPC015 抽斗
08:29:33.329 @WPC016 6.0
08:29:33.329 @WPC017 橡木指接板
08:29:33.329 @WPC018 0
08:29:33.330 @WPC019 
08:29:33.330 @WPC020 
08:29:33.330 @WPC021 
08:29:33.330 @WPC022 2018/5/11 0:00:00
08:29:33.330 @WPC023 系统管理员
08:29:33.330 @WPC024 
08:29:33.330 @WPC025 
08:29:33.331 @WPC026 
08:29:33.331 @WPC027 0
08:29:33.331 @WPC028 0
08:29:33.331 @WPC029 
08:29:33.331 @WPC035 1.00
08:29:33.394 @WPC001 1844-1
08:29:33.394 @WPC002 51-1.003.01.002
08:29:33.394 @WPC003 007
08:29:33.395 @WPC004 边下当
08:29:33.395 @WPC006 610
08:29:33.395 @WPC007 
08:29:33.395 @WPC008 
08:29:33.395 @WPC009 40
08:29:33.395 @WPC010 
08:29:33.396 @WPC011 
08:29:33.396 @WPC012 25
08:29:33.396 @WPC013 
08:29:33.396 @WPC014 
08:29:33.396 @WPC015 实木
08:29:33.396 @WPC016 2.0
08:29:33.396 @WPC017 金丝柚AB
08:29:33.397 @WPC018 0
08:29:33.397 @WPC019 
08:29:33.397 @WPC020 
08:29:33.397 @WPC021 40大面  单白
08:29:33.397 @WPC022 2018/5/11 0:00:00
08:29:33.397 @WPC023 系统管理员
08:29:33.398 @WPC024 
08:29:33.398 @WPC025 可拼大板按摸开榫
08:29:33.398 @WPC026 610
08:29:33.398 @WPC027 0
08:29:33.398 @WPC028 0
08:29:33.398 @WPC029 5
08:29:33.398 @WPC035 1.00
08:29:33.458 @WPC001 1844-1
08:29:33.458 @WPC002 51-1.003.01.002
08:29:33.458 @WPC003 003
08:29:33.458 @WPC004 边框
08:29:33.458 @WPC006 760
08:29:33.459 @WPC007 
08:29:33.459 @WPC008 
08:29:33.459 @WPC009 700
08:29:33.459 @WPC010 
08:29:33.459 @WPC011 
08:29:33.459 @WPC012 45
08:29:33.460 @WPC013 
08:29:33.460 @WPC014 
08:29:33.460 @WPC015 
08:29:33.460 @WPC016 1.0
08:29:33.460 @WPC017 
08:29:33.460 @WPC018 0
08:29:33.461 @WPC019 
08:29:33.461 @WPC020 
08:29:33.461 @WPC021 
08:29:33.461 @WPC022 2018/5/11 0:00:00
08:29:33.461 @WPC023 系统管理员
08:29:33.461 @WPC024 
08:29:33.462 @WPC025 
08:29:33.462 @WPC026 
08:29:33.462 @WPC027 0
08:29:33.462 @WPC028 0
08:29:33.462 @WPC029 
08:29:33.462 @WPC035 1.00
08:29:33.527 @WPC001 1844-1
08:29:33.527 @WPC002 51-1.003.01.002
08:29:33.527 @WPC003 009
08:29:33.527 @WPC004 斗后档
08:29:33.527 @WPC006 1254
08:29:33.528 @WPC007 
08:29:33.528 @WPC008 
08:29:33.528 @WPC009 100
08:29:33.528 @WPC010 
08:29:33.528 @WPC011 
08:29:33.528 @WPC012 18
08:29:33.529 @WPC013 
08:29:33.529 @WPC014 
08:29:33.529 @WPC015 板材
08:29:33.529 @WPC016 1.0
08:29:33.529 @WPC017 橡木指接板
08:29:33.529 @WPC018 0
08:29:33.530 @WPC019 
08:29:33.530 @WPC020 
08:29:33.530 @WPC021 
08:29:33.530 @WPC022 2018/5/11 0:00:00
08:29:33.530 @WPC023 系统管理员
08:29:33.530 @WPC024 
08:29:33.531 @WPC025 中间开缺
08:29:33.531 @WPC026 
08:29:33.531 @WPC027 0
08:29:33.531 @WPC028 0
08:29:33.531 @WPC029 3
08:29:33.531 @WPC035 1.00
08:29:33.595 @WPC001 1844-1
08:29:33.595 @WPC002 51-1.004.01.004
08:29:33.595 @WPC003 004
08:29:33.595 @WPC004 前上档
08:29:33.595 @WPC006 420
08:29:33.596 @WPC007 
08:29:33.596 @WPC008 
08:29:33.596 @WPC009 44
08:29:33.596 @WPC010 
08:29:33.596 @WPC011 
08:29:33.596 @WPC012 40
08:29:33.597 @WPC013 
08:29:33.597 @WPC014 
08:29:33.597 @WPC015 实木
08:29:33.597 @WPC016 1.0
08:29:33.597 @WPC017 金丝柚AB
08:29:33.597 @WPC018 0
08:29:33.597 @WPC019 
08:29:33.598 @WPC020 
08:29:33.598 @WPC021 A料
08:29:33.598 @WPC022 2018/5/26 0:00:00
08:29:33.598 @WPC023 姬学红
08:29:33.598 @WPC024 
08:29:33.599 @WPC025 榫净370mm 可二拼
08:29:33.599 @WPC026 420
08:29:33.599 @WPC027 0
08:29:33.599 @WPC028 0
08:29:33.599 @WPC029 4
08:29:33.599 @WPC035 1.00
08:29:33.660 @WPC001 1844-1
08:29:33.662 @WPC002 51-1.002.06.001
08:29:33.662 @WPC003 002
08:29:33.662 @WPC004 面前
08:29:33.662 @WPC006 682
08:29:33.662 @WPC007 
08:29:33.663 @WPC008 
08:29:33.663 @WPC009 55
08:29:33.663 @WPC010 
08:29:33.663 @WPC011 
08:29:33.663 @WPC012 25
08:29:33.664 @WPC013 
08:29:33.664 @WPC014 
08:29:33.664 @WPC015 实木
08:29:33.664 @WPC016 1.0
08:29:33.664 @WPC017 金丝柚AB
08:29:33.665 @WPC018 0
08:29:33.665 @WPC019 
08:29:33.665 @WPC020 
08:29:33.665 @WPC021 25面直纹  可二拼
08:29:33.665 @WPC022 2018/3/16 0:00:00
08:29:33.666 @WPC023 系统管理员
08:29:33.666 @WPC024 
08:29:33.666 @WPC025 裁槽5mm
08:29:33.666 @WPC026 692
08:29:33.666 @WPC027 0
08:29:33.667 @WPC028 0
08:29:33.667 @WPC029 2
08:29:33.667 @WPC035 1.00
08:29:33.735 @WPC001 1844-1
08:29:33.735 @WPC002 51-1.002.06.001
08:29:33.736 @WPC003 009
08:29:33.736 @WPC004 后板条
08:29:33.736 @WPC006 921
08:29:33.736 @WPC007 
08:29:33.736 @WPC008 
08:29:33.736 @WPC009 35
08:29:33.737 @WPC010 
08:29:33.737 @WPC011 
08:29:33.737 @WPC012 15
08:29:33.737 @WPC013 
08:29:33.737 @WPC014 
08:29:33.737 @WPC015 实木
08:29:33.738 @WPC016 1.0
08:29:33.738 @WPC017 金丝柚C
08:29:33.738 @WPC018 0
08:29:33.738 @WPC019 
08:29:33.738 @WPC020 
08:29:33.738 @WPC021 
08:29:33.738 @WPC022 2018/3/16 0:00:00
08:29:33.739 @WPC023 系统管理员
08:29:33.739 @WPC024 
08:29:33.739 @WPC025 
08:29:33.739 @WPC026 
08:29:33.739 @WPC027 0
08:29:33.739 @WPC028 0
08:29:33.740 @WPC029 4
08:29:33.740 @WPC035 1.00
08:29:33.810 @WPC001 1844-1
08:29:33.810 @WPC002 51-1.002.06.001
08:29:33.810 @WPC003 007
08:29:33.811 @WPC004 三角木
08:29:33.811 @WPC006 80
08:29:33.811 @WPC007 
08:29:33.811 @WPC008 
08:29:33.811 @WPC009 40
08:29:33.811 @WPC010 
08:29:33.812 @WPC011 
08:29:33.812 @WPC012 18
08:29:33.812 @WPC013 
08:29:33.812 @WPC014 
08:29:33.812 @WPC015 
08:29:33.812 @WPC016 6.0
08:29:33.813 @WPC017 
08:29:33.813 @WPC018 0
08:29:33.813 @WPC019 
08:29:33.813 @WPC020 
08:29:33.813 @WPC021 
08:29:33.813 @WPC022 2018/3/16 0:00:00
08:29:33.814 @WPC023 系统管理员
08:29:33.814 @WPC024 
08:29:33.814 @WPC025 
08:29:33.814 @WPC026 
08:29:33.814 @WPC027 0
08:29:33.814 @WPC028 0
08:29:33.815 @WPC029 
08:29:33.815 @WPC035 1.00
08:29:33.885 @WPC001 1844-1
08:29:33.885 @WPC002 51-1.004.01.004
08:29:33.886 @WPC003 009
08:29:33.886 @WPC004 靠背板
08:29:33.886 @WPC006 525
08:29:33.886 @WPC007 
08:29:33.886 @WPC008 
08:29:33.887 @WPC009 135
08:29:33.887 @WPC010 
08:29:33.887 @WPC011 
08:29:33.887 @WPC012 按模25
08:29:33.887 @WPC013 
08:29:33.887 @WPC014 
08:29:33.888 @WPC015 实木
08:29:33.888 @WPC016 1.0
08:29:33.888 @WPC017 金丝柚四清
08:29:33.888 @WPC018 0
08:29:33.888 @WPC019 
08:29:33.888 @WPC020 
08:29:33.889 @WPC021 取宽板断好直接画料  50+50+50
08:29:33.889 @WPC022 2018/5/26 0:00:00
08:29:33.889 @WPC023 姬学红
08:29:33.889 @WPC024 
08:29:33.889 @WPC025 上做假榫下开榫
08:29:33.890 @WPC026 530
08:29:33.890 @WPC027 0
08:29:33.890 @WPC028 0
08:29:33.890 @WPC029 9
08:29:33.890 @WPC035 1.00
08:29:33.956 @WPC001 1844-1
08:29:33.956 @WPC002 51-1.002.06.001
08:29:33.956 @WPC003 008
08:29:33.957 @WPC004 面插档
08:29:33.957 @WPC006 380
08:29:33.957 @WPC007 
08:29:33.957 @WPC008 
08:29:33.957 @WPC009 30
08:29:33.957 @WPC010 
08:29:33.958 @WPC011 
08:29:33.958 @WPC012 30
08:29:33.958 @WPC013 
08:29:33.958 @WPC014 
08:29:33.958 @WPC015 实木
08:29:33.959 @WPC016 2.0
08:29:33.959 @WPC017 金丝柚指接C
08:29:33.959 @WPC018 0
08:29:33.959 @WPC019 
08:29:33.959 @WPC020 
08:29:33.959 @WPC021 
08:29:33.960 @WPC022 2018/3/16 0:00:00
08:29:33.960 @WPC023 系统管理员
08:29:33.960 @WPC024 
08:29:33.960 @WPC025 
08:29:33.960 @WPC026 
08:29:33.961 @WPC027 0
08:29:33.961 @WPC028 0
08:29:33.961 @WPC029 6
08:29:33.961 @WPC035 1.00
08:29:34.026 @WPC001 1844-1
08:29:34.026 @WPC002 51-1.003.01.002
08:29:34.026 @WPC003 011
08:29:34.026 @WPC004 角木
08:29:34.027 @WPC006 100
08:29:34.027 @WPC007 
08:29:34.027 @WPC008 
08:29:34.027 @WPC009 18
08:29:34.028 @WPC010 
08:29:34.028 @WPC011 
08:29:34.028 @WPC012 18
08:29:34.029 @WPC013 
08:29:34.029 @WPC014 
08:29:34.029 @WPC015 
08:29:34.029 @WPC016 4.0
08:29:34.030 @WPC017 
08:29:34.030 @WPC018 0
08:29:34.030 @WPC019 
08:29:34.030 @WPC020 
08:29:34.030 @WPC021 
08:29:34.031 @WPC022 2018/5/11 0:00:00
08:29:34.031 @WPC023 系统管理员
08:29:34.031 @WPC024 
08:29:34.031 @WPC025 
08:29:34.032 @WPC026 
08:29:34.032 @WPC027 0
08:29:34.032 @WPC028 0
08:29:34.032 @WPC029 
08:29:34.033 @WPC035 1.00
08:29:34.095 @WPC001 1844-1
08:29:34.096 @WPC002 51-1.003.01.002
08:29:34.096 @WPC003 016
08:29:34.096 @WPC004 边抽斗前后
08:29:34.096 @WPC006 316
08:29:34.096 @WPC007 
08:29:34.096 @WPC008 
08:29:34.097 @WPC009 56
08:29:34.097 @WPC010 
08:29:34.097 @WPC011 
08:29:34.097 @WPC012 14
08:29:34.097 @WPC013 
08:29:34.097 @WPC014 
08:29:34.098 @WPC015 抽斗
08:29:34.098 @WPC016 4.0
08:29:34.098 @WPC017 橡木指接板
08:29:34.098 @WPC018 0
08:29:34.098 @WPC019 
08:29:34.098 @WPC020 
08:29:34.099 @WPC021 
08:29:34.099 @WPC022 2018/5/11 0:00:00
08:29:34.099 @WPC023 系统管理员
08:29:34.099 @WPC024 
08:29:34.099 @WPC025 
08:29:34.099 @WPC026 
08:29:34.100 @WPC027 0
08:29:34.100 @WPC028 0
08:29:34.100 @WPC029 
08:29:34.100 @WPC035 1.00
08:29:34.156 @WPC001 1844-1
08:29:34.157 @WPC002 51-1.002.06.001
08:29:34.157 @WPC003 003
08:29:34.157 @WPC004 边芯板
08:29:34.157 @WPC006 921
08:29:34.157 @WPC007 
08:29:34.157 @WPC008 
08:29:34.158 @WPC009 425
08:29:34.158 @WPC010 
08:29:34.158 @WPC011 
08:29:34.158 @WPC012 18
08:29:34.158 @WPC013 
08:29:34.158 @WPC014 
08:29:34.159 @WPC015 拼板
08:29:34.159 @WPC016 2.0
08:29:34.159 @WPC017 金丝柚AB
08:29:34.159 @WPC018 0
08:29:34.159 @WPC019 
08:29:34.160 @WPC020 
08:29:34.160 @WPC021 白边
08:29:34.160 @WPC022 2018/3/16 0:00:00
08:29:34.160 @WPC023 系统管理员
08:29:34.160 @WPC024 
08:29:34.161 @WPC025 
08:29:34.161 @WPC026 936
08:29:34.161 @WPC027 0
08:29:34.161 @WPC028 0
08:29:34.161 @WPC029 1
08:29:34.161 @WPC035 1.00
08:29:34.217 @WPC001 1844-1
08:29:34.217 @WPC002 51-1.004.01.004
08:29:34.217 @WPC003 006
08:29:34.218 @WPC004 边档
08:29:34.218 @WPC006 460
08:29:34.218 @WPC007 
08:29:34.218 @WPC008 
08:29:34.218 @WPC009 70
08:29:34.218 @WPC010 
08:29:34.219 @WPC011 
08:29:34.219 @WPC012 20
08:29:34.219 @WPC013 
08:29:34.219 @WPC014 
08:29:34.219 @WPC015 实木
08:29:34.220 @WPC016 2.0
08:29:34.220 @WPC017 金丝柚A
08:29:34.220 @WPC018 0
08:29:34.220 @WPC019 
08:29:34.220 @WPC020 
08:29:34.220 @WPC021 
08:29:34.221 @WPC022 2018/5/26 0:00:00
08:29:34.221 @WPC023 姬学红
08:29:34.221 @WPC024 
08:29:34.221 @WPC025 按模开榫  拼大板
08:29:34.221 @WPC026 460
08:29:34.222 @WPC027 0
08:29:34.222 @WPC028 0
08:29:34.222 @WPC029 6
08:29:34.222 @WPC035 1.00
08:29:34.299 @WPC001 1844-1
08:29:34.299 @WPC002 51-1.003.01.002
08:29:34.299 @WPC003 017
08:29:34.299 @WPC004 中抽斗前后
08:29:34.300 @WPC006 547
08:29:34.300 @WPC007 
08:29:34.300 @WPC008 
08:29:34.300 @WPC009 56
08:29:34.300 @WPC010 
08:29:34.300 @WPC011 
08:29:34.301 @WPC012 14
08:29:34.301 @WPC013 
08:29:34.301 @WPC014 
08:29:34.301 @WPC015 抽斗
08:29:34.301 @WPC016 2.0
08:29:34.301 @WPC017 橡木指接板
08:29:34.301 @WPC018 0
08:29:34.302 @WPC019 
08:29:34.302 @WPC020 
08:29:34.302 @WPC021 
08:29:34.302 @WPC022 2018/5/11 0:00:00
08:29:34.302 @WPC023 系统管理员
08:29:34.302 @WPC024 
08:29:34.303 @WPC025 
08:29:34.303 @WPC026 
08:29:34.303 @WPC027 0
08:29:34.303 @WPC028 0
08:29:34.303 @WPC029 
08:29:34.303 @WPC035 1.00
08:29:34.389 @WPC001 1844-1
08:29:34.389 @WPC002 51-1.004.01.004
08:29:34.389 @WPC003 003
08:29:34.389 @WPC004 后脚搭头
08:29:34.390 @WPC006 130
08:29:34.390 @WPC007 
08:29:34.390 @WPC008 
08:29:34.390 @WPC009 毛40
08:29:34.390 @WPC010 
08:29:34.391 @WPC011 
08:29:34.391 @WPC012 25
08:29:34.391 @WPC013 
08:29:34.391 @WPC014 
08:29:34.391 @WPC015 实木
08:29:34.391 @WPC016 2.0
08:29:34.392 @WPC017 金丝柚四清
08:29:34.392 @WPC018 0
08:29:34.392 @WPC019 
08:29:34.392 @WPC020 
08:29:34.392 @WPC021 看料定长短  按脚颜色配料
3号车间拼板房搭
08:29:34.392 @WPC022 2018/5/26 0:00:00
08:29:34.393 @WPC023 姬学红
08:29:34.393 @WPC024 
08:29:34.393 @WPC025 
08:29:34.393 @WPC026 
08:29:34.393 @WPC027 0
08:29:34.393 @WPC028 0
08:29:34.394 @WPC029 3
08:29:34.394 @WPC035 1.00
08:29:34.464 @WPC001 1844-1
08:29:34.464 @WPC002 51-1.003.01.002
08:29:34.464 @WPC003 019
08:29:34.465 @WPC004 边抽斗底板
08:29:34.465 @WPC006 528
08:29:34.465 @WPC007 
08:29:34.465 @WPC008 
08:29:34.465 @WPC009 390
08:29:34.466 @WPC010 
08:29:34.466 @WPC011 
08:29:34.466 @WPC012 9
08:29:34.466 @WPC013 
08:29:34.466 @WPC014 
08:29:34.466 @WPC015 抽斗
08:29:34.467 @WPC016 1.0
08:29:34.467 @WPC017 橡木指接板
08:29:34.467 @WPC018 0
08:29:34.467 @WPC019 
08:29:34.467 @WPC020 
08:29:34.467 @WPC021 
08:29:34.468 @WPC022 2018/5/11 0:00:00
08:29:34.468 @WPC023 系统管理员
08:29:34.468 @WPC024 
08:29:34.468 @WPC025 
08:29:34.468 @WPC026 
08:29:34.468 @WPC027 0
08:29:34.469 @WPC028 0
08:29:34.469 @WPC029 
08:29:34.469 @WPC035 1.00
08:29:34.534 @WPC001 1844-1
08:29:34.535 @WPC002 51-1.002.06.001
08:29:34.535 @WPC003 014
08:29:34.535 @WPC004 斗底板
08:29:34.535 @WPC006 612
08:29:34.535 @WPC007 
08:29:34.536 @WPC008 
08:29:34.536 @WPC009 385
08:29:34.536 @WPC010 
08:29:34.536 @WPC011 
08:29:34.536 @WPC012 9
08:29:34.536 @WPC013 
08:29:34.537 @WPC014 
08:29:34.537 @WPC015 抽斗
08:29:34.537 @WPC016 4.0
08:29:34.537 @WPC017 橡木指接板
08:29:34.537 @WPC018 0
08:29:34.538 @WPC019 
08:29:34.538 @WPC020 
08:29:34.538 @WPC021 
08:29:34.538 @WPC022 2018/3/16 0:00:00
08:29:34.538 @WPC023 系统管理员
08:29:34.539 @WPC024 
08:29:34.539 @WPC025 
08:29:34.539 @WPC026 
08:29:34.539 @WPC027 0
08:29:34.539 @WPC028 0
08:29:34.539 @WPC029 
08:29:34.540 @WPC035 1.00
08:29:34.603 @WPC001 1844-1
08:29:34.603 @WPC002 51-1.003.01.002
08:29:34.603 @WPC003 008
08:29:34.604 @WPC004 内边中板
08:29:34.604 @WPC006 637
08:29:34.604 @WPC007 
08:29:34.604 @WPC008 
08:29:34.604 @WPC009 132
08:29:34.605 @WPC010 
08:29:34.605 @WPC011 
08:29:34.605 @WPC012 18
08:29:34.605 @WPC013 
08:29:34.605 @WPC014 
08:29:34.606 @WPC015 板材
08:29:34.606 @WPC016 4.0
08:29:34.606 @WPC017 橡木指接板
08:29:34.606 @WPC018 0
08:29:34.606 @WPC019 
08:29:34.606 @WPC020 
08:29:34.606 @WPC021 
08:29:34.607 @WPC022 2018/5/11 0:00:00
08:29:34.607 @WPC023 系统管理员
08:29:34.607 @WPC024 
08:29:34.607 @WPC025 其中2块后下开缺
08:29:34.607 @WPC026 
08:29:34.607 @WPC027 0
08:29:34.608 @WPC028 0
08:29:34.608 @WPC029 1
08:29:34.608 @WPC035 1.00
08:29:34.675 @WPC001 1844-1
08:29:34.675 @WPC002 51-1.003.01.002
08:29:34.676 @WPC003 010
08:29:34.676 @WPC004 斗下档
08:29:34.676 @WPC006 1290
08:29:34.676 @WPC007 
08:29:34.676 @WPC008 
08:29:34.676 @WPC009 100
08:29:34.677 @WPC010 
08:29:34.677 @WPC011 
08:29:34.677 @WPC012 18
08:29:34.677 @WPC013 
08:29:34.677 @WPC014 
08:29:34.677 @WPC015 板材
08:29:34.677 @WPC016 1.0
08:29:34.678 @WPC017 橡木指接板
08:29:34.678 @WPC018 0
08:29:34.678 @WPC019 
08:29:34.678 @WPC020 
08:29:34.678 @WPC021 
08:29:34.678 @WPC022 2018/5/11 0:00:00
08:29:34.678 @WPC023 系统管理员
08:29:34.679 @WPC024 
08:29:34.679 @WPC025 中间挖拉手孔
08:29:34.679 @WPC026 
08:29:34.679 @WPC027 0
08:29:34.679 @WPC028 0
08:29:34.679 @WPC029 2
08:29:34.680 @WPC035 1.00
08:29:34.741 @WPC001 1844-1
08:29:34.742 @WPC002 51-1.002.06.001
08:29:34.742 @WPC003 013
08:29:34.742 @WPC004 斗前后
08:29:34.742 @WPC006 631
08:29:34.742 @WPC007 
08:29:34.743 @WPC008 
08:29:34.743 @WPC009 136
08:29:34.743 @WPC010 
08:29:34.743 @WPC011 
08:29:34.743 @WPC012 14
08:29:34.743 @WPC013 
08:29:34.744 @WPC014 
08:29:34.744 @WPC015 抽斗
08:29:34.744 @WPC016 8.0
08:29:34.745 @WPC017 橡木指接板
08:29:34.746 @WPC018 0
08:29:34.746 @WPC019 
08:29:34.746 @WPC020 
08:29:34.746 @WPC021 
08:29:34.746 @WPC022 2018/3/16 0:00:00
08:29:34.747 @WPC023 系统管理员
08:29:34.747 @WPC024 
08:29:34.747 @WPC025 
08:29:34.747 @WPC026 
08:29:34.747 @WPC027 0
08:29:34.747 @WPC028 0
08:29:34.748 @WPC029 
08:29:34.748 @WPC035 1.00
08:29:34.806 @WPC001 1844-1
08:29:34.807 @WPC002 51-1.003.01.002
08:29:34.807 @WPC003 018
08:29:34.807 @WPC004 边抽斗底板
08:29:34.807 @WPC006 297
08:29:34.807 @WPC007 
08:29:34.807 @WPC008 
08:29:34.808 @WPC009 390
08:29:34.808 @WPC010 
08:29:34.808 @WPC011 
08:29:34.808 @WPC012 9
08:29:34.808 @WPC013 
08:29:34.808 @WPC014 
08:29:34.809 @WPC015 抽斗
08:29:34.809 @WPC016 2.0
08:29:34.809 @WPC017 橡木指接板
08:29:34.809 @WPC018 0
08:29:34.809 @WPC019 
08:29:34.810 @WPC020 
08:29:34.810 @WPC021 
08:29:34.810 @WPC022 2018/5/11 0:00:00
08:29:34.810 @WPC023 系统管理员
08:29:34.810 @WPC024 
08:29:34.810 @WPC025 
08:29:34.811 @WPC026 
08:29:34.811 @WPC027 0
08:29:34.811 @WPC028 0
08:29:34.811 @WPC029 
08:29:34.811 @WPC035 1.00
08:29:34.877 @WPC001 1844-1
08:29:34.877 @WPC002 51-1.004.01.004
08:29:34.878 @WPC003 005
08:29:34.878 @WPC004 前下档
08:29:34.878 @WPC006 420
08:29:34.878 @WPC007 
08:29:34.878 @WPC008 
08:29:34.879 @WPC009 60
08:29:34.879 @WPC010 
08:29:34.879 @WPC011 
08:29:34.879 @WPC012 20
08:29:34.879 @WPC013 
08:29:34.879 @WPC014 
08:29:34.879 @WPC015 实木
08:29:34.880 @WPC016 1.0
08:29:34.880 @WPC017 金丝柚A
08:29:34.880 @WPC018 0
08:29:34.880 @WPC019 
08:29:34.880 @WPC020 
08:29:34.880 @WPC021 
08:29:34.881 @WPC022 2018/5/26 0:00:00
08:29:34.881 @WPC023 姬学红
08:29:34.881 @WPC024 
08:29:34.881 @WPC025 榫净370mm  拼大板
08:29:34.881 @WPC026 420
08:29:34.881 @WPC027 0
08:29:34.882 @WPC028 0
08:29:34.882 @WPC029 5
08:29:34.882 @WPC035 1.00
08:29:34.949 @WPC001 1844-1
08:29:34.950 @WPC002 51-1.003.01.002
08:29:34.950 @WPC003 004
08:29:34.950 @WPC004 前后脚
08:29:34.950 @WPC006 760
08:29:34.950 @WPC007 
08:29:34.951 @WPC008 
08:29:34.951 @WPC009 75/55
08:29:34.951 @WPC010 
08:29:34.951 @WPC011 
08:29:34.951 @WPC012 45
08:29:34.952 @WPC013 
08:29:34.952 @WPC014 
08:29:34.952 @WPC015 实木
08:29:34.952 @WPC016 4.0
08:29:34.952 @WPC017 金丝柚四清
08:29:34.952 @WPC018 0
08:29:34.953 @WPC019 
08:29:34.953 @WPC020 
08:29:34.953 @WPC021 
08:29:34.953 @WPC022 2018/5/11 0:00:00
08:29:34.953 @WPC023 系统管理员
08:29:34.953 @WPC024 
08:29:34.954 @WPC025 单根或二拼
08:29:34.954 @WPC026 770
08:29:34.954 @WPC027 0
08:29:34.954 @WPC028 0
08:29:34.954 @WPC029 3
08:29:34.954 @WPC035 1.00
08:29:35.021 @WPC001 1844-1
08:29:35.021 @WPC002 51-1.003.01.002
08:29:35.021 @WPC003 012
08:29:35.021 @WPC004 前板
08:29:35.021 @WPC006 1290
08:29:35.022 @WPC007 
08:29:35.022 @WPC008 
08:29:35.022 @WPC009 165
08:29:35.022 @WPC010 
08:29:35.022 @WPC011 
08:29:35.022 @WPC012 25
08:29:35.023 @WPC013 
08:29:35.023 @WPC014 
08:29:35.024 @WPC015 拼板
08:29:35.024 @WPC016 1.0
08:29:35.024 @WPC017 金丝柚A
08:29:35.024 @WPC018 0
08:29:35.024 @WPC019 
08:29:35.024 @WPC020 
08:29:35.025 @WPC021 砂光后一边开榫5mm与前板下档连接
拼板房连接后精切定长
单白  拼大板
08:29:35.025 @WPC022 2018/5/11 0:00:00
08:29:35.025 @WPC023 系统管理员
08:29:35.025 @WPC024 
08:29:35.025 @WPC025 5mm开榫长度封边后再锯     加工中心雕花单白
08:29:35.026 @WPC026 1300
08:29:35.026 @WPC027 0
08:29:35.026 @WPC028 0
08:29:35.026 @WPC029 6
08:29:35.026 @WPC035 1.00
08:29:35.085 @WPC001 1844-1
08:29:35.086 @WPC002 51-1.003.01.002
08:29:35.086 @WPC003 014
08:29:35.086 @WPC004 斗面板
08:29:35.086 @WPC006 1313
08:29:35.086 @WPC007 
08:29:35.086 @WPC008 
08:29:35.087 @WPC009 140
08:29:35.087 @WPC010 
08:29:35.087 @WPC011 
08:29:35.087 @WPC012 20
08:29:35.087 @WPC013 
08:29:35.088 @WPC014 
08:29:35.088 @WPC015 拼板
08:29:35.088 @WPC016 1.0
08:29:35.088 @WPC017 金丝柚A
08:29:35.088 @WPC018 0
08:29:35.088 @WPC019 
08:29:35.089 @WPC020 
08:29:35.089 @WPC021 拼砂修净  一断三  编号
面直纹  小花纹可用
08:29:35.089 @WPC022 2018/5/11 0:00:00
08:29:35.089 @WPC023 系统管理员
08:29:35.089 @WPC024 
08:29:35.090 @WPC025 砂净后一断三   中斗面板561*123*20=1   边斗面板362*140*20=2
08:29:35.090 @WPC026 1313
08:29:35.090 @WPC027 0
08:29:35.090 @WPC028 0
08:29:35.090 @WPC029 8
08:29:35.090 @WPC035 1.00
08:29:35.154 @WPC001 1844-1
08:29:35.154 @WPC002 51-1.002.06.001
08:29:35.154 @WPC003 012
08:29:35.154 @WPC004 斗侧
08:29:35.154 @WPC006 385
08:29:35.155 @WPC007 
08:29:35.155 @WPC008 
08:29:35.155 @WPC009 156
08:29:35.155 @WPC010 
08:29:35.155 @WPC011 
08:29:35.155 @WPC012 14
08:29:35.156 @WPC013 
08:29:35.156 @WPC014 
08:29:35.156 @WPC015 抽斗
08:29:35.156 @WPC016 8.0
08:29:35.156 @WPC017 橡木指接板
08:29:35.156 @WPC018 0
08:29:35.157 @WPC019 
08:29:35.158 @WPC020 
08:29:35.158 @WPC021 
08:29:35.158 @WPC022 2018/3/16 0:00:00
08:29:35.158 @WPC023 系统管理员
08:29:35.158 @WPC024 
08:29:35.158 @WPC025 
08:29:35.158 @WPC026 
08:29:35.159 @WPC027 0
08:29:35.159 @WPC028 0
08:29:35.159 @WPC029 
08:29:35.159 @WPC035 1.00
08:29:35.234 @WPC001 1844-1
08:29:35.234 @WPC002 51-1.002.06.001
08:29:35.234 @WPC003 001
08:29:35.235 @WPC004 面板
08:29:35.235 @WPC006 682
08:29:35.235 @WPC007 
08:29:35.235 @WPC008 
08:29:35.235 @WPC009 435
08:29:35.235 @WPC010 
08:29:35.236 @WPC011 
08:29:35.236 @WPC012 20
08:29:35.236 @WPC013 
08:29:35.236 @WPC014 
08:29:35.236 @WPC015 拼板
08:29:35.237 @WPC016 1.0
08:29:35.237 @WPC017 金丝柚AB
08:29:35.237 @WPC018 0
08:29:35.237 @WPC019 
08:29:35.237 @WPC020 
08:29:35.237 @WPC021 拼砂修净  小花纹可用
08:29:35.238 @WPC022 2018/3/16 0:00:00
08:29:35.238 @WPC023 系统管理员
08:29:35.238 @WPC024 
08:29:35.238 @WPC025 前进槽5mm
08:29:35.238 @WPC026 697
08:29:35.238 @WPC027 0
08:29:35.239 @WPC028 0
08:29:35.239 @WPC029 1
08:29:35.239 @WPC035 1.00
08:29:35.304 @WPC001 1844-1
08:29:35.305 @WPC002 51-1.002.06.001
08:29:35.305 @WPC003 011
08:29:35.305 @WPC004 斗面
08:29:35.305 @WPC006 679
08:29:35.305 @WPC007 
08:29:35.306 @WPC008 
08:29:35.307 @WPC009 806
08:29:35.307 @WPC010 
08:29:35.307 @WPC011 
08:29:35.307 @WPC012 25
08:29:35.307 @WPC013 
08:29:35.307 @WPC014 
08:29:35.308 @WPC015 拼板
08:29:35.308 @WPC016 1.0
08:29:35.308 @WPC017 金丝柚AB
08:29:35.308 @WPC018 0
08:29:35.308 @WPC019 
08:29:35.308 @WPC020 
08:29:35.309 @WPC021 拼砂修净 一分四   面直纹或小花纹可用   锯板编号
08:29:35.309 @WPC022 2018/3/16 0:00:00
08:29:35.309 @WPC023 系统管理员
08:29:35.309 @WPC024 
08:29:35.309 @WPC025 宽一分四净196.5mm
08:29:35.309 @WPC026 694
08:29:35.310 @WPC027 0
08:29:35.310 @WPC028 0
08:29:35.310 @WPC029 5
08:29:35.310 @WPC035 1.00
08:29:35.373 @WPC001 1844-1
08:29:35.373 @WPC002 51-1.002.06.001
08:29:35.374 @WPC003 004
08:29:35.374 @WPC004 底前包脚
08:29:35.374 @WPC006 680
08:29:35.374 @WPC007 
08:29:35.374 @WPC008 
08:29:35.375 @WPC009 80
08:29:35.375 @WPC010 
08:29:35.375 @WPC011 
08:29:35.375 @WPC012 30
08:29:35.375 @WPC013 
08:29:35.375 @WPC014 
08:29:35.376 @WPC015 实木
08:29:35.376 @WPC016 1.0
08:29:35.376 @WPC017 金丝柚AB
08:29:35.376 @WPC018 0
08:29:35.376 @WPC019 
08:29:35.376 @WPC020 
08:29:35.377 @WPC021 面直纹 可拼大板  白边
08:29:35.377 @WPC022 2018/3/16 0:00:00
08:29:35.377 @WPC023 系统管理员
08:29:35.377 @WPC024 
08:29:35.377 @WPC025 铣型
08:29:35.377 @WPC026 691
08:29:35.378 @WPC027 0
08:29:35.378 @WPC028 0
08:29:35.378 @WPC029 3
08:29:35.378 @WPC035 1.00
08:29:35.444 @WPC001 1844-1
08:29:35.444 @WPC002 51-1.004.01.004
08:29:35.444 @WPC003 007
08:29:35.444 @WPC004 后上档
08:29:35.444 @WPC006 毛230
08:29:35.445 @WPC007 
08:29:35.445 @WPC008 
08:29:35.445 @WPC009 毛120
08:29:35.445 @WPC010 
08:29:35.445 @WPC011 
08:29:35.445 @WPC012 29
08:29:35.446 @WPC013 
08:29:35.446 @WPC014 
08:29:35.446 @WPC015 实木
08:29:35.446 @WPC016 1.0
08:29:35.446 @WPC017 金丝柚四清
08:29:35.446 @WPC018 0
08:29:35.446 @WPC019 
08:29:35.447 @WPC020 
08:29:35.447 @WPC021 1.砂两平面    可二拼  白边  单白
08:29:35.447 @WPC022 2018/5/26 0:00:00
08:29:35.447 @WPC023 姬学红
08:29:35.447 @WPC024 
08:29:35.448 @WPC025 可二拼，加工中心开榫净180mm铣型最多两块等宽拼
08:29:35.448 @WPC026 230
08:29:35.448 @WPC027 0
08:29:35.448 @WPC028 0
08:29:35.448 @WPC029 7
08:29:35.448 @WPC035 1.00
08:29:35.518 @WPC001 1844-1
08:29:35.518 @WPC002 51-1.002.06.001
08:29:35.518 @WPC003 010
08:29:35.519 @WPC004 后板
08:29:35.520 @WPC006 921
08:29:35.520 @WPC007 
08:29:35.520 @WPC008 
08:29:35.520 @WPC009 318
08:29:35.520 @WPC010 
08:29:35.521 @WPC011 
08:29:35.521 @WPC012 9
08:29:35.521 @WPC013 
08:29:35.521 @WPC014 
08:29:35.521 @WPC015 板材
08:29:35.522 @WPC016 2.0
08:29:35.522 @WPC017 橡木指接板
08:29:35.522 @WPC018 0
08:29:35.522 @WPC019 
08:29:35.522 @WPC020 
08:29:35.522 @WPC021 
08:29:35.522 @WPC022 2018/3/16 0:00:00
08:29:35.523 @WPC023 系统管理员
08:29:35.523 @WPC024 
08:29:35.523 @WPC025 两边进槽7mm
08:29:35.523 @WPC026 
08:29:35.523 @WPC027 0
08:29:35.523 @WPC028 0
08:29:35.523 @WPC029 3
08:29:35.524 @WPC035 1.00
08:29:35.581 @WPC001 1844-1
08:29:35.581 @WPC002 51-1.004.01.004
08:29:35.581 @WPC003 012
08:29:35.582 @WPC004 假榫
08:29:35.582 @WPC006 50
08:29:35.582 @WPC007 
08:29:35.582 @WPC008 
08:29:35.582 @WPC009 70
08:29:35.582 @WPC010 
08:29:35.583 @WPC011 
08:29:35.583 @WPC012 10
08:29:35.583 @WPC013 
08:29:35.583 @WPC014 
08:29:35.583 @WPC015 
08:29:35.583 @WPC016 2.0
08:29:35.584 @WPC017 
08:29:35.584 @WPC018 0
08:29:35.584 @WPC019 
08:29:35.584 @WPC020 
08:29:35.584 @WPC021 
08:29:35.584 @WPC022 2018/5/26 0:00:00
08:29:35.584 @WPC023 姬学红
08:29:35.585 @WPC024 
08:29:35.585 @WPC025 
08:29:35.585 @WPC026 
08:29:35.585 @WPC027 0
08:29:35.585 @WPC028 0
08:29:35.586 @WPC029 12
08:29:35.586 @WPC035 1.00
08:29:35.648 @WPC001 1844-1
08:29:35.648 @WPC002 51-1.004.01.004
08:29:35.648 @WPC003 011
08:29:35.648 @WPC004 三角木
08:29:35.648 @WPC006 120
08:29:35.649 @WPC007 
08:29:35.649 @WPC008 
08:29:35.649 @WPC009 35
08:29:35.649 @WPC010 
08:29:35.649 @WPC011 
08:29:35.650 @WPC012 20
08:29:35.650 @WPC013 
08:29:35.650 @WPC014 
08:29:35.650 @WPC015 实木
08:29:35.650 @WPC016 4.0
08:29:35.650 @WPC017 金丝柚C
08:29:35.651 @WPC018 0
08:29:35.651 @WPC019 
08:29:35.651 @WPC020 
08:29:35.651 @WPC021 
08:29:35.651 @WPC022 2018/5/26 0:00:00
08:29:35.652 @WPC023 姬学红
08:29:35.652 @WPC024 
08:29:35.652 @WPC025 2只开缺打对
08:29:35.652 @WPC026 
08:29:35.652 @WPC027 0
08:29:35.652 @WPC028 0
08:29:35.653 @WPC029 11
08:29:35.653 @WPC035 1.00
08:29:35.713 @WPC001 1844-1
08:29:35.714 @WPC002 51-1.004.01.004
08:29:35.714 @WPC003 001
08:29:35.714 @WPC004 前脚
08:29:35.714 @WPC006 423
08:29:35.714 @WPC007 
08:29:35.714 @WPC008 
08:29:35.715 @WPC009 55
08:29:35.715 @WPC010 
08:29:35.715 @WPC011 
08:29:35.715 @WPC012 48
08:29:35.715 @WPC013 
08:29:35.715 @WPC014 
08:29:35.716 @WPC015 实木
08:29:35.716 @WPC016 2.0
08:29:35.716 @WPC017 金丝柚四清
08:29:35.716 @WPC018 0
08:29:35.716 @WPC019 
08:29:35.717 @WPC020 
08:29:35.717 @WPC021 
08:29:35.717 @WPC022 2018/5/26 0:00:00
08:29:35.717 @WPC023 姬学红
08:29:35.717 @WPC024 
08:29:35.717 @WPC025 铣型 可二拼
08:29:35.718 @WPC026 433
08:29:35.718 @WPC027 0
08:29:35.718 @WPC028 0
08:29:35.718 @WPC029 1
08:29:35.718 @WPC035 1.00
08:29:35.773 @WPC001 1844-1
08:29:35.773 @WPC002 51-1.004.01.004
08:29:35.774 @WPC003 002
08:29:35.775 @WPC004 后脚
08:29:35.775 @WPC006 1000
08:29:35.775 @WPC007 
08:29:35.775 @WPC008 
08:29:35.775 @WPC009 按模45
08:29:35.776 @WPC010 
08:29:35.776 @WPC011 
08:29:35.776 @WPC012 65
08:29:35.776 @WPC013 
08:29:35.776 @WPC014 
08:29:35.776 @WPC015 实木
08:29:35.777 @WPC016 2.0
08:29:35.777 @WPC017 金丝柚四清
08:29:35.777 @WPC018 0
08:29:35.777 @WPC019 
08:29:35.777 @WPC020 
08:29:35.778 @WPC021 取宽板断好直接画线   40+40
08:29:35.778 @WPC022 2018/5/26 0:00:00
08:29:35.778 @WPC023 姬学红
08:29:35.778 @WPC024 
08:29:35.778 @WPC025 上搭头毛35两根拼
08:29:35.778 @WPC026 1010
08:29:35.779 @WPC027 0
08:29:35.779 @WPC028 0
08:29:35.779 @WPC029 2
08:29:35.779 @WPC035 1.00
08:29:35.829 @WPC001 1844-1
08:29:35.829 @WPC002 51-1.004.01.004
08:29:35.830 @WPC003 010
08:29:35.830 @WPC004 座板
08:29:35.830 @WPC006 392/470
08:29:35.830 @WPC007 
08:29:35.830 @WPC008 
08:29:35.830 @WPC009 400
08:29:35.831 @WPC010 
08:29:35.831 @WPC011 
08:29:35.831 @WPC012 20
08:29:35.831 @WPC013 
08:29:35.831 @WPC014 
08:29:35.831 @WPC015 拼板
08:29:35.832 @WPC016 1.0
08:29:35.832 @WPC017 金丝柚A
08:29:35.832 @WPC018 0
08:29:35.832 @WPC019 
08:29:35.832 @WPC020 
08:29:35.832 @WPC021 两块一连的话长度断毛900
单块长度断480
少量430长的可以用
08:29:35.832 @WPC022 2018/5/26 0:00:00
08:29:35.833 @WPC023 姬学红
08:29:35.833 @WPC024 
08:29:35.833 @WPC025 
08:29:35.833 @WPC026 
08:29:35.833 @WPC027 0
08:29:35.833 @WPC028 0
08:29:35.834 @WPC029 10
08:29:35.834 @WPC035 1.00
08:29:35.890 @WPC001 1844-1
08:29:35.891 @WPC002 51-1.002.06.001
08:29:35.891 @WPC003 006
08:29:35.891 @WPC004 底下档
08:29:35.891 @WPC006 644
08:29:35.891 @WPC007 
08:29:35.891 @WPC008 
08:29:35.892 @WPC009 80
08:29:35.892 @WPC010 
08:29:35.892 @WPC011 
08:29:35.892 @WPC012 18
08:29:35.892 @WPC013 
08:29:35.892 @WPC014 
08:29:35.893 @WPC015 板材
08:29:35.893 @WPC016 1.0
08:29:35.893 @WPC017 橡木指接板
08:29:35.893 @WPC018 0
08:29:35.893 @WPC019 
08:29:35.893 @WPC020 
08:29:35.894 @WPC021 
08:29:35.894 @WPC022 2018/3/16 0:00:00
08:29:35.894 @WPC023 系统管理员
08:29:35.894 @WPC024 
08:29:35.894 @WPC025 
08:29:35.895 @WPC026 
08:29:35.895 @WPC027 0
08:29:35.895 @WPC028 0
08:29:35.895 @WPC029 2
08:29:35.895 @WPC035 1.00
08:29:35.960 @WPC001 1844-1
08:29:35.960 @WPC002 51-1.003.01.002
08:29:35.960 @WPC003 005
08:29:35.960 @WPC004 边上档
08:29:35.961 @WPC006 610
08:29:35.961 @WPC007 
08:29:35.961 @WPC008 
08:29:35.961 @WPC009 60
08:29:35.961 @WPC010 
08:29:35.961 @WPC011 
08:29:35.962 @WPC012 45
08:29:35.962 @WPC013 
08:29:35.962 @WPC014 
08:29:35.963 @WPC015 实木
08:29:35.963 @WPC016 2.0
08:29:35.963 @WPC017 金丝柚AB
08:29:35.963 @WPC018 0
08:29:35.963 @WPC019 
08:29:35.963 @WPC020 
08:29:35.963 @WPC021 
08:29:35.964 @WPC022 2018/5/11 0:00:00
08:29:35.964 @WPC023 系统管理员
08:29:35.964 @WPC024 
08:29:35.964 @WPC025 可二拼按摸开榫
08:29:35.964 @WPC026 610
08:29:35.964 @WPC027 0
08:29:35.964 @WPC028 0
08:29:35.965 @WPC029 4
08:29:35.965 @WPC035 1.00
08:29:36.022 @WPC001 1844-1
08:29:36.023 @WPC002 51-1.003.01.002
08:29:36.023 @WPC003 001
08:29:36.024 @WPC004 面板
08:29:36.024 @WPC006 1291
08:29:36.024 @WPC007 
08:29:36.024 @WPC008 
08:29:36.025 @WPC009 652
08:29:36.025 @WPC010 
08:29:36.025 @WPC011 
08:29:36.025 @WPC012 20
08:29:36.025 @WPC013 
08:29:36.025 @WPC014 
08:29:36.026 @WPC015 拼板
08:29:36.026 @WPC016 1.0
08:29:36.026 @WPC017 金丝柚A
08:29:36.026 @WPC018 0
08:29:36.026 @WPC019 
08:29:36.027 @WPC020 
08:29:36.027 @WPC021 面小花纹可用  单白   压23
08:29:36.027 @WPC022 2018/5/11 0:00:00
08:29:36.027 @WPC023 系统管理员
08:29:36.027 @WPC024 
08:29:36.027 @WPC025 前进槽5mm
08:29:36.028 @WPC026 1306
08:29:36.028 @WPC027 0
08:29:36.028 @WPC028 0
08:29:36.028 @WPC029 1
08:29:36.028 @WPC035 1.00
08:32:52.697 @EMP002 系统管理员
08:32:52.702 @EMP009 d2f278e251d1566edd72846d4ad97f
08:33:20.103 @WPC001 1820-2
08:33:20.103 @WPC002 51-1.005.05.008
08:33:20.104 @WPC003 001
08:33:20.104 @WPC004 底架前后档
08:33:20.104 @WPC006 695
08:33:20.104 @WPC007 
08:33:20.104 @WPC008 
08:33:20.105 @WPC009 70
08:33:20.105 @WPC010 
08:33:20.105 @WPC011 
08:33:20.105 @WPC012 25
08:33:20.105 @WPC013 
08:33:20.105 @WPC014 
08:33:20.106 @WPC015 实木
08:33:20.106 @WPC016 2.0
08:33:20.106 @WPC017 金丝柚指接料
08:33:20.106 @WPC018 0
08:33:20.106 @WPC019 
08:33:20.107 @WPC020 
08:33:20.107 @WPC021 
08:33:20.107 @WPC022 2018/5/15 0:00:00
08:33:20.107 @WPC023 系统管理员
08:33:20.107 @WPC024 
08:33:20.107 @WPC025 
08:33:20.108 @WPC026 705
08:33:20.108 @WPC027 0
08:33:20.108 @WPC028 0
08:33:20.108 @WPC029 1
08:33:20.108 @WPC035 0.00
08:33:20.180 @WPC001 1820-2
08:33:20.180 @WPC002 51-1.005.05.008
08:33:20.181 @WPC003 002
08:33:20.181 @WPC004 底架中档
08:33:20.181 @WPC006 820
08:33:20.181 @WPC007 
08:33:20.182 @WPC008 
08:33:20.182 @WPC009 45
08:33:20.182 @WPC010 
08:33:20.182 @WPC011 
08:33:20.183 @WPC012 22
08:33:20.183 @WPC013 
08:33:20.183 @WPC014 
08:33:20.183 @WPC015 实木
08:33:20.183 @WPC016 7.0
08:33:20.184 @WPC017 金丝柚指接料
08:33:20.184 @WPC018 0
08:33:20.184 @WPC019 
08:33:20.184 @WPC020 
08:33:20.184 @WPC021 
08:33:20.185 @WPC022 2018/5/15 0:00:00
08:33:20.185 @WPC023 系统管理员
08:33:20.185 @WPC024 
08:33:20.185 @WPC025 榫净785mm
08:33:20.186 @WPC026 
08:33:20.186 @WPC027 0
08:33:20.186 @WPC028 0
08:33:20.186 @WPC029 2
08:33:20.186 @WPC035 0.00
08:33:20.259 @WPC001 1820-2
08:33:20.259 @WPC002 51-1.005.05.009
08:33:20.259 @WPC003 002
08:33:20.260 @WPC004 底架中档
08:33:20.260 @WPC006 820
08:33:20.260 @WPC007 
08:33:20.260 @WPC008 
08:33:20.260 @WPC009 45
08:33:20.261 @WPC010 
08:33:20.261 @WPC011 
08:33:20.261 @WPC012 22
08:33:20.261 @WPC013 
08:33:20.262 @WPC014 
08:33:20.262 @WPC015 实木
08:33:20.262 @WPC016 13.0
08:33:20.262 @WPC017 金丝柚指接料
08:33:20.262 @WPC018 0
08:33:20.263 @WPC019 
08:33:20.263 @WPC020 
08:33:20.263 @WPC021 
08:33:20.263 @WPC022 2018/5/15 0:00:00
08:33:20.263 @WPC023 系统管理员
08:33:20.266 @WPC024 
08:33:20.266 @WPC025 榫净785mm
08:33:20.266 @WPC026 
08:33:20.266 @WPC027 0
08:33:20.267 @WPC028 0
08:33:20.267 @WPC029 2
08:33:20.267 @WPC035 0.00
08:33:20.336 @WPC001 1820-2
08:33:20.336 @WPC002 51-1.005.05.009
08:33:20.336 @WPC003 001
08:33:20.336 @WPC004 底架前后档
08:33:20.337 @WPC006 1295
08:33:20.337 @WPC007 
08:33:20.337 @WPC008 
08:33:20.337 @WPC009 70
08:33:20.339 @WPC010 
08:33:20.339 @WPC011 
08:33:20.339 @WPC012 25
08:33:20.339 @WPC013 
08:33:20.340 @WPC014 
08:33:20.340 @WPC015 实木
08:33:20.340 @WPC016 2.0
08:33:20.340 @WPC017 金丝柚指接料
08:33:20.340 @WPC018 0
08:33:20.340 @WPC019 
08:33:20.341 @WPC020 
08:33:20.341 @WPC021 
08:33:20.341 @WPC022 2018/5/15 0:00:00
08:33:20.341 @WPC023 系统管理员
08:33:20.341 @WPC024 
08:33:20.341 @WPC025 
08:33:20.341 @WPC026 1305
08:33:20.342 @WPC027 0
08:33:20.342 @WPC028 0
08:33:20.342 @WPC029 1
08:33:20.342 @WPC035 0.00
