19:20:31.557 @EMP002 系统管理员
19:20:31.565 @EMP009 d2f278e251d1566edd72846d4ad97f
19:23:29.520 @EMP002 系统管理员
19:23:29.530 @EMP009 d2f278e251d1566edd72846d4ad97f
20:15:52.482 @PRE001 17793
20:15:52.482 @PRE002 标准
20:15:52.482 @PRE003 0.000000
20:15:52.482 @PRE004 6000.000000
20:15:52.482 @PRE005 0.090000
20:15:52.482 @PRE006 
20:15:52.482 @PRE007 
20:15:52.482 @PRE008 0.000000
20:15:52.482 @PRE009 5000.000000
20:15:52.482 @PRE010 0.000000
20:15:52.482 @PRE011 5000.000000
20:15:52.487 @PRD001 103020
20:15:52.487 @PRD002 精密双面刨木机
20:15:52.487 @PRD003 大双面刨
20:15:52.487 @PRD004 779
20:15:52.487 @PRD005 夏永端
20:15:52.487 @PRD006 201812200296
20:15:52.487 @PRD007 1851-3
20:15:52.487 @PRD008 62-1.005.16.001-1
20:15:52.487 @PRD009 1816单人沙发框架
20:15:52.487 @PRD010 
20:15:52.489 @PRD011 扶手后上拼
20:15:52.489 @PRD012 20.0
20:15:52.489 @PRD013 2019/1/8 20:15:52
20:15:52.489 @PRD014 True
20:15:52.489 @PRD015 17793
20:15:52.489 @PRD016 
20:15:52.489 @PRD017 2019/1/8 20:15:52
20:15:52.489 @PRD018 系统管理员
20:15:52.489 @PRD019 20.0
20:15:52.492 @PRD020 False
20:15:52.492 @PRD021 False
20:15:52.492 @PRD022 
20:15:52.492 @PRD023 1
20:15:52.492 @PRD024 
20:15:52.492 @PRD025 0
20:15:52.492 @PRD026 
20:15:52.492 @PRD027 
20:15:52.492 @PRD028 0
20:15:52.492 @PRD029 0
20:15:52.492 @PRD030 0
20:15:52.492 @PRD031 
20:15:52.492 @PRD032 0071
20:15:52.492 @PRD033 长度
20:15:52.492 @PRD034 390*155*56
20:15:52.492 @PRD035 False
20:15:52.492 @PRD036 
20:15:52.492 @PRD037 0
20:15:52.492 @PRD038 
20:15:52.492 @PRD039 0
20:15:52.492 @PRD040 
20:15:52.492 @PRD041 0
20:15:52.494 @PRD042 20
20:15:52.494 @PRD043 143
20:15:52.494 @PRD044 备料车间
20:15:52.512 @PRD001 103020
20:15:52.512 @PRD002 精密双面刨木机
20:15:52.512 @PRD003 大双面刨
20:15:52.512 @PRD004 824
20:15:52.512 @PRD005 安兴群
20:15:52.512 @PRD006 201812200296
20:15:52.512 @PRD007 1851-3
20:15:52.512 @PRD008 62-1.005.16.001-1
20:15:52.512 @PRD009 1816单人沙发框架
20:15:52.512 @PRD010 
20:15:52.512 @PRD011 扶手后上拼
20:15:52.512 @PRD012 20.0
20:15:52.512 @PRD013 2019/1/8 20:15:52
20:15:52.512 @PRD014 True
20:15:52.512 @PRD015 17793
20:15:52.514 @PRD016 
20:15:52.514 @PRD017 2019/1/8 20:15:52
20:15:52.514 @PRD018 系统管理员
20:15:52.514 @PRD019 20.0
20:15:52.514 @PRD020 False
20:15:52.514 @PRD021 False
20:15:52.514 @PRD022 
20:15:52.514 @PRD023 1
20:15:52.514 @PRD024 
20:15:52.514 @PRD025 0
20:15:52.514 @PRD026 
20:15:52.514 @PRD027 
20:15:52.514 @PRD028 0
20:15:52.514 @PRD029 0
20:15:52.514 @PRD030 0
20:15:52.514 @PRD031 
20:15:52.514 @PRD032 0071
20:15:52.517 @PRD033 长度
20:15:52.517 @PRD034 390*155*56
20:15:52.517 @PRD035 False
20:15:52.517 @PRD036 
20:15:52.517 @PRD037 0
20:15:52.517 @PRD038 
20:15:52.517 @PRD039 0
20:15:52.517 @PRD040 
20:15:52.517 @PRD041 0
20:15:52.517 @PRD042 20
20:15:52.517 @PRD043 143
20:15:52.517 @PRD044 备料车间
20:15:55.685 @PRD001 103020
20:15:55.685 @PRD002 精密双面刨木机
20:15:55.685 @PRD003 大双面刨
20:15:55.685 @PRD004 824
20:15:55.685 @PRD005 安兴群
20:15:55.685 @PRD006 201812200296
20:15:55.685 @PRD007 1851-3
20:15:55.685 @PRD008 62-1.005.16.001-1
20:15:55.687 @PRD009 1816单人沙发框架
20:15:55.687 @PRD010 
20:15:55.687 @PRD011 扶手后上拼
20:15:55.687 @PRD012 20.0
20:15:55.687 @PRD013 2019/1/8 20:15:55
20:15:55.687 @PRD014 False
20:15:55.687 @PRD015 17793
20:15:55.687 @PRD016 
20:15:55.687 @PRD017 2019/1/8 20:15:55
20:15:55.687 @PRD018 系统管理员
20:15:55.687 @PRD019 20.0
20:15:55.687 @PRD020 False
20:15:55.687 @PRD021 False
20:15:55.687 @PRD022 
20:15:55.690 @PRD023 1
20:15:55.690 @PRD024 
20:15:55.690 @PRD025 0
20:15:55.690 @PRD026 
20:15:55.690 @PRD027 
20:15:55.690 @PRD028 0
20:15:55.690 @PRD029 0
20:15:55.690 @PRD030 0
20:15:55.690 @PRD031 
20:15:55.690 @PRD032 0071
20:15:55.690 @PRD033 长度
20:15:55.690 @PRD034 390*155*56
20:15:55.690 @PRD035 False
20:15:55.690 @PRD036 
20:15:55.692 @PRD037 0
20:15:55.692 @PRD038 
20:15:55.692 @PRD039 0
20:15:55.692 @PRD040 
20:15:55.692 @PRD041 0
20:15:55.692 @PRD042 20
20:15:55.692 @PRD043 143
20:15:55.692 @PRD044 备料车间
20:15:55.712 @PRE001 17793
20:15:55.712 @PRE002 标准
20:15:55.712 @PRE003 0.000000
20:15:55.712 @PRE004 6000.000000
20:15:55.712 @PRE005 0.090000
20:15:55.712 @PRE006 
20:15:55.712 @PRE007 
20:15:55.712 @PRE008 0.000000
20:15:55.712 @PRE009 5000.000000
20:15:55.712 @PRE010 0.000000
20:15:55.712 @PRE011 5000.000000
20:15:55.715 @PRD001 103020
20:15:55.715 @PRD002 精密双面刨木机
20:15:55.715 @PRD003 大双面刨
20:15:55.715 @PRD004 779
20:15:55.715 @PRD005 夏永端
20:15:55.715 @PRD006 201812200296
20:15:55.715 @PRD007 1851-3
20:15:55.715 @PRD008 62-1.005.16.001-1
20:15:55.715 @PRD009 1816单人沙发框架
20:15:55.715 @PRD010 
20:15:55.717 @PRD011 扶手后上拼
20:15:55.717 @PRD012 20.0
20:15:55.717 @PRD013 2019/1/8 20:15:55
20:15:55.717 @PRD014 False
20:15:55.717 @PRD015 17793
20:15:55.717 @PRD016 
20:15:55.717 @PRD017 2019/1/8 20:15:55
20:15:55.717 @PRD018 系统管理员
20:15:55.717 @PRD019 20.0
20:15:55.717 @PRD020 False
20:15:55.717 @PRD021 False
20:15:55.717 @PRD022 
20:15:55.717 @PRD023 1
20:15:55.717 @PRD024 
20:15:55.717 @PRD025 0
20:15:55.717 @PRD026 
20:15:55.720 @PRD027 
20:15:55.720 @PRD028 0
20:15:55.720 @PRD029 0
20:15:55.720 @PRD030 0
20:15:55.720 @PRD031 
20:15:55.720 @PRD032 0071
20:15:55.720 @PRD033 长度
20:15:55.720 @PRD034 390*155*56
20:15:55.720 @PRD035 False
20:15:55.720 @PRD036 
20:15:55.720 @PRD037 0
20:15:55.720 @PRD038 
20:15:55.720 @PRD039 0
20:15:55.720 @PRD040 
20:15:55.720 @PRD041 0
20:15:55.720 @PRD042 20
20:15:55.722 @PRD043 143
20:15:55.722 @PRD044 备料车间
20:23:39.004 @EMP002 系统管理员
20:23:39.009 @EMP009 d2f278e251d1566edd72846d4ad97f
20:25:08.371 @PRE001 14270
20:25:08.371 @PRE002 标准
20:25:08.371 @PRE003 301.000000
20:25:08.371 @PRE004 800.000000
20:25:08.371 @PRE005 0.280000
20:25:08.371 @PRE006 
20:25:08.371 @PRE007 
20:25:08.371 @PRE008 0.000000
20:25:08.373 @PRE009 0.000000
20:25:08.373 @PRE010 18.100000
20:25:08.373 @PRE011 2000.000000
20:25:08.376 @PRD001 103016
20:25:08.376 @PRD002 精密自动纵锯修边机
20:25:08.376 @PRD003 修边
20:25:08.376 @PRD004 761
20:25:08.376 @PRD005 谷桂绒
20:25:08.376 @PRD006 201812201079
20:25:08.376 @PRD007 1851-4
20:25:08.376 @PRD008 59-1.007.01.001
20:25:08.376 @PRD009 101方茶几(全黑)
20:25:08.376 @PRD010 780*780*560
20:25:08.376 @PRD011 面前后
20:25:08.376 @PRD012 10.0
20:25:08.376 @PRD013 2019/1/8 20:25:08
20:25:08.378 @PRD014 False
20:25:08.378 @PRD015 14270
20:25:08.378 @PRD016 
20:25:08.378 @PRD017 2019/1/8 20:25:08
20:25:08.378 @PRD018 系统管理员
20:25:08.378 @PRD019 10.0
20:25:08.378 @PRD020 False
20:25:08.378 @PRD021 False
20:25:08.378 @PRD022 
20:25:08.378 @PRD023 1
20:25:08.378 @PRD024 
20:25:08.378 @PRD025 0
20:25:08.378 @PRD026 
20:25:08.378 @PRD027 
20:25:08.378 @PRD028 0
20:25:08.378 @PRD029 0
20:25:08.378 @PRD030 0
20:25:08.378 @PRD031 
20:25:08.378 @PRD032 0004
20:25:08.378 @PRD033 长度
20:25:08.378 @PRD034 608*95*23
20:25:08.378 @PRD035 False
20:25:08.378 @PRD036 
20:25:08.378 @PRD037 0
20:25:08.378 @PRD038 
20:25:08.381 @PRD039 0
20:25:08.381 @PRD040 
20:25:08.381 @PRD041 0
20:25:08.381 @PRD042 5
20:25:08.381 @PRD043 5
20:25:08.381 @PRD044 备料车间
20:25:08.393 @PRE001 14270
20:25:08.393 @PRE002 标准
20:25:08.393 @PRE003 301.000000
20:25:08.396 @PRE004 4000.000000
20:25:08.396 @PRE005 0.180000
20:25:08.396 @PRE006 拼板条厚18mm以下
20:25:08.396 @PRE007 
20:25:08.396 @PRE008 0.000000
20:25:08.396 @PRE009 0.000000
20:25:08.396 @PRE010 1.000000
20:25:08.396 @PRE011 18.000000
20:25:08.398 @PRE001 14270
20:25:08.398 @PRE002 标准
20:25:08.398 @PRE003 800.000000
20:25:08.398 @PRE004 4000.000000
20:25:08.401 @PRE005 0.220000
20:25:08.401 @PRE006 
20:25:08.401 @PRE007 
20:25:08.401 @PRE008 0.000000
20:25:08.401 @PRE009 0.000000
20:25:08.401 @PRE010 18.100000
20:25:08.401 @PRE011 2000.000000
20:25:08.403 @PRE001 14270
20:25:08.403 @PRE002 标准
20:25:08.403 @PRE003 0.000000
20:25:08.403 @PRE004 300.000000
20:25:08.403 @PRE005 0.700000
20:25:08.403 @PRE006 长度300m以下短头，废料修边
20:25:08.403 @PRE007 
20:25:08.403 @PRE008 0.000000
20:25:08.403 @PRE009 0.000000
20:25:08.403 @PRE010 0.000000
20:25:08.406 @PRE011 2000.000000
20:25:08.408 @PRD001 103016
20:25:08.408 @PRD002 精密自动纵锯修边机
20:25:08.408 @PRD003 修边
20:25:08.408 @PRD004 672
20:25:08.408 @PRD005 金传波
20:25:08.408 @PRD006 201812201079
20:25:08.408 @PRD007 1851-4
20:25:08.408 @PRD008 59-1.007.01.001
20:25:08.408 @PRD009 101方茶几(全黑)
20:25:08.408 @PRD010 780*780*560
20:25:08.408 @PRD011 面前后
20:25:08.408 @PRD012 10.0
20:25:08.408 @PRD013 2019/1/8 20:25:08
20:25:08.408 @PRD014 False
20:25:08.408 @PRD015 14270
20:25:08.408 @PRD016 
20:25:08.408 @PRD017 2019/1/8 20:25:08
20:25:08.408 @PRD018 系统管理员
20:25:08.408 @PRD019 10.0
20:25:08.411 @PRD020 False
20:25:08.411 @PRD021 False
20:25:08.411 @PRD022 
20:25:08.411 @PRD023 1
20:25:08.411 @PRD024 
20:25:08.411 @PRD025 0
20:25:08.411 @PRD026 
20:25:08.411 @PRD027 
20:25:08.411 @PRD028 0
20:25:08.411 @PRD029 0
20:25:08.411 @PRD030 0
20:25:08.411 @PRD031 
20:25:08.411 @PRD032 0004
20:25:08.411 @PRD033 长度
20:25:08.411 @PRD034 608*95*23
20:25:08.413 @PRD035 False
20:25:08.413 @PRD036 
20:25:08.413 @PRD037 0
20:25:08.413 @PRD038 
20:25:08.413 @PRD039 0
20:25:08.413 @PRD040 
20:25:08.413 @PRD041 0
20:25:08.413 @PRD042 5
20:25:08.413 @PRD043 5
20:25:08.413 @PRD044 备料车间
20:26:04.122 @PRE001 10000
20:26:04.122 @PRE002 标准
20:26:04.122 @PRE003 301.000000
20:26:04.122 @PRE004 4000.000000
20:26:04.122 @PRE005 0.180000
20:26:04.122 @PRE006 拼板条厚18mm以下
20:26:04.122 @PRE007 
20:26:04.122 @PRE008 0.000000
20:26:04.124 @PRE009 0.000000
20:26:04.124 @PRE010 1.000000
20:26:04.124 @PRE011 18.000000
20:26:04.127 @PRE001 10000
20:26:04.127 @PRE002 标准
20:26:04.127 @PRE003 800.000000
20:26:04.127 @PRE004 4000.000000
20:26:04.127 @PRE005 0.220000
20:26:04.127 @PRE006 
20:26:04.127 @PRE007 
20:26:04.127 @PRE008 0.000000
20:26:04.129 @PRE009 0.000000
20:26:04.129 @PRE010 18.100000
20:26:04.129 @PRE011 2000.000000
20:26:04.129 @PRE001 10000
20:26:04.129 @PRE002 标准
20:26:04.129 @PRE003 301.000000
20:26:04.132 @PRE004 800.000000
20:26:04.132 @PRE005 0.280000
20:26:04.132 @PRE006 
20:26:04.132 @PRE007 
20:26:04.132 @PRE008 0.000000
20:26:04.132 @PRE009 0.000000
20:26:04.132 @PRE010 18.100000
20:26:04.132 @PRE011 2000.000000
20:26:04.134 @PRD001 103016
20:26:04.134 @PRD002 精密自动纵锯修边机
20:26:04.134 @PRD003 修边
20:26:04.134 @PRD004 761
20:26:04.134 @PRD005 谷桂绒
20:26:04.134 @PRD006 201812201079
20:26:04.134 @PRD007 1851-4
20:26:04.134 @PRD008 59-1.007.01.001
20:26:04.134 @PRD009 101方茶几(全黑)
20:26:04.134 @PRD010 780*780*560
20:26:04.134 @PRD011 面前后
20:26:04.134 @PRD012 10.0
20:26:04.137 @PRD013 2019/1/8 20:26:04
20:26:04.137 @PRD014 True
20:26:04.137 @PRD015 10000
20:26:04.137 @PRD016 
20:26:04.137 @PRD017 2019/1/8 20:26:04
20:26:04.137 @PRD018 系统管理员
20:26:04.137 @PRD019 10.0
20:26:04.137 @PRD020 False
20:26:04.137 @PRD021 False
20:26:04.137 @PRD022 
20:26:04.137 @PRD023 1
20:26:04.137 @PRD024 
20:26:04.139 @PRD025 0
20:26:04.139 @PRD026 
20:26:04.139 @PRD027 
20:26:04.139 @PRD028 0
20:26:04.139 @PRD029 0
20:26:04.139 @PRD030 0
20:26:04.139 @PRD031 
20:26:04.139 @PRD032 0004
20:26:04.139 @PRD033 长度
20:26:04.139 @PRD034 608*95*23
20:26:04.139 @PRD035 False
20:26:04.139 @PRD036 
20:26:04.139 @PRD037 0
20:26:04.142 @PRD038 
20:26:04.142 @PRD039 0
20:26:04.142 @PRD040 
20:26:04.142 @PRD041 0
20:26:04.142 @PRD042 5
20:26:04.142 @PRD043 157
20:26:04.142 @PRD044 备料车间
20:26:04.144 @PRE001 10000
20:26:04.144 @PRE002 标准
20:26:04.144 @PRE003 0.000000
20:26:04.144 @PRE004 300.000000
20:26:04.144 @PRE005 0.700000
20:26:04.144 @PRE006 长度300m以下短头，废料修边
20:26:04.144 @PRE007 
20:26:04.144 @PRE008 0.000000
20:26:04.144 @PRE009 0.000000
20:26:04.147 @PRE010 0.000000
20:26:04.147 @PRE011 2000.000000
21:22:17.813 @EMP002 系统管理员
21:22:17.829 @EMP009 d2f278e251d1566edd72846d4ad97f
21:26:27.051 @EMP002 系统管理员
21:26:27.067 @EMP009 d2f278e251d1566edd72846d4ad97f
21:27:23.459 @EMP002 系统管理员
21:27:23.474 @EMP009 d2f278e251d1566edd72846d4ad97f
21:28:35.661 @EMP002 系统管理员
21:28:35.661 @EMP009 d2f278e251d1566edd72846d4ad97f
21:30:30.798 @EMP002 系统管理员
21:30:30.813 @EMP009 d2f278e251d1566edd72846d4ad97f
